#
# There is insufficient memory for the Java Runtime Environment to continue.
# Native memory allocation (mmap) failed to map 194510848 bytes for committing reserved memory.
# Possible reasons:
#   The system is out of physical RAM or swap space
#   In 32 bit mode, the process size limit was hit
# Possible solutions:
#   Reduce memory load on the system
#   Increase physical memory or swap space
#   Check if swap backing store is full
#   Use 64 bit Java on a 64 bit OS
#   Decrease Java heap size (-Xmx/-Xms)
#   Decrease number of Java threads
#   Decrease Java thread stack sizes (-Xss)
#   Set larger code cache with -XX:ReservedCodeCacheSize=
# This output file may be truncated or incomplete.
#
#  Out of Memory Error (os_linux.cpp:2627), pid=4112, tid=0x00007f09a0ebe700
#
# JRE version: OpenJDK Runtime Environment (8.0_112-b06) (build 1.8.0_112-release-b06)
# Java VM: OpenJDK 64-Bit Server VM (25.112-b06 mixed mode linux-amd64 compressed oops)
# Failed to write core dump. Core dumps have been disabled. To enable core dumping, try "ulimit -c unlimited" before starting Java again
#

---------------  T H R E A D  ---------------

Current thread (0x00007f09b4077800):  VMThread [stack: 0x00007f09a0dbe000,0x00007f09a0ebf000] [id=4120]

Stack: [0x00007f09a0dbe000,0x00007f09a0ebf000],  sp=0x00007f09a0ebd4d0,  free space=1021k
Native frames: (J=compiled Java code, j=interpreted, Vv=VM code, C=native code)
V  [libjvm.so+0x9e465d]  VMError::report_and_die()+0x15d
V  [libjvm.so+0x4b6ada]  report_vm_out_of_memory(char const*, int, unsigned long, VMErrorType, char const*)+0x8a
V  [libjvm.so+0x84c860]  os::pd_commit_memory(char*, unsigned long, unsigned long, bool)+0xf0
V  [libjvm.so+0x84737f]  os::commit_memory(char*, unsigned long, unsigned long, bool)+0x1f
V  [libjvm.so+0x8bd3db]  PSVirtualSpace::expand_by(unsigned long)+0x5b
V  [libjvm.so+0x8ae1bb]  PSOldGen::expand_by(unsigned long) [clone .part.109]+0x1b
V  [libjvm.so+0x8ae37b]  PSOldGen::expand(unsigned long) [clone .part.111]+0xdb
V  [libjvm.so+0x8aec58]  PSOldGen::resize(unsigned long)+0x188
V  [libjvm.so+0x8b426c]  PSParallelCompact::invoke_no_policy(bool)+0x97c
V  [libjvm.so+0x8bb37d]  PSScavenge::invoke()+0x17d
V  [libjvm.so+0x86fcf3]  ParallelScavengeHeap::failed_mem_allocate(unsigned long)+0x63
V  [libjvm.so+0x9e6124]  VM_ParallelGCFailedAllocation::doit()+0x84
V  [libjvm.so+0x9ea537]  VM_Operation::evaluate()+0x47
V  [libjvm.so+0x9e8ff8]  VMThread::evaluate_operation(VM_Operation*)+0x2c8
V  [libjvm.so+0x9e9479]  VMThread::loop()+0x219
V  [libjvm.so+0x9e98c2]  VMThread::run()+0x72
V  [libjvm.so+0x849c82]  java_start(Thread*)+0xf2

VM_Operation (0x00007f0942afb070): ParallelGCFailedAllocation, mode: safepoint, requested by thread 0x00007f092406c000


---------------  P R O C E S S  ---------------

Java Threads: ( => current thread )
  0x00007f092406d800 JavaThread "pool-17-thread-4" [_thread_blocked, id=12534, stack(0x00007f09427fa000,0x00007f09428fb000)]
  0x00007f092406c800 JavaThread "pool-17-thread-3" [_thread_blocked, id=12533, stack(0x00007f0941f47000,0x00007f0942048000)]
  0x00007f092406c000 JavaThread "pool-17-thread-2" [_thread_blocked, id=12532, stack(0x00007f09429fc000,0x00007f0942afd000)]
  0x00007f092406b000 JavaThread "pool-18-thread-1" [_thread_blocked, id=12531, stack(0x00007f09428fb000,0x00007f09429fc000)]
  0x00007f092406a800 JavaThread "pool-17-thread-1" [_thread_blocked, id=12530, stack(0x00007f0942cff000,0x00007f0942e00000)]
  0x00007f094ca4c800 JavaThread "pool-15-thread-1" [_thread_blocked, id=12529, stack(0x00007f0942afd000,0x00007f0942bfe000)]
  0x00007f0924001800 JavaThread "process reaper" daemon [_thread_blocked, id=12510, stack(0x00007f0968028000,0x00007f0968061000)]
  0x00007f094c0cd000 JavaThread "pool-14-thread-2" [_thread_blocked, id=12502, stack(0x00007f0941e46000,0x00007f0941f47000)]
  0x00007f094c0cc000 JavaThread "pool-14-thread-1" [_thread_blocked, id=12501, stack(0x00007f0942bfe000,0x00007f0942cff000)]
  0x00007f094c4ab800 JavaThread "Cache update executor" [_thread_blocked, id=12500, stack(0x00007f0968061000,0x00007f0968162000)]
  0x00007f094c00b000 JavaThread "Stdin handler" [_thread_blocked, id=12494, stack(0x00007f096a011000,0x00007f096a112000)]
  0x00007f094c009800 JavaThread "Asynchronous log dispatcher for DefaultDaemonConnection: socket connection from /127.0.0.1:35908 to /127.0.0.1:55178" [_thread_blocked, id=12493, stack(0x00007f096a112000,0x00007f096a213000)]
  0x00007f095c005800 JavaThread "Daemon worker Thread 7" [_thread_blocked, id=12492, stack(0x00007f096a213000,0x00007f096a314000)]
  0x00007f095c00f000 JavaThread "Cancel handler" [_thread_blocked, id=12491, stack(0x00007f096a314000,0x00007f096a415000)]
  0x00007f095c007000 JavaThread "Handler for socket connection from /127.0.0.1:35908 to /127.0.0.1:55178" [_thread_in_native, id=12490, stack(0x00007f096a716000,0x00007f096a817000)]
  0x00007f0964019000 JavaThread "Daemon Thread 7" [_thread_blocked, id=12489, stack(0x00007f096a817000,0x00007f096a918000)]
  0x00007f094c503000 JavaThread "File lock request listener" [_thread_in_native, id=4144, stack(0x00007f0969c97000,0x00007f0969d98000)]
  0x00007f09b4cb1000 JavaThread "pool-1-thread-1" [_thread_blocked, id=4137, stack(0x00007f096a415000,0x00007f096a516000)]
  0x00007f09b4c56800 JavaThread "Incoming local TCP Connector on port 35908" [_thread_in_native, id=4129, stack(0x00007f096ab1f000,0x00007f096ac20000)]
  0x00007f09b40c8800 JavaThread "Service Thread" daemon [_thread_blocked, id=4127, stack(0x00007f09a03de000,0x00007f09a04df000)]
  0x00007f09b40bd800 JavaThread "C1 CompilerThread2" daemon [_thread_blocked, id=4126, stack(0x00007f09a04df000,0x00007f09a05e0000)]
  0x00007f09b40bc000 JavaThread "C2 CompilerThread1" daemon [_thread_blocked, id=4125, stack(0x00007f09a05e0000,0x00007f09a06e1000)]
  0x00007f09b40b9000 JavaThread "C2 CompilerThread0" daemon [_thread_blocked, id=4124, stack(0x00007f09a06e1000,0x00007f09a07e2000)]
  0x00007f09b40b7800 JavaThread "Signal Dispatcher" daemon [_thread_blocked, id=4123, stack(0x00007f09a07e2000,0x00007f09a08e3000)]
  0x00007f09b4083800 JavaThread "Finalizer" daemon [_thread_blocked, id=4122, stack(0x00007f09a0bbc000,0x00007f09a0cbd000)]
  0x00007f09b407f000 JavaThread "Reference Handler" daemon [_thread_blocked, id=4121, stack(0x00007f09a0cbd000,0x00007f09a0dbe000)]
  0x00007f09b400a000 JavaThread "main" [_thread_blocked, id=4113, stack(0x00007f09bc667000,0x00007f09bc768000)]

Other Threads:
=>0x00007f09b4077800 VMThread [stack: 0x00007f09a0dbe000,0x00007f09a0ebf000] [id=4120]
  0x00007f09b40cb000 WatcherThread [stack: 0x00007f09a02dd000,0x00007f09a03de000] [id=4128]

VM state:at safepoint (normal execution)

VM Mutex/Monitor currently owned by a thread:  ([mutex/lock_event])
[0x00007f09b4006000] ExpandHeap_lock - owner thread: 0x00007f09b4077800
[0x00007f09b4006680] Threads_lock - owner thread: 0x00007f09b4077800
[0x00007f09b4006b80] Heap_lock - owner thread: 0x00007f092406c000

Heap:
 PSYoungGen      total 371200K, used 117226K [0x00000000e0000000, 0x0000000100000000, 0x0000000100000000)
  eden space 218112K, 0% used [0x00000000e0000000,0x00000000e0000000,0x00000000ed500000)
  from space 153088K, 76% used [0x00000000ed500000,0x00000000f477a8f0,0x00000000f6a80000)
  to   space 153088K, 0% used [0x00000000f6a80000,0x00000000f6a80000,0x0000000100000000)
 ParOldGen       total 658944K, used 658665K [0x00000000a0000000, 0x00000000c8380000, 0x00000000e0000000)
  object space 658944K, 99% used [0x00000000a0000000,0x00000000c833a760,0x00000000c8380000)
 Metaspace       used 75100K, capacity 78776K, committed 80536K, reserved 1120256K
  class space    used 9377K, capacity 10025K, committed 10408K, reserved 1048576K

Card table byte_map: [0x00007f09b91fe000,0x00007f09b94ff000] byte_map_base: 0x00007f09b8cfe000

Marking Bits: (ParMarkBitMap*) 0x00007f09bbb3b340
 Begin Bits: [0x00007f09a2000000, 0x00007f09a3800000)
 End Bits:   [0x00007f09a3800000, 0x00007f09a5000000)

Polling page: 0x00007f09bc78d000

CodeCache: size=245760Kb used=59579Kb max_used=59607Kb free=186180Kb
 bounds [0x00007f09a5000000, 0x00007f09a8ad0000, 0x00007f09b4000000]
 total_blobs=16960 nmethods=16164 adapters=708
 compilation: enabled

Compilation events (10 events):
Event: 13363,058 Thread 0x00007f09b40bc000 nmethod 19874% 0x00007f09a8a6c9d0 code [0x00007f09a8a6cc40, 0x00007f09a8a6e1f8]
Event: 13363,058 Thread 0x00007f09b40bc000 20043 %     4       com.android.dx.ssa.DomFront::buildDomTree @ 10 (72 bytes)
Event: 13363,059 Thread 0x00007f09b40b9000 nmethod 21020 0x00007f09a8545750 code [0x00007f09a8545960, 0x00007f09a8546080]
Event: 13363,059 Thread 0x00007f09b40b9000 20041 %     4       com.android.dx.ssa.DomFront::<init> @ 35 (60 bytes)
Event: 13363,072 Thread 0x00007f09b40bc000 nmethod 20043% 0x00007f09a8079310 code [0x00007f09a80794c0, 0x00007f09a8079b58]
Event: 13363,072 Thread 0x00007f09b40bc000 20670       4       com.android.dx.rop.code.RegisterSpecSet::intersect (117 bytes)
Event: 13363,075 Thread 0x00007f09b40b9000 nmethod 20041% 0x00007f09a750d750 code [0x00007f09a750d8c0, 0x00007f09a750db58]
Event: 13363,075 Thread 0x00007f09b40b9000 19890 %     4       com.android.dx.ssa.SsaConverter::placePhiFunctions @ 53 (394 bytes)
Event: 13363,096 Thread 0x00007f09b40bc000 nmethod 20670 0x00007f09a8653290 code [0x00007f09a8653440, 0x00007f09a8653a38]
Event: 13363,096 Thread 0x00007f09b40bc000 20126 %     4       com.android.dx.ssa.ConstCollector::updateConstUses @ 20 (208 bytes)

GC Heap History (10 events):
Event: 13356,401 GC heap after
Heap after GC invocations=45 (full 8):
 PSYoungGen      total 352768K, used 43238K [0x00000000e0000000, 0x0000000100000000, 0x0000000100000000)
  eden space 273408K, 0% used [0x00000000e0000000,0x00000000e0000000,0x00000000f0b00000)
  from space 79360K, 54% used [0x00000000f0b00000,0x00000000f3539968,0x00000000f5880000)
  to   space 126976K, 0% used [0x00000000f8400000,0x00000000f8400000,0x0000000100000000)
 ParOldGen       total 658944K, used 498586K [0x00000000a0000000, 0x00000000c8380000, 0x00000000e0000000)
  object space 658944K, 75% used [0x00000000a0000000,0x00000000be6e69a0,0x00000000c8380000)
 Metaspace       used 75115K, capacity 78806K, committed 80536K, reserved 1120256K
  class space    used 9379K, capacity 10030K, committed 10408K, reserved 1048576K
}
Event: 13357,494 GC heap before
{Heap before GC invocations=46 (full 8):
 PSYoungGen      total 352768K, used 316646K [0x00000000e0000000, 0x0000000100000000, 0x0000000100000000)
  eden space 273408K, 100% used [0x00000000e0000000,0x00000000f0b00000,0x00000000f0b00000)
  from space 79360K, 54% used [0x00000000f0b00000,0x00000000f3539968,0x00000000f5880000)
  to   space 126976K, 0% used [0x00000000f8400000,0x00000000f8400000,0x0000000100000000)
 ParOldGen       total 658944K, used 498586K [0x00000000a0000000, 0x00000000c8380000, 0x00000000e0000000)
  object space 658944K, 75% used [0x00000000a0000000,0x00000000be6e69a0,0x00000000c8380000)
 Metaspace       used 75115K, capacity 78806K, committed 80536K, reserved 1120256K
  class space    used 9379K, capacity 10030K, committed 10408K, reserved 1048576K
Event: 13357,787 GC heap after
Heap after GC invocations=46 (full 8):
 PSYoungGen      total 402944K, used 61569K [0x00000000e0000000, 0x0000000100000000, 0x0000000100000000)
  eden space 275968K, 0% used [0x00000000e0000000,0x00000000e0000000,0x00000000f0d80000)
  from space 126976K, 48% used [0x00000000f8400000,0x00000000fc020758,0x0000000100000000)
  to   space 121344K, 0% used [0x00000000f0d80000,0x00000000f0d80000,0x00000000f8400000)
 ParOldGen       total 658944K, used 515405K [0x00000000a0000000, 0x00000000c8380000, 0x00000000e0000000)
  object space 658944K, 78% used [0x00000000a0000000,0x00000000bf7534e0,0x00000000c8380000)
 Metaspace       used 75115K, capacity 78806K, committed 80536K, reserved 1120256K
  class space    used 9379K, capacity 10030K, committed 10408K, reserved 1048576K
}
Event: 13358,952 GC heap before
{Heap before GC invocations=47 (full 8):
 PSYoungGen      total 402944K, used 337537K [0x00000000e0000000, 0x0000000100000000, 0x0000000100000000)
  eden space 275968K, 100% used [0x00000000e0000000,0x00000000f0d80000,0x00000000f0d80000)
  from space 126976K, 48% used [0x00000000f8400000,0x00000000fc020758,0x0000000100000000)
  to   space 121344K, 0% used [0x00000000f0d80000,0x00000000f0d80000,0x00000000f8400000)
 ParOldGen       total 658944K, used 515405K [0x00000000a0000000, 0x00000000c8380000, 0x00000000e0000000)
  object space 658944K, 78% used [0x00000000a0000000,0x00000000bf7534e0,0x00000000c8380000)
 Metaspace       used 75115K, capacity 78806K, committed 80536K, reserved 1120256K
  class space    used 9379K, capacity 10030K, committed 10408K, reserved 1048576K
Event: 13359,099 GC heap after
Heap after GC invocations=47 (full 8):
 PSYoungGen      total 377856K, used 101416K [0x00000000e0000000, 0x0000000100000000, 0x0000000100000000)
  eden space 275968K, 0% used [0x00000000e0000000,0x00000000e0000000,0x00000000f0d80000)
  from space 101888K, 99% used [0x00000000f0d80000,0x00000000f708a348,0x00000000f7100000)
  to   space 130560K, 0% used [0x00000000f8080000,0x00000000f8080000,0x0000000100000000)
 ParOldGen       total 658944K, used 515405K [0x00000000a0000000, 0x00000000c8380000, 0x00000000e0000000)
  object space 658944K, 78% used [0x00000000a0000000,0x00000000bf7534e0,0x00000000c8380000)
 Metaspace       used 75115K, capacity 78806K, committed 80536K, reserved 1120256K
  class space    used 9379K, capacity 10030K, committed 10408K, reserved 1048576K
}
Event: 13361,618 GC heap before
{Heap before GC invocations=48 (full 8):
 PSYoungGen      total 377856K, used 377384K [0x00000000e0000000, 0x0000000100000000, 0x0000000100000000)
  eden space 275968K, 100% used [0x00000000e0000000,0x00000000f0d80000,0x00000000f0d80000)
  from space 101888K, 99% used [0x00000000f0d80000,0x00000000f708a348,0x00000000f7100000)
  to   space 130560K, 0% used [0x00000000f8080000,0x00000000f8080000,0x0000000100000000)
 ParOldGen       total 658944K, used 515405K [0x00000000a0000000, 0x00000000c8380000, 0x00000000e0000000)
  object space 658944K, 78% used [0x00000000a0000000,0x00000000bf7534e0,0x00000000c8380000)
 Metaspace       used 75118K, capacity 78806K, committed 80536K, reserved 1120256K
  class space    used 9379K, capacity 10030K, committed 10408K, reserved 1048576K
Event: 13361,803 GC heap after
Heap after GC invocations=48 (full 8):
 PSYoungGen      total 348672K, used 130553K [0x00000000e0000000, 0x0000000100000000, 0x0000000100000000)
  eden space 218112K, 0% used [0x00000000e0000000,0x00000000e0000000,0x00000000ed500000)
  from space 130560K, 99% used [0x00000000f8080000,0x00000000ffffe420,0x0000000100000000)
  to   space 153088K, 0% used [0x00000000ed500000,0x00000000ed500000,0x00000000f6a80000)
 ParOldGen       total 658944K, used 526540K [0x00000000a0000000, 0x00000000c8380000, 0x00000000e0000000)
  object space 658944K, 79% used [0x00000000a0000000,0x00000000c0233060,0x00000000c8380000)
 Metaspace       used 75118K, capacity 78806K, committed 80536K, reserved 1120256K
  class space    used 9379K, capacity 10030K, committed 10408K, reserved 1048576K
}
Event: 13363,221 GC heap before
{Heap before GC invocations=49 (full 8):
 PSYoungGen      total 348672K, used 348665K [0x00000000e0000000, 0x0000000100000000, 0x0000000100000000)
  eden space 218112K, 100% used [0x00000000e0000000,0x00000000ed500000,0x00000000ed500000)
  from space 130560K, 99% used [0x00000000f8080000,0x00000000ffffe420,0x0000000100000000)
  to   space 153088K, 0% used [0x00000000ed500000,0x00000000ed500000,0x00000000f6a80000)
 ParOldGen       total 658944K, used 526540K [0x00000000a0000000, 0x00000000c8380000, 0x00000000e0000000)
  object space 658944K, 79% used [0x00000000a0000000,0x00000000c0233060,0x00000000c8380000)
 Metaspace       used 75118K, capacity 78806K, committed 80536K, reserved 1120256K
  class space    used 9379K, capacity 10030K, committed 10408K, reserved 1048576K
Event: 13363,512 GC heap after
Heap after GC invocations=49 (full 8):
 PSYoungGen      total 371200K, used 153081K [0x00000000e0000000, 0x0000000100000000, 0x0000000100000000)
  eden space 218112K, 0% used [0x00000000e0000000,0x00000000e0000000,0x00000000ed500000)
  from space 153088K, 99% used [0x00000000ed500000,0x00000000f6a7e5a0,0x00000000f6a80000)
  to   space 153088K, 0% used [0x00000000f6a80000,0x00000000f6a80000,0x0000000100000000)
 ParOldGen       total 658944K, used 628703K [0x00000000a0000000, 0x00000000c8380000, 0x00000000e0000000)
  object space 658944K, 95% used [0x00000000a0000000,0x00000000c65f7d08,0x00000000c8380000)
 Metaspace       used 75118K, capacity 78806K, committed 80536K, reserved 1120256K
  class space    used 9379K, capacity 10030K, committed 10408K, reserved 1048576K
}
Event: 13363,512 GC heap before
{Heap before GC invocations=50 (full 9):
 PSYoungGen      total 371200K, used 153081K [0x00000000e0000000, 0x0000000100000000, 0x0000000100000000)
  eden space 218112K, 0% used [0x00000000e0000000,0x00000000e0000000,0x00000000ed500000)
  from space 153088K, 99% used [0x00000000ed500000,0x00000000f6a7e5a0,0x00000000f6a80000)
  to   space 153088K, 0% used [0x00000000f6a80000,0x00000000f6a80000,0x0000000100000000)
 ParOldGen       total 658944K, used 628703K [0x00000000a0000000, 0x00000000c8380000, 0x00000000e0000000)
  object space 658944K, 95% used [0x00000000a0000000,0x00000000c65f7d08,0x00000000c8380000)
 Metaspace       used 75118K, capacity 78806K, committed 80536K, reserved 1120256K
  class space    used 9379K, capacity 10030K, committed 10408K, reserved 1048576K

Deoptimization events (10 events):
Event: 13360,870 Thread 0x00007f094ca4c800 Uncommon trap: reason=class_check action=maybe_recompile pc=0x00007f09a858b308 method=com.android.dx.ssa.back.InterferenceGraph.add(II)V @ 19
Event: 13360,942 Thread 0x00007f094ca4c800 Uncommon trap: reason=class_check action=maybe_recompile pc=0x00007f09a86799b4 method=com.android.dx.ssa.back.InterferenceGraph.mergeInterferenceSet(ILcom/android/dx/util/IntSet;)V @ 20
Event: 13360,942 Thread 0x00007f094ca4c800 Uncommon trap: reason=class_check action=maybe_recompile pc=0x00007f09a81721e0 method=com.android.dx.util.BitIntSet.merge(Lcom/android/dx/util/IntSet;)V @ 1
Event: 13360,943 Thread 0x00007f094ca4c800 Uncommon trap: reason=class_check action=maybe_recompile pc=0x00007f09a86799b4 method=com.android.dx.ssa.back.InterferenceGraph.mergeInterferenceSet(ILcom/android/dx/util/IntSet;)V @ 20
Event: 13360,943 Thread 0x00007f094ca4c800 Uncommon trap: reason=class_check action=maybe_recompile pc=0x00007f09a81721e0 method=com.android.dx.util.BitIntSet.merge(Lcom/android/dx/util/IntSet;)V @ 1
Event: 13360,943 Thread 0x00007f094ca4c800 Uncommon trap: reason=class_check action=maybe_recompile pc=0x00007f09a86799b4 method=com.android.dx.ssa.back.InterferenceGraph.mergeInterferenceSet(ILcom/android/dx/util/IntSet;)V @ 20
Event: 13360,943 Thread 0x00007f094ca4c800 Uncommon trap: reason=class_check action=maybe_recompile pc=0x00007f09a81721e0 method=com.android.dx.util.BitIntSet.merge(Lcom/android/dx/util/IntSet;)V @ 1
Event: 13360,953 Thread 0x00007f094ca4c800 Uncommon trap: reason=class_check action=maybe_recompile pc=0x00007f09a86799b4 method=com.android.dx.ssa.back.InterferenceGraph.mergeInterferenceSet(ILcom/android/dx/util/IntSet;)V @ 20
Event: 13360,953 Thread 0x00007f094ca4c800 Uncommon trap: reason=class_check action=maybe_recompile pc=0x00007f09a81721e0 method=com.android.dx.util.BitIntSet.merge(Lcom/android/dx/util/IntSet;)V @ 1
Event: 13363,181 Thread 0x00007f092406d800 Uncommon trap: reason=unstable_if action=reinterpret pc=0x00007f09a7289dd8 method=com.android.dx.ssa.SetFactory.makeDomFrontSet(I)Lcom/android/dx/util/IntSet; @ 4

Internal exceptions (10 events):
Event: 13319,322 Thread 0x00007f094c0cd000 Exception <a 'sun/nio/fs/UnixException'> (0x00000000f0446758) thrown at [/ssd/Android/AOSP-openjdk/external/jetbrains/jdk/hotspot/src/share/vm/prims/jni.cpp, line 709]
Event: 13327,189 Thread 0x00007f095c005800 Implicit null exception at 0x00007f09a835084f to 0x00007f09a8351025
Event: 13327,548 Thread 0x00007f095c005800 Implicit null exception at 0x00007f09a5f610e3 to 0x00007f09a5f61669
Event: 13330,605 Thread 0x00007f095c005800 Implicit null exception at 0x00007f09a5f30ebe to 0x00007f09a5f36241
Event: 13331,455 Thread 0x00007f092406d800 Implicit null exception at 0x00007f09a8187ca2 to 0x00007f09a8187d42
Event: 13331,561 Thread 0x00007f092406a800 Implicit null exception at 0x00007f09a80eb185 to 0x00007f09a80ebc09
Event: 13331,771 Thread 0x00007f094ca4c800 Implicit null exception at 0x00007f09a583da9e to 0x00007f09a583e395
Event: 13332,138 Thread 0x00007f094ca4c800 Implicit null exception at 0x00007f09a83c9adc to 0x00007f09a83c9c0d
Event: 13335,271 Thread 0x00007f092406c800 Implicit null exception at 0x00007f09a870d074 to 0x00007f09a870d845
Event: 13348,849 Thread 0x00007f094ca4c800 Implicit null exception at 0x00007f09a88e174c to 0x00007f09a88e724d

Events (10 events):
Event: 13363,121 Thread 0x00007f092406d800 DEOPT PACKING pc=0x00007f09a84f336b sp=0x00007f09428f9190
Event: 13363,121 Thread 0x00007f092406d800 DEOPT UNPACKING pc=0x00007f09a5046f73 sp=0x00007f09428f8ef0 mode 0
Event: 13363,167 Thread 0x00007f092406d800 DEOPT PACKING pc=0x00007f09a84f3cad sp=0x00007f09428f9050
Event: 13363,167 Thread 0x00007f092406d800 DEOPT UNPACKING pc=0x00007f09a5046f73 sp=0x00007f09428f8e38 mode 0
Event: 13363,169 Thread 0x00007f092406d800 DEOPT PACKING pc=0x00007f09a84f4afb sp=0x00007f09428f9150
Event: 13363,169 Thread 0x00007f092406d800 DEOPT UNPACKING pc=0x00007f09a5046f73 sp=0x00007f09428f8ef8 mode 0
Event: 13363,181 Thread 0x00007f092406d800 Uncommon trap: trap_request=0xffffff65 fr.pc=0x00007f09a7289dd8
Event: 13363,181 Thread 0x00007f092406d800 DEOPT PACKING pc=0x00007f09a7289dd8 sp=0x00007f09428f9180
Event: 13363,181 Thread 0x00007f092406d800 DEOPT UNPACKING pc=0x00007f09a5004f69 sp=0x00007f09428f9118 mode 2
Event: 13363,219 Executing VM operation: ParallelGCFailedAllocation


Dynamic libraries:
00400000-00401000 r-xp 00000000 08:04 1059356                            /home/robinson/.local/share/umake/android/android-studio/jre/bin/java
00600000-00601000 r--p 00000000 08:04 1059356                            /home/robinson/.local/share/umake/android/android-studio/jre/bin/java
00601000-00602000 rw-p 00001000 08:04 1059356                            /home/robinson/.local/share/umake/android/android-studio/jre/bin/java
01b97000-01bb8000 rw-p 00000000 00:00 0                                  [heap]
a0000000-c8380000 rw-p 00000000 00:00 0 
d3d00000-e0000000 ---p 00000000 00:00 0 
e0000000-100000000 rw-p 00000000 00:00 0 
100000000-100a2a000 rw-p 00000000 00:00 0 
100a2a000-140000000 ---p 00000000 00:00 0 
7f0920000000-7f092021e000 rw-p 00000000 00:00 0 
7f092021e000-7f0924000000 ---p 00000000 00:00 0 
7f0924000000-7f09241e9000 rw-p 00000000 00:00 0 
7f09241e9000-7f0928000000 ---p 00000000 00:00 0 
7f0928000000-7f09282ce000 rw-p 00000000 00:00 0 
7f09282ce000-7f092c000000 ---p 00000000 00:00 0 
7f092c000000-7f092c036000 rw-p 00000000 00:00 0 
7f092c036000-7f0930000000 ---p 00000000 00:00 0 
7f0930000000-7f0930021000 rw-p 00000000 00:00 0 
7f0930021000-7f0934000000 ---p 00000000 00:00 0 
7f0934000000-7f0934021000 rw-p 00000000 00:00 0 
7f0934021000-7f0938000000 ---p 00000000 00:00 0 
7f0938000000-7f093804b000 rw-p 00000000 00:00 0 
7f093804b000-7f093c000000 ---p 00000000 00:00 0 
7f093c000000-7f093c55a000 rw-p 00000000 00:00 0 
7f093c55a000-7f0940000000 ---p 00000000 00:00 0 
7f0940963000-7f09409e3000 rw-p 00000000 00:00 0 
7f09409e3000-7f0940b63000 ---p 00000000 00:00 0 
7f0940b63000-7f0940c57000 r--s 00ad5000 08:04 2230353                    /home/robinson/Dropbox/AndroidstudioProjects/Enxoval2/app/build/intermediates/transforms/jarMerging/free/debug/jars/1/1f/combined.jar
7f0940c57000-7f0940e57000 rw-p 00000000 00:00 0 
7f0940e57000-7f0941057000 rw-p 00000000 00:00 0 
7f0941057000-7f0941257000 rw-p 00000000 00:00 0 
7f0941257000-7f0941457000 rw-p 00000000 00:00 0 
7f0941541000-7f0941741000 rw-p 00000000 00:00 0 
7f0941741000-7f0941941000 rw-p 00000000 00:00 0 
7f0941941000-7f0941944000 ---p 00000000 00:00 0 
7f0941944000-7f0941a42000 rw-p 00000000 00:00 0 
7f0941a42000-7f0941a45000 ---p 00000000 00:00 0 
7f0941a45000-7f0941b43000 rw-p 00000000 00:00 0 
7f0941b43000-7f0941b46000 ---p 00000000 00:00 0 
7f0941b46000-7f0941c44000 rw-p 00000000 00:00 0 
7f0941c44000-7f0941c47000 ---p 00000000 00:00 0 
7f0941c47000-7f0941d45000 rw-p 00000000 00:00 0 
7f0941d45000-7f0941d48000 ---p 00000000 00:00 0 
7f0941d48000-7f0941e46000 rw-p 00000000 00:00 0 
7f0941e46000-7f0941e49000 ---p 00000000 00:00 0 
7f0941e49000-7f0941f47000 rw-p 00000000 00:00 0 
7f0941f47000-7f0941f4a000 ---p 00000000 00:00 0 
7f0941f4a000-7f0942048000 rw-p 00000000 00:00 0 
7f0942048000-7f094204b000 ---p 00000000 00:00 0 
7f094204b000-7f0942149000 rw-p 00000000 00:00 0 
7f0942149000-7f094214c000 ---p 00000000 00:00 0 
7f094214c000-7f094224a000 rw-p 00000000 00:00 0 
7f094224a000-7f094224d000 ---p 00000000 00:00 0 
7f094224d000-7f094234b000 rw-p 00000000 00:00 0 
7f094234b000-7f094234e000 ---p 00000000 00:00 0 
7f094234e000-7f094244c000 rw-p 00000000 00:00 0 
7f094244c000-7f094244f000 ---p 00000000 00:00 0 
7f094244f000-7f0942485000 rw-p 00000000 00:00 0 
7f0942485000-7f0942488000 ---p 00000000 00:00 0 
7f0942488000-7f09424be000 rw-p 00000000 00:00 0 
7f09424be000-7f09424c1000 ---p 00000000 00:00 0 
7f09424c1000-7f09424f7000 rw-p 00000000 00:00 0 
7f09424f7000-7f09424fa000 ---p 00000000 00:00 0 
7f09424fa000-7f09425f8000 rw-p 00000000 00:00 0 
7f09425f8000-7f09425fb000 ---p 00000000 00:00 0 
7f09425fb000-7f09426f9000 rw-p 00000000 00:00 0 
7f09426f9000-7f09426fc000 ---p 00000000 00:00 0 
7f09426fc000-7f09427fa000 rw-p 00000000 00:00 0 
7f09427fa000-7f09427fd000 ---p 00000000 00:00 0 
7f09427fd000-7f09428fb000 rw-p 00000000 00:00 0 
7f09428fb000-7f09428fe000 ---p 00000000 00:00 0 
7f09428fe000-7f09429fc000 rw-p 00000000 00:00 0 
7f09429fc000-7f09429ff000 ---p 00000000 00:00 0 
7f09429ff000-7f0942afd000 rw-p 00000000 00:00 0 
7f0942afd000-7f0942b00000 ---p 00000000 00:00 0 
7f0942b00000-7f0942bfe000 rw-p 00000000 00:00 0 
7f0942bfe000-7f0942c01000 ---p 00000000 00:00 0 
7f0942c01000-7f0942cff000 rw-p 00000000 00:00 0 
7f0942cff000-7f0942d02000 ---p 00000000 00:00 0 
7f0942d02000-7f0943000000 rw-p 00000000 00:00 0 
7f0943000000-7f0943200000 rw-p 00000000 00:00 0 
7f0943200000-7f0943400000 rw-p 00000000 00:00 0 
7f0943400000-7f09435fc000 rw-p 00000000 00:00 0 
7f09435fc000-7f0943600000 ---p 00000000 00:00 0 
7f0943600000-7f0943800000 rw-p 00000000 00:00 0 
7f0943800000-7f0943a00000 rw-p 00000000 00:00 0 
7f0943a00000-7f0943c00000 rw-p 00000000 00:00 0 
7f0943c00000-7f0943e00000 rw-p 00000000 00:00 0 
7f0943e00000-7f0944000000 rw-p 00000000 00:00 0 
7f0944000000-7f0944032000 rw-p 00000000 00:00 0 
7f0944032000-7f0948000000 ---p 00000000 00:00 0 
7f0948000000-7f0948021000 rw-p 00000000 00:00 0 
7f0948021000-7f094c000000 ---p 00000000 00:00 0 
7f094c000000-7f094cc15000 rw-p 00000000 00:00 0 
7f094cc15000-7f0950000000 ---p 00000000 00:00 0 
7f0950000000-7f0950021000 rw-p 00000000 00:00 0 
7f0950021000-7f0954000000 ---p 00000000 00:00 0 
7f0954000000-7f0954021000 rw-p 00000000 00:00 0 
7f0954021000-7f0958000000 ---p 00000000 00:00 0 
7f0958000000-7f0958021000 rw-p 00000000 00:00 0 
7f0958021000-7f095c000000 ---p 00000000 00:00 0 
7f095c000000-7f095c021000 rw-p 00000000 00:00 0 
7f095c021000-7f0960000000 ---p 00000000 00:00 0 
7f0960000000-7f0960a32000 rw-p 00000000 00:00 0 
7f0960a32000-7f0964000000 ---p 00000000 00:00 0 
7f0964000000-7f0964075000 rw-p 00000000 00:00 0 
7f0964075000-7f0968000000 ---p 00000000 00:00 0 
7f0968028000-7f096802b000 ---p 00000000 00:00 0 
7f096802b000-7f0968061000 rw-p 00000000 00:00 0 
7f0968061000-7f0968064000 ---p 00000000 00:00 0 
7f0968064000-7f0968162000 rw-p 00000000 00:00 0 
7f0968162000-7f0968175000 r--s 00344000 08:04 1059461                    /home/robinson/.local/share/umake/android/android-studio/jre/jre/lib/resources.jar
7f0968175000-7f0968375000 rw-p 00000000 00:00 0 
7f0968375000-7f0968575000 rw-p 00000000 00:00 0 
7f0968575000-7f0968775000 rw-p 00000000 00:00 0 
7f0968775000-7f0968975000 rw-p 00000000 00:00 0 
7f0968975000-7f0968b75000 rw-p 00000000 00:00 0 
7f0968b75000-7f0968d75000 rw-p 00000000 00:00 0 
7f0968d75000-7f0968d76000 r--s 00001000 08:04 823958                     /home/robinson/.gradle/caches/jars-2/7c4c8dw4bn3s8grc5kz09cv28jy9yn3/annotations-25.3.0.jar
7f0968d76000-7f0968d7e000 r--s 000a8000 08:04 823956                     /home/robinson/.gradle/caches/jars-2/lp0h431tl0554nh1vx6zomcvteflkp/lombok-ast-0.2.3.jar
7f0968d7e000-7f0968d92000 r--s 000b4000 08:04 823954                     /home/robinson/.gradle/caches/jars-2/igzbti8te04ygk32hg4q3ljfkkkzmlr/uast-162.2228.14.jar
7f0968d92000-7f0968d94000 r--s 0000d000 08:04 823952                     /home/robinson/.gradle/caches/jars-2/7pwz1bowgakb1eux9ezb56jlturgsyi/commons-codec-1.4.jar
7f0968d94000-7f0968d96000 r--s 0000d000 08:04 823950                     /home/robinson/.gradle/caches/jars-2/9dj1m0eyooi5qt13735vz8fpkl3cnfy/commons-logging-1.1.1.jar
7f0968d96000-7f0968d9b000 r--s 00028000 08:04 823948                     /home/robinson/.gradle/caches/jars-2/62lv0fe9b3xbqe57f6ljy5upwi7mf6k/httpcore-4.1.jar
7f0968d9b000-7f0968d9f000 r--s 0002f000 08:04 823946                     /home/robinson/.gradle/caches/jars-2/gsg5n52frsvw6sx0swqqe2hwijwdcf0/jimfs-1.1.jar
7f0968d9f000-7f0968da0000 r--s 00004000 08:04 823944                     /home/robinson/.gradle/caches/jars-2/lxs252id0979odjrerlctkb26c2vj95/annotations-12.0.jar
7f0968da0000-7f0968da1000 r--s 00004000 08:04 823942                     /home/robinson/.gradle/caches/jars-2/9kn99dr0rulyl67sct1ephwcop56l61/asm-analysis-5.0.4.jar
7f0968da1000-7f0968da5000 r--s 00040000 08:04 823940                     /home/robinson/.gradle/caches/jars-2/h4gop7cox40tig0ckkhw1h8hl6tfcwm/lint-api-25.3.0.jar
7f0968da5000-7f0968da6000 r--s 0000a000 08:04 823938                     /home/robinson/.gradle/caches/jars-2/nwyg9io65lv6jvmwit2wq82xnnxd7ia/kxml2-2.3.0.jar
7f0968da6000-7f0968da8000 r--s 00005000 08:04 823936                     /home/robinson/.gradle/caches/jars-2/i6hc1uuj8e9ck59slmzdyz78ydn8sr6/httpmime-4.1.jar
7f0968da8000-7f0968db0000 r--s 0004e000 08:04 823934                     /home/robinson/.gradle/caches/jars-2/7503wa5irssz0xxahv1xb82p2dl7rr2/httpclient-4.1.1.jar
7f0968db0000-7f0968db7000 r--s 00053000 08:04 823932                     /home/robinson/.gradle/caches/jars-2/jgkfvs4eqggj7qsyw1f5d3up57hanj1/commons-compress-1.8.1.jar
7f0968db7000-7f0968dbc000 r--s 0002a000 08:04 668325                     /home/robinson/.gradle/caches/jars-2/je8f027qcr1z1egw08byp1ybxbp9kko/gson-2.2.4.jar
7f0968dbc000-7f0968dc1000 r--s 0002e000 08:04 668323                     /home/robinson/.gradle/caches/jars-2/r6oa1284jnf1g0hjm5fw7l8swldb7ek/repository-25.3.0.jar
7f0968dc1000-7f0968dc2000 r--s 00005000 08:04 668321                     /home/robinson/.gradle/caches/jars-2/8zf2fyptbgnbanz613fx2c3hoto0539/dvlib-25.3.0.jar
7f0968dc2000-7f0968dc5000 r--s 00012000 08:04 668319                     /home/robinson/.gradle/caches/jars-2/9uh4197qdwnvuono2myyig8xxy6aqcq/layoutlib-api-25.3.0.jar
7f0968dc5000-7f0968dca000 r--s 00058000 08:04 668317                     /home/robinson/.gradle/caches/jars-2/st159835qgxm0l87oqrnhayxos4lc1n/asm-debug-all-5.0.1.jar
7f0968dca000-7f0968dda000 r--s 000d5000 08:04 668315                     /home/robinson/.gradle/caches/jars-2/qzf32gp9kej4w4hlbabft6tplu74cj3/proguard-base-5.3.2.jar
7f0968dda000-7f0968ddd000 r--s 00033000 08:04 668313                     /home/robinson/.gradle/caches/jars-2/nz9sndmr8b4xbj4xulkaciy5kdbyfiz/juniversalchardet-1.0.3.jar
7f0968ddd000-7f0968de1000 r--s 0002a000 08:04 668311                     /home/robinson/.gradle/caches/jars-2/krbpn9xjn1qymukyx8cc5l799ty1v3h/commons-io-2.4.jar
7f0968de1000-7f0968df8000 r--s 00154000 08:04 668309                     /home/robinson/.gradle/caches/jars-2/sfeivjswzitn6n0fnjx3ueszz8gv8o1/antlr4-4.5.3.jar
7f0968df8000-7f0968dfa000 r--s 00002000 08:04 668307                     /home/robinson/.gradle/caches/jars-2/o6nwvy6at9y5kbpwo6utcclqk98gd99/baseLibrary-2.3.0.jar
7f0968dfa000-7f0968e25000 r--s 001fc000 08:04 668305                     /home/robinson/.gradle/caches/jars-2/nxjrjftly2xksl8o0wqgivu5netfu2x/guava-18.0.jar
7f0968e25000-7f0968e38000 r--s 00241000 08:04 668303                     /home/robinson/.gradle/caches/jars-2/9yuekvg4qerfitq3xec0iyckuw3hwaq/ecj-4.6.1.jar
7f0968e38000-7f0968e3f000 r--s 000d9000 08:04 668301                     /home/robinson/.gradle/caches/jars-2/aprntsq9xd6l685y4wf1lo3ojhypibs/lint-checks-25.3.0.jar
7f0968e3f000-7f0968e41000 r--s 00006000 08:04 668299                     /home/robinson/.gradle/caches/jars-2/6phgj9ki3jl3p5epzkqoo8pr6kur40b/asm-tree-5.0.4.jar
7f0968e41000-7f0968e74000 r--s 00203000 08:04 668297                     /home/robinson/.gradle/caches/jars-2/hj0bfvxu9cq7hkwmecvp0kg137or3hh/bcprov-jdk15on-1.48.jar
7f0968e74000-7f0968e82000 r--s 00081000 08:04 668295                     /home/robinson/.gradle/caches/jars-2/4r7xli0tz94y0wfjrdyjxlxar3g1pb9/bcpkix-jdk15on-1.48.jar
7f0968e82000-7f0968e84000 r--s 00002000 08:04 668293                     /home/robinson/.gradle/caches/jars-2/f32bh5uivuf69ecz2j8hl96ksnqdh7v/javawriter-2.5.0.jar
7f0968e84000-7f0968e86000 r--s 00004000 08:04 668291                     /home/robinson/.gradle/caches/jars-2/ks5d1mxwh7e42p192ttu3gpechro7qa/tracker-25.3.0.jar
7f0968e86000-7f0968e87000 r--s 00005000 08:04 668289                     /home/robinson/.gradle/caches/jars-2/fl4kf4ptr1zzfqcvmz0t9nip0r2xra6/shared-25.3.0.jar
7f0968e87000-7f0968e95000 r--s 00147000 08:04 668287                     /home/robinson/.gradle/caches/jars-2/kzywuljggjlwzg0mn5daqjrl9hrds10/protos-25.3.0.jar
7f0968e95000-7f0968e96000 r--s 00001000 08:04 668285                     /home/robinson/.gradle/caches/jars-2/9wceqt3rojnwacgoouxh9g9dkoot2zu/jill-api-0.10.0.jar
7f0968e96000-7f0968e98000 r--s 00003000 08:04 668283                     /home/robinson/.gradle/caches/jars-2/hgjtw817h9ckqrqd7wts8rss79wyf2p/jack-api-0.13.0.jar
7f0968e98000-7f0968e9e000 r--s 0004a000 08:04 668281                     /home/robinson/.gradle/caches/jars-2/qdr9c88xakd7sne0hmledt9h4qds2q2/ddmlib-25.3.0.jar
7f0968e9e000-7f0968ea1000 r--s 00022000 08:04 668279                     /home/robinson/.gradle/caches/jars-2/fsss09xku4j8m0mtb0gif22hmmgqs7i/manifest-merger-25.3.0.jar
7f0968ea1000-7f0968ea4000 r--s 0001c000 08:04 668277                     /home/robinson/.gradle/caches/jars-2/s9s98vc2jrc4cq452s7phwb2ad5xfkn/common-25.3.0.jar
7f0968ea4000-7f0968ead000 r--s 00089000 08:04 668275                     /home/robinson/.gradle/caches/jars-2/965j22khmkpwdgya5fll5pxt21kiz0y/sdk-common-25.3.0.jar
7f0968ead000-7f0968eb7000 r--s 00097000 08:04 668273                     /home/robinson/.gradle/caches/jars-2/2t3glk7v5svadzqcbhq0avch2qk6a9k/sdklib-25.3.0.jar
7f0968eb7000-7f0968eb8000 r--s 00002000 08:04 668271                     /home/robinson/.gradle/caches/jars-2/q53lj97mtvuhn56k5k0vmpi70ln1194/builder-test-api-2.3.0.jar
7f0968eb8000-7f0968ebb000 r--s 00006000 08:04 668269                     /home/robinson/.gradle/caches/jars-2/217rxmwsloonj42ilq94g16c8qou0uv/builder-model-2.3.0.jar
7f0968ebb000-7f0968eca000 r--s 00130000 08:04 668267                     /home/robinson/.gradle/caches/jars-2/cr6zkqpx14lor9zdtmo49qpc7y8r8p4/protobuf-java-3.0.0.jar
7f0968eca000-7f0968ecc000 r--s 0000f000 08:04 668265                     /home/robinson/.gradle/caches/jars-2/rvfyugrlu5tbpz51p98og0qsxamjq4k/jopt-simple-4.9.jar
7f0968ecc000-7f0968ed0000 r--s 0001f000 08:04 668263                     /home/robinson/.gradle/caches/jars-2/nq3fzqkrrm37ob61z4iu5qdbh368uat/org.jacoco.report-0.7.5.201505241946.jar
7f0968ed0000-7f0968ed4000 r--s 0001d000 08:04 668261                     /home/robinson/.gradle/caches/jars-2/3kxkmcckmk40ron92zhbm0qjo9l4bkl/org.jacoco.core-0.7.5.201505241946.jar
7f0968ed4000-7f0968ed6000 r--s 00002000 08:04 668259                     /home/robinson/.gradle/caches/jars-2/m4m0pzb4gmaeh0in5g2xc4bxeuwt828/proguard-gradle-5.3.2.jar
7f0968ed6000-7f0968ed8000 r--s 00009000 08:04 668257                     /home/robinson/.gradle/caches/jars-2/ajvcvdu66lc9e3tvvipxtuq48i9bbkc/asm-commons-5.0.4.jar
7f0968ed8000-7f0968eda000 r--s 0000c000 08:04 668255                     /home/robinson/.gradle/caches/jars-2/1laz1ygmxoc408r7nwqs1q8uk8r236d/asm-5.0.4.jar
7f0968eda000-7f0968edf000 r--s 0002c000 08:04 668253                     /home/robinson/.gradle/caches/jars-2/3eyaheco65g859qpfsowjbpqi0jh6mf/compilerCommon-2.3.0.jar
7f0968edf000-7f0968ee0000 r--s 00002000 08:04 668251                     /home/robinson/.gradle/caches/jars-2/31jr90v5p5fkd2jflx4pvapkdf35ezu/gradle-api-2.3.0.jar
7f0968ee0000-7f0968ee1000 r--s 00000000 08:04 668249                     /home/robinson/.gradle/caches/jars-2/9alwd0ip1x6at9csjhyhihqra39rks9/transform-api-2.0.0-deprecated-use-gradle-api.jar
7f0968ee1000-7f0968ee6000 r--s 0005e000 08:04 668247                     /home/robinson/.gradle/caches/jars-2/ni16dxztl73a86d25hs3on5ncngkbuy/lint-25.3.0.jar
7f0968ee6000-7f0968efc000 r--s 00163000 08:04 668245                     /home/robinson/.gradle/caches/jars-2/sqf8kc3htrab4fj479mwr3jrji381b7/builder-2.3.0.jar
7f0968efc000-7f0968f1a000 r--s 001cb000 08:04 668243                     /home/robinson/.gradle/caches/jars-2/8qy5a7i3gbr2s4snxdquaath1tjusie/gradle-core-2.3.0.jar
7f0968f1a000-7f0968f1b000 r--s 00006000 08:04 1717439                    /home/robinson/.gradle/caches/modules-2/files-2.1/com.google.gms/google-services/3.0.0/ee538ce9cf4148485e43017c5542202b8c78ff8e/google-services-3.0.0.jar
7f0968f1b000-7f0968f1d000 r--s 0000d000 08:04 668241                     /home/robinson/.gradle/caches/jars-2/60bmiis45kdytxtzt10fi483750k8at/gradle-2.3.0.jar
7f0968f1d000-7f096911d000 rw-p 00000000 00:00 0 
7f096911d000-7f096931d000 rw-p 00000000 00:00 0 
7f096931d000-7f0969322000 r--s 00034000 08:04 668149                     /home/robinson/.gradle/caches/jars-2/c74d41v3l7o57dyhdc4xhdfblc3m2cw/gson-2.5.jar
7f0969322000-7f0969392000 r--s 00643000 08:04 668147                     /home/robinson/.gradle/caches/jars-2/8cxlnul3q31hn64oaeyb96yvefwfs4h/groovy-all-2.4.6.jar
7f0969392000-7f0969397000 r--s 0007a000 08:04 668145                     /home/robinson/.gradle/caches/jars-2/q5pdl4dnyup86dc2j4432si3lyapuro/gradle-tooling-extension-impl.jar
7f0969397000-7f0969597000 rw-p 00000000 00:00 0 
7f0969597000-7f096959a000 ---p 00000000 00:00 0 
7f096959a000-7f09695d0000 rw-p 00000000 00:00 0 
7f09695d0000-7f09695d1000 r--p 00000000 00:00 0 
7f09695d1000-7f09697d1000 rw-p 00000000 00:00 0 
7f09697d1000-7f09699d1000 rw-p 00000000 00:00 0 
7f09699d1000-7f0969bd1000 rw-p 00000000 00:00 0 
7f0969c0f000-7f0969c10000 r--s 00002000 08:04 668069                     /home/robinson/.gradle/caches/jars-2/alhyd7g7xhtn0z1hxgxf7267ym5i09w/external-system-rt.jar
7f0969c10000-7f0969c12000 r--s 0000a000 08:04 668067                     /home/robinson/.gradle/caches/jars-2/ptk43fz0tdnoik1x8njn96wlo1j4uin/gradle-tooling-extension-api.jar
7f0969c62000-7f0969c8a000 r--s 001cf000 08:04 668059                     /home/robinson/.gradle/caches/jars-2/87eo0lrvp84r6dbxjq018wy66es2era/guava-jdk5-17.0.jar
7f0969c97000-7f0969c9a000 ---p 00000000 00:00 0 
7f0969c9a000-7f0969d98000 rw-p 00000000 00:00 0 
7f0969d98000-7f0969e11000 r--s 010ed000 08:04 1059366                    /home/robinson/.local/share/umake/android/android-studio/jre/lib/tools.jar
7f0969e11000-7f096a011000 rw-p 00000000 00:00 0 
7f096a011000-7f096a014000 ---p 00000000 00:00 0 
7f096a014000-7f096a112000 rw-p 00000000 00:00 0 
7f096a112000-7f096a115000 ---p 00000000 00:00 0 
7f096a115000-7f096a213000 rw-p 00000000 00:00 0 
7f096a213000-7f096a216000 ---p 00000000 00:00 0 
7f096a216000-7f096a314000 rw-p 00000000 00:00 0 
7f096a314000-7f096a317000 ---p 00000000 00:00 0 
7f096a317000-7f096a415000 rw-p 00000000 00:00 0 
7f096a415000-7f096a418000 ---p 00000000 00:00 0 
7f096a418000-7f096a716000 rw-p 00000000 00:00 0 
7f096a716000-7f096a719000 ---p 00000000 00:00 0 
7f096a719000-7f096a817000 rw-p 00000000 00:00 0 
7f096a817000-7f096a81a000 ---p 00000000 00:00 0 
7f096a81a000-7f096a918000 rw-p 00000000 00:00 0 
7f096a918000-7f096a91f000 r--s 00000000 08:04 2757648                    /usr/lib/x86_64-linux-gnu/gconv/gconv-modules.cache
7f096a91f000-7f096ab1f000 rw-p 00000000 00:00 0 
7f096ab1f000-7f096ab22000 ---p 00000000 00:00 0 
7f096ab22000-7f096ac20000 rw-p 00000000 00:00 0 
7f096ac20000-7f096ac29000 r-xp 00000000 08:04 1059451                    /home/robinson/.local/share/umake/android/android-studio/jre/jre/lib/amd64/libmanagement.so
7f096ac29000-7f096ae28000 ---p 00009000 08:04 1059451                    /home/robinson/.local/share/umake/android/android-studio/jre/jre/lib/amd64/libmanagement.so
7f096ae28000-7f096ae29000 r--p 00008000 08:04 1059451                    /home/robinson/.local/share/umake/android/android-studio/jre/jre/lib/amd64/libmanagement.so
7f096ae29000-7f096ae2a000 rw-p 00009000 08:04 1059451                    /home/robinson/.local/share/umake/android/android-studio/jre/jre/lib/amd64/libmanagement.so
7f096ae2a000-7f096ae2f000 r--s 00098000 08:04 1059412                    /home/robinson/.local/share/umake/android/android-studio/jre/jre/lib/jsse.jar
7f096ae2f000-7f096ae31000 r--s 00007000 08:04 822996                     /home/robinson/.gradle/wrapper/dists/gradle-3.3-all/55gk2rcmfc6p2dg9u9ohc3hw9/gradle-3.3/lib/plugins/gradle-tooling-api-builders-3.3.jar
7f096ae31000-7f096ae34000 r--s 00009000 08:04 822989                     /home/robinson/.gradle/wrapper/dists/gradle-3.3-all/55gk2rcmfc6p2dg9u9ohc3hw9/gradle-3.3/lib/plugins/gradle-testing-native-3.3.jar
7f096ae34000-7f096ae3a000 r--s 00033000 08:04 823064                     /home/robinson/.gradle/wrapper/dists/gradle-3.3-all/55gk2rcmfc6p2dg9u9ohc3hw9/gradle-3.3/lib/plugins/snakeyaml-1.6.jar
7f096ae3a000-7f096ae3c000 r--s 00006000 08:04 823063                     /home/robinson/.gradle/wrapper/dists/gradle-3.3-all/55gk2rcmfc6p2dg9u9ohc3hw9/gradle-3.3/lib/plugins/jcommander-1.12.jar
7f096ae3c000-7f096ae41000 r--s 00040000 08:04 823062                     /home/robinson/.gradle/wrapper/dists/gradle-3.3-all/55gk2rcmfc6p2dg9u9ohc3hw9/gradle-3.3/lib/plugins/bsh-2.0b4.jar
7f096ae41000-7f096ae43000 r--s 00009000 08:04 823070                     /home/robinson/.gradle/wrapper/dists/gradle-3.3-all/55gk2rcmfc6p2dg9u9ohc3hw9/gradle-3.3/lib/plugins/hamcrest-core-1.3.jar
7f096ae43000-7f096ae4c000 r--s 00089000 08:04 823021                     /home/robinson/.gradle/wrapper/dists/gradle-3.3-all/55gk2rcmfc6p2dg9u9ohc3hw9/gradle-3.3/lib/plugins/testng-6.3.1.jar
7f096ae4c000-7f096ae54000 r--s 00045000 08:04 823020                     /home/robinson/.gradle/wrapper/dists/gradle-3.3-all/55gk2rcmfc6p2dg9u9ohc3hw9/gradle-3.3/lib/plugins/junit-4.12.jar
7f096ae54000-7f096ae5a000 r--s 0002e000 08:04 822990                     /home/robinson/.gradle/wrapper/dists/gradle-3.3-all/55gk2rcmfc6p2dg9u9ohc3hw9/gradle-3.3/lib/plugins/gradle-testing-jvm-3.3.jar
7f096ae5a000-7f096ae5e000 r--s 00016000 08:04 822988                     /home/robinson/.gradle/wrapper/dists/gradle-3.3-all/55gk2rcmfc6p2dg9u9ohc3hw9/gradle-3.3/lib/plugins/gradle-testing-base-3.3.jar
7f096ae5e000-7f096ae65000 r--s 00038000 08:04 823015                     /home/robinson/.gradle/wrapper/dists/gradle-3.3-all/55gk2rcmfc6p2dg9u9ohc3hw9/gradle-3.3/lib/plugins/bcpg-jdk15on-1.51.jar
7f096ae65000-7f096ae67000 r--s 0000c000 08:04 822967                     /home/robinson/.gradle/wrapper/dists/gradle-3.3-all/55gk2rcmfc6p2dg9u9ohc3hw9/gradle-3.3/lib/plugins/gradle-signing-3.3.jar
7f096ae67000-7f096ae69000 r--s 00007000 08:04 822966                     /home/robinson/.gradle/wrapper/dists/gradle-3.3-all/55gk2rcmfc6p2dg9u9ohc3hw9/gradle-3.3/lib/plugins/gradle-scala-3.3.jar
7f096ae69000-7f096ae6a000 r--s 00004000 08:04 822994                     /home/robinson/.gradle/wrapper/dists/gradle-3.3-all/55gk2rcmfc6p2dg9u9ohc3hw9/gradle-3.3/lib/plugins/gradle-resources-sftp-3.3.jar
7f096ae6a000-7f096ae7a000 r--s 00088000 08:04 823031                     /home/robinson/.gradle/wrapper/dists/gradle-3.3-all/55gk2rcmfc6p2dg9u9ohc3hw9/gradle-3.3/lib/plugins/joda-time-2.8.2.jar
7f096ae7a000-7f096ae8b000 r--s 0010d000 08:04 823030                     /home/robinson/.gradle/wrapper/dists/gradle-3.3-all/55gk2rcmfc6p2dg9u9ohc3hw9/gradle-3.3/lib/plugins/jackson-databind-2.6.6.jar
7f096ae8b000-7f096ae8e000 r--s 00009000 08:04 823029                     /home/robinson/.gradle/wrapper/dists/gradle-3.3-all/55gk2rcmfc6p2dg9u9ohc3hw9/gradle-3.3/lib/plugins/jackson-annotations-2.6.6.jar
7f096ae8e000-7f096ae92000 r--s 0003c000 08:04 823028                     /home/robinson/.gradle/wrapper/dists/gradle-3.3-all/55gk2rcmfc6p2dg9u9ohc3hw9/gradle-3.3/lib/plugins/jackson-core-2.6.6.jar
7f096ae92000-7f096aea0000 r--s 00087000 08:04 823027                     /home/robinson/.gradle/wrapper/dists/gradle-3.3-all/55gk2rcmfc6p2dg9u9ohc3hw9/gradle-3.3/lib/plugins/aws-java-sdk-core-1.11.6.jar
7f096aea0000-7f096aea7000 r--s 00057000 08:04 823026                     /home/robinson/.gradle/wrapper/dists/gradle-3.3-all/55gk2rcmfc6p2dg9u9ohc3hw9/gradle-3.3/lib/plugins/aws-java-sdk-kms-1.11.6.jar
7f096aea7000-7f096aeb4000 r--s 0008e000 08:04 823025                     /home/robinson/.gradle/wrapper/dists/gradle-3.3-all/55gk2rcmfc6p2dg9u9ohc3hw9/gradle-3.3/lib/plugins/aws-java-sdk-s3-1.11.6.jar
7f096aeb4000-7f096aeb6000 r--s 00004000 08:04 822995                     /home/robinson/.gradle/wrapper/dists/gradle-3.3-all/55gk2rcmfc6p2dg9u9ohc3hw9/gradle-3.3/lib/plugins/gradle-resources-s3-3.3.jar
7f096aeb6000-7f096aeb8000 r--s 00005000 08:04 823019                     /home/robinson/.gradle/wrapper/dists/gradle-3.3-all/55gk2rcmfc6p2dg9u9ohc3hw9/gradle-3.3/lib/plugins/jatl-0.2.2.jar
7f096aeb8000-7f096aeba000 r--s 0000f000 08:04 822972                     /home/robinson/.gradle/wrapper/dists/gradle-3.3-all/55gk2rcmfc6p2dg9u9ohc3hw9/gradle-3.3/lib/plugins/gradle-reporting-3.3.jar
7f096aeba000-7f096aebc000 r--s 00002000 08:04 822973                     /home/robinson/.gradle/wrapper/dists/gradle-3.3-all/55gk2rcmfc6p2dg9u9ohc3hw9/gradle-3.3/lib/plugins/gradle-publish-3.3.jar
7f096aebc000-7f096aebe000 r--s 00009000 08:04 823002                     /home/robinson/.gradle/wrapper/dists/gradle-3.3-all/55gk2rcmfc6p2dg9u9ohc3hw9/gradle-3.3/lib/plugins/commons-cli-1.2.jar
7f096aebe000-7f096aec4000 r--s 00031000 08:04 822958                     /home/robinson/.gradle/wrapper/dists/gradle-3.3-all/55gk2rcmfc6p2dg9u9ohc3hw9/gradle-3.3/lib/plugins/gradle-plugins-3.3.jar
7f096aec4000-7f096aec6000 r--s 00009000 08:04 822991                     /home/robinson/.gradle/wrapper/dists/gradle-3.3-all/55gk2rcmfc6p2dg9u9ohc3hw9/gradle-3.3/lib/plugins/gradle-plugin-development-3.3.jar
7f096aec6000-7f096aecc000 r--s 0002b000 08:04 822984                     /home/robinson/.gradle/wrapper/dists/gradle-3.3-all/55gk2rcmfc6p2dg9u9ohc3hw9/gradle-3.3/lib/plugins/gradle-platform-play-3.3.jar
7f096aecc000-7f096aeda000 r--s 00055000 08:04 822983                     /home/robinson/.gradle/wrapper/dists/gradle-3.3-all/55gk2rcmfc6p2dg9u9ohc3hw9/gradle-3.3/lib/plugins/gradle-platform-native-3.3.jar
7f096aeda000-7f096aedf000 r--s 0001f000 08:04 822978                     /home/robinson/.gradle/wrapper/dists/gradle-3.3-all/55gk2rcmfc6p2dg9u9ohc3hw9/gradle-3.3/lib/plugins/gradle-platform-jvm-3.3.jar
7f096aedf000-7f096aee7000 r--s 00027000 08:04 822977                     /home/robinson/.gradle/wrapper/dists/gradle-3.3-all/55gk2rcmfc6p2dg9u9ohc3hw9/gradle-3.3/lib/plugins/gradle-platform-base-3.3.jar
7f096aee7000-7f096af0f000 r--s 0021c000 08:04 823010                     /home/robinson/.gradle/wrapper/dists/gradle-3.3-all/55gk2rcmfc6p2dg9u9ohc3hw9/gradle-3.3/lib/plugins/biz.aQute.bndlib-3.2.0.jar
7f096af0f000-7f096af11000 r--s 00003000 08:04 822962                     /home/robinson/.gradle/wrapper/dists/gradle-3.3-all/55gk2rcmfc6p2dg9u9ohc3hw9/gradle-3.3/lib/plugins/gradle-osgi-3.3.jar
7f096af11000-7f096af14000 r--s 0000c000 08:04 823013                     /home/robinson/.gradle/wrapper/dists/gradle-3.3-all/55gk2rcmfc6p2dg9u9ohc3hw9/gradle-3.3/lib/plugins/pmaven-groovy-0.8-20100325.jar
7f096af14000-7f096af15000 r--s 00004000 08:04 823012                     /home/robinson/.gradle/wrapper/dists/gradle-3.3-all/55gk2rcmfc6p2dg9u9ohc3hw9/gradle-3.3/lib/plugins/pmaven-common-0.8-20100325.jar
7f096af15000-7f096af1b000 r--s 00023000 08:04 822963                     /home/robinson/.gradle/wrapper/dists/gradle-3.3-all/55gk2rcmfc6p2dg9u9ohc3hw9/gradle-3.3/lib/plugins/gradle-maven-3.3.jar
7f096af1b000-7f096af1e000 r--s 0000b000 08:04 822982                     /home/robinson/.gradle/wrapper/dists/gradle-3.3-all/55gk2rcmfc6p2dg9u9ohc3hw9/gradle-3.3/lib/plugins/gradle-language-scala-3.3.jar
7f096af1e000-7f096af24000 r--s 0001a000 08:04 822986                     /home/robinson/.gradle/wrapper/dists/gradle-3.3-all/55gk2rcmfc6p2dg9u9ohc3hw9/gradle-3.3/lib/plugins/gradle-language-native-3.3.jar
7f096af24000-7f096af27000 r--s 00005000 08:04 822979                     /home/robinson/.gradle/wrapper/dists/gradle-3.3-all/55gk2rcmfc6p2dg9u9ohc3hw9/gradle-3.3/lib/plugins/gradle-language-jvm-3.3.jar
7f096af27000-7f096af2d000 r--s 00027000 08:04 822980                     /home/robinson/.gradle/wrapper/dists/gradle-3.3-all/55gk2rcmfc6p2dg9u9ohc3hw9/gradle-3.3/lib/plugins/gradle-language-java-3.3.jar
7f096af2d000-7f096af2f000 r--s 0000a000 08:04 822981                     /home/robinson/.gradle/wrapper/dists/gradle-3.3-all/55gk2rcmfc6p2dg9u9ohc3hw9/gradle-3.3/lib/plugins/gradle-language-groovy-3.3.jar
7f096af2f000-7f096af32000 r--s 0001e000 08:04 823037                     /home/robinson/.gradle/wrapper/dists/gradle-3.3-all/55gk2rcmfc6p2dg9u9ohc3hw9/gradle-3.3/lib/plugins/jsp-api-2.1-6.1.14.jar
7f096af32000-7f096af55000 r--s 00344000 08:04 823036                     /home/robinson/.gradle/wrapper/dists/gradle-3.3-all/55gk2rcmfc6p2dg9u9ohc3hw9/gradle-3.3/lib/plugins/core-3.1.1.jar
7f096af55000-7f096af56000 r--s 00006000 08:04 823035                     /home/robinson/.gradle/wrapper/dists/gradle-3.3-all/55gk2rcmfc6p2dg9u9ohc3hw9/gradle-3.3/lib/plugins/jetty-naming-6.1.26.jar
7f096af56000-7f096af57000 r--s 00002000 08:04 823009                     /home/robinson/.gradle/wrapper/dists/gradle-3.3-all/55gk2rcmfc6p2dg9u9ohc3hw9/gradle-3.3/lib/plugins/geronimo-annotation_1.0_spec-1.0.jar
7f096af57000-7f096af59000 r--s 00002000 08:04 823008                     /home/robinson/.gradle/wrapper/dists/gradle-3.3-all/55gk2rcmfc6p2dg9u9ohc3hw9/gradle-3.3/lib/plugins/jetty-annotations-6.1.26.jar
7f096af59000-7f096af6a000 r--s 000ea000 08:04 823007                     /home/robinson/.gradle/wrapper/dists/gradle-3.3-all/55gk2rcmfc6p2dg9u9ohc3hw9/gradle-3.3/lib/plugins/jsp-2.1-6.1.14.jar
7f096af6a000-7f096af6c000 r--s 0000d000 08:04 823006                     /home/robinson/.gradle/wrapper/dists/gradle-3.3-all/55gk2rcmfc6p2dg9u9ohc3hw9/gradle-3.3/lib/plugins/jetty-plus-6.1.26.jar
7f096af6c000-7f096af6e000 r--s 0001f000 08:04 823005                     /home/robinson/.gradle/wrapper/dists/gradle-3.3-all/55gk2rcmfc6p2dg9u9ohc3hw9/gradle-3.3/lib/plugins/servlet-api-2.5-20081211.jar
7f096af6e000-7f096af72000 r--s 00028000 08:04 823004                     /home/robinson/.gradle/wrapper/dists/gradle-3.3-all/55gk2rcmfc6p2dg9u9ohc3hw9/gradle-3.3/lib/plugins/jetty-util-6.1.26.jar
7f096af72000-7f096af79000 r--s 0007d000 08:04 823003                     /home/robinson/.gradle/wrapper/dists/gradle-3.3-all/55gk2rcmfc6p2dg9u9ohc3hw9/gradle-3.3/lib/plugins/jetty-6.1.26.jar
7f096af79000-7f096af7b000 r--s 0000a000 08:04 822960                     /home/robinson/.gradle/wrapper/dists/gradle-3.3-all/55gk2rcmfc6p2dg9u9ohc3hw9/gradle-3.3/lib/plugins/gradle-jetty-3.3.jar
7f096af7b000-7f096af82000 r--s 00035000 08:04 823018                     /home/robinson/.gradle/wrapper/dists/gradle-3.3-all/55gk2rcmfc6p2dg9u9ohc3hw9/gradle-3.3/lib/plugins/simple-4.1.21.jar
7f096af82000-7f096af8e000 r--s 00100000 08:04 823016                     /home/robinson/.gradle/wrapper/dists/gradle-3.3-all/55gk2rcmfc6p2dg9u9ohc3hw9/gradle-3.3/lib/plugins/rhino-1.7R3.jar
7f096af8e000-7f096af92000 r--s 00012000 08:04 822969                     /home/robinson/.gradle/wrapper/dists/gradle-3.3-all/55gk2rcmfc6p2dg9u9ohc3hw9/gradle-3.3/lib/plugins/gradle-javascript-3.3.jar
7f096af92000-7f096af94000 r--s 0000d000 08:04 822975                     /home/robinson/.gradle/wrapper/dists/gradle-3.3-all/55gk2rcmfc6p2dg9u9ohc3hw9/gradle-3.3/lib/plugins/gradle-jacoco-3.3.jar
7f096af94000-7f096af97000 r--s 0000e000 08:04 822974                     /home/robinson/.gradle/wrapper/dists/gradle-3.3-all/55gk2rcmfc6p2dg9u9ohc3hw9/gradle-3.3/lib/plugins/gradle-ivy-3.3.jar
7f096af97000-7f096af98000 r--s 00002000 08:04 822985                     /home/robinson/.gradle/wrapper/dists/gradle-3.3-all/55gk2rcmfc6p2dg9u9ohc3hw9/gradle-3.3/lib/plugins/gradle-ide-play-3.3.jar
7f096af98000-7f096af9b000 r--s 00013000 08:04 822987                     /home/robinson/.gradle/wrapper/dists/gradle-3.3-all/55gk2rcmfc6p2dg9u9ohc3hw9/gradle-3.3/lib/plugins/gradle-ide-native-3.3.jar
7f096af9b000-7f096afa4000 r--s 00055000 08:04 822964                     /home/robinson/.gradle/wrapper/dists/gradle-3.3-all/55gk2rcmfc6p2dg9u9ohc3hw9/gradle-3.3/lib/plugins/gradle-ide-3.3.jar
7f096afa4000-7f096afa6000 r--s 00007000 08:04 822968                     /home/robinson/.gradle/wrapper/dists/gradle-3.3-all/55gk2rcmfc6p2dg9u9ohc3hw9/gradle-3.3/lib/plugins/gradle-ear-3.3.jar
7f096afa6000-7f096afac000 r--s 00039000 08:04 822971                     /home/robinson/.gradle/wrapper/dists/gradle-3.3-all/55gk2rcmfc6p2dg9u9ohc3hw9/gradle-3.3/lib/plugins/gradle-diagnostics-3.3.jar
7f096afac000-7f096afad000 r--s 00009000 08:04 822997                     /home/robinson/.gradle/wrapper/dists/gradle-3.3-all/55gk2rcmfc6p2dg9u9ohc3hw9/gradle-3.3/lib/plugins/gradle-composite-builds-3.3.jar
7f096afad000-7f096afb1000 r--s 00023000 08:04 822959                     /home/robinson/.gradle/wrapper/dists/gradle-3.3-all/55gk2rcmfc6p2dg9u9ohc3hw9/gradle-3.3/lib/plugins/gradle-code-quality-3.3.jar
7f096afb1000-7f096afb5000 r--s 00022000 08:04 822976                     /home/robinson/.gradle/wrapper/dists/gradle-3.3-all/55gk2rcmfc6p2dg9u9ohc3hw9/gradle-3.3/lib/plugins/gradle-build-init-3.3.jar
7f096afb5000-7f096afbb000 r--s 0008e000 08:04 822970                     /home/robinson/.gradle/wrapper/dists/gradle-3.3-all/55gk2rcmfc6p2dg9u9ohc3hw9/gradle-3.3/lib/plugins/gradle-build-comparison-3.3.jar
7f096afbb000-7f096afbc000 r--s 00001000 08:04 822998                     /home/robinson/.gradle/wrapper/dists/gradle-3.3-all/55gk2rcmfc6p2dg9u9ohc3hw9/gradle-3.3/lib/plugins/gradle-build-cache-http-3.3.jar
7f096afbc000-7f096afbe000 r--s 00008000 08:04 822961                     /home/robinson/.gradle/wrapper/dists/gradle-3.3-all/55gk2rcmfc6p2dg9u9ohc3hw9/gradle-3.3/lib/plugins/gradle-antlr-3.3.jar
7f096afbe000-7f096afc0000 r--s 00004000 08:04 822965                     /home/robinson/.gradle/wrapper/dists/gradle-3.3-all/55gk2rcmfc6p2dg9u9ohc3hw9/gradle-3.3/lib/plugins/gradle-announce-3.3.jar
7f096afc0000-7f096afd8000 r--s 00115000 08:04 823067                     /home/robinson/.gradle/wrapper/dists/gradle-3.3-all/55gk2rcmfc6p2dg9u9ohc3hw9/gradle-3.3/lib/plugins/xercesImpl-2.9.1.jar
7f096afd8000-7f096afe0000 r--s 00028000 08:04 823068                     /home/robinson/.gradle/wrapper/dists/gradle-3.3-all/55gk2rcmfc6p2dg9u9ohc3hw9/gradle-3.3/lib/plugins/xml-apis-1.3.04.jar
7f096afe0000-7f096afe6000 r--s 0005b000 08:04 823066                     /home/robinson/.gradle/wrapper/dists/gradle-3.3-all/55gk2rcmfc6p2dg9u9ohc3hw9/gradle-3.3/lib/plugins/jcifs-1.3.17.jar
7f096afe6000-7f096afec000 r--s 00033000 08:04 823014                     /home/robinson/.gradle/wrapper/dists/gradle-3.3-all/55gk2rcmfc6p2dg9u9ohc3hw9/gradle-3.3/lib/plugins/commons-codec-1.6.jar
7f096afec000-7f096aff3000 r--s 00049000 08:04 823065                     /home/robinson/.gradle/wrapper/dists/gradle-3.3-all/55gk2rcmfc6p2dg9u9ohc3hw9/gradle-3.3/lib/plugins/httpcore-4.4.4.jar
7f096aff3000-7f096aff6000 r--s 0001c000 08:04 823023                     /home/robinson/.gradle/wrapper/dists/gradle-3.3-all/55gk2rcmfc6p2dg9u9ohc3hw9/gradle-3.3/lib/plugins/nekohtml-1.9.14.jar
7f096aff6000-7f096b003000 r--s 000a4000 08:04 823022                     /home/robinson/.gradle/wrapper/dists/gradle-3.3-all/55gk2rcmfc6p2dg9u9ohc3hw9/gradle-3.3/lib/plugins/httpclient-4.4.1.jar
7f096b003000-7f096b006000 r--s 0000a000 08:04 822993                     /home/robinson/.gradle/wrapper/dists/gradle-3.3-all/55gk2rcmfc6p2dg9u9ohc3hw9/gradle-3.3/lib/plugins/gradle-resources-http-3.3.jar
7f096b006000-7f096b00a000 r--s 00015000 08:04 822992                     /home/robinson/.gradle/wrapper/dists/gradle-3.3-all/55gk2rcmfc6p2dg9u9ohc3hw9/gradle-3.3/lib/plugins/gradle-plugin-use-3.3.jar
7f096b00a000-7f096b00b000 r--s 00000000 08:04 822904                     /home/robinson/.gradle/wrapper/dists/gradle-3.3-all/55gk2rcmfc6p2dg9u9ohc3hw9/gradle-3.3/lib/gradle-installation-beacon-3.3.jar
7f096b00b000-7f096b00d000 r--s 00006000 08:04 823061                     /home/robinson/.gradle/wrapper/dists/gradle-3.3-all/55gk2rcmfc6p2dg9u9ohc3hw9/gradle-3.3/lib/plugins/aether-connector-wagon-1.13.1.jar
7f096b00d000-7f096b011000 r--s 0001c000 08:04 823060                     /home/robinson/.gradle/wrapper/dists/gradle-3.3-all/55gk2rcmfc6p2dg9u9ohc3hw9/gradle-3.3/lib/plugins/aether-util-1.13.1.jar
7f096b011000-7f096b012000 r--s 00003000 08:04 823059                     /home/robinson/.gradle/wrapper/dists/gradle-3.3-all/55gk2rcmfc6p2dg9u9ohc3hw9/gradle-3.3/lib/plugins/aether-spi-1.13.1.jar
7f096b012000-7f096b015000 r--s 0001d000 08:04 823058                     /home/robinson/.gradle/wrapper/dists/gradle-3.3-all/55gk2rcmfc6p2dg9u9ohc3hw9/gradle-3.3/lib/plugins/aether-impl-1.13.1.jar
7f096b015000-7f096b018000 r--s 00013000 08:04 823057                     /home/robinson/.gradle/wrapper/dists/gradle-3.3-all/55gk2rcmfc6p2dg9u9ohc3hw9/gradle-3.3/lib/plugins/aether-api-1.13.1.jar
7f096b018000-7f096b019000 r--s 00007000 08:04 823056                     /home/robinson/.gradle/wrapper/dists/gradle-3.3-all/55gk2rcmfc6p2dg9u9ohc3hw9/gradle-3.3/lib/plugins/wagon-http-shared4-2.4.jar
7f096b019000-7f096b01b000 r--s 0000b000 08:04 823055                     /home/robinson/.gradle/wrapper/dists/gradle-3.3-all/55gk2rcmfc6p2dg9u9ohc3hw9/gradle-3.3/lib/plugins/wagon-provider-api-2.4.jar
7f096b01b000-7f096b01c000 r--s 00002000 08:04 823054                     /home/robinson/.gradle/wrapper/dists/gradle-3.3-all/55gk2rcmfc6p2dg9u9ohc3hw9/gradle-3.3/lib/plugins/wagon-http-2.4.jar
7f096b01c000-7f096b01d000 r--s 00002000 08:04 823053                     /home/robinson/.gradle/wrapper/dists/gradle-3.3-all/55gk2rcmfc6p2dg9u9ohc3hw9/gradle-3.3/lib/plugins/wagon-file-2.4.jar
7f096b01d000-7f096b01f000 r--s 0000c000 08:04 823052                     /home/robinson/.gradle/wrapper/dists/gradle-3.3-all/55gk2rcmfc6p2dg9u9ohc3hw9/gradle-3.3/lib/plugins/maven-aether-provider-3.0.4.jar
7f096b01f000-7f096b021000 r--s 0000b000 08:04 823051                     /home/robinson/.gradle/wrapper/dists/gradle-3.3-all/55gk2rcmfc6p2dg9u9ohc3hw9/gradle-3.3/lib/plugins/maven-plugin-api-3.0.4.jar
7f096b021000-7f096b023000 r--s 00006000 08:04 823050                     /home/robinson/.gradle/wrapper/dists/gradle-3.3-all/55gk2rcmfc6p2dg9u9ohc3hw9/gradle-3.3/lib/plugins/maven-repository-metadata-3.0.4.jar
7f096b023000-7f096b025000 r--s 0000b000 08:04 823049                     /home/robinson/.gradle/wrapper/dists/gradle-3.3-all/55gk2rcmfc6p2dg9u9ohc3hw9/gradle-3.3/lib/plugins/maven-artifact-3.0.4.jar
7f096b025000-7f096b027000 r--s 00026000 08:04 823048                     /home/robinson/.gradle/wrapper/dists/gradle-3.3-all/55gk2rcmfc6p2dg9u9ohc3hw9/gradle-3.3/lib/plugins/maven-model-3.0.4.jar
7f096b027000-7f096b02b000 r--s 00021000 08:04 823047                     /home/robinson/.gradle/wrapper/dists/gradle-3.3-all/55gk2rcmfc6p2dg9u9ohc3hw9/gradle-3.3/lib/plugins/maven-model-builder-3.0.4.jar
7f096b02b000-7f096b031000 r--s 0003f000 08:04 823046                     /home/robinson/.gradle/wrapper/dists/gradle-3.3-all/55gk2rcmfc6p2dg9u9ohc3hw9/gradle-3.3/lib/plugins/maven-compat-3.0.4.jar
7f096b031000-7f096b033000 r--s 00002000 08:04 823044                     /home/robinson/.gradle/wrapper/dists/gradle-3.3-all/55gk2rcmfc6p2dg9u9ohc3hw9/gradle-3.3/lib/plugins/plexus-cipher-1.7.jar
7f096b033000-7f096b035000 r--s 0000a000 08:04 823043                     /home/robinson/.gradle/wrapper/dists/gradle-3.3-all/55gk2rcmfc6p2dg9u9ohc3hw9/gradle-3.3/lib/plugins/plexus-classworlds-2.4.jar
7f096b035000-7f096b03c000 r--s 0002e000 08:04 823042                     /home/robinson/.gradle/wrapper/dists/gradle-3.3-all/55gk2rcmfc6p2dg9u9ohc3hw9/gradle-3.3/lib/plugins/plexus-container-default-1.5.5.jar
7f096b03c000-7f096b03e000 r--s 00000000 08:04 823069                     /home/robinson/.gradle/wrapper/dists/gradle-3.3-all/55gk2rcmfc6p2dg9u9ohc3hw9/gradle-3.3/lib/plugins/plexus-component-annotations-1.5.5.jar
7f096b03e000-7f096b040000 r--s 0000d000 08:04 823041                     /home/robinson/.gradle/wrapper/dists/gradle-3.3-all/55gk2rcmfc6p2dg9u9ohc3hw9/gradle-3.3/lib/plugins/plexus-interpolation-1.14.jar
7f096b040000-7f096b044000 r--s 00033000 08:04 823040                     /home/robinson/.gradle/wrapper/dists/gradle-3.3-all/55gk2rcmfc6p2dg9u9ohc3hw9/gradle-3.3/lib/plugins/plexus-utils-2.0.6.jar
7f096b044000-7f096b047000 r--s 00008000 08:04 823039                     /home/robinson/.gradle/wrapper/dists/gradle-3.3-all/55gk2rcmfc6p2dg9u9ohc3hw9/gradle-3.3/lib/plugins/maven-settings-builder-3.0.4.jar
7f096b047000-7f096b049000 r--s 0000a000 08:04 823038                     /home/robinson/.gradle/wrapper/dists/gradle-3.3-all/55gk2rcmfc6p2dg9u9ohc3hw9/gradle-3.3/lib/plugins/maven-settings-3.0.4.jar
7f096b049000-7f096b04e000 r--s 00040000 08:04 823024                     /home/robinson/.gradle/wrapper/dists/gradle-3.3-all/55gk2rcmfc6p2dg9u9ohc3hw9/gradle-3.3/lib/plugins/jsch-0.1.53.jar
7f096b04e000-7f096b08e000 r--s 00277000 08:04 823034                     /home/robinson/.gradle/wrapper/dists/gradle-3.3-all/55gk2rcmfc6p2dg9u9ohc3hw9/gradle-3.3/lib/plugins/bcprov-jdk15on-1.51.jar
7f096b08e000-7f096b092000 r--s 0001d000 08:04 823033                     /home/robinson/.gradle/wrapper/dists/gradle-3.3-all/55gk2rcmfc6p2dg9u9ohc3hw9/gradle-3.3/lib/plugins/xbean-reflect-3.4.jar
7f096b092000-7f096b09e000 r--s 0007d000 08:04 823011                     /home/robinson/.gradle/wrapper/dists/gradle-3.3-all/55gk2rcmfc6p2dg9u9ohc3hw9/gradle-3.3/lib/plugins/maven-core-3.0.4.jar
7f096b09e000-7f096b0a3000 r--s 00034000 08:04 823017                     /home/robinson/.gradle/wrapper/dists/gradle-3.3-all/55gk2rcmfc6p2dg9u9ohc3hw9/gradle-3.3/lib/plugins/gson-2.7.jar
7f096b0a3000-7f096b0b2000 r--s 000d9000 08:04 823032                     /home/robinson/.gradle/wrapper/dists/gradle-3.3-all/55gk2rcmfc6p2dg9u9ohc3hw9/gradle-3.3/lib/plugins/ivy-2.2.0.jar
7f096b0b2000-7f096b0c8000 r-xp 00000000 08:04 660766                     /lib/x86_64-linux-gnu/libgcc_s.so.1
7f096b0c8000-7f096b2c7000 ---p 00016000 08:04 660766                     /lib/x86_64-linux-gnu/libgcc_s.so.1
7f096b2c7000-7f096b2c8000 rw-p 00015000 08:04 660766                     /lib/x86_64-linux-gnu/libgcc_s.so.1
7f096b2c8000-7f096b43a000 r-xp 00000000 08:04 2502749                    /usr/lib/x86_64-linux-gnu/libstdc++.so.6.0.21
7f096b43a000-7f096b63a000 ---p 00172000 08:04 2502749                    /usr/lib/x86_64-linux-gnu/libstdc++.so.6.0.21
7f096b63a000-7f096b644000 r--p 00172000 08:04 2502749                    /usr/lib/x86_64-linux-gnu/libstdc++.so.6.0.21
7f096b644000-7f096b646000 rw-p 0017c000 08:04 2502749                    /usr/lib/x86_64-linux-gnu/libstdc++.so.6.0.21
7f096b646000-7f096b64a000 rw-p 00000000 00:00 0 
7f096b64a000-7f096b64b000 r--s 00006000 08:04 823045                     /home/robinson/.gradle/wrapper/dists/gradle-3.3-all/55gk2rcmfc6p2dg9u9ohc3hw9/gradle-3.3/lib/plugins/plexus-sec-dispatcher-1.3.jar
7f096b64b000-7f096b66a000 r--s 000f6000 08:04 823000                     /home/robinson/.gradle/wrapper/dists/gradle-3.3-all/55gk2rcmfc6p2dg9u9ohc3hw9/gradle-3.3/lib/plugins/gradle-dependency-management-3.3.jar
7f096b66a000-7f096b66c000 r--s 00005000 08:04 822999                     /home/robinson/.gradle/wrapper/dists/gradle-3.3-all/55gk2rcmfc6p2dg9u9ohc3hw9/gradle-3.3/lib/plugins/gradle-workers-3.3.jar
7f096b66c000-7f096b671000 r-xp 00000000 08:04 668041                     /home/robinson/.gradle/native/23/linux-amd64/libnative-platform.so
7f096b671000-7f096b870000 ---p 00005000 08:04 668041                     /home/robinson/.gradle/native/23/linux-amd64/libnative-platform.so
7f096b870000-7f096b871000 rw-p 00004000 08:04 668041                     /home/robinson/.gradle/native/23/linux-amd64/libnative-platform.so
7f096b871000-7f096b882000 r-xp 00000000 08:04 1059448                    /home/robinson/.local/share/umake/android/android-studio/jre/jre/lib/amd64/libnio.so
7f096b882000-7f096ba81000 ---p 00011000 08:04 1059448                    /home/robinson/.local/share/umake/android/android-studio/jre/jre/lib/amd64/libnio.so
7f096ba81000-7f096ba82000 r--p 00010000 08:04 1059448                    /home/robinson/.local/share/umake/android/android-studio/jre/jre/lib/amd64/libnio.so
7f096ba82000-7f096ba83000 rw-p 00011000 08:04 1059448                    /home/robinson/.local/share/umake/android/android-studio/jre/jre/lib/amd64/libnio.so
7f096ba83000-7f096bd84000 rw-p 00000000 00:00 0 
7f096bd84000-7f096bd9b000 r-xp 00000000 08:04 1059447                    /home/robinson/.local/share/umake/android/android-studio/jre/jre/lib/amd64/libnet.so
7f096bd9b000-7f096bf9a000 ---p 00017000 08:04 1059447                    /home/robinson/.local/share/umake/android/android-studio/jre/jre/lib/amd64/libnet.so
7f096bf9a000-7f096bf9b000 r--p 00016000 08:04 1059447                    /home/robinson/.local/share/umake/android/android-studio/jre/jre/lib/amd64/libnet.so
7f096bf9b000-7f096bf9c000 rw-p 00017000 08:04 1059447                    /home/robinson/.local/share/umake/android/android-studio/jre/jre/lib/amd64/libnet.so
7f096bf9c000-7f096bf9d000 r--s 00006000 08:04 822903                     /home/robinson/.gradle/wrapper/dists/gradle-3.3-all/55gk2rcmfc6p2dg9u9ohc3hw9/gradle-3.3/lib/gradle-wrapper-3.3.jar
7f096bf9d000-7f096bfaa000 r--s 00041000 08:04 822910                     /home/robinson/.gradle/wrapper/dists/gradle-3.3-all/55gk2rcmfc6p2dg9u9ohc3hw9/gradle-3.3/lib/gradle-tooling-api-3.3.jar
7f096bfaa000-7f096bfac000 r--s 00002000 08:04 822930                     /home/robinson/.gradle/wrapper/dists/gradle-3.3-all/55gk2rcmfc6p2dg9u9ohc3hw9/gradle-3.3/lib/gradle-open-api-3.3.jar
7f096bfac000-7f096bfb2000 r--s 00032000 08:04 822932                     /home/robinson/.gradle/wrapper/dists/gradle-3.3-all/55gk2rcmfc6p2dg9u9ohc3hw9/gradle-3.3/lib/jaxen-1.1.jar
7f096bfb2000-7f096bfbd000 r--s 00059000 08:04 822909                     /home/robinson/.gradle/wrapper/dists/gradle-3.3-all/55gk2rcmfc6p2dg9u9ohc3hw9/gradle-3.3/lib/gradle-ui-3.3.jar
7f096bfbd000-7f096bfc6000 r--s 0008c000 08:04 822901                     /home/robinson/.gradle/wrapper/dists/gradle-3.3-all/55gk2rcmfc6p2dg9u9ohc3hw9/gradle-3.3/lib/kotlin-stdlib-1.1-M02.jar
7f096bfc6000-7f096bfcc000 r--s 0002a000 08:04 822900                     /home/robinson/.gradle/wrapper/dists/gradle-3.3-all/55gk2rcmfc6p2dg9u9ohc3hw9/gradle-3.3/lib/kotlin-runtime-1.1-M02.jar
7f096bfcc000-7f096c000000 r--s 00256000 08:04 822899                     /home/robinson/.gradle/wrapper/dists/gradle-3.3-all/55gk2rcmfc6p2dg9u9ohc3hw9/gradle-3.3/lib/kotlin-reflect-1.1-M02.jar
7f096c000000-7f096c021000 rw-p 00000000 00:00 0 
7f096c021000-7f0970000000 ---p 00000000 00:00 0 
7f0970000000-7f0970021000 rw-p 00000000 00:00 0 
7f0970021000-7f0974000000 ---p 00000000 00:00 0 
7f0974000000-7f0975638000 rw-p 00000000 00:00 0 
7f0975638000-7f0978000000 ---p 00000000 00:00 0 
7f0978000000-7f09792d6000 rw-p 00000000 00:00 0 
7f09792d6000-7f097c000000 ---p 00000000 00:00 0 
7f097c000000-7f097c021000 rw-p 00000000 00:00 0 
7f097c021000-7f0980000000 ---p 00000000 00:00 0 
7f0980000000-7f0981e26000 rw-p 00000000 00:00 0 
7f0981e26000-7f0984000000 ---p 00000000 00:00 0 
7f0984000000-7f0984021000 rw-p 00000000 00:00 0 
7f0984021000-7f0988000000 ---p 00000000 00:00 0 
7f0988000000-7f0988021000 rw-p 00000000 00:00 0 
7f0988021000-7f098c000000 ---p 00000000 00:00 0 
7f098c000000-7f098c11f000 rw-p 00000000 00:00 0 
7f098c11f000-7f0990000000 ---p 00000000 00:00 0 
7f0990000000-7f0990480000 rw-p 00000000 00:00 0 
7f0990480000-7f0994000000 ---p 00000000 00:00 0 
7f0994000000-7f0994030000 rw-p 00000000 00:00 0 
7f0994030000-7f0998000000 ---p 00000000 00:00 0 
7f0998000000-7f0998073000 rw-p 00000000 00:00 0 
7f0998073000-7f099c000000 ---p 00000000 00:00 0 
7f099c000000-7f099c02d000 rw-p 00000000 00:00 0 
7f099c02d000-7f09a0000000 ---p 00000000 00:00 0 
7f09a0000000-7f09a0005000 r--s 00048000 08:04 822931                     /home/robinson/.gradle/wrapper/dists/gradle-3.3-all/55gk2rcmfc6p2dg9u9ohc3hw9/gradle-3.3/lib/dom4j-1.6.1.jar
7f09a0005000-7f09a019b000 r--s 0157e000 08:04 822898                     /home/robinson/.gradle/wrapper/dists/gradle-3.3-all/55gk2rcmfc6p2dg9u9ohc3hw9/gradle-3.3/lib/kotlin-compiler-embeddable-1.1-M02.jar
7f09a019b000-7f09a01a3000 r--s 0004e000 08:04 822897                     /home/robinson/.gradle/wrapper/dists/gradle-3.3-all/55gk2rcmfc6p2dg9u9ohc3hw9/gradle-3.3/lib/gradle-script-kotlin-0.5.1.jar
7f09a01a3000-7f09a01a6000 r--s 0000b000 08:04 822928                     /home/robinson/.gradle/wrapper/dists/gradle-3.3-all/55gk2rcmfc6p2dg9u9ohc3hw9/gradle-3.3/lib/gradle-resources-3.3.jar
7f09a01a6000-7f09a01a8000 r--s 00003000 08:04 822937                     /home/robinson/.gradle/wrapper/dists/gradle-3.3-all/55gk2rcmfc6p2dg9u9ohc3hw9/gradle-3.3/lib/jcl-over-slf4j-1.7.10.jar
7f09a01a8000-7f09a01a9000 r--s 00005000 08:04 822936                     /home/robinson/.gradle/wrapper/dists/gradle-3.3-all/55gk2rcmfc6p2dg9u9ohc3hw9/gradle-3.3/lib/log4j-over-slf4j-1.7.10.jar
7f09a01a9000-7f09a01ab000 r--s 00000000 08:04 822935                     /home/robinson/.gradle/wrapper/dists/gradle-3.3-all/55gk2rcmfc6p2dg9u9ohc3hw9/gradle-3.3/lib/jul-to-slf4j-1.7.10.jar
7f09a01ab000-7f09a01b0000 r--s 0001e000 08:04 822912                     /home/robinson/.gradle/wrapper/dists/gradle-3.3-all/55gk2rcmfc6p2dg9u9ohc3hw9/gradle-3.3/lib/gradle-logging-3.3.jar
7f09a01b0000-7f09a01b2000 r--s 00007000 08:04 822956                     /home/robinson/.gradle/wrapper/dists/gradle-3.3-all/55gk2rcmfc6p2dg9u9ohc3hw9/gradle-3.3/lib/objenesis-1.2.jar
7f09a01b2000-7f09a01b4000 r--s 00000000 08:04 822955                     /home/robinson/.gradle/wrapper/dists/gradle-3.3-all/55gk2rcmfc6p2dg9u9ohc3hw9/gradle-3.3/lib/minlog-1.2.jar
7f09a01b4000-7f09a01b6000 r--s 0000f000 08:04 822954                     /home/robinson/.gradle/wrapper/dists/gradle-3.3-all/55gk2rcmfc6p2dg9u9ohc3hw9/gradle-3.3/lib/reflectasm-1.07-shaded.jar
7f09a01b6000-7f09a01ba000 r--s 00026000 08:04 822939                     /home/robinson/.gradle/wrapper/dists/gradle-3.3-all/55gk2rcmfc6p2dg9u9ohc3hw9/gradle-3.3/lib/kryo-2.20.jar
7f09a01ba000-7f09a01c0000 r--s 00027000 08:04 822927                     /home/robinson/.gradle/wrapper/dists/gradle-3.3-all/55gk2rcmfc6p2dg9u9ohc3hw9/gradle-3.3/lib/gradle-messaging-3.3.jar
7f09a01c0000-7f09a01c1000 r--s 00001000 08:04 822953                     /home/robinson/.gradle/wrapper/dists/gradle-3.3-all/55gk2rcmfc6p2dg9u9ohc3hw9/gradle-3.3/lib/native-platform-linux-i386-ncurses6-0.12.jar
7f09a01c1000-7f09a01c2000 r--s 00001000 08:04 822952                     /home/robinson/.gradle/wrapper/dists/gradle-3.3-all/55gk2rcmfc6p2dg9u9ohc3hw9/gradle-3.3/lib/native-platform-linux-i386-ncurses5-0.12.jar
7f09a01c2000-7f09a01c3000 r--s 00001000 08:04 822951                     /home/robinson/.gradle/wrapper/dists/gradle-3.3-all/55gk2rcmfc6p2dg9u9ohc3hw9/gradle-3.3/lib/native-platform-linux-amd64-ncurses6-0.12.jar
7f09a01c3000-7f09a01c4000 r--s 00001000 08:04 822950                     /home/robinson/.gradle/wrapper/dists/gradle-3.3-all/55gk2rcmfc6p2dg9u9ohc3hw9/gradle-3.3/lib/native-platform-linux-amd64-ncurses5-0.12.jar
7f09a01c4000-7f09a01c5000 r--s 0000b000 08:04 822949                     /home/robinson/.gradle/wrapper/dists/gradle-3.3-all/55gk2rcmfc6p2dg9u9ohc3hw9/gradle-3.3/lib/native-platform-windows-i386-0.12.jar
7f09a01c5000-7f09a01c7000 r--s 0000b000 08:04 822948                     /home/robinson/.gradle/wrapper/dists/gradle-3.3-all/55gk2rcmfc6p2dg9u9ohc3hw9/gradle-3.3/lib/native-platform-windows-amd64-0.12.jar
7f09a01c7000-7f09a01c9000 r--s 00002000 08:04 822947                     /home/robinson/.gradle/wrapper/dists/gradle-3.3-all/55gk2rcmfc6p2dg9u9ohc3hw9/gradle-3.3/lib/native-platform-osx-i386-0.12.jar
7f09a01c9000-7f09a01ca000 r--s 00002000 08:04 822946                     /home/robinson/.gradle/wrapper/dists/gradle-3.3-all/55gk2rcmfc6p2dg9u9ohc3hw9/gradle-3.3/lib/native-platform-osx-amd64-0.12.jar
7f09a01ca000-7f09a01cb000 r--s 00002000 08:04 822945                     /home/robinson/.gradle/wrapper/dists/gradle-3.3-all/55gk2rcmfc6p2dg9u9ohc3hw9/gradle-3.3/lib/native-platform-linux-i386-0.12.jar
7f09a01cb000-7f09a01cc000 r--s 00002000 08:04 822944                     /home/robinson/.gradle/wrapper/dists/gradle-3.3-all/55gk2rcmfc6p2dg9u9ohc3hw9/gradle-3.3/lib/native-platform-linux-amd64-0.12.jar
7f09a01cc000-7f09a01cd000 r--s 00003000 08:04 822943                     /home/robinson/.gradle/wrapper/dists/gradle-3.3-all/55gk2rcmfc6p2dg9u9ohc3hw9/gradle-3.3/lib/native-platform-freebsd-i386-libstdcpp-0.12.jar
7f09a01cd000-7f09a01ce000 r--s 00004000 08:04 822942                     /home/robinson/.gradle/wrapper/dists/gradle-3.3-all/55gk2rcmfc6p2dg9u9ohc3hw9/gradle-3.3/lib/native-platform-freebsd-i386-libcpp-0.12.jar
7f09a01ce000-7f09a01d0000 r--s 00003000 08:04 822941                     /home/robinson/.gradle/wrapper/dists/gradle-3.3-all/55gk2rcmfc6p2dg9u9ohc3hw9/gradle-3.3/lib/native-platform-freebsd-amd64-libstdcpp-0.12.jar
7f09a01d0000-7f09a01d3000 r--s 00023000 08:04 822934                     /home/robinson/.gradle/wrapper/dists/gradle-3.3-all/55gk2rcmfc6p2dg9u9ohc3hw9/gradle-3.3/lib/jansi-1.14.jar
7f09a01d3000-7f09a01d7000 r--s 00011000 08:04 822933                     /home/robinson/.gradle/wrapper/dists/gradle-3.3-all/55gk2rcmfc6p2dg9u9ohc3hw9/gradle-3.3/lib/native-platform-0.12.jar
7f09a01d7000-7f09a01da000 r--s 0000a000 08:04 822911                     /home/robinson/.gradle/wrapper/dists/gradle-3.3-all/55gk2rcmfc6p2dg9u9ohc3hw9/gradle-3.3/lib/gradle-native-3.3.jar
7f09a01da000-7f09a01e9000 r--s 0007f000 08:04 822918                     /home/robinson/.gradle/wrapper/dists/gradle-3.3-all/55gk2rcmfc6p2dg9u9ohc3hw9/gradle-3.3/lib/gradle-model-core-3.3.jar
7f09a01e9000-7f09a0259000 r--s 00641000 08:04 822917                     /home/robinson/.gradle/wrapper/dists/gradle-3.3-all/55gk2rcmfc6p2dg9u9ohc3hw9/gradle-3.3/lib/groovy-all-2.4.7.jar
7f09a0259000-7f09a0281000 r--s 001cf000 08:04 822914                     /home/robinson/.gradle/wrapper/dists/gradle-3.3-all/55gk2rcmfc6p2dg9u9ohc3hw9/gradle-3.3/lib/guava-jdk5-17.0.jar
7f09a0281000-7f09a02a0000 r--s 001d1000 08:04 822921                     /home/robinson/.gradle/wrapper/dists/gradle-3.3-all/55gk2rcmfc6p2dg9u9ohc3hw9/gradle-3.3/lib/ant-1.9.6.jar
7f09a02a0000-7f09a02dd000 r--s 001f8000 08:04 822907                     /home/robinson/.gradle/wrapper/dists/gradle-3.3-all/55gk2rcmfc6p2dg9u9ohc3hw9/gradle-3.3/lib/gradle-core-3.3.jar
7f09a02dd000-7f09a02de000 ---p 00000000 00:00 0 
7f09a02de000-7f09a03de000 rw-p 00000000 00:00 0 
7f09a03de000-7f09a03e1000 ---p 00000000 00:00 0 
7f09a03e1000-7f09a04df000 rw-p 00000000 00:00 0 
7f09a04df000-7f09a04e2000 ---p 00000000 00:00 0 
7f09a04e2000-7f09a05e0000 rw-p 00000000 00:00 0 
7f09a05e0000-7f09a05e3000 ---p 00000000 00:00 0 
7f09a05e3000-7f09a06e1000 rw-p 00000000 00:00 0 
7f09a06e1000-7f09a06e4000 ---p 00000000 00:00 0 
7f09a06e4000-7f09a07e2000 rw-p 00000000 00:00 0 
7f09a07e2000-7f09a07e5000 ---p 00000000 00:00 0 
7f09a07e5000-7f09a08e3000 rw-p 00000000 00:00 0 
7f09a08e3000-7f09a0bbc000 r--p 00000000 08:04 2499643                    /usr/lib/locale/locale-archive
7f09a0bbc000-7f09a0bbf000 ---p 00000000 00:00 0 
7f09a0bbf000-7f09a0cbd000 rw-p 00000000 00:00 0 
7f09a0cbd000-7f09a0cc0000 ---p 00000000 00:00 0 
7f09a0cc0000-7f09a0dbe000 rw-p 00000000 00:00 0 
7f09a0dbe000-7f09a0dbf000 ---p 00000000 00:00 0 
7f09a0dbf000-7f09a1e31000 rw-p 00000000 00:00 0 
7f09a1e31000-7f09a2000000 r--s 03c1b000 08:04 1059415                    /home/robinson/.local/share/umake/android/android-studio/jre/jre/lib/rt.jar
7f09a2000000-7f09a5000000 rw-p 00000000 00:00 0 
7f09a5000000-7f09a8ad0000 rwxp 00000000 00:00 0 
7f09a8ad0000-7f09b4000000 ---p 00000000 00:00 0 
7f09b4000000-7f09b4cb9000 rw-p 00000000 00:00 0 
7f09b4cb9000-7f09b8000000 ---p 00000000 00:00 0 
7f09b8000000-7f09b8001000 r--s 00004000 08:04 822940                     /home/robinson/.gradle/wrapper/dists/gradle-3.3-all/55gk2rcmfc6p2dg9u9ohc3hw9/gradle-3.3/lib/native-platform-freebsd-amd64-libcpp-0.12.jar
7f09b8001000-7f09b8003000 r--s 00005000 08:04 822908                     /home/robinson/.gradle/wrapper/dists/gradle-3.3-all/55gk2rcmfc6p2dg9u9ohc3hw9/gradle-3.3/lib/gradle-cli-3.3.jar
7f09b8003000-7f09b8005000 r--s 00007000 08:04 822919                     /home/robinson/.gradle/wrapper/dists/gradle-3.3-all/55gk2rcmfc6p2dg9u9ohc3hw9/gradle-3.3/lib/gradle-model-groovy-3.3.jar
7f09b8005000-7f09b8007000 r--s 00006000 08:04 822926                     /home/robinson/.gradle/wrapper/dists/gradle-3.3-all/55gk2rcmfc6p2dg9u9ohc3hw9/gradle-3.3/lib/gradle-base-services-groovy-3.3.jar
7f09b8007000-7f09b8008000 r--s 00002000 08:04 822929                     /home/robinson/.gradle/wrapper/dists/gradle-3.3-all/55gk2rcmfc6p2dg9u9ohc3hw9/gradle-3.3/lib/gradle-docs-3.3.jar
7f09b8008000-7f09b8015000 r--s 00083000 08:04 822922                     /home/robinson/.gradle/wrapper/dists/gradle-3.3-all/55gk2rcmfc6p2dg9u9ohc3hw9/gradle-3.3/lib/commons-collections-3.2.2.jar
7f09b8015000-7f09b8bfa000 rw-p 00000000 00:00 0 
7f09b8bfa000-7f09b8bfb000 ---p 00000000 00:00 0 
7f09b8bfb000-7f09b8cfb000 rw-p 00000000 00:00 0 
7f09b8cfb000-7f09b8cfc000 ---p 00000000 00:00 0 
7f09b8cfc000-7f09b8dfc000 rw-p 00000000 00:00 0 
7f09b8dfc000-7f09b8dfd000 ---p 00000000 00:00 0 
7f09b8dfd000-7f09b8efd000 rw-p 00000000 00:00 0 
7f09b8efd000-7f09b8efe000 ---p 00000000 00:00 0 
7f09b8efe000-7f09b9140000 rw-p 00000000 00:00 0 
7f09b9140000-7f09b91fe000 ---p 00000000 00:00 0 
7f09b91fe000-7f09b9340000 rw-p 00000000 00:00 0 
7f09b9340000-7f09b93fe000 ---p 00000000 00:00 0 
7f09b93fe000-7f09b94fe000 rw-p 00000000 00:00 0 
7f09b94fe000-7f09b95eb000 rw-p 00000000 00:00 0 
7f09b95eb000-7f09b98bf000 ---p 00000000 00:00 0 
7f09b98bf000-7f09b98d9000 r-xp 00000000 08:04 1059432                    /home/robinson/.local/share/umake/android/android-studio/jre/jre/lib/amd64/libzip.so
7f09b98d9000-7f09b9ad9000 ---p 0001a000 08:04 1059432                    /home/robinson/.local/share/umake/android/android-studio/jre/jre/lib/amd64/libzip.so
7f09b9ad9000-7f09b9ada000 r--p 0001a000 08:04 1059432                    /home/robinson/.local/share/umake/android/android-studio/jre/jre/lib/amd64/libzip.so
7f09b9ada000-7f09b9adb000 rw-p 0001b000 08:04 1059432                    /home/robinson/.local/share/umake/android/android-studio/jre/jre/lib/amd64/libzip.so
7f09b9adb000-7f09b9ae6000 r-xp 00000000 08:04 660827                     /lib/x86_64-linux-gnu/libnss_files-2.23.so
7f09b9ae6000-7f09b9ce5000 ---p 0000b000 08:04 660827                     /lib/x86_64-linux-gnu/libnss_files-2.23.so
7f09b9ce5000-7f09b9ce6000 r--p 0000a000 08:04 660827                     /lib/x86_64-linux-gnu/libnss_files-2.23.so
7f09b9ce6000-7f09b9ce7000 rw-p 0000b000 08:04 660827                     /lib/x86_64-linux-gnu/libnss_files-2.23.so
7f09b9ce7000-7f09b9ced000 rw-p 00000000 00:00 0 
7f09b9ced000-7f09b9cf8000 r-xp 00000000 08:04 660837                     /lib/x86_64-linux-gnu/libnss_nis-2.23.so
7f09b9cf8000-7f09b9ef7000 ---p 0000b000 08:04 660837                     /lib/x86_64-linux-gnu/libnss_nis-2.23.so
7f09b9ef7000-7f09b9ef8000 r--p 0000a000 08:04 660837                     /lib/x86_64-linux-gnu/libnss_nis-2.23.so
7f09b9ef8000-7f09b9ef9000 rw-p 0000b000 08:04 660837                     /lib/x86_64-linux-gnu/libnss_nis-2.23.so
7f09b9ef9000-7f09b9f0f000 r-xp 00000000 08:04 660821                     /lib/x86_64-linux-gnu/libnsl-2.23.so
7f09b9f0f000-7f09ba10e000 ---p 00016000 08:04 660821                     /lib/x86_64-linux-gnu/libnsl-2.23.so
7f09ba10e000-7f09ba10f000 r--p 00015000 08:04 660821                     /lib/x86_64-linux-gnu/libnsl-2.23.so
7f09ba10f000-7f09ba110000 rw-p 00016000 08:04 660821                     /lib/x86_64-linux-gnu/libnsl-2.23.so
7f09ba110000-7f09ba112000 rw-p 00000000 00:00 0 
7f09ba112000-7f09ba11a000 r-xp 00000000 08:04 660823                     /lib/x86_64-linux-gnu/libnss_compat-2.23.so
7f09ba11a000-7f09ba319000 ---p 00008000 08:04 660823                     /lib/x86_64-linux-gnu/libnss_compat-2.23.so
7f09ba319000-7f09ba31a000 r--p 00007000 08:04 660823                     /lib/x86_64-linux-gnu/libnss_compat-2.23.so
7f09ba31a000-7f09ba31b000 rw-p 00008000 08:04 660823                     /lib/x86_64-linux-gnu/libnss_compat-2.23.so
7f09ba31b000-7f09ba348000 r-xp 00000000 08:04 1059450                    /home/robinson/.local/share/umake/android/android-studio/jre/jre/lib/amd64/libjava.so
7f09ba348000-7f09ba547000 ---p 0002d000 08:04 1059450                    /home/robinson/.local/share/umake/android/android-studio/jre/jre/lib/amd64/libjava.so
7f09ba547000-7f09ba548000 r--p 0002c000 08:04 1059450                    /home/robinson/.local/share/umake/android/android-studio/jre/jre/lib/amd64/libjava.so
7f09ba548000-7f09ba54a000 rw-p 0002d000 08:04 1059450                    /home/robinson/.local/share/umake/android/android-studio/jre/jre/lib/amd64/libjava.so
7f09ba54a000-7f09ba55a000 r-xp 00000000 08:04 1059421                    /home/robinson/.local/share/umake/android/android-studio/jre/jre/lib/amd64/libverify.so
7f09ba55a000-7f09ba759000 ---p 00010000 08:04 1059421                    /home/robinson/.local/share/umake/android/android-studio/jre/jre/lib/amd64/libverify.so
7f09ba759000-7f09ba75b000 r--p 0000f000 08:04 1059421                    /home/robinson/.local/share/umake/android/android-studio/jre/jre/lib/amd64/libverify.so
7f09ba75b000-7f09ba75c000 rw-p 00011000 08:04 1059421                    /home/robinson/.local/share/umake/android/android-studio/jre/jre/lib/amd64/libverify.so
7f09ba75c000-7f09ba763000 r-xp 00000000 08:04 660882                     /lib/x86_64-linux-gnu/librt-2.23.so
7f09ba763000-7f09ba962000 ---p 00007000 08:04 660882                     /lib/x86_64-linux-gnu/librt-2.23.so
7f09ba962000-7f09ba963000 r--p 00006000 08:04 660882                     /lib/x86_64-linux-gnu/librt-2.23.so
7f09ba963000-7f09ba964000 rw-p 00007000 08:04 660882                     /lib/x86_64-linux-gnu/librt-2.23.so
7f09ba964000-7f09baa6c000 r-xp 00000000 08:04 660798                     /lib/x86_64-linux-gnu/libm-2.23.so
7f09baa6c000-7f09bac6b000 ---p 00108000 08:04 660798                     /lib/x86_64-linux-gnu/libm-2.23.so
7f09bac6b000-7f09bac6c000 r--p 00107000 08:04 660798                     /lib/x86_64-linux-gnu/libm-2.23.so
7f09bac6c000-7f09bac6d000 rw-p 00108000 08:04 660798                     /lib/x86_64-linux-gnu/libm-2.23.so
7f09bac6d000-7f09bb85e000 r-xp 00000000 08:04 1059430                    /home/robinson/.local/share/umake/android/android-studio/jre/jre/lib/amd64/server/libjvm.so
7f09bb85e000-7f09bba5e000 ---p 00bf1000 08:04 1059430                    /home/robinson/.local/share/umake/android/android-studio/jre/jre/lib/amd64/server/libjvm.so
7f09bba5e000-7f09bbafd000 r--p 00bf1000 08:04 1059430                    /home/robinson/.local/share/umake/android/android-studio/jre/jre/lib/amd64/server/libjvm.so
7f09bbafd000-7f09bbb26000 rw-p 00c90000 08:04 1059430                    /home/robinson/.local/share/umake/android/android-studio/jre/jre/lib/amd64/server/libjvm.so
7f09bbb26000-7f09bbb6a000 rw-p 00000000 00:00 0 
7f09bbb6a000-7f09bbb82000 r-xp 00000000 08:04 660874                     /lib/x86_64-linux-gnu/libpthread-2.23.so
7f09bbb82000-7f09bbd81000 ---p 00018000 08:04 660874                     /lib/x86_64-linux-gnu/libpthread-2.23.so
7f09bbd81000-7f09bbd82000 r--p 00017000 08:04 660874                     /lib/x86_64-linux-gnu/libpthread-2.23.so
7f09bbd82000-7f09bbd83000 rw-p 00018000 08:04 660874                     /lib/x86_64-linux-gnu/libpthread-2.23.so
7f09bbd83000-7f09bbd87000 rw-p 00000000 00:00 0 
7f09bbd87000-7f09bbd8a000 r-xp 00000000 08:04 660752                     /lib/x86_64-linux-gnu/libdl-2.23.so
7f09bbd8a000-7f09bbf89000 ---p 00003000 08:04 660752                     /lib/x86_64-linux-gnu/libdl-2.23.so
7f09bbf89000-7f09bbf8a000 r--p 00002000 08:04 660752                     /lib/x86_64-linux-gnu/libdl-2.23.so
7f09bbf8a000-7f09bbf8b000 rw-p 00003000 08:04 660752                     /lib/x86_64-linux-gnu/libdl-2.23.so
7f09bbf8b000-7f09bc14a000 r-xp 00000000 08:04 660728                     /lib/x86_64-linux-gnu/libc-2.23.so
7f09bc14a000-7f09bc34a000 ---p 001bf000 08:04 660728                     /lib/x86_64-linux-gnu/libc-2.23.so
7f09bc34a000-7f09bc34e000 r--p 001bf000 08:04 660728                     /lib/x86_64-linux-gnu/libc-2.23.so
7f09bc34e000-7f09bc350000 rw-p 001c3000 08:04 660728                     /lib/x86_64-linux-gnu/libc-2.23.so
7f09bc350000-7f09bc354000 rw-p 00000000 00:00 0 
7f09bc354000-7f09bc36a000 r-xp 00000000 08:04 1059372                    /home/robinson/.local/share/umake/android/android-studio/jre/lib/amd64/jli/libjli.so
7f09bc36a000-7f09bc569000 ---p 00016000 08:04 1059372                    /home/robinson/.local/share/umake/android/android-studio/jre/lib/amd64/jli/libjli.so
7f09bc569000-7f09bc56a000 r--p 00015000 08:04 1059372                    /home/robinson/.local/share/umake/android/android-studio/jre/lib/amd64/jli/libjli.so
7f09bc56a000-7f09bc56b000 rw-p 00016000 08:04 1059372                    /home/robinson/.local/share/umake/android/android-studio/jre/lib/amd64/jli/libjli.so
7f09bc56b000-7f09bc591000 r-xp 00000000 08:04 660700                     /lib/x86_64-linux-gnu/ld-2.23.so
7f09bc591000-7f09bc592000 r--s 00000000 08:04 822925                     /home/robinson/.gradle/wrapper/dists/gradle-3.3-all/55gk2rcmfc6p2dg9u9ohc3hw9/gradle-3.3/lib/javax.inject-1.jar
7f09bc592000-7f09bc593000 r--s 00000000 08:04 822924                     /home/robinson/.gradle/wrapper/dists/gradle-3.3-all/55gk2rcmfc6p2dg9u9ohc3hw9/gradle-3.3/lib/jcip-annotations-1.0.jar
7f09bc593000-7f09bc597000 r--s 00027000 08:04 822923                     /home/robinson/.gradle/wrapper/dists/gradle-3.3-all/55gk2rcmfc6p2dg9u9ohc3hw9/gradle-3.3/lib/commons-io-2.2.jar
7f09bc597000-7f09bc59c000 r--s 00038000 08:04 822920                     /home/robinson/.gradle/wrapper/dists/gradle-3.3-all/55gk2rcmfc6p2dg9u9ohc3hw9/gradle-3.3/lib/asm-all-5.1.jar
7f09bc59c000-7f09bc59d000 r--s 00001000 08:04 822916                     /home/robinson/.gradle/wrapper/dists/gradle-3.3-all/55gk2rcmfc6p2dg9u9ohc3hw9/gradle-3.3/lib/gradle-process-services-3.3.jar
7f09bc59d000-7f09bc59f000 r--s 00000000 08:04 822906                     /home/robinson/.gradle/wrapper/dists/gradle-3.3-all/55gk2rcmfc6p2dg9u9ohc3hw9/gradle-3.3/lib/gradle-jvm-services-3.3.jar
7f09bc59f000-7f09bc5a0000 r--s 00000000 08:04 823071                     /home/robinson/.gradle/wrapper/dists/gradle-3.3-all/55gk2rcmfc6p2dg9u9ohc3hw9/gradle-3.3/lib/gradle-version-info-3.3.jar
7f09bc5a0000-7f09bc5a5000 r--s 00041000 08:04 822915                     /home/robinson/.gradle/wrapper/dists/gradle-3.3-all/55gk2rcmfc6p2dg9u9ohc3hw9/gradle-3.3/lib/commons-lang-2.6.jar
7f09bc5a5000-7f09bc667000 rw-p 00000000 00:00 0 
7f09bc667000-7f09bc66a000 ---p 00000000 00:00 0 
7f09bc66a000-7f09bc76c000 rw-p 00000000 00:00 0 
7f09bc76c000-7f09bc76d000 r--s 00007000 08:04 822913                     /home/robinson/.gradle/wrapper/dists/gradle-3.3-all/55gk2rcmfc6p2dg9u9ohc3hw9/gradle-3.3/lib/slf4j-api-1.7.10.jar
7f09bc76d000-7f09bc76e000 r--s 00004000 08:04 822938                     /home/robinson/.gradle/wrapper/dists/gradle-3.3-all/55gk2rcmfc6p2dg9u9ohc3hw9/gradle-3.3/lib/ant-launcher-1.9.6.jar
7f09bc76e000-7f09bc777000 r--s 00042000 08:04 822905                     /home/robinson/.gradle/wrapper/dists/gradle-3.3-all/55gk2rcmfc6p2dg9u9ohc3hw9/gradle-3.3/lib/gradle-base-services-3.3.jar
7f09bc777000-7f09bc784000 r--s 0005c000 08:04 822902                     /home/robinson/.gradle/wrapper/dists/gradle-3.3-all/55gk2rcmfc6p2dg9u9ohc3hw9/gradle-3.3/lib/gradle-launcher-3.3.jar
7f09bc784000-7f09bc78c000 rw-s 00000000 08:04 1717114                    /tmp/hsperfdata_robinson/4112
7f09bc78c000-7f09bc78d000 rw-p 00000000 00:00 0 
7f09bc78d000-7f09bc78e000 ---p 00000000 00:00 0 
7f09bc78e000-7f09bc790000 rw-p 00000000 00:00 0 
7f09bc790000-7f09bc791000 r--p 00025000 08:04 660700                     /lib/x86_64-linux-gnu/ld-2.23.so
7f09bc791000-7f09bc792000 rw-p 00026000 08:04 660700                     /lib/x86_64-linux-gnu/ld-2.23.so
7f09bc792000-7f09bc793000 rw-p 00000000 00:00 0 
7ffc025b9000-7ffc025da000 rw-p 00000000 00:00 0                          [stack]
7ffc025ed000-7ffc025ef000 r--p 00000000 00:00 0                          [vvar]
7ffc025ef000-7ffc025f1000 r-xp 00000000 00:00 0                          [vdso]
ffffffffff600000-ffffffffff601000 r-xp 00000000 00:00 0                  [vsyscall]

VM Arguments:
jvm_args: -Xmx1536m -Dfile.encoding=UTF-8 -Duser.country=US -Duser.language=en -Duser.variant 
java_command: org.gradle.launcher.daemon.bootstrap.GradleDaemon 3.3
java_class_path (initial): /home/robinson/.gradle/wrapper/dists/gradle-3.3-all/55gk2rcmfc6p2dg9u9ohc3hw9/gradle-3.3/lib/gradle-launcher-3.3.jar
Launcher Type: SUN_STANDARD

Environment Variables:
PATH=/home/robinson/.local/share/umake/bin:/home/robinson/bin:/home/robinson/.local/bin:/usr/local/sbin:/usr/local/bin:/usr/sbin:/usr/bin:/sbin:/bin:/usr/games:/usr/local/games
USERNAME=robinson
LD_LIBRARY_PATH=/home/robinson/.local/share/umake/android/android-studio/bin:
SHELL=/bin/bash
DISPLAY=:0

Signal Handlers:
SIGSEGV: [libjvm.so+0x9e5150], sa_mask[0]=11111111011111111101111111111110, sa_flags=SA_RESTART|SA_SIGINFO
SIGBUS: [libjvm.so+0x9e5150], sa_mask[0]=11111111011111111101111111111110, sa_flags=SA_RESTART|SA_SIGINFO
SIGFPE: [libjvm.so+0x848450], sa_mask[0]=11111111011111111101111111111110, sa_flags=SA_RESTART|SA_SIGINFO
SIGPIPE: [libjvm.so+0x848450], sa_mask[0]=11111111011111111101111111111110, sa_flags=SA_RESTART|SA_SIGINFO
SIGXFSZ: [libjvm.so+0x848450], sa_mask[0]=11111111011111111101111111111110, sa_flags=SA_RESTART|SA_SIGINFO
SIGILL: [libjvm.so+0x848450], sa_mask[0]=11111111011111111101111111111110, sa_flags=SA_RESTART|SA_SIGINFO
SIGUSR1: SIG_DFL, sa_mask[0]=00000000000000000000000000000000, sa_flags=none
SIGUSR2: [libjvm.so+0x848320], sa_mask[0]=00100000000000000000000000000000, sa_flags=SA_RESTART|SA_SIGINFO
SIGHUP: [libjvm.so+0x848510], sa_mask[0]=11111111011111111101111111111110, sa_flags=SA_RESTART|SA_SIGINFO
SIGINT: [libjvm.so+0x848510], sa_mask[0]=11111111011111111101111111111110, sa_flags=SA_RESTART|SA_SIGINFO
SIGTERM: [libjvm.so+0x848510], sa_mask[0]=11111111011111111101111111111110, sa_flags=SA_RESTART|SA_SIGINFO
SIGQUIT: [libjvm.so+0x848510], sa_mask[0]=11111111011111111101111111111110, sa_flags=SA_RESTART|SA_SIGINFO


---------------  S Y S T E M  ---------------

OS:DISTRIB_ID=LinuxMint
DISTRIB_RELEASE=18.1
DISTRIB_CODENAME=serena
DISTRIB_DESCRIPTION="Linux Mint 18.1 Serena"

uname:Linux 4.4.0-53-generic #74-Ubuntu SMP Fri Dec 2 15:59:10 UTC 2016 x86_64
libc:glibc 2.23 NPTL 2.23 
rlimit: STACK 8192k, CORE 0k, NPROC 14372, NOFILE 65536, AS infinity
load average:2,91 1,26 0,70

/proc/meminfo:
MemTotal:        3788076 kB
MemFree:          102664 kB
MemAvailable:      41088 kB
Buffers:            6596 kB
Cached:            91472 kB
SwapCached:            0 kB
Active:          3483916 kB
Inactive:          64368 kB
Active(anon):    3451520 kB
Inactive(anon):    31012 kB
Active(file):      32396 kB
Inactive(file):    33356 kB
Unevictable:          16 kB
Mlocked:              16 kB
SwapTotal:             0 kB
SwapFree:              0 kB
Dirty:               248 kB
Writeback:             0 kB
AnonPages:       3450352 kB
Mapped:            64692 kB
Shmem:             32196 kB
Slab:              73284 kB
SReclaimable:      46048 kB
SUnreclaim:        27236 kB
KernelStack:        8448 kB
PageTables:        25004 kB
NFS_Unstable:          0 kB
Bounce:                0 kB
WritebackTmp:          0 kB
CommitLimit:     1894036 kB
Committed_AS:    5215252 kB
VmallocTotal:   34359738367 kB
VmallocUsed:           0 kB
VmallocChunk:          0 kB
HardwareCorrupted:     0 kB
AnonHugePages:   1697792 kB
CmaTotal:              0 kB
CmaFree:               0 kB
HugePages_Total:       0
HugePages_Free:        0
HugePages_Rsvd:        0
HugePages_Surp:        0
Hugepagesize:       2048 kB
DirectMap4k:      120384 kB
DirectMap2M:     2762752 kB
DirectMap1G:     1048576 kB


CPU:total 4 (4 cores per cpu, 1 threads per core) family 16 model 5 stepping 2, cmov, cx8, fxsr, mmx, sse, sse2, sse3, popcnt, mmxext, 3dnowpref, lzcnt, sse4a, tsc, tscinvbit, tscinv

/proc/cpuinfo:
processor	: 0
vendor_id	: AuthenticAMD
cpu family	: 16
model		: 5
model name	: AMD Athlon(tm) II X4 620 Processor
stepping	: 2
microcode	: 0x1000086
cpu MHz		: 800.000
cache size	: 512 KB
physical id	: 0
siblings	: 4
core id		: 0
cpu cores	: 4
apicid		: 0
initial apicid	: 0
fpu		: yes
fpu_exception	: yes
cpuid level	: 5
wp		: yes
flags		: fpu vme de pse tsc msr pae mce cx8 apic sep mtrr pge mca cmov pat pse36 clflush mmx fxsr sse sse2 ht syscall nx mmxext fxsr_opt pdpe1gb rdtscp lm 3dnowext 3dnow constant_tsc rep_good nopl nonstop_tsc extd_apicid pni monitor cx16 popcnt lahf_lm cmp_legacy svm extapic cr8_legacy abm sse4a misalignsse 3dnowprefetch osvw ibs skinit wdt hw_pstate vmmcall npt lbrv svm_lock nrip_save
bugs		: tlb_mmatch fxsave_leak sysret_ss_attrs
bogomips	: 5222.71
TLB size	: 1024 4K pages
clflush size	: 64
cache_alignment	: 64
address sizes	: 48 bits physical, 48 bits virtual
power management: ts ttp tm stc 100mhzsteps hwpstate

processor	: 1
vendor_id	: AuthenticAMD
cpu family	: 16
model		: 5
model name	: AMD Athlon(tm) II X4 620 Processor
stepping	: 2
microcode	: 0x1000086
cpu MHz		: 800.000
cache size	: 512 KB
physical id	: 0
siblings	: 4
core id		: 1
cpu cores	: 4
apicid		: 1
initial apicid	: 1
fpu		: yes
fpu_exception	: yes
cpuid level	: 5
wp		: yes
flags		: fpu vme de pse tsc msr pae mce cx8 apic sep mtrr pge mca cmov pat pse36 clflush mmx fxsr sse sse2 ht syscall nx mmxext fxsr_opt pdpe1gb rdtscp lm 3dnowext 3dnow constant_tsc rep_good nopl nonstop_tsc extd_apicid pni monitor cx16 popcnt lahf_lm cmp_legacy svm extapic cr8_legacy abm sse4a misalignsse 3dnowprefetch osvw ibs skinit wdt hw_pstate vmmcall npt lbrv svm_lock nrip_save
bugs		: tlb_mmatch fxsave_leak sysret_ss_attrs
bogomips	: 5222.71
TLB size	: 1024 4K pages
clflush size	: 64
cache_alignment	: 64
address sizes	: 48 bits physical, 48 bits virtual
power management: ts ttp tm stc 100mhzsteps hwpstate

processor	: 2
vendor_id	: AuthenticAMD
cpu family	: 16
model		: 5
model name	: AMD Athlon(tm) II X4 620 Processor
stepping	: 2
microcode	: 0x1000086
cpu MHz		: 800.000
cache size	: 512 KB
physical id	: 0
siblings	: 4
core id		: 2
cpu cores	: 4
apicid		: 2
initial apicid	: 2
fpu		: yes
fpu_exception	: yes
cpuid level	: 5
wp		: yes
flags		: fpu vme de pse tsc msr pae mce cx8 apic sep mtrr pge mca cmov pat pse36 clflush mmx fxsr sse sse2 ht syscall nx mmxext fxsr_opt pdpe1gb rdtscp lm 3dnowext 3dnow constant_tsc rep_good nopl nonstop_tsc extd_apicid pni monitor cx16 popcnt lahf_lm cmp_legacy svm extapic cr8_legacy abm sse4a misalignsse 3dnowprefetch osvw ibs skinit wdt hw_pstate vmmcall npt lbrv svm_lock nrip_save
bugs		: tlb_mmatch fxsave_leak sysret_ss_attrs
bogomips	: 5222.71
TLB size	: 1024 4K pages
clflush size	: 64
cache_alignment	: 64
address sizes	: 48 bits physical, 48 bits virtual
power management: ts ttp tm stc 100mhzsteps hwpstate

processor	: 3
vendor_id	: AuthenticAMD
cpu family	: 16
model		: 5
model name	: AMD Athlon(tm) II X4 620 Processor
stepping	: 2
microcode	: 0x1000086
cpu MHz		: 1900.000
cache size	: 512 KB
physical id	: 0
siblings	: 4
core id		: 3
cpu cores	: 4
apicid		: 3
initial apicid	: 3
fpu		: yes
fpu_exception	: yes
cpuid level	: 5
wp		: yes
flags		: fpu vme de pse tsc msr pae mce cx8 apic sep mtrr pge mca cmov pat pse36 clflush mmx fxsr sse sse2 ht syscall nx mmxext fxsr_opt pdpe1gb rdtscp lm 3dnowext 3dnow constant_tsc rep_good nopl nonstop_tsc extd_apicid pni monitor cx16 popcnt lahf_lm cmp_legacy svm extapic cr8_legacy abm sse4a misalignsse 3dnowprefetch osvw ibs skinit wdt hw_pstate vmmcall npt lbrv svm_lock nrip_save
bugs		: tlb_mmatch fxsave_leak sysret_ss_attrs
bogomips	: 5222.71
TLB size	: 1024 4K pages
clflush size	: 64
cache_alignment	: 64
address sizes	: 48 bits physical, 48 bits virtual
power management: ts ttp tm stc 100mhzsteps hwpstate



Memory: 4k page, physical 3788076k(102664k free), swap 0k(0k free)

vm_info: OpenJDK 64-Bit Server VM (25.112-b06) for linux-amd64 JRE (1.8.0_112-release-b06), built on Dec  6 2016 12:11:18 by "builder" with gcc 4.8.4

time: Mon Apr  3 14:43:19 2017
elapsed time: 13366 seconds (0d 3h 42m 46s)

