#
# There is insufficient memory for the Java Runtime Environment to continue.
# Native memory allocation (mmap) failed to map 264765440 bytes for committing reserved memory.
# Possible reasons:
#   The system is out of physical RAM or swap space
#   In 32 bit mode, the process size limit was hit
# Possible solutions:
#   Reduce memory load on the system
#   Increase physical memory or swap space
#   Check if swap backing store is full
#   Use 64 bit Java on a 64 bit OS
#   Decrease Java heap size (-Xmx/-Xms)
#   Decrease number of Java threads
#   Decrease Java thread stack sizes (-Xss)
#   Set larger code cache with -XX:ReservedCodeCacheSize=
# This output file may be truncated or incomplete.
#
#  Out of Memory Error (os_linux.cpp:2627), pid=3510, tid=0x00007f5fc69f1700
#
# JRE version: OpenJDK Runtime Environment (8.0_112-b06) (build 1.8.0_112-release-b06)
# Java VM: OpenJDK 64-Bit Server VM (25.112-b06 mixed mode linux-amd64 compressed oops)
# Failed to write core dump. Core dumps have been disabled. To enable core dumping, try "ulimit -c unlimited" before starting Java again
#

---------------  T H R E A D  ---------------

Current thread (0x00007f5fe0077800):  VMThread [stack: 0x00007f5fc68f1000,0x00007f5fc69f2000] [id=3518]

Stack: [0x00007f5fc68f1000,0x00007f5fc69f2000],  sp=0x00007f5fc69f04d0,  free space=1021k
Native frames: (J=compiled Java code, j=interpreted, Vv=VM code, C=native code)
V  [libjvm.so+0x9e465d]  VMError::report_and_die()+0x15d
V  [libjvm.so+0x4b6ada]  report_vm_out_of_memory(char const*, int, unsigned long, VMErrorType, char const*)+0x8a
V  [libjvm.so+0x84c860]  os::pd_commit_memory(char*, unsigned long, unsigned long, bool)+0xf0
V  [libjvm.so+0x84737f]  os::commit_memory(char*, unsigned long, unsigned long, bool)+0x1f
V  [libjvm.so+0x8bd3db]  PSVirtualSpace::expand_by(unsigned long)+0x5b
V  [libjvm.so+0x8ae1bb]  PSOldGen::expand_by(unsigned long) [clone .part.109]+0x1b
V  [libjvm.so+0x8ae37b]  PSOldGen::expand(unsigned long) [clone .part.111]+0xdb
V  [libjvm.so+0x8aec58]  PSOldGen::resize(unsigned long)+0x188
V  [libjvm.so+0x8b426c]  PSParallelCompact::invoke_no_policy(bool)+0x97c
V  [libjvm.so+0x8bb37d]  PSScavenge::invoke()+0x17d
V  [libjvm.so+0x86fcf3]  ParallelScavengeHeap::failed_mem_allocate(unsigned long)+0x63
V  [libjvm.so+0x9e6124]  VM_ParallelGCFailedAllocation::doit()+0x84
V  [libjvm.so+0x9ea537]  VM_Operation::evaluate()+0x47
V  [libjvm.so+0x9e8ff8]  VMThread::evaluate_operation(VM_Operation*)+0x2c8
V  [libjvm.so+0x9e9479]  VMThread::loop()+0x219
V  [libjvm.so+0x9e98c2]  VMThread::run()+0x72
V  [libjvm.so+0x849c82]  java_start(Thread*)+0xf2

VM_Operation (0x00007f5fbcfef0e0): ParallelGCFailedAllocation, mode: safepoint, requested by thread 0x00007f5f64062000


---------------  P R O C E S S  ---------------

Java Threads: ( => current thread )
  0x00007f5f64064000 JavaThread "pool-5-thread-4" [_thread_blocked, id=3555, stack(0x00007f5fbcdef000,0x00007f5fbcef0000)]
  0x00007f5f64062000 JavaThread "pool-5-thread-3" [_thread_blocked, id=3554, stack(0x00007f5fbcef0000,0x00007f5fbcff1000)]
  0x00007f5f64060800 JavaThread "pool-5-thread-2" [_thread_blocked, id=3553, stack(0x00007f5fbcff1000,0x00007f5fbd0f2000)]
  0x00007f5f6405e800 JavaThread "pool-6-thread-1" [_thread_blocked, id=3552, stack(0x00007f5fbd0f2000,0x00007f5fbd1f3000)]
  0x00007f5f6405d000 JavaThread "pool-5-thread-1" [_thread_blocked, id=3551, stack(0x00007f5fbd1f3000,0x00007f5fbd2f4000)]
  0x00007f5f7c49f000 JavaThread "pool-3-thread-1" [_thread_blocked, id=3550, stack(0x00007f5fbd3e8000,0x00007f5fbd4e9000)]
  0x00007f5f7ca2f000 JavaThread "Cache update executor" [_thread_blocked, id=3546, stack(0x00007f5fbd6e9000,0x00007f5fbd7ea000)]
  0x00007f5f7c29e000 JavaThread "File lock request listener" [_thread_in_native, id=3539, stack(0x00007f5fbef81000,0x00007f5fbf082000)]
  0x00007f5f7cbf0800 JavaThread "process reaper" daemon [_thread_blocked, id=3538, stack(0x00007f5fc4024000,0x00007f5fc405d000)]
  0x00007f5f7c007000 JavaThread "Stdin handler" [_thread_blocked, id=3536, stack(0x00007f5fbfafb000,0x00007f5fbfbfc000)]
  0x00007f5f7c006000 JavaThread "Asynchronous log dispatcher for DefaultDaemonConnection: socket connection from /127.0.0.1:35448 to /127.0.0.1:41438" [_thread_blocked, id=3533, stack(0x00007f5fbfbfc000,0x00007f5fbfcfd000)]
  0x00007f5f8c00a800 JavaThread "Daemon worker" [_thread_blocked, id=3532, stack(0x00007f5fbfcfd000,0x00007f5fbfdfe000)]
  0x00007f5f8c004000 JavaThread "Cancel handler" [_thread_blocked, id=3531, stack(0x00007f5fbfdfe000,0x00007f5fbfeff000)]
  0x00007f5fe0d5a000 JavaThread "pool-1-thread-1" [_thread_blocked, id=3530, stack(0x00007f5fbfeff000,0x00007f5fc0000000)]
  0x00007f5f8c005800 JavaThread "Handler for socket connection from /127.0.0.1:35448 to /127.0.0.1:41438" [_thread_in_native, id=3529, stack(0x00007f5fc425e000,0x00007f5fc435f000)]
  0x00007f5f88016000 JavaThread "Daemon" [_thread_blocked, id=3528, stack(0x00007f5fc435f000,0x00007f5fc4460000)]
  0x00007f5fe0cf6000 JavaThread "Incoming local TCP Connector on port 35448" [_thread_in_native, id=3527, stack(0x00007f5fc4667000,0x00007f5fc4768000)]
  0x00007f5fe00c0800 JavaThread "Service Thread" daemon [_thread_blocked, id=3525, stack(0x00007f5fc5f11000,0x00007f5fc6012000)]
  0x00007f5fe00bd800 JavaThread "C1 CompilerThread2" daemon [_thread_blocked, id=3524, stack(0x00007f5fc6012000,0x00007f5fc6113000)]
  0x00007f5fe00bc000 JavaThread "C2 CompilerThread1" daemon [_thread_blocked, id=3523, stack(0x00007f5fc6113000,0x00007f5fc6214000)]
  0x00007f5fe00b9000 JavaThread "C2 CompilerThread0" daemon [_thread_blocked, id=3522, stack(0x00007f5fc6214000,0x00007f5fc6315000)]
  0x00007f5fe00b7800 JavaThread "Signal Dispatcher" daemon [_thread_blocked, id=3521, stack(0x00007f5fc6315000,0x00007f5fc6416000)]
  0x00007f5fe0083800 JavaThread "Finalizer" daemon [_thread_blocked, id=3520, stack(0x00007f5fc66ef000,0x00007f5fc67f0000)]
  0x00007f5fe007f000 JavaThread "Reference Handler" daemon [_thread_blocked, id=3519, stack(0x00007f5fc67f0000,0x00007f5fc68f1000)]
  0x00007f5fe000a000 JavaThread "main" [_thread_blocked, id=3511, stack(0x00007f5fe61af000,0x00007f5fe62b0000)]

Other Threads:
=>0x00007f5fe0077800 VMThread [stack: 0x00007f5fc68f1000,0x00007f5fc69f2000] [id=3518]
  0x00007f5fe00c3000 WatcherThread [stack: 0x00007f5fc5e10000,0x00007f5fc5f11000] [id=3526]

VM state:at safepoint (normal execution)

VM Mutex/Monitor currently owned by a thread:  ([mutex/lock_event])
[0x00007f5fe0006000] ExpandHeap_lock - owner thread: 0x00007f5fe0077800
[0x00007f5fe0006680] Threads_lock - owner thread: 0x00007f5fe0077800
[0x00007f5fe0006b80] Heap_lock - owner thread: 0x00007f5f64062000

Heap:
 PSYoungGen      total 289280K, used 66938K [0x00000000e0000000, 0x0000000100000000, 0x0000000100000000)
  eden space 175104K, 0% used [0x00000000e0000000,0x00000000e0000000,0x00000000eab00000)
  from space 114176K, 58% used [0x00000000f9080000,0x00000000fd1deac8,0x0000000100000000)
  to   space 174592K, 0% used [0x00000000eab00000,0x00000000eab00000,0x00000000f5580000)
 ParOldGen       total 685568K, used 685125K [0x00000000a0000000, 0x00000000c9d80000, 0x00000000e0000000)
  object space 685568K, 99% used [0x00000000a0000000,0x00000000c9d117e0,0x00000000c9d80000)
 Metaspace       used 53781K, capacity 55400K, committed 55720K, reserved 1097728K
  class space    used 7110K, capacity 7478K, committed 7600K, reserved 1048576K

Card table byte_map: [0x00007f5fcfcb4000,0x00007f5fcffb5000] byte_map_base: 0x00007f5fcf7b4000

Marking Bits: (ParMarkBitMap*) 0x00007f5fe5683340
 Begin Bits: [0x00007f5fcc6b0000, 0x00007f5fcdeb0000)
 End Bits:   [0x00007f5fcdeb0000, 0x00007f5fcf6b0000)

Polling page: 0x00007f5fe62d5000

CodeCache: size=245760Kb used=31109Kb max_used=31226Kb free=214650Kb
 bounds [0x00007f5fd0375000, 0x00007f5fd2235000, 0x00007f5fdf375000]
 total_blobs=8803 nmethods=8052 adapters=665
 compilation: enabled

Compilation events (10 events):
Event: 53,463 Thread 0x00007f5fe00bd800 9671       3       com.android.dx.cf.code.Ropper::addOrReplaceBlock (66 bytes)
Event: 53,465 Thread 0x00007f5fe00bd800 nmethod 9671 0x00007f5fd0a369d0 code [0x00007f5fd0a36c20, 0x00007f5fd0a37b58]
Event: 53,602 Thread 0x00007f5fe00bd800 9675       2       com.android.dx.rop.code.RegisterSpecList::withoutFirst (62 bytes)
Event: 53,603 Thread 0x00007f5fe00bd800 nmethod 9675 0x00007f5fd06f1350 code [0x00007f5fd06f1520, 0x00007f5fd06f1b28]
Event: 53,604 Thread 0x00007f5fe00bd800 9676       2       com.android.dx.ssa.LiteralOpUpgrader::replacePlainInsn (131 bytes)
Event: 53,605 Thread 0x00007f5fe00bd800 nmethod 9676 0x00007f5fd0bc2910 code [0x00007f5fd0bc2b60, 0x00007f5fd0bc3418]
Event: 55,260 Thread 0x00007f5fe00b9000 nmethod 9666 0x00007f5fd2215790 code [0x00007f5fd22172e0, 0x00007f5fd2220388]
Event: 55,262 Thread 0x00007f5fe00b9000 9673       4       com.android.dx.ssa.back.LivenessAnalyzer::constructInterferenceGraph (47 bytes)
Event: 55,267 Thread 0x00007f5fe00bd800 9684       3       com.android.dx.ssa.back.InterferenceGraph::<init> (42 bytes)
Event: 55,269 Thread 0x00007f5fe00bd800 nmethod 9684 0x00007f5fd0c91a90 code [0x00007f5fd0c91cc0, 0x00007f5fd0c92a58]

GC Heap History (10 events):
Event: 48,364 GC heap after
Heap after GC invocations=31 (full 7):
 PSYoungGen      total 412672K, used 8448K [0x00000000e0000000, 0x0000000100000000, 0x0000000100000000)
  eden space 322560K, 0% used [0x00000000e0000000,0x00000000e0000000,0x00000000f3b00000)
  from space 90112K, 9% used [0x00000000fa800000,0x00000000fb040290,0x0000000100000000)
  to   space 100864K, 0% used [0x00000000f3b00000,0x00000000f3b00000,0x00000000f9d80000)
 ParOldGen       total 685568K, used 488908K [0x00000000a0000000, 0x00000000c9d80000, 0x00000000e0000000)
  object space 685568K, 71% used [0x00000000a0000000,0x00000000bdd73090,0x00000000c9d80000)
 Metaspace       used 53776K, capacity 55400K, committed 55720K, reserved 1097728K
  class space    used 7110K, capacity 7478K, committed 7600K, reserved 1048576K
}
Event: 49,559 GC heap before
{Heap before GC invocations=32 (full 7):
 PSYoungGen      total 412672K, used 331008K [0x00000000e0000000, 0x0000000100000000, 0x0000000100000000)
  eden space 322560K, 100% used [0x00000000e0000000,0x00000000f3b00000,0x00000000f3b00000)
  from space 90112K, 9% used [0x00000000fa800000,0x00000000fb040290,0x0000000100000000)
  to   space 100864K, 0% used [0x00000000f3b00000,0x00000000f3b00000,0x00000000f9d80000)
 ParOldGen       total 685568K, used 488908K [0x00000000a0000000, 0x00000000c9d80000, 0x00000000e0000000)
  object space 685568K, 71% used [0x00000000a0000000,0x00000000bdd73090,0x00000000c9d80000)
 Metaspace       used 53778K, capacity 55400K, committed 55720K, reserved 1097728K
  class space    used 7110K, capacity 7478K, committed 7600K, reserved 1048576K
Event: 49,795 GC heap after
Heap after GC invocations=32 (full 7):
 PSYoungGen      total 423424K, used 55616K [0x00000000e0000000, 0x0000000100000000, 0x0000000100000000)
  eden space 322560K, 0% used [0x00000000e0000000,0x00000000e0000000,0x00000000f3b00000)
  from space 100864K, 55% used [0x00000000f3b00000,0x00000000f7150000,0x00000000f9d80000)
  to   space 99328K, 0% used [0x00000000f9f00000,0x00000000f9f00000,0x0000000100000000)
 ParOldGen       total 685568K, used 488908K [0x00000000a0000000, 0x00000000c9d80000, 0x00000000e0000000)
  object space 685568K, 71% used [0x00000000a0000000,0x00000000bdd73090,0x00000000c9d80000)
 Metaspace       used 53778K, capacity 55400K, committed 55720K, reserved 1097728K
  class space    used 7110K, capacity 7478K, committed 7600K, reserved 1048576K
}
Event: 50,941 GC heap before
{Heap before GC invocations=33 (full 7):
 PSYoungGen      total 423424K, used 378176K [0x00000000e0000000, 0x0000000100000000, 0x0000000100000000)
  eden space 322560K, 100% used [0x00000000e0000000,0x00000000f3b00000,0x00000000f3b00000)
  from space 100864K, 55% used [0x00000000f3b00000,0x00000000f7150000,0x00000000f9d80000)
  to   space 99328K, 0% used [0x00000000f9f00000,0x00000000f9f00000,0x0000000100000000)
 ParOldGen       total 685568K, used 488908K [0x00000000a0000000, 0x00000000c9d80000, 0x00000000e0000000)
  object space 685568K, 71% used [0x00000000a0000000,0x00000000bdd73090,0x00000000c9d80000)
 Metaspace       used 53778K, capacity 55400K, committed 55720K, reserved 1097728K
  class space    used 7110K, capacity 7478K, committed 7600K, reserved 1048576K
Event: 51,096 GC heap after
Heap after GC invocations=33 (full 7):
 PSYoungGen      total 395264K, used 99034K [0x00000000e0000000, 0x0000000100000000, 0x0000000100000000)
  eden space 295936K, 0% used [0x00000000e0000000,0x00000000e0000000,0x00000000f2100000)
  from space 99328K, 99% used [0x00000000f9f00000,0x00000000fffb69c0,0x0000000100000000)
  to   space 114176K, 0% used [0x00000000f2100000,0x00000000f2100000,0x00000000f9080000)
 ParOldGen       total 685568K, used 488908K [0x00000000a0000000, 0x00000000c9d80000, 0x00000000e0000000)
  object space 685568K, 71% used [0x00000000a0000000,0x00000000bdd73090,0x00000000c9d80000)
 Metaspace       used 53778K, capacity 55400K, committed 55720K, reserved 1097728K
  class space    used 7110K, capacity 7478K, committed 7600K, reserved 1048576K
}
Event: 52,910 GC heap before
{Heap before GC invocations=34 (full 7):
 PSYoungGen      total 395264K, used 394970K [0x00000000e0000000, 0x0000000100000000, 0x0000000100000000)
  eden space 295936K, 100% used [0x00000000e0000000,0x00000000f2100000,0x00000000f2100000)
  from space 99328K, 99% used [0x00000000f9f00000,0x00000000fffb69c0,0x0000000100000000)
  to   space 114176K, 0% used [0x00000000f2100000,0x00000000f2100000,0x00000000f9080000)
 ParOldGen       total 685568K, used 488908K [0x00000000a0000000, 0x00000000c9d80000, 0x00000000e0000000)
  object space 685568K, 71% used [0x00000000a0000000,0x00000000bdd73090,0x00000000c9d80000)
 Metaspace       used 53781K, capacity 55400K, committed 55720K, reserved 1097728K
  class space    used 7110K, capacity 7478K, committed 7600K, reserved 1048576K
Event: 53,176 GC heap after
Heap after GC invocations=34 (full 7):
 PSYoungGen      total 410112K, used 114172K [0x00000000e0000000, 0x0000000100000000, 0x0000000100000000)
  eden space 295936K, 0% used [0x00000000e0000000,0x00000000e0000000,0x00000000f2100000)
  from space 114176K, 99% used [0x00000000f2100000,0x00000000f907f398,0x00000000f9080000)
  to   space 114176K, 0% used [0x00000000f9080000,0x00000000f9080000,0x0000000100000000)
 ParOldGen       total 685568K, used 546799K [0x00000000a0000000, 0x00000000c9d80000, 0x00000000e0000000)
  object space 685568K, 79% used [0x00000000a0000000,0x00000000c15fbea0,0x00000000c9d80000)
 Metaspace       used 53781K, capacity 55400K, committed 55720K, reserved 1097728K
  class space    used 7110K, capacity 7478K, committed 7600K, reserved 1048576K
}
Event: 55,302 GC heap before
{Heap before GC invocations=35 (full 7):
 PSYoungGen      total 410112K, used 410108K [0x00000000e0000000, 0x0000000100000000, 0x0000000100000000)
  eden space 295936K, 100% used [0x00000000e0000000,0x00000000f2100000,0x00000000f2100000)
  from space 114176K, 99% used [0x00000000f2100000,0x00000000f907f398,0x00000000f9080000)
  to   space 114176K, 0% used [0x00000000f9080000,0x00000000f9080000,0x0000000100000000)
 ParOldGen       total 685568K, used 546799K [0x00000000a0000000, 0x00000000c9d80000, 0x00000000e0000000)
  object space 685568K, 79% used [0x00000000a0000000,0x00000000c15fbea0,0x00000000c9d80000)
 Metaspace       used 53781K, capacity 55400K, committed 55720K, reserved 1097728K
  class space    used 7110K, capacity 7478K, committed 7600K, reserved 1048576K
Event: 55,714 GC heap after
Heap after GC invocations=35 (full 7):
 PSYoungGen      total 289280K, used 114151K [0x00000000e0000000, 0x0000000100000000, 0x0000000100000000)
  eden space 175104K, 0% used [0x00000000e0000000,0x00000000e0000000,0x00000000eab00000)
  from space 114176K, 99% used [0x00000000f9080000,0x00000000ffff9cc8,0x0000000100000000)
  to   space 174592K, 0% used [0x00000000eab00000,0x00000000eab00000,0x00000000f5580000)
 ParOldGen       total 685568K, used 684850K [0x00000000a0000000, 0x00000000c9d80000, 0x00000000e0000000)
  object space 685568K, 99% used [0x00000000a0000000,0x00000000c9cccbf8,0x00000000c9d80000)
 Metaspace       used 53781K, capacity 55400K, committed 55720K, reserved 1097728K
  class space    used 7110K, capacity 7478K, committed 7600K, reserved 1048576K
}
Event: 55,714 GC heap before
{Heap before GC invocations=36 (full 8):
 PSYoungGen      total 289280K, used 114151K [0x00000000e0000000, 0x0000000100000000, 0x0000000100000000)
  eden space 175104K, 0% used [0x00000000e0000000,0x00000000e0000000,0x00000000eab00000)
  from space 114176K, 99% used [0x00000000f9080000,0x00000000ffff9cc8,0x0000000100000000)
  to   space 174592K, 0% used [0x00000000eab00000,0x00000000eab00000,0x00000000f5580000)
 ParOldGen       total 685568K, used 684850K [0x00000000a0000000, 0x00000000c9d80000, 0x00000000e0000000)
  object space 685568K, 99% used [0x00000000a0000000,0x00000000c9cccbf8,0x00000000c9d80000)
 Metaspace       used 53781K, capacity 55400K, committed 55720K, reserved 1097728K
  class space    used 7110K, capacity 7478K, committed 7600K, reserved 1048576K

Deoptimization events (10 events):
Event: 53,217 Thread 0x00007f5f7c49f000 Uncommon trap: reason=class_check action=maybe_recompile pc=0x00007f5fd11ac480 method=com.android.dx.ssa.back.InterferenceGraph.mergeInterferenceSet(ILcom/android/dx/util/IntSet;)V @ 20
Event: 53,217 Thread 0x00007f5f7c49f000 Uncommon trap: reason=class_check action=maybe_recompile pc=0x00007f5fd0b49ee0 method=com.android.dx.util.BitIntSet.merge(Lcom/android/dx/util/IntSet;)V @ 1
Event: 53,217 Thread 0x00007f5f7c49f000 Uncommon trap: reason=class_check action=maybe_recompile pc=0x00007f5fd11ac480 method=com.android.dx.ssa.back.InterferenceGraph.mergeInterferenceSet(ILcom/android/dx/util/IntSet;)V @ 20
Event: 53,217 Thread 0x00007f5f7c49f000 Uncommon trap: reason=class_check action=maybe_recompile pc=0x00007f5fd0b49ee0 method=com.android.dx.util.BitIntSet.merge(Lcom/android/dx/util/IntSet;)V @ 1
Event: 53,224 Thread 0x00007f5f7c49f000 Uncommon trap: reason=class_check action=maybe_recompile pc=0x00007f5fd11ac480 method=com.android.dx.ssa.back.InterferenceGraph.mergeInterferenceSet(ILcom/android/dx/util/IntSet;)V @ 20
Event: 53,224 Thread 0x00007f5f7c49f000 Uncommon trap: reason=class_check action=maybe_recompile pc=0x00007f5fd0b49ee0 method=com.android.dx.util.BitIntSet.merge(Lcom/android/dx/util/IntSet;)V @ 1
Event: 53,376 Thread 0x00007f5f7c49f000 Uncommon trap: reason=unstable_if action=reinterpret pc=0x00007f5fd21f122c method=com.android.dx.rop.cst.CstInterfaceMethodRef.toMethodRef()Lcom/android/dx/rop/cst/CstMethodRef; @ 4
Event: 53,459 Thread 0x00007f5f7c49f000 Uncommon trap: reason=unstable_if action=reinterpret pc=0x00007f5fd20f42f4 method=com.android.dx.cf.code.Ropper.addOrReplaceBlock(Lcom/android/dx/rop/code/BasicBlock;Lcom/android/dx/util/IntList;)Z @ 24
Event: 55,068 Thread 0x00007f5f6405d000 Uncommon trap: reason=class_check action=maybe_recompile pc=0x00007f5fd1ee3684 method=com.android.dx.ssa.SsaConverter.placePhiFunctions(Lcom/android/dx/ssa/SsaMethod;Lcom/android/dx/ssa/LocalVariableInfo;I)V @ 257
Event: 55,259 Thread 0x00007f5f6405d000 Uncommon trap: reason=predicate action=maybe_recompile pc=0x00007f5fd0c33edc method=com.android.dx.ssa.back.InterferenceGraph.<init>(I)V @ 23

Internal exceptions (10 events):
Event: 15,770 Thread 0x00007f5f8c00a800 Exception <a 'java/lang/NoSuchMethodError': <clinit>> (0x00000000e01ad0f0) thrown at [/ssd/Android/AOSP-openjdk/external/jetbrains/jdk/hotspot/src/share/vm/prims/jni.cpp, line 1613]
Event: 15,771 Thread 0x00007f5f8c00a800 Exception <a 'java/lang/NoSuchMethodError': <clinit>> (0x00000000e01ba990) thrown at [/ssd/Android/AOSP-openjdk/external/jetbrains/jdk/hotspot/src/share/vm/prims/jni.cpp, line 1613]
Event: 15,791 Thread 0x00007f5f8c00a800 Exception <a 'java/lang/NoSuchMethodError': <clinit>> (0x00000000e0236720) thrown at [/ssd/Android/AOSP-openjdk/external/jetbrains/jdk/hotspot/src/share/vm/prims/jni.cpp, line 1613]
Event: 15,794 Thread 0x00007f5f8c00a800 Exception <a 'java/lang/NoSuchMethodError': <clinit>> (0x00000000e024f478) thrown at [/ssd/Android/AOSP-openjdk/external/jetbrains/jdk/hotspot/src/share/vm/prims/jni.cpp, line 1613]
Event: 15,794 Thread 0x00007f5f8c00a800 Exception <a 'java/lang/NoSuchMethodError': <clinit>> (0x00000000e02510f8) thrown at [/ssd/Android/AOSP-openjdk/external/jetbrains/jdk/hotspot/src/share/vm/prims/jni.cpp, line 1613]
Event: 20,104 Thread 0x00007f5f64062000 Implicit null exception at 0x00007f5fd1a62be2 to 0x00007f5fd1a62c82
Event: 20,342 Thread 0x00007f5f6405d000 Implicit null exception at 0x00007f5fd04cd59b to 0x00007f5fd04cdf6d
Event: 25,113 Thread 0x00007f5f7c49f000 Implicit null exception at 0x00007f5fd1c57e34 to 0x00007f5fd1c583f5
Event: 28,871 Thread 0x00007f5f7c49f000 Implicit null exception at 0x00007f5fd0d8f088 to 0x00007f5fd0d8f689
Event: 42,119 Thread 0x00007f5f64064000 Implicit null exception at 0x00007f5fd2072935 to 0x00007f5fd207667d

Events (10 events):
Event: 55,068 Thread 0x00007f5f6405d000 DEOPT UNPACKING pc=0x00007f5fd0379f69 sp=0x00007f5fbd2f21d8 mode 2
Event: 55,259 Thread 0x00007f5f6405d000 Uncommon trap: trap_request=0xffffff86 fr.pc=0x00007f5fd0c33edc
Event: 55,259 Thread 0x00007f5f6405d000 DEOPT PACKING pc=0x00007f5fd0c33edc sp=0x00007f5fbd2f2290
Event: 55,259 Thread 0x00007f5f6405d000 DEOPT UNPACKING pc=0x00007f5fd0379f69 sp=0x00007f5fbd2f2298 mode 2
Event: 55,261 Thread 0x00007f5fe00b9000 flushing nmethod 0x00007f5fd0b60d90
Event: 55,261 Thread 0x00007f5fe00b9000 flushing nmethod 0x00007f5fd0c9f850
Event: 55,269 Thread 0x00007f5fe00bd800 flushing nmethod 0x00007f5fd0de3150
Event: 55,270 Thread 0x00007f5fe00bd800 flushing nmethod 0x00007f5fd0e2e390
Event: 55,270 Thread 0x00007f5fe00bd800 flushing nmethod 0x00007f5fd0e37e50
Event: 55,302 Executing VM operation: ParallelGCFailedAllocation


Dynamic libraries:
00400000-00401000 r-xp 00000000 08:04 1059356                            /home/robinson/.local/share/umake/android/android-studio/jre/bin/java
00600000-00601000 r--p 00000000 08:04 1059356                            /home/robinson/.local/share/umake/android/android-studio/jre/bin/java
00601000-00602000 rw-p 00001000 08:04 1059356                            /home/robinson/.local/share/umake/android/android-studio/jre/bin/java
02217000-02238000 rw-p 00000000 00:00 0                                  [heap]
a0000000-c9d80000 rw-p 00000000 00:00 0 
d9a00000-e0000000 ---p 00000000 00:00 0 
e0000000-100000000 rw-p 00000000 00:00 0 
100000000-10076c000 rw-p 00000000 00:00 0 
10076c000-140000000 ---p 00000000 00:00 0 
7f5f48000000-7f5f4809f000 rw-p 00000000 00:00 0 
7f5f4809f000-7f5f4c000000 ---p 00000000 00:00 0 
7f5f50000000-7f5f5002a000 rw-p 00000000 00:00 0 
7f5f5002a000-7f5f54000000 ---p 00000000 00:00 0 
7f5f54000000-7f5f5404b000 rw-p 00000000 00:00 0 
7f5f5404b000-7f5f58000000 ---p 00000000 00:00 0 
7f5f58000000-7f5f5806b000 rw-p 00000000 00:00 0 
7f5f5806b000-7f5f5c000000 ---p 00000000 00:00 0 
7f5f5c000000-7f5f5c021000 rw-p 00000000 00:00 0 
7f5f5c021000-7f5f60000000 ---p 00000000 00:00 0 
7f5f60000000-7f5f60031000 rw-p 00000000 00:00 0 
7f5f60031000-7f5f64000000 ---p 00000000 00:00 0 
7f5f64000000-7f5f641f5000 rw-p 00000000 00:00 0 
7f5f641f5000-7f5f68000000 ---p 00000000 00:00 0 
7f5f68000000-7f5f68021000 rw-p 00000000 00:00 0 
7f5f68021000-7f5f6c000000 ---p 00000000 00:00 0 
7f5f6c000000-7f5f6c021000 rw-p 00000000 00:00 0 
7f5f6c021000-7f5f70000000 ---p 00000000 00:00 0 
7f5f70000000-7f5f70021000 rw-p 00000000 00:00 0 
7f5f70021000-7f5f74000000 ---p 00000000 00:00 0 
7f5f74000000-7f5f74021000 rw-p 00000000 00:00 0 
7f5f74021000-7f5f78000000 ---p 00000000 00:00 0 
7f5f78000000-7f5f78021000 rw-p 00000000 00:00 0 
7f5f78021000-7f5f7c000000 ---p 00000000 00:00 0 
7f5f7c000000-7f5f7d463000 rw-p 00000000 00:00 0 
7f5f7d463000-7f5f80000000 ---p 00000000 00:00 0 
7f5f80000000-7f5f80021000 rw-p 00000000 00:00 0 
7f5f80021000-7f5f84000000 ---p 00000000 00:00 0 
7f5f84000000-7f5f84021000 rw-p 00000000 00:00 0 
7f5f84021000-7f5f88000000 ---p 00000000 00:00 0 
7f5f88000000-7f5f88074000 rw-p 00000000 00:00 0 
7f5f88074000-7f5f8c000000 ---p 00000000 00:00 0 
7f5f8c000000-7f5f8c021000 rw-p 00000000 00:00 0 
7f5f8c021000-7f5f90000000 ---p 00000000 00:00 0 
7f5f90000000-7f5f90021000 rw-p 00000000 00:00 0 
7f5f90021000-7f5f94000000 ---p 00000000 00:00 0 
7f5f94000000-7f5f94021000 rw-p 00000000 00:00 0 
7f5f94021000-7f5f98000000 ---p 00000000 00:00 0 
7f5f98000000-7f5f99b3b000 rw-p 00000000 00:00 0 
7f5f99b3b000-7f5f9c000000 ---p 00000000 00:00 0 
7f5f9c000000-7f5f9ca49000 rw-p 00000000 00:00 0 
7f5f9ca49000-7f5fa0000000 ---p 00000000 00:00 0 
7f5fa0000000-7f5fa0021000 rw-p 00000000 00:00 0 
7f5fa0021000-7f5fa4000000 ---p 00000000 00:00 0 
7f5fa4000000-7f5fa5778000 rw-p 00000000 00:00 0 
7f5fa5778000-7f5fa8000000 ---p 00000000 00:00 0 
7f5fa8000000-7f5fa8021000 rw-p 00000000 00:00 0 
7f5fa8021000-7f5fac000000 ---p 00000000 00:00 0 
7f5fac000000-7f5fac021000 rw-p 00000000 00:00 0 
7f5fac021000-7f5fb0000000 ---p 00000000 00:00 0 
7f5fb0000000-7f5fb0021000 rw-p 00000000 00:00 0 
7f5fb0021000-7f5fb4000000 ---p 00000000 00:00 0 
7f5fb4000000-7f5fb4342000 rw-p 00000000 00:00 0 
7f5fb4342000-7f5fb8000000 ---p 00000000 00:00 0 
7f5fb8000000-7f5fb8021000 rw-p 00000000 00:00 0 
7f5fb8021000-7f5fbc000000 ---p 00000000 00:00 0 
7f5fbcbef000-7f5fbccef000 rw-p 00000000 00:00 0 
7f5fbccef000-7f5fbcdef000 ---p 00000000 00:00 0 
7f5fbcdef000-7f5fbcdf2000 ---p 00000000 00:00 0 
7f5fbcdf2000-7f5fbcef0000 rw-p 00000000 00:00 0 
7f5fbcef0000-7f5fbcef3000 ---p 00000000 00:00 0 
7f5fbcef3000-7f5fbcff1000 rw-p 00000000 00:00 0 
7f5fbcff1000-7f5fbcff4000 ---p 00000000 00:00 0 
7f5fbcff4000-7f5fbd0f2000 rw-p 00000000 00:00 0 
7f5fbd0f2000-7f5fbd0f5000 ---p 00000000 00:00 0 
7f5fbd0f5000-7f5fbd1f3000 rw-p 00000000 00:00 0 
7f5fbd1f3000-7f5fbd1f6000 ---p 00000000 00:00 0 
7f5fbd1f6000-7f5fbd2f4000 rw-p 00000000 00:00 0 
7f5fbd2f4000-7f5fbd3e8000 r--s 00ad5000 08:04 1718276                    /home/robinson/Dropbox/AndroidstudioProjects/Enxoval2/app/build/intermediates/transforms/jarMerging/free/debug/jars/1/1f/combined.jar
7f5fbd3e8000-7f5fbd3eb000 ---p 00000000 00:00 0 
7f5fbd3eb000-7f5fbd6e9000 rw-p 00000000 00:00 0 
7f5fbd6e9000-7f5fbd6ec000 ---p 00000000 00:00 0 
7f5fbd6ec000-7f5fbd9ea000 rw-p 00000000 00:00 0 
7f5fbd9ea000-7f5fbdbea000 rw-p 00000000 00:00 0 
7f5fbdbea000-7f5fbddea000 rw-p 00000000 00:00 0 
7f5fbddea000-7f5fbdfea000 rw-p 00000000 00:00 0 
7f5fbdfea000-7f5fbdffd000 r--s 00344000 08:04 1059461                    /home/robinson/.local/share/umake/android/android-studio/jre/jre/lib/resources.jar
7f5fbdffd000-7f5fbe1fd000 rw-p 00000000 00:00 0 
7f5fbe1fd000-7f5fbe3fd000 rw-p 00000000 00:00 0 
7f5fbe3fd000-7f5fbe5fd000 rw-p 00000000 00:00 0 
7f5fbe5fd000-7f5fbe7fb000 rw-p 00000000 00:00 0 
7f5fbe7fb000-7f5fbe7fd000 ---p 00000000 00:00 0 
7f5fbe7fd000-7f5fbe9fd000 rw-p 00000000 00:00 0 
7f5fbe9fd000-7f5fbe9fe000 r--s 00001000 08:04 823958                     /home/robinson/.gradle/caches/jars-2/7c4c8dw4bn3s8grc5kz09cv28jy9yn3/annotations-25.3.0.jar
7f5fbe9fe000-7f5fbea06000 r--s 000a8000 08:04 823956                     /home/robinson/.gradle/caches/jars-2/lp0h431tl0554nh1vx6zomcvteflkp/lombok-ast-0.2.3.jar
7f5fbea06000-7f5fbea1a000 r--s 000b4000 08:04 823954                     /home/robinson/.gradle/caches/jars-2/igzbti8te04ygk32hg4q3ljfkkkzmlr/uast-162.2228.14.jar
7f5fbea1a000-7f5fbea1c000 r--s 0000d000 08:04 823952                     /home/robinson/.gradle/caches/jars-2/7pwz1bowgakb1eux9ezb56jlturgsyi/commons-codec-1.4.jar
7f5fbea1c000-7f5fbea1e000 r--s 0000d000 08:04 823950                     /home/robinson/.gradle/caches/jars-2/9dj1m0eyooi5qt13735vz8fpkl3cnfy/commons-logging-1.1.1.jar
7f5fbea1e000-7f5fbea23000 r--s 00028000 08:04 823948                     /home/robinson/.gradle/caches/jars-2/62lv0fe9b3xbqe57f6ljy5upwi7mf6k/httpcore-4.1.jar
7f5fbea23000-7f5fbea27000 r--s 0002f000 08:04 823946                     /home/robinson/.gradle/caches/jars-2/gsg5n52frsvw6sx0swqqe2hwijwdcf0/jimfs-1.1.jar
7f5fbea27000-7f5fbea28000 r--s 00004000 08:04 823944                     /home/robinson/.gradle/caches/jars-2/lxs252id0979odjrerlctkb26c2vj95/annotations-12.0.jar
7f5fbea28000-7f5fbea29000 r--s 00004000 08:04 823942                     /home/robinson/.gradle/caches/jars-2/9kn99dr0rulyl67sct1ephwcop56l61/asm-analysis-5.0.4.jar
7f5fbea29000-7f5fbea2d000 r--s 00040000 08:04 823940                     /home/robinson/.gradle/caches/jars-2/h4gop7cox40tig0ckkhw1h8hl6tfcwm/lint-api-25.3.0.jar
7f5fbea2d000-7f5fbea2e000 r--s 0000a000 08:04 823938                     /home/robinson/.gradle/caches/jars-2/nwyg9io65lv6jvmwit2wq82xnnxd7ia/kxml2-2.3.0.jar
7f5fbea2e000-7f5fbea30000 r--s 00005000 08:04 823936                     /home/robinson/.gradle/caches/jars-2/i6hc1uuj8e9ck59slmzdyz78ydn8sr6/httpmime-4.1.jar
7f5fbea30000-7f5fbea38000 r--s 0004e000 08:04 823934                     /home/robinson/.gradle/caches/jars-2/7503wa5irssz0xxahv1xb82p2dl7rr2/httpclient-4.1.1.jar
7f5fbea38000-7f5fbea3f000 r--s 00053000 08:04 823932                     /home/robinson/.gradle/caches/jars-2/jgkfvs4eqggj7qsyw1f5d3up57hanj1/commons-compress-1.8.1.jar
7f5fbea3f000-7f5fbea44000 r--s 0002a000 08:04 668325                     /home/robinson/.gradle/caches/jars-2/je8f027qcr1z1egw08byp1ybxbp9kko/gson-2.2.4.jar
7f5fbea44000-7f5fbea49000 r--s 0002e000 08:04 668323                     /home/robinson/.gradle/caches/jars-2/r6oa1284jnf1g0hjm5fw7l8swldb7ek/repository-25.3.0.jar
7f5fbea49000-7f5fbea4a000 r--s 00005000 08:04 668321                     /home/robinson/.gradle/caches/jars-2/8zf2fyptbgnbanz613fx2c3hoto0539/dvlib-25.3.0.jar
7f5fbea4a000-7f5fbea4d000 r--s 00012000 08:04 668319                     /home/robinson/.gradle/caches/jars-2/9uh4197qdwnvuono2myyig8xxy6aqcq/layoutlib-api-25.3.0.jar
7f5fbea4d000-7f5fbea52000 r--s 00058000 08:04 668317                     /home/robinson/.gradle/caches/jars-2/st159835qgxm0l87oqrnhayxos4lc1n/asm-debug-all-5.0.1.jar
7f5fbea52000-7f5fbea62000 r--s 000d5000 08:04 668315                     /home/robinson/.gradle/caches/jars-2/qzf32gp9kej4w4hlbabft6tplu74cj3/proguard-base-5.3.2.jar
7f5fbea62000-7f5fbea65000 r--s 00033000 08:04 668313                     /home/robinson/.gradle/caches/jars-2/nz9sndmr8b4xbj4xulkaciy5kdbyfiz/juniversalchardet-1.0.3.jar
7f5fbea65000-7f5fbea69000 r--s 0002a000 08:04 668311                     /home/robinson/.gradle/caches/jars-2/krbpn9xjn1qymukyx8cc5l799ty1v3h/commons-io-2.4.jar
7f5fbea69000-7f5fbea80000 r--s 00154000 08:04 668309                     /home/robinson/.gradle/caches/jars-2/sfeivjswzitn6n0fnjx3ueszz8gv8o1/antlr4-4.5.3.jar
7f5fbea80000-7f5fbea82000 r--s 00002000 08:04 668307                     /home/robinson/.gradle/caches/jars-2/o6nwvy6at9y5kbpwo6utcclqk98gd99/baseLibrary-2.3.0.jar
7f5fbea82000-7f5fbeaad000 r--s 001fc000 08:04 668305                     /home/robinson/.gradle/caches/jars-2/nxjrjftly2xksl8o0wqgivu5netfu2x/guava-18.0.jar
7f5fbeaad000-7f5fbeac0000 r--s 00241000 08:04 668303                     /home/robinson/.gradle/caches/jars-2/9yuekvg4qerfitq3xec0iyckuw3hwaq/ecj-4.6.1.jar
7f5fbeac0000-7f5fbeac7000 r--s 000d9000 08:04 668301                     /home/robinson/.gradle/caches/jars-2/aprntsq9xd6l685y4wf1lo3ojhypibs/lint-checks-25.3.0.jar
7f5fbeac7000-7f5fbeac9000 r--s 00006000 08:04 668299                     /home/robinson/.gradle/caches/jars-2/6phgj9ki3jl3p5epzkqoo8pr6kur40b/asm-tree-5.0.4.jar
7f5fbeac9000-7f5fbeafc000 r--s 00203000 08:04 668297                     /home/robinson/.gradle/caches/jars-2/hj0bfvxu9cq7hkwmecvp0kg137or3hh/bcprov-jdk15on-1.48.jar
7f5fbeafc000-7f5fbeb0a000 r--s 00081000 08:04 668295                     /home/robinson/.gradle/caches/jars-2/4r7xli0tz94y0wfjrdyjxlxar3g1pb9/bcpkix-jdk15on-1.48.jar
7f5fbeb0a000-7f5fbeb0c000 r--s 00002000 08:04 668293                     /home/robinson/.gradle/caches/jars-2/f32bh5uivuf69ecz2j8hl96ksnqdh7v/javawriter-2.5.0.jar
7f5fbeb0c000-7f5fbeb0e000 r--s 00004000 08:04 668291                     /home/robinson/.gradle/caches/jars-2/ks5d1mxwh7e42p192ttu3gpechro7qa/tracker-25.3.0.jar
7f5fbeb0e000-7f5fbeb0f000 r--s 00005000 08:04 668289                     /home/robinson/.gradle/caches/jars-2/fl4kf4ptr1zzfqcvmz0t9nip0r2xra6/shared-25.3.0.jar
7f5fbeb0f000-7f5fbeb1d000 r--s 00147000 08:04 668287                     /home/robinson/.gradle/caches/jars-2/kzywuljggjlwzg0mn5daqjrl9hrds10/protos-25.3.0.jar
7f5fbeb1d000-7f5fbeb1e000 r--s 00001000 08:04 668285                     /home/robinson/.gradle/caches/jars-2/9wceqt3rojnwacgoouxh9g9dkoot2zu/jill-api-0.10.0.jar
7f5fbeb1e000-7f5fbeb20000 r--s 00003000 08:04 668283                     /home/robinson/.gradle/caches/jars-2/hgjtw817h9ckqrqd7wts8rss79wyf2p/jack-api-0.13.0.jar
7f5fbeb20000-7f5fbeb26000 r--s 0004a000 08:04 668281                     /home/robinson/.gradle/caches/jars-2/qdr9c88xakd7sne0hmledt9h4qds2q2/ddmlib-25.3.0.jar
7f5fbeb26000-7f5fbeb29000 r--s 00022000 08:04 668279                     /home/robinson/.gradle/caches/jars-2/fsss09xku4j8m0mtb0gif22hmmgqs7i/manifest-merger-25.3.0.jar
7f5fbeb29000-7f5fbeb2c000 r--s 0001c000 08:04 668277                     /home/robinson/.gradle/caches/jars-2/s9s98vc2jrc4cq452s7phwb2ad5xfkn/common-25.3.0.jar
7f5fbeb2c000-7f5fbeb35000 r--s 00089000 08:04 668275                     /home/robinson/.gradle/caches/jars-2/965j22khmkpwdgya5fll5pxt21kiz0y/sdk-common-25.3.0.jar
7f5fbeb35000-7f5fbeb3f000 r--s 00097000 08:04 668273                     /home/robinson/.gradle/caches/jars-2/2t3glk7v5svadzqcbhq0avch2qk6a9k/sdklib-25.3.0.jar
7f5fbeb3f000-7f5fbeb42000 r--s 00006000 08:04 668269                     /home/robinson/.gradle/caches/jars-2/217rxmwsloonj42ilq94g16c8qou0uv/builder-model-2.3.0.jar
7f5fbeb42000-7f5fbeb51000 r--s 00130000 08:04 668267                     /home/robinson/.gradle/caches/jars-2/cr6zkqpx14lor9zdtmo49qpc7y8r8p4/protobuf-java-3.0.0.jar
7f5fbeb51000-7f5fbeb53000 r--s 0000f000 08:04 668265                     /home/robinson/.gradle/caches/jars-2/rvfyugrlu5tbpz51p98og0qsxamjq4k/jopt-simple-4.9.jar
7f5fbeb53000-7f5fbeb57000 r--s 0001f000 08:04 668263                     /home/robinson/.gradle/caches/jars-2/nq3fzqkrrm37ob61z4iu5qdbh368uat/org.jacoco.report-0.7.5.201505241946.jar
7f5fbeb57000-7f5fbeb5b000 r--s 0001d000 08:04 668261                     /home/robinson/.gradle/caches/jars-2/3kxkmcckmk40ron92zhbm0qjo9l4bkl/org.jacoco.core-0.7.5.201505241946.jar
7f5fbeb5b000-7f5fbeb5d000 r--s 00002000 08:04 668259                     /home/robinson/.gradle/caches/jars-2/m4m0pzb4gmaeh0in5g2xc4bxeuwt828/proguard-gradle-5.3.2.jar
7f5fbeb5d000-7f5fbeb5f000 r--s 00009000 08:04 668257                     /home/robinson/.gradle/caches/jars-2/ajvcvdu66lc9e3tvvipxtuq48i9bbkc/asm-commons-5.0.4.jar
7f5fbeb5f000-7f5fbeb61000 r--s 0000c000 08:04 668255                     /home/robinson/.gradle/caches/jars-2/1laz1ygmxoc408r7nwqs1q8uk8r236d/asm-5.0.4.jar
7f5fbeb61000-7f5fbeb66000 r--s 0002c000 08:04 668253                     /home/robinson/.gradle/caches/jars-2/3eyaheco65g859qpfsowjbpqi0jh6mf/compilerCommon-2.3.0.jar
7f5fbeb66000-7f5fbeb6b000 r--s 0005e000 08:04 668247                     /home/robinson/.gradle/caches/jars-2/ni16dxztl73a86d25hs3on5ncngkbuy/lint-25.3.0.jar
7f5fbeb6b000-7f5fbeb81000 r--s 00163000 08:04 668245                     /home/robinson/.gradle/caches/jars-2/sqf8kc3htrab4fj479mwr3jrji381b7/builder-2.3.0.jar
7f5fbeb81000-7f5fbed81000 rw-p 00000000 00:00 0 
7f5fbed81000-7f5fbef81000 rw-p 00000000 00:00 0 
7f5fbef81000-7f5fbef84000 ---p 00000000 00:00 0 
7f5fbef84000-7f5fbf282000 rw-p 00000000 00:00 0 
7f5fbf282000-7f5fbf482000 rw-p 00000000 00:00 0 
7f5fbf482000-7f5fbf682000 rw-p 00000000 00:00 0 
7f5fbf682000-7f5fbf882000 rw-p 00000000 00:00 0 
7f5fbf882000-7f5fbf8fb000 r--s 010ed000 08:04 1059366                    /home/robinson/.local/share/umake/android/android-studio/jre/lib/tools.jar
7f5fbf8fb000-7f5fbfafb000 rw-p 00000000 00:00 0 
7f5fbfafb000-7f5fbfafe000 ---p 00000000 00:00 0 
7f5fbfafe000-7f5fbfbfc000 rw-p 00000000 00:00 0 
7f5fbfbfc000-7f5fbfbff000 ---p 00000000 00:00 0 
7f5fbfbff000-7f5fbfcfd000 rw-p 00000000 00:00 0 
7f5fbfcfd000-7f5fbfd00000 ---p 00000000 00:00 0 
7f5fbfd00000-7f5fbfdfe000 rw-p 00000000 00:00 0 
7f5fbfdfe000-7f5fbfe01000 ---p 00000000 00:00 0 
7f5fbfe01000-7f5fbfeff000 rw-p 00000000 00:00 0 
7f5fbfeff000-7f5fbff02000 ---p 00000000 00:00 0 
7f5fbff02000-7f5fc0000000 rw-p 00000000 00:00 0 
7f5fc0000000-7f5fc0124000 rw-p 00000000 00:00 0 
7f5fc0124000-7f5fc4000000 ---p 00000000 00:00 0 
7f5fc4000000-7f5fc4001000 r--s 00002000 08:04 668271                     /home/robinson/.gradle/caches/jars-2/q53lj97mtvuhn56k5k0vmpi70ln1194/builder-test-api-2.3.0.jar
7f5fc4001000-7f5fc4002000 r--s 00002000 08:04 668251                     /home/robinson/.gradle/caches/jars-2/31jr90v5p5fkd2jflx4pvapkdf35ezu/gradle-api-2.3.0.jar
7f5fc4002000-7f5fc4003000 r--s 00000000 08:04 668249                     /home/robinson/.gradle/caches/jars-2/9alwd0ip1x6at9csjhyhihqra39rks9/transform-api-2.0.0-deprecated-use-gradle-api.jar
7f5fc4003000-7f5fc4021000 r--s 001cb000 08:04 668243                     /home/robinson/.gradle/caches/jars-2/8qy5a7i3gbr2s4snxdquaath1tjusie/gradle-core-2.3.0.jar
7f5fc4021000-7f5fc4022000 r--s 00006000 08:04 1717439                    /home/robinson/.gradle/caches/modules-2/files-2.1/com.google.gms/google-services/3.0.0/ee538ce9cf4148485e43017c5542202b8c78ff8e/google-services-3.0.0.jar
7f5fc4022000-7f5fc4024000 r--s 0000d000 08:04 668241                     /home/robinson/.gradle/caches/jars-2/60bmiis45kdytxtzt10fi483750k8at/gradle-2.3.0.jar
7f5fc4024000-7f5fc4027000 ---p 00000000 00:00 0 
7f5fc4027000-7f5fc405d000 rw-p 00000000 00:00 0 
7f5fc405d000-7f5fc405e000 r--p 00000000 00:00 0 
7f5fc405e000-7f5fc425e000 rw-p 00000000 00:00 0 
7f5fc425e000-7f5fc4261000 ---p 00000000 00:00 0 
7f5fc4261000-7f5fc435f000 rw-p 00000000 00:00 0 
7f5fc435f000-7f5fc4362000 ---p 00000000 00:00 0 
7f5fc4362000-7f5fc4460000 rw-p 00000000 00:00 0 
7f5fc4460000-7f5fc4467000 r--s 00000000 08:04 2757648                    /usr/lib/x86_64-linux-gnu/gconv/gconv-modules.cache
7f5fc4467000-7f5fc4667000 rw-p 00000000 00:00 0 
7f5fc4667000-7f5fc466a000 ---p 00000000 00:00 0 
7f5fc466a000-7f5fc4768000 rw-p 00000000 00:00 0 
7f5fc4768000-7f5fc4771000 r-xp 00000000 08:04 1059451                    /home/robinson/.local/share/umake/android/android-studio/jre/jre/lib/amd64/libmanagement.so
7f5fc4771000-7f5fc4970000 ---p 00009000 08:04 1059451                    /home/robinson/.local/share/umake/android/android-studio/jre/jre/lib/amd64/libmanagement.so
7f5fc4970000-7f5fc4971000 r--p 00008000 08:04 1059451                    /home/robinson/.local/share/umake/android/android-studio/jre/jre/lib/amd64/libmanagement.so
7f5fc4971000-7f5fc4972000 rw-p 00009000 08:04 1059451                    /home/robinson/.local/share/umake/android/android-studio/jre/jre/lib/amd64/libmanagement.so
7f5fc4972000-7f5fc4977000 r--s 00098000 08:04 1059412                    /home/robinson/.local/share/umake/android/android-studio/jre/jre/lib/jsse.jar
7f5fc4977000-7f5fc4979000 r--s 00007000 08:04 822996                     /home/robinson/.gradle/wrapper/dists/gradle-3.3-all/55gk2rcmfc6p2dg9u9ohc3hw9/gradle-3.3/lib/plugins/gradle-tooling-api-builders-3.3.jar
7f5fc4979000-7f5fc497c000 r--s 00009000 08:04 822989                     /home/robinson/.gradle/wrapper/dists/gradle-3.3-all/55gk2rcmfc6p2dg9u9ohc3hw9/gradle-3.3/lib/plugins/gradle-testing-native-3.3.jar
7f5fc497c000-7f5fc4982000 r--s 00033000 08:04 823064                     /home/robinson/.gradle/wrapper/dists/gradle-3.3-all/55gk2rcmfc6p2dg9u9ohc3hw9/gradle-3.3/lib/plugins/snakeyaml-1.6.jar
7f5fc4982000-7f5fc4984000 r--s 00006000 08:04 823063                     /home/robinson/.gradle/wrapper/dists/gradle-3.3-all/55gk2rcmfc6p2dg9u9ohc3hw9/gradle-3.3/lib/plugins/jcommander-1.12.jar
7f5fc4984000-7f5fc4989000 r--s 00040000 08:04 823062                     /home/robinson/.gradle/wrapper/dists/gradle-3.3-all/55gk2rcmfc6p2dg9u9ohc3hw9/gradle-3.3/lib/plugins/bsh-2.0b4.jar
7f5fc4989000-7f5fc498b000 r--s 00009000 08:04 823070                     /home/robinson/.gradle/wrapper/dists/gradle-3.3-all/55gk2rcmfc6p2dg9u9ohc3hw9/gradle-3.3/lib/plugins/hamcrest-core-1.3.jar
7f5fc498b000-7f5fc4994000 r--s 00089000 08:04 823021                     /home/robinson/.gradle/wrapper/dists/gradle-3.3-all/55gk2rcmfc6p2dg9u9ohc3hw9/gradle-3.3/lib/plugins/testng-6.3.1.jar
7f5fc4994000-7f5fc499c000 r--s 00045000 08:04 823020                     /home/robinson/.gradle/wrapper/dists/gradle-3.3-all/55gk2rcmfc6p2dg9u9ohc3hw9/gradle-3.3/lib/plugins/junit-4.12.jar
7f5fc499c000-7f5fc49a2000 r--s 0002e000 08:04 822990                     /home/robinson/.gradle/wrapper/dists/gradle-3.3-all/55gk2rcmfc6p2dg9u9ohc3hw9/gradle-3.3/lib/plugins/gradle-testing-jvm-3.3.jar
7f5fc49a2000-7f5fc49a6000 r--s 00016000 08:04 822988                     /home/robinson/.gradle/wrapper/dists/gradle-3.3-all/55gk2rcmfc6p2dg9u9ohc3hw9/gradle-3.3/lib/plugins/gradle-testing-base-3.3.jar
7f5fc49a6000-7f5fc49ad000 r--s 00038000 08:04 823015                     /home/robinson/.gradle/wrapper/dists/gradle-3.3-all/55gk2rcmfc6p2dg9u9ohc3hw9/gradle-3.3/lib/plugins/bcpg-jdk15on-1.51.jar
7f5fc49ad000-7f5fc49af000 r--s 0000c000 08:04 822967                     /home/robinson/.gradle/wrapper/dists/gradle-3.3-all/55gk2rcmfc6p2dg9u9ohc3hw9/gradle-3.3/lib/plugins/gradle-signing-3.3.jar
7f5fc49af000-7f5fc49b1000 r--s 00007000 08:04 822966                     /home/robinson/.gradle/wrapper/dists/gradle-3.3-all/55gk2rcmfc6p2dg9u9ohc3hw9/gradle-3.3/lib/plugins/gradle-scala-3.3.jar
7f5fc49b1000-7f5fc49b2000 r--s 00004000 08:04 822994                     /home/robinson/.gradle/wrapper/dists/gradle-3.3-all/55gk2rcmfc6p2dg9u9ohc3hw9/gradle-3.3/lib/plugins/gradle-resources-sftp-3.3.jar
7f5fc49b2000-7f5fc49c2000 r--s 00088000 08:04 823031                     /home/robinson/.gradle/wrapper/dists/gradle-3.3-all/55gk2rcmfc6p2dg9u9ohc3hw9/gradle-3.3/lib/plugins/joda-time-2.8.2.jar
7f5fc49c2000-7f5fc49d3000 r--s 0010d000 08:04 823030                     /home/robinson/.gradle/wrapper/dists/gradle-3.3-all/55gk2rcmfc6p2dg9u9ohc3hw9/gradle-3.3/lib/plugins/jackson-databind-2.6.6.jar
7f5fc49d3000-7f5fc49d6000 r--s 00009000 08:04 823029                     /home/robinson/.gradle/wrapper/dists/gradle-3.3-all/55gk2rcmfc6p2dg9u9ohc3hw9/gradle-3.3/lib/plugins/jackson-annotations-2.6.6.jar
7f5fc49d6000-7f5fc49da000 r--s 0003c000 08:04 823028                     /home/robinson/.gradle/wrapper/dists/gradle-3.3-all/55gk2rcmfc6p2dg9u9ohc3hw9/gradle-3.3/lib/plugins/jackson-core-2.6.6.jar
7f5fc49da000-7f5fc49e8000 r--s 00087000 08:04 823027                     /home/robinson/.gradle/wrapper/dists/gradle-3.3-all/55gk2rcmfc6p2dg9u9ohc3hw9/gradle-3.3/lib/plugins/aws-java-sdk-core-1.11.6.jar
7f5fc49e8000-7f5fc49ef000 r--s 00057000 08:04 823026                     /home/robinson/.gradle/wrapper/dists/gradle-3.3-all/55gk2rcmfc6p2dg9u9ohc3hw9/gradle-3.3/lib/plugins/aws-java-sdk-kms-1.11.6.jar
7f5fc49ef000-7f5fc49fc000 r--s 0008e000 08:04 823025                     /home/robinson/.gradle/wrapper/dists/gradle-3.3-all/55gk2rcmfc6p2dg9u9ohc3hw9/gradle-3.3/lib/plugins/aws-java-sdk-s3-1.11.6.jar
7f5fc49fc000-7f5fc49fe000 r--s 00004000 08:04 822995                     /home/robinson/.gradle/wrapper/dists/gradle-3.3-all/55gk2rcmfc6p2dg9u9ohc3hw9/gradle-3.3/lib/plugins/gradle-resources-s3-3.3.jar
7f5fc49fe000-7f5fc4a00000 r--s 00005000 08:04 823019                     /home/robinson/.gradle/wrapper/dists/gradle-3.3-all/55gk2rcmfc6p2dg9u9ohc3hw9/gradle-3.3/lib/plugins/jatl-0.2.2.jar
7f5fc4a00000-7f5fc4a02000 r--s 0000f000 08:04 822972                     /home/robinson/.gradle/wrapper/dists/gradle-3.3-all/55gk2rcmfc6p2dg9u9ohc3hw9/gradle-3.3/lib/plugins/gradle-reporting-3.3.jar
7f5fc4a02000-7f5fc4a04000 r--s 00002000 08:04 822973                     /home/robinson/.gradle/wrapper/dists/gradle-3.3-all/55gk2rcmfc6p2dg9u9ohc3hw9/gradle-3.3/lib/plugins/gradle-publish-3.3.jar
7f5fc4a04000-7f5fc4a06000 r--s 00009000 08:04 823002                     /home/robinson/.gradle/wrapper/dists/gradle-3.3-all/55gk2rcmfc6p2dg9u9ohc3hw9/gradle-3.3/lib/plugins/commons-cli-1.2.jar
7f5fc4a06000-7f5fc4a0c000 r--s 00031000 08:04 822958                     /home/robinson/.gradle/wrapper/dists/gradle-3.3-all/55gk2rcmfc6p2dg9u9ohc3hw9/gradle-3.3/lib/plugins/gradle-plugins-3.3.jar
7f5fc4a0c000-7f5fc4a0e000 r--s 00009000 08:04 822991                     /home/robinson/.gradle/wrapper/dists/gradle-3.3-all/55gk2rcmfc6p2dg9u9ohc3hw9/gradle-3.3/lib/plugins/gradle-plugin-development-3.3.jar
7f5fc4a0e000-7f5fc4a14000 r--s 0002b000 08:04 822984                     /home/robinson/.gradle/wrapper/dists/gradle-3.3-all/55gk2rcmfc6p2dg9u9ohc3hw9/gradle-3.3/lib/plugins/gradle-platform-play-3.3.jar
7f5fc4a14000-7f5fc4a22000 r--s 00055000 08:04 822983                     /home/robinson/.gradle/wrapper/dists/gradle-3.3-all/55gk2rcmfc6p2dg9u9ohc3hw9/gradle-3.3/lib/plugins/gradle-platform-native-3.3.jar
7f5fc4a22000-7f5fc4a27000 r--s 0001f000 08:04 822978                     /home/robinson/.gradle/wrapper/dists/gradle-3.3-all/55gk2rcmfc6p2dg9u9ohc3hw9/gradle-3.3/lib/plugins/gradle-platform-jvm-3.3.jar
7f5fc4a27000-7f5fc4a2f000 r--s 00027000 08:04 822977                     /home/robinson/.gradle/wrapper/dists/gradle-3.3-all/55gk2rcmfc6p2dg9u9ohc3hw9/gradle-3.3/lib/plugins/gradle-platform-base-3.3.jar
7f5fc4a2f000-7f5fc4a57000 r--s 0021c000 08:04 823010                     /home/robinson/.gradle/wrapper/dists/gradle-3.3-all/55gk2rcmfc6p2dg9u9ohc3hw9/gradle-3.3/lib/plugins/biz.aQute.bndlib-3.2.0.jar
7f5fc4a57000-7f5fc4a59000 r--s 00003000 08:04 822962                     /home/robinson/.gradle/wrapper/dists/gradle-3.3-all/55gk2rcmfc6p2dg9u9ohc3hw9/gradle-3.3/lib/plugins/gradle-osgi-3.3.jar
7f5fc4a59000-7f5fc4a5c000 r--s 0000c000 08:04 823013                     /home/robinson/.gradle/wrapper/dists/gradle-3.3-all/55gk2rcmfc6p2dg9u9ohc3hw9/gradle-3.3/lib/plugins/pmaven-groovy-0.8-20100325.jar
7f5fc4a5c000-7f5fc4a5d000 r--s 00004000 08:04 823012                     /home/robinson/.gradle/wrapper/dists/gradle-3.3-all/55gk2rcmfc6p2dg9u9ohc3hw9/gradle-3.3/lib/plugins/pmaven-common-0.8-20100325.jar
7f5fc4a5d000-7f5fc4a63000 r--s 00023000 08:04 822963                     /home/robinson/.gradle/wrapper/dists/gradle-3.3-all/55gk2rcmfc6p2dg9u9ohc3hw9/gradle-3.3/lib/plugins/gradle-maven-3.3.jar
7f5fc4a63000-7f5fc4a66000 r--s 0000b000 08:04 822982                     /home/robinson/.gradle/wrapper/dists/gradle-3.3-all/55gk2rcmfc6p2dg9u9ohc3hw9/gradle-3.3/lib/plugins/gradle-language-scala-3.3.jar
7f5fc4a66000-7f5fc4a6c000 r--s 0001a000 08:04 822986                     /home/robinson/.gradle/wrapper/dists/gradle-3.3-all/55gk2rcmfc6p2dg9u9ohc3hw9/gradle-3.3/lib/plugins/gradle-language-native-3.3.jar
7f5fc4a6c000-7f5fc4a6f000 r--s 00005000 08:04 822979                     /home/robinson/.gradle/wrapper/dists/gradle-3.3-all/55gk2rcmfc6p2dg9u9ohc3hw9/gradle-3.3/lib/plugins/gradle-language-jvm-3.3.jar
7f5fc4a6f000-7f5fc4a75000 r--s 00027000 08:04 822980                     /home/robinson/.gradle/wrapper/dists/gradle-3.3-all/55gk2rcmfc6p2dg9u9ohc3hw9/gradle-3.3/lib/plugins/gradle-language-java-3.3.jar
7f5fc4a75000-7f5fc4a77000 r--s 0000a000 08:04 822981                     /home/robinson/.gradle/wrapper/dists/gradle-3.3-all/55gk2rcmfc6p2dg9u9ohc3hw9/gradle-3.3/lib/plugins/gradle-language-groovy-3.3.jar
7f5fc4a77000-7f5fc4a7a000 r--s 0001e000 08:04 823037                     /home/robinson/.gradle/wrapper/dists/gradle-3.3-all/55gk2rcmfc6p2dg9u9ohc3hw9/gradle-3.3/lib/plugins/jsp-api-2.1-6.1.14.jar
7f5fc4a7a000-7f5fc4a9d000 r--s 00344000 08:04 823036                     /home/robinson/.gradle/wrapper/dists/gradle-3.3-all/55gk2rcmfc6p2dg9u9ohc3hw9/gradle-3.3/lib/plugins/core-3.1.1.jar
7f5fc4a9d000-7f5fc4a9e000 r--s 00006000 08:04 823035                     /home/robinson/.gradle/wrapper/dists/gradle-3.3-all/55gk2rcmfc6p2dg9u9ohc3hw9/gradle-3.3/lib/plugins/jetty-naming-6.1.26.jar
7f5fc4a9e000-7f5fc4a9f000 r--s 00002000 08:04 823009                     /home/robinson/.gradle/wrapper/dists/gradle-3.3-all/55gk2rcmfc6p2dg9u9ohc3hw9/gradle-3.3/lib/plugins/geronimo-annotation_1.0_spec-1.0.jar
7f5fc4a9f000-7f5fc4aa1000 r--s 00002000 08:04 823008                     /home/robinson/.gradle/wrapper/dists/gradle-3.3-all/55gk2rcmfc6p2dg9u9ohc3hw9/gradle-3.3/lib/plugins/jetty-annotations-6.1.26.jar
7f5fc4aa1000-7f5fc4ab2000 r--s 000ea000 08:04 823007                     /home/robinson/.gradle/wrapper/dists/gradle-3.3-all/55gk2rcmfc6p2dg9u9ohc3hw9/gradle-3.3/lib/plugins/jsp-2.1-6.1.14.jar
7f5fc4ab2000-7f5fc4ab4000 r--s 0000d000 08:04 823006                     /home/robinson/.gradle/wrapper/dists/gradle-3.3-all/55gk2rcmfc6p2dg9u9ohc3hw9/gradle-3.3/lib/plugins/jetty-plus-6.1.26.jar
7f5fc4ab4000-7f5fc4ab6000 r--s 0001f000 08:04 823005                     /home/robinson/.gradle/wrapper/dists/gradle-3.3-all/55gk2rcmfc6p2dg9u9ohc3hw9/gradle-3.3/lib/plugins/servlet-api-2.5-20081211.jar
7f5fc4ab6000-7f5fc4aba000 r--s 00028000 08:04 823004                     /home/robinson/.gradle/wrapper/dists/gradle-3.3-all/55gk2rcmfc6p2dg9u9ohc3hw9/gradle-3.3/lib/plugins/jetty-util-6.1.26.jar
7f5fc4aba000-7f5fc4ac1000 r--s 0007d000 08:04 823003                     /home/robinson/.gradle/wrapper/dists/gradle-3.3-all/55gk2rcmfc6p2dg9u9ohc3hw9/gradle-3.3/lib/plugins/jetty-6.1.26.jar
7f5fc4ac1000-7f5fc4ac3000 r--s 0000a000 08:04 822960                     /home/robinson/.gradle/wrapper/dists/gradle-3.3-all/55gk2rcmfc6p2dg9u9ohc3hw9/gradle-3.3/lib/plugins/gradle-jetty-3.3.jar
7f5fc4ac3000-7f5fc4aca000 r--s 00035000 08:04 823018                     /home/robinson/.gradle/wrapper/dists/gradle-3.3-all/55gk2rcmfc6p2dg9u9ohc3hw9/gradle-3.3/lib/plugins/simple-4.1.21.jar
7f5fc4aca000-7f5fc4ad6000 r--s 00100000 08:04 823016                     /home/robinson/.gradle/wrapper/dists/gradle-3.3-all/55gk2rcmfc6p2dg9u9ohc3hw9/gradle-3.3/lib/plugins/rhino-1.7R3.jar
7f5fc4ad6000-7f5fc4ada000 r--s 00012000 08:04 822969                     /home/robinson/.gradle/wrapper/dists/gradle-3.3-all/55gk2rcmfc6p2dg9u9ohc3hw9/gradle-3.3/lib/plugins/gradle-javascript-3.3.jar
7f5fc4ada000-7f5fc4adc000 r--s 0000d000 08:04 822975                     /home/robinson/.gradle/wrapper/dists/gradle-3.3-all/55gk2rcmfc6p2dg9u9ohc3hw9/gradle-3.3/lib/plugins/gradle-jacoco-3.3.jar
7f5fc4adc000-7f5fc4adf000 r--s 0000e000 08:04 822974                     /home/robinson/.gradle/wrapper/dists/gradle-3.3-all/55gk2rcmfc6p2dg9u9ohc3hw9/gradle-3.3/lib/plugins/gradle-ivy-3.3.jar
7f5fc4adf000-7f5fc4ae0000 r--s 00002000 08:04 822985                     /home/robinson/.gradle/wrapper/dists/gradle-3.3-all/55gk2rcmfc6p2dg9u9ohc3hw9/gradle-3.3/lib/plugins/gradle-ide-play-3.3.jar
7f5fc4ae0000-7f5fc4ae3000 r--s 00013000 08:04 822987                     /home/robinson/.gradle/wrapper/dists/gradle-3.3-all/55gk2rcmfc6p2dg9u9ohc3hw9/gradle-3.3/lib/plugins/gradle-ide-native-3.3.jar
7f5fc4ae3000-7f5fc4aec000 r--s 00055000 08:04 822964                     /home/robinson/.gradle/wrapper/dists/gradle-3.3-all/55gk2rcmfc6p2dg9u9ohc3hw9/gradle-3.3/lib/plugins/gradle-ide-3.3.jar
7f5fc4aec000-7f5fc4aee000 r--s 00007000 08:04 822968                     /home/robinson/.gradle/wrapper/dists/gradle-3.3-all/55gk2rcmfc6p2dg9u9ohc3hw9/gradle-3.3/lib/plugins/gradle-ear-3.3.jar
7f5fc4aee000-7f5fc4af4000 r--s 00039000 08:04 822971                     /home/robinson/.gradle/wrapper/dists/gradle-3.3-all/55gk2rcmfc6p2dg9u9ohc3hw9/gradle-3.3/lib/plugins/gradle-diagnostics-3.3.jar
7f5fc4af4000-7f5fc4af5000 r--s 00009000 08:04 822997                     /home/robinson/.gradle/wrapper/dists/gradle-3.3-all/55gk2rcmfc6p2dg9u9ohc3hw9/gradle-3.3/lib/plugins/gradle-composite-builds-3.3.jar
7f5fc4af5000-7f5fc4af9000 r--s 00023000 08:04 822959                     /home/robinson/.gradle/wrapper/dists/gradle-3.3-all/55gk2rcmfc6p2dg9u9ohc3hw9/gradle-3.3/lib/plugins/gradle-code-quality-3.3.jar
7f5fc4af9000-7f5fc4afd000 r--s 00022000 08:04 822976                     /home/robinson/.gradle/wrapper/dists/gradle-3.3-all/55gk2rcmfc6p2dg9u9ohc3hw9/gradle-3.3/lib/plugins/gradle-build-init-3.3.jar
7f5fc4afd000-7f5fc4b03000 r--s 0008e000 08:04 822970                     /home/robinson/.gradle/wrapper/dists/gradle-3.3-all/55gk2rcmfc6p2dg9u9ohc3hw9/gradle-3.3/lib/plugins/gradle-build-comparison-3.3.jar
7f5fc4b03000-7f5fc4b04000 r--s 00001000 08:04 822998                     /home/robinson/.gradle/wrapper/dists/gradle-3.3-all/55gk2rcmfc6p2dg9u9ohc3hw9/gradle-3.3/lib/plugins/gradle-build-cache-http-3.3.jar
7f5fc4b04000-7f5fc4b06000 r--s 00008000 08:04 822961                     /home/robinson/.gradle/wrapper/dists/gradle-3.3-all/55gk2rcmfc6p2dg9u9ohc3hw9/gradle-3.3/lib/plugins/gradle-antlr-3.3.jar
7f5fc4b06000-7f5fc4b08000 r--s 00004000 08:04 822965                     /home/robinson/.gradle/wrapper/dists/gradle-3.3-all/55gk2rcmfc6p2dg9u9ohc3hw9/gradle-3.3/lib/plugins/gradle-announce-3.3.jar
7f5fc4b08000-7f5fc4b20000 r--s 00115000 08:04 823067                     /home/robinson/.gradle/wrapper/dists/gradle-3.3-all/55gk2rcmfc6p2dg9u9ohc3hw9/gradle-3.3/lib/plugins/xercesImpl-2.9.1.jar
7f5fc4b20000-7f5fc4b28000 r--s 00028000 08:04 823068                     /home/robinson/.gradle/wrapper/dists/gradle-3.3-all/55gk2rcmfc6p2dg9u9ohc3hw9/gradle-3.3/lib/plugins/xml-apis-1.3.04.jar
7f5fc4b28000-7f5fc4b2e000 r--s 0005b000 08:04 823066                     /home/robinson/.gradle/wrapper/dists/gradle-3.3-all/55gk2rcmfc6p2dg9u9ohc3hw9/gradle-3.3/lib/plugins/jcifs-1.3.17.jar
7f5fc4b2e000-7f5fc4b34000 r--s 00033000 08:04 823014                     /home/robinson/.gradle/wrapper/dists/gradle-3.3-all/55gk2rcmfc6p2dg9u9ohc3hw9/gradle-3.3/lib/plugins/commons-codec-1.6.jar
7f5fc4b34000-7f5fc4b3b000 r--s 00049000 08:04 823065                     /home/robinson/.gradle/wrapper/dists/gradle-3.3-all/55gk2rcmfc6p2dg9u9ohc3hw9/gradle-3.3/lib/plugins/httpcore-4.4.4.jar
7f5fc4b3b000-7f5fc4b3e000 r--s 0001c000 08:04 823023                     /home/robinson/.gradle/wrapper/dists/gradle-3.3-all/55gk2rcmfc6p2dg9u9ohc3hw9/gradle-3.3/lib/plugins/nekohtml-1.9.14.jar
7f5fc4b3e000-7f5fc4b4b000 r--s 000a4000 08:04 823022                     /home/robinson/.gradle/wrapper/dists/gradle-3.3-all/55gk2rcmfc6p2dg9u9ohc3hw9/gradle-3.3/lib/plugins/httpclient-4.4.1.jar
7f5fc4b4b000-7f5fc4b4e000 r--s 0000a000 08:04 822993                     /home/robinson/.gradle/wrapper/dists/gradle-3.3-all/55gk2rcmfc6p2dg9u9ohc3hw9/gradle-3.3/lib/plugins/gradle-resources-http-3.3.jar
7f5fc4b4e000-7f5fc4b52000 r--s 00015000 08:04 822992                     /home/robinson/.gradle/wrapper/dists/gradle-3.3-all/55gk2rcmfc6p2dg9u9ohc3hw9/gradle-3.3/lib/plugins/gradle-plugin-use-3.3.jar
7f5fc4b52000-7f5fc4b53000 r--s 00000000 08:04 822904                     /home/robinson/.gradle/wrapper/dists/gradle-3.3-all/55gk2rcmfc6p2dg9u9ohc3hw9/gradle-3.3/lib/gradle-installation-beacon-3.3.jar
7f5fc4b53000-7f5fc4b55000 r--s 00006000 08:04 823061                     /home/robinson/.gradle/wrapper/dists/gradle-3.3-all/55gk2rcmfc6p2dg9u9ohc3hw9/gradle-3.3/lib/plugins/aether-connector-wagon-1.13.1.jar
7f5fc4b55000-7f5fc4b59000 r--s 0001c000 08:04 823060                     /home/robinson/.gradle/wrapper/dists/gradle-3.3-all/55gk2rcmfc6p2dg9u9ohc3hw9/gradle-3.3/lib/plugins/aether-util-1.13.1.jar
7f5fc4b59000-7f5fc4b5a000 r--s 00003000 08:04 823059                     /home/robinson/.gradle/wrapper/dists/gradle-3.3-all/55gk2rcmfc6p2dg9u9ohc3hw9/gradle-3.3/lib/plugins/aether-spi-1.13.1.jar
7f5fc4b5a000-7f5fc4b5d000 r--s 0001d000 08:04 823058                     /home/robinson/.gradle/wrapper/dists/gradle-3.3-all/55gk2rcmfc6p2dg9u9ohc3hw9/gradle-3.3/lib/plugins/aether-impl-1.13.1.jar
7f5fc4b5d000-7f5fc4b60000 r--s 00013000 08:04 823057                     /home/robinson/.gradle/wrapper/dists/gradle-3.3-all/55gk2rcmfc6p2dg9u9ohc3hw9/gradle-3.3/lib/plugins/aether-api-1.13.1.jar
7f5fc4b60000-7f5fc4b61000 r--s 00007000 08:04 823056                     /home/robinson/.gradle/wrapper/dists/gradle-3.3-all/55gk2rcmfc6p2dg9u9ohc3hw9/gradle-3.3/lib/plugins/wagon-http-shared4-2.4.jar
7f5fc4b61000-7f5fc4b63000 r--s 0000b000 08:04 823055                     /home/robinson/.gradle/wrapper/dists/gradle-3.3-all/55gk2rcmfc6p2dg9u9ohc3hw9/gradle-3.3/lib/plugins/wagon-provider-api-2.4.jar
7f5fc4b63000-7f5fc4b64000 r--s 00002000 08:04 823054                     /home/robinson/.gradle/wrapper/dists/gradle-3.3-all/55gk2rcmfc6p2dg9u9ohc3hw9/gradle-3.3/lib/plugins/wagon-http-2.4.jar
7f5fc4b64000-7f5fc4b65000 r--s 00002000 08:04 823053                     /home/robinson/.gradle/wrapper/dists/gradle-3.3-all/55gk2rcmfc6p2dg9u9ohc3hw9/gradle-3.3/lib/plugins/wagon-file-2.4.jar
7f5fc4b65000-7f5fc4b67000 r--s 0000c000 08:04 823052                     /home/robinson/.gradle/wrapper/dists/gradle-3.3-all/55gk2rcmfc6p2dg9u9ohc3hw9/gradle-3.3/lib/plugins/maven-aether-provider-3.0.4.jar
7f5fc4b67000-7f5fc4b69000 r--s 0000b000 08:04 823051                     /home/robinson/.gradle/wrapper/dists/gradle-3.3-all/55gk2rcmfc6p2dg9u9ohc3hw9/gradle-3.3/lib/plugins/maven-plugin-api-3.0.4.jar
7f5fc4b69000-7f5fc4b6b000 r--s 00006000 08:04 823050                     /home/robinson/.gradle/wrapper/dists/gradle-3.3-all/55gk2rcmfc6p2dg9u9ohc3hw9/gradle-3.3/lib/plugins/maven-repository-metadata-3.0.4.jar
7f5fc4b6b000-7f5fc4b6d000 r--s 0000b000 08:04 823049                     /home/robinson/.gradle/wrapper/dists/gradle-3.3-all/55gk2rcmfc6p2dg9u9ohc3hw9/gradle-3.3/lib/plugins/maven-artifact-3.0.4.jar
7f5fc4b6d000-7f5fc4b6f000 r--s 00026000 08:04 823048                     /home/robinson/.gradle/wrapper/dists/gradle-3.3-all/55gk2rcmfc6p2dg9u9ohc3hw9/gradle-3.3/lib/plugins/maven-model-3.0.4.jar
7f5fc4b6f000-7f5fc4b73000 r--s 00021000 08:04 823047                     /home/robinson/.gradle/wrapper/dists/gradle-3.3-all/55gk2rcmfc6p2dg9u9ohc3hw9/gradle-3.3/lib/plugins/maven-model-builder-3.0.4.jar
7f5fc4b73000-7f5fc4b79000 r--s 0003f000 08:04 823046                     /home/robinson/.gradle/wrapper/dists/gradle-3.3-all/55gk2rcmfc6p2dg9u9ohc3hw9/gradle-3.3/lib/plugins/maven-compat-3.0.4.jar
7f5fc4b79000-7f5fc4b7b000 r--s 00002000 08:04 823044                     /home/robinson/.gradle/wrapper/dists/gradle-3.3-all/55gk2rcmfc6p2dg9u9ohc3hw9/gradle-3.3/lib/plugins/plexus-cipher-1.7.jar
7f5fc4b7b000-7f5fc4b7d000 r--s 0000a000 08:04 823043                     /home/robinson/.gradle/wrapper/dists/gradle-3.3-all/55gk2rcmfc6p2dg9u9ohc3hw9/gradle-3.3/lib/plugins/plexus-classworlds-2.4.jar
7f5fc4b7d000-7f5fc4b84000 r--s 0002e000 08:04 823042                     /home/robinson/.gradle/wrapper/dists/gradle-3.3-all/55gk2rcmfc6p2dg9u9ohc3hw9/gradle-3.3/lib/plugins/plexus-container-default-1.5.5.jar
7f5fc4b84000-7f5fc4b86000 r--s 00000000 08:04 823069                     /home/robinson/.gradle/wrapper/dists/gradle-3.3-all/55gk2rcmfc6p2dg9u9ohc3hw9/gradle-3.3/lib/plugins/plexus-component-annotations-1.5.5.jar
7f5fc4b86000-7f5fc4b88000 r--s 0000d000 08:04 823041                     /home/robinson/.gradle/wrapper/dists/gradle-3.3-all/55gk2rcmfc6p2dg9u9ohc3hw9/gradle-3.3/lib/plugins/plexus-interpolation-1.14.jar
7f5fc4b88000-7f5fc4b8c000 r--s 00033000 08:04 823040                     /home/robinson/.gradle/wrapper/dists/gradle-3.3-all/55gk2rcmfc6p2dg9u9ohc3hw9/gradle-3.3/lib/plugins/plexus-utils-2.0.6.jar
7f5fc4b8c000-7f5fc4b8f000 r--s 00008000 08:04 823039                     /home/robinson/.gradle/wrapper/dists/gradle-3.3-all/55gk2rcmfc6p2dg9u9ohc3hw9/gradle-3.3/lib/plugins/maven-settings-builder-3.0.4.jar
7f5fc4b8f000-7f5fc4b91000 r--s 0000a000 08:04 823038                     /home/robinson/.gradle/wrapper/dists/gradle-3.3-all/55gk2rcmfc6p2dg9u9ohc3hw9/gradle-3.3/lib/plugins/maven-settings-3.0.4.jar
7f5fc4b91000-7f5fc4b96000 r--s 00040000 08:04 823024                     /home/robinson/.gradle/wrapper/dists/gradle-3.3-all/55gk2rcmfc6p2dg9u9ohc3hw9/gradle-3.3/lib/plugins/jsch-0.1.53.jar
7f5fc4b96000-7f5fc4bd6000 r--s 00277000 08:04 823034                     /home/robinson/.gradle/wrapper/dists/gradle-3.3-all/55gk2rcmfc6p2dg9u9ohc3hw9/gradle-3.3/lib/plugins/bcprov-jdk15on-1.51.jar
7f5fc4bd6000-7f5fc4bda000 r--s 0001d000 08:04 823033                     /home/robinson/.gradle/wrapper/dists/gradle-3.3-all/55gk2rcmfc6p2dg9u9ohc3hw9/gradle-3.3/lib/plugins/xbean-reflect-3.4.jar
7f5fc4bda000-7f5fc4be6000 r--s 0007d000 08:04 823011                     /home/robinson/.gradle/wrapper/dists/gradle-3.3-all/55gk2rcmfc6p2dg9u9ohc3hw9/gradle-3.3/lib/plugins/maven-core-3.0.4.jar
7f5fc4be6000-7f5fc4beb000 r--s 00034000 08:04 823017                     /home/robinson/.gradle/wrapper/dists/gradle-3.3-all/55gk2rcmfc6p2dg9u9ohc3hw9/gradle-3.3/lib/plugins/gson-2.7.jar
7f5fc4beb000-7f5fc4bfa000 r--s 000d9000 08:04 823032                     /home/robinson/.gradle/wrapper/dists/gradle-3.3-all/55gk2rcmfc6p2dg9u9ohc3hw9/gradle-3.3/lib/plugins/ivy-2.2.0.jar
7f5fc4bfa000-7f5fc4c10000 r-xp 00000000 08:04 660766                     /lib/x86_64-linux-gnu/libgcc_s.so.1
7f5fc4c10000-7f5fc4e0f000 ---p 00016000 08:04 660766                     /lib/x86_64-linux-gnu/libgcc_s.so.1
7f5fc4e0f000-7f5fc4e10000 rw-p 00015000 08:04 660766                     /lib/x86_64-linux-gnu/libgcc_s.so.1
7f5fc4e10000-7f5fc4f82000 r-xp 00000000 08:04 2502749                    /usr/lib/x86_64-linux-gnu/libstdc++.so.6.0.21
7f5fc4f82000-7f5fc5182000 ---p 00172000 08:04 2502749                    /usr/lib/x86_64-linux-gnu/libstdc++.so.6.0.21
7f5fc5182000-7f5fc518c000 r--p 00172000 08:04 2502749                    /usr/lib/x86_64-linux-gnu/libstdc++.so.6.0.21
7f5fc518c000-7f5fc518e000 rw-p 0017c000 08:04 2502749                    /usr/lib/x86_64-linux-gnu/libstdc++.so.6.0.21
7f5fc518e000-7f5fc5192000 rw-p 00000000 00:00 0 
7f5fc5192000-7f5fc5193000 r--s 00006000 08:04 823045                     /home/robinson/.gradle/wrapper/dists/gradle-3.3-all/55gk2rcmfc6p2dg9u9ohc3hw9/gradle-3.3/lib/plugins/plexus-sec-dispatcher-1.3.jar
7f5fc5193000-7f5fc51b2000 r--s 000f6000 08:04 823000                     /home/robinson/.gradle/wrapper/dists/gradle-3.3-all/55gk2rcmfc6p2dg9u9ohc3hw9/gradle-3.3/lib/plugins/gradle-dependency-management-3.3.jar
7f5fc51b2000-7f5fc51b4000 r--s 00005000 08:04 822999                     /home/robinson/.gradle/wrapper/dists/gradle-3.3-all/55gk2rcmfc6p2dg9u9ohc3hw9/gradle-3.3/lib/plugins/gradle-workers-3.3.jar
7f5fc51b4000-7f5fc51b9000 r-xp 00000000 08:04 668041                     /home/robinson/.gradle/native/23/linux-amd64/libnative-platform.so
7f5fc51b9000-7f5fc53b8000 ---p 00005000 08:04 668041                     /home/robinson/.gradle/native/23/linux-amd64/libnative-platform.so
7f5fc53b8000-7f5fc53b9000 rw-p 00004000 08:04 668041                     /home/robinson/.gradle/native/23/linux-amd64/libnative-platform.so
7f5fc53b9000-7f5fc53ca000 r-xp 00000000 08:04 1059448                    /home/robinson/.local/share/umake/android/android-studio/jre/jre/lib/amd64/libnio.so
7f5fc53ca000-7f5fc55c9000 ---p 00011000 08:04 1059448                    /home/robinson/.local/share/umake/android/android-studio/jre/jre/lib/amd64/libnio.so
7f5fc55c9000-7f5fc55ca000 r--p 00010000 08:04 1059448                    /home/robinson/.local/share/umake/android/android-studio/jre/jre/lib/amd64/libnio.so
7f5fc55ca000-7f5fc55cb000 rw-p 00011000 08:04 1059448                    /home/robinson/.local/share/umake/android/android-studio/jre/jre/lib/amd64/libnio.so
7f5fc55cb000-7f5fc58cc000 rw-p 00000000 00:00 0 
7f5fc58cc000-7f5fc58e3000 r-xp 00000000 08:04 1059447                    /home/robinson/.local/share/umake/android/android-studio/jre/jre/lib/amd64/libnet.so
7f5fc58e3000-7f5fc5ae2000 ---p 00017000 08:04 1059447                    /home/robinson/.local/share/umake/android/android-studio/jre/jre/lib/amd64/libnet.so
7f5fc5ae2000-7f5fc5ae3000 r--p 00016000 08:04 1059447                    /home/robinson/.local/share/umake/android/android-studio/jre/jre/lib/amd64/libnet.so
7f5fc5ae3000-7f5fc5ae4000 rw-p 00017000 08:04 1059447                    /home/robinson/.local/share/umake/android/android-studio/jre/jre/lib/amd64/libnet.so
7f5fc5ae4000-7f5fc5ae5000 r--s 00006000 08:04 822903                     /home/robinson/.gradle/wrapper/dists/gradle-3.3-all/55gk2rcmfc6p2dg9u9ohc3hw9/gradle-3.3/lib/gradle-wrapper-3.3.jar
7f5fc5ae5000-7f5fc5af2000 r--s 00041000 08:04 822910                     /home/robinson/.gradle/wrapper/dists/gradle-3.3-all/55gk2rcmfc6p2dg9u9ohc3hw9/gradle-3.3/lib/gradle-tooling-api-3.3.jar
7f5fc5af2000-7f5fc5af4000 r--s 00002000 08:04 822930                     /home/robinson/.gradle/wrapper/dists/gradle-3.3-all/55gk2rcmfc6p2dg9u9ohc3hw9/gradle-3.3/lib/gradle-open-api-3.3.jar
7f5fc5af4000-7f5fc5afa000 r--s 00032000 08:04 822932                     /home/robinson/.gradle/wrapper/dists/gradle-3.3-all/55gk2rcmfc6p2dg9u9ohc3hw9/gradle-3.3/lib/jaxen-1.1.jar
7f5fc5afa000-7f5fc5aff000 r--s 00048000 08:04 822931                     /home/robinson/.gradle/wrapper/dists/gradle-3.3-all/55gk2rcmfc6p2dg9u9ohc3hw9/gradle-3.3/lib/dom4j-1.6.1.jar
7f5fc5aff000-7f5fc5b0a000 r--s 00059000 08:04 822909                     /home/robinson/.gradle/wrapper/dists/gradle-3.3-all/55gk2rcmfc6p2dg9u9ohc3hw9/gradle-3.3/lib/gradle-ui-3.3.jar
7f5fc5b0a000-7f5fc5b13000 r--s 0008c000 08:04 822901                     /home/robinson/.gradle/wrapper/dists/gradle-3.3-all/55gk2rcmfc6p2dg9u9ohc3hw9/gradle-3.3/lib/kotlin-stdlib-1.1-M02.jar
7f5fc5b13000-7f5fc5b19000 r--s 0002a000 08:04 822900                     /home/robinson/.gradle/wrapper/dists/gradle-3.3-all/55gk2rcmfc6p2dg9u9ohc3hw9/gradle-3.3/lib/kotlin-runtime-1.1-M02.jar
7f5fc5b19000-7f5fc5b4d000 r--s 00256000 08:04 822899                     /home/robinson/.gradle/wrapper/dists/gradle-3.3-all/55gk2rcmfc6p2dg9u9ohc3hw9/gradle-3.3/lib/kotlin-reflect-1.1-M02.jar
7f5fc5b4d000-7f5fc5ce3000 r--s 0157e000 08:04 822898                     /home/robinson/.gradle/wrapper/dists/gradle-3.3-all/55gk2rcmfc6p2dg9u9ohc3hw9/gradle-3.3/lib/kotlin-compiler-embeddable-1.1-M02.jar
7f5fc5ce3000-7f5fc5ceb000 r--s 0004e000 08:04 822897                     /home/robinson/.gradle/wrapper/dists/gradle-3.3-all/55gk2rcmfc6p2dg9u9ohc3hw9/gradle-3.3/lib/gradle-script-kotlin-0.5.1.jar
7f5fc5ceb000-7f5fc5cee000 r--s 0000b000 08:04 822928                     /home/robinson/.gradle/wrapper/dists/gradle-3.3-all/55gk2rcmfc6p2dg9u9ohc3hw9/gradle-3.3/lib/gradle-resources-3.3.jar
7f5fc5cee000-7f5fc5cf0000 r--s 00003000 08:04 822937                     /home/robinson/.gradle/wrapper/dists/gradle-3.3-all/55gk2rcmfc6p2dg9u9ohc3hw9/gradle-3.3/lib/jcl-over-slf4j-1.7.10.jar
7f5fc5cf0000-7f5fc5cf1000 r--s 00005000 08:04 822936                     /home/robinson/.gradle/wrapper/dists/gradle-3.3-all/55gk2rcmfc6p2dg9u9ohc3hw9/gradle-3.3/lib/log4j-over-slf4j-1.7.10.jar
7f5fc5cf1000-7f5fc5cf3000 r--s 00000000 08:04 822935                     /home/robinson/.gradle/wrapper/dists/gradle-3.3-all/55gk2rcmfc6p2dg9u9ohc3hw9/gradle-3.3/lib/jul-to-slf4j-1.7.10.jar
7f5fc5cf3000-7f5fc5cf8000 r--s 0001e000 08:04 822912                     /home/robinson/.gradle/wrapper/dists/gradle-3.3-all/55gk2rcmfc6p2dg9u9ohc3hw9/gradle-3.3/lib/gradle-logging-3.3.jar
7f5fc5cf8000-7f5fc5cfa000 r--s 00007000 08:04 822956                     /home/robinson/.gradle/wrapper/dists/gradle-3.3-all/55gk2rcmfc6p2dg9u9ohc3hw9/gradle-3.3/lib/objenesis-1.2.jar
7f5fc5cfa000-7f5fc5cfc000 r--s 00000000 08:04 822955                     /home/robinson/.gradle/wrapper/dists/gradle-3.3-all/55gk2rcmfc6p2dg9u9ohc3hw9/gradle-3.3/lib/minlog-1.2.jar
7f5fc5cfc000-7f5fc5cfe000 r--s 0000f000 08:04 822954                     /home/robinson/.gradle/wrapper/dists/gradle-3.3-all/55gk2rcmfc6p2dg9u9ohc3hw9/gradle-3.3/lib/reflectasm-1.07-shaded.jar
7f5fc5cfe000-7f5fc5d02000 r--s 00026000 08:04 822939                     /home/robinson/.gradle/wrapper/dists/gradle-3.3-all/55gk2rcmfc6p2dg9u9ohc3hw9/gradle-3.3/lib/kryo-2.20.jar
7f5fc5d02000-7f5fc5d08000 r--s 00027000 08:04 822927                     /home/robinson/.gradle/wrapper/dists/gradle-3.3-all/55gk2rcmfc6p2dg9u9ohc3hw9/gradle-3.3/lib/gradle-messaging-3.3.jar
7f5fc5d08000-7f5fc5d09000 r--s 00001000 08:04 822953                     /home/robinson/.gradle/wrapper/dists/gradle-3.3-all/55gk2rcmfc6p2dg9u9ohc3hw9/gradle-3.3/lib/native-platform-linux-i386-ncurses6-0.12.jar
7f5fc5d09000-7f5fc5d0a000 r--s 00001000 08:04 822952                     /home/robinson/.gradle/wrapper/dists/gradle-3.3-all/55gk2rcmfc6p2dg9u9ohc3hw9/gradle-3.3/lib/native-platform-linux-i386-ncurses5-0.12.jar
7f5fc5d0a000-7f5fc5d0b000 r--s 00001000 08:04 822951                     /home/robinson/.gradle/wrapper/dists/gradle-3.3-all/55gk2rcmfc6p2dg9u9ohc3hw9/gradle-3.3/lib/native-platform-linux-amd64-ncurses6-0.12.jar
7f5fc5d0b000-7f5fc5d0c000 r--s 00001000 08:04 822950                     /home/robinson/.gradle/wrapper/dists/gradle-3.3-all/55gk2rcmfc6p2dg9u9ohc3hw9/gradle-3.3/lib/native-platform-linux-amd64-ncurses5-0.12.jar
7f5fc5d0c000-7f5fc5d0d000 r--s 0000b000 08:04 822949                     /home/robinson/.gradle/wrapper/dists/gradle-3.3-all/55gk2rcmfc6p2dg9u9ohc3hw9/gradle-3.3/lib/native-platform-windows-i386-0.12.jar
7f5fc5d0d000-7f5fc5d1c000 r--s 0007f000 08:04 822918                     /home/robinson/.gradle/wrapper/dists/gradle-3.3-all/55gk2rcmfc6p2dg9u9ohc3hw9/gradle-3.3/lib/gradle-model-core-3.3.jar
7f5fc5d1c000-7f5fc5d8c000 r--s 00641000 08:04 822917                     /home/robinson/.gradle/wrapper/dists/gradle-3.3-all/55gk2rcmfc6p2dg9u9ohc3hw9/gradle-3.3/lib/groovy-all-2.4.7.jar
7f5fc5d8c000-7f5fc5db4000 r--s 001cf000 08:04 822914                     /home/robinson/.gradle/wrapper/dists/gradle-3.3-all/55gk2rcmfc6p2dg9u9ohc3hw9/gradle-3.3/lib/guava-jdk5-17.0.jar
7f5fc5db4000-7f5fc5dd3000 r--s 001d1000 08:04 822921                     /home/robinson/.gradle/wrapper/dists/gradle-3.3-all/55gk2rcmfc6p2dg9u9ohc3hw9/gradle-3.3/lib/ant-1.9.6.jar
7f5fc5dd3000-7f5fc5e10000 r--s 001f8000 08:04 822907                     /home/robinson/.gradle/wrapper/dists/gradle-3.3-all/55gk2rcmfc6p2dg9u9ohc3hw9/gradle-3.3/lib/gradle-core-3.3.jar
7f5fc5e10000-7f5fc5e11000 ---p 00000000 00:00 0 
7f5fc5e11000-7f5fc5f11000 rw-p 00000000 00:00 0 
7f5fc5f11000-7f5fc5f14000 ---p 00000000 00:00 0 
7f5fc5f14000-7f5fc6012000 rw-p 00000000 00:00 0 
7f5fc6012000-7f5fc6015000 ---p 00000000 00:00 0 
7f5fc6015000-7f5fc6113000 rw-p 00000000 00:00 0 
7f5fc6113000-7f5fc6116000 ---p 00000000 00:00 0 
7f5fc6116000-7f5fc6214000 rw-p 00000000 00:00 0 
7f5fc6214000-7f5fc6217000 ---p 00000000 00:00 0 
7f5fc6217000-7f5fc6315000 rw-p 00000000 00:00 0 
7f5fc6315000-7f5fc6318000 ---p 00000000 00:00 0 
7f5fc6318000-7f5fc6416000 rw-p 00000000 00:00 0 
7f5fc6416000-7f5fc66ef000 r--p 00000000 08:04 2499643                    /usr/lib/locale/locale-archive
7f5fc66ef000-7f5fc66f2000 ---p 00000000 00:00 0 
7f5fc66f2000-7f5fc67f0000 rw-p 00000000 00:00 0 
7f5fc67f0000-7f5fc67f3000 ---p 00000000 00:00 0 
7f5fc67f3000-7f5fc68f1000 rw-p 00000000 00:00 0 
7f5fc68f1000-7f5fc68f2000 ---p 00000000 00:00 0 
7f5fc68f2000-7f5fc8000000 rw-p 00000000 00:00 0 
7f5fc8000000-7f5fc802d000 rw-p 00000000 00:00 0 
7f5fc802d000-7f5fcc000000 ---p 00000000 00:00 0 
7f5fcc000000-7f5fcc002000 r--s 0000b000 08:04 822948                     /home/robinson/.gradle/wrapper/dists/gradle-3.3-all/55gk2rcmfc6p2dg9u9ohc3hw9/gradle-3.3/lib/native-platform-windows-amd64-0.12.jar
7f5fcc002000-7f5fcc004000 r--s 00002000 08:04 822947                     /home/robinson/.gradle/wrapper/dists/gradle-3.3-all/55gk2rcmfc6p2dg9u9ohc3hw9/gradle-3.3/lib/native-platform-osx-i386-0.12.jar
7f5fcc004000-7f5fcc005000 r--s 00002000 08:04 822946                     /home/robinson/.gradle/wrapper/dists/gradle-3.3-all/55gk2rcmfc6p2dg9u9ohc3hw9/gradle-3.3/lib/native-platform-osx-amd64-0.12.jar
7f5fcc005000-7f5fcc006000 r--s 00002000 08:04 822945                     /home/robinson/.gradle/wrapper/dists/gradle-3.3-all/55gk2rcmfc6p2dg9u9ohc3hw9/gradle-3.3/lib/native-platform-linux-i386-0.12.jar
7f5fcc006000-7f5fcc007000 r--s 00002000 08:04 822944                     /home/robinson/.gradle/wrapper/dists/gradle-3.3-all/55gk2rcmfc6p2dg9u9ohc3hw9/gradle-3.3/lib/native-platform-linux-amd64-0.12.jar
7f5fcc007000-7f5fcc008000 r--s 00003000 08:04 822943                     /home/robinson/.gradle/wrapper/dists/gradle-3.3-all/55gk2rcmfc6p2dg9u9ohc3hw9/gradle-3.3/lib/native-platform-freebsd-i386-libstdcpp-0.12.jar
7f5fcc008000-7f5fcc009000 r--s 00004000 08:04 822942                     /home/robinson/.gradle/wrapper/dists/gradle-3.3-all/55gk2rcmfc6p2dg9u9ohc3hw9/gradle-3.3/lib/native-platform-freebsd-i386-libcpp-0.12.jar
7f5fcc009000-7f5fcc00b000 r--s 00003000 08:04 822941                     /home/robinson/.gradle/wrapper/dists/gradle-3.3-all/55gk2rcmfc6p2dg9u9ohc3hw9/gradle-3.3/lib/native-platform-freebsd-amd64-libstdcpp-0.12.jar
7f5fcc00b000-7f5fcc00e000 r--s 00023000 08:04 822934                     /home/robinson/.gradle/wrapper/dists/gradle-3.3-all/55gk2rcmfc6p2dg9u9ohc3hw9/gradle-3.3/lib/jansi-1.14.jar
7f5fcc00e000-7f5fcc1e1000 rw-p 00000000 00:00 0 
7f5fcc1e1000-7f5fcc3b0000 r--s 03c1b000 08:04 1059415                    /home/robinson/.local/share/umake/android/android-studio/jre/jre/lib/rt.jar
7f5fcc3b0000-7f5fcf6b0000 rw-p 00000000 00:00 0 
7f5fcf6b0000-7f5fcf6b1000 ---p 00000000 00:00 0 
7f5fcf6b1000-7f5fcf7b1000 rw-p 00000000 00:00 0 
7f5fcf7b1000-7f5fcf7b2000 ---p 00000000 00:00 0 
7f5fcf7b2000-7f5fcf8b2000 rw-p 00000000 00:00 0 
7f5fcf8b2000-7f5fcf8b3000 ---p 00000000 00:00 0 
7f5fcf8b3000-7f5fcf9b3000 rw-p 00000000 00:00 0 
7f5fcf9b3000-7f5fcf9b4000 ---p 00000000 00:00 0 
7f5fcf9b4000-7f5fcfc03000 rw-p 00000000 00:00 0 
7f5fcfc03000-7f5fcfcb4000 ---p 00000000 00:00 0 
7f5fcfcb4000-7f5fcfe03000 rw-p 00000000 00:00 0 
7f5fcfe03000-7f5fcfeb4000 ---p 00000000 00:00 0 
7f5fcfeb4000-7f5fcffb4000 rw-p 00000000 00:00 0 
7f5fcffb4000-7f5fd0030000 rw-p 00000000 00:00 0 
7f5fd0030000-7f5fd0375000 ---p 00000000 00:00 0 
7f5fd0375000-7f5fd2235000 rwxp 00000000 00:00 0 
7f5fd2235000-7f5fdf375000 ---p 00000000 00:00 0 
7f5fdf375000-7f5fdf38f000 r-xp 00000000 08:04 1059432                    /home/robinson/.local/share/umake/android/android-studio/jre/jre/lib/amd64/libzip.so
7f5fdf38f000-7f5fdf58f000 ---p 0001a000 08:04 1059432                    /home/robinson/.local/share/umake/android/android-studio/jre/jre/lib/amd64/libzip.so
7f5fdf58f000-7f5fdf590000 r--p 0001a000 08:04 1059432                    /home/robinson/.local/share/umake/android/android-studio/jre/jre/lib/amd64/libzip.so
7f5fdf590000-7f5fdf591000 rw-p 0001b000 08:04 1059432                    /home/robinson/.local/share/umake/android/android-studio/jre/jre/lib/amd64/libzip.so
7f5fdf591000-7f5fdf59c000 r-xp 00000000 08:04 660827                     /lib/x86_64-linux-gnu/libnss_files-2.23.so
7f5fdf59c000-7f5fdf79b000 ---p 0000b000 08:04 660827                     /lib/x86_64-linux-gnu/libnss_files-2.23.so
7f5fdf79b000-7f5fdf79c000 r--p 0000a000 08:04 660827                     /lib/x86_64-linux-gnu/libnss_files-2.23.so
7f5fdf79c000-7f5fdf79d000 rw-p 0000b000 08:04 660827                     /lib/x86_64-linux-gnu/libnss_files-2.23.so
7f5fdf79d000-7f5fdf7a3000 rw-p 00000000 00:00 0 
7f5fdf7a3000-7f5fdf7ae000 r-xp 00000000 08:04 660837                     /lib/x86_64-linux-gnu/libnss_nis-2.23.so
7f5fdf7ae000-7f5fdf9ad000 ---p 0000b000 08:04 660837                     /lib/x86_64-linux-gnu/libnss_nis-2.23.so
7f5fdf9ad000-7f5fdf9ae000 r--p 0000a000 08:04 660837                     /lib/x86_64-linux-gnu/libnss_nis-2.23.so
7f5fdf9ae000-7f5fdf9af000 rw-p 0000b000 08:04 660837                     /lib/x86_64-linux-gnu/libnss_nis-2.23.so
7f5fdf9af000-7f5fdf9c5000 r-xp 00000000 08:04 660821                     /lib/x86_64-linux-gnu/libnsl-2.23.so
7f5fdf9c5000-7f5fdfbc4000 ---p 00016000 08:04 660821                     /lib/x86_64-linux-gnu/libnsl-2.23.so
7f5fdfbc4000-7f5fdfbc5000 r--p 00015000 08:04 660821                     /lib/x86_64-linux-gnu/libnsl-2.23.so
7f5fdfbc5000-7f5fdfbc6000 rw-p 00016000 08:04 660821                     /lib/x86_64-linux-gnu/libnsl-2.23.so
7f5fdfbc6000-7f5fdfbc8000 rw-p 00000000 00:00 0 
7f5fdfbc8000-7f5fdfbd0000 r-xp 00000000 08:04 660823                     /lib/x86_64-linux-gnu/libnss_compat-2.23.so
7f5fdfbd0000-7f5fdfdcf000 ---p 00008000 08:04 660823                     /lib/x86_64-linux-gnu/libnss_compat-2.23.so
7f5fdfdcf000-7f5fdfdd0000 r--p 00007000 08:04 660823                     /lib/x86_64-linux-gnu/libnss_compat-2.23.so
7f5fdfdd0000-7f5fdfdd1000 rw-p 00008000 08:04 660823                     /lib/x86_64-linux-gnu/libnss_compat-2.23.so
7f5fdfdd1000-7f5fdfdfe000 r-xp 00000000 08:04 1059450                    /home/robinson/.local/share/umake/android/android-studio/jre/jre/lib/amd64/libjava.so
7f5fdfdfe000-7f5fdfffd000 ---p 0002d000 08:04 1059450                    /home/robinson/.local/share/umake/android/android-studio/jre/jre/lib/amd64/libjava.so
7f5fdfffd000-7f5fdfffe000 r--p 0002c000 08:04 1059450                    /home/robinson/.local/share/umake/android/android-studio/jre/jre/lib/amd64/libjava.so
7f5fdfffe000-7f5fe0000000 rw-p 0002d000 08:04 1059450                    /home/robinson/.local/share/umake/android/android-studio/jre/jre/lib/amd64/libjava.so
7f5fe0000000-7f5fe0d5b000 rw-p 00000000 00:00 0 
7f5fe0d5b000-7f5fe4000000 ---p 00000000 00:00 0 
7f5fe4000000-7f5fe4001000 r--s 00004000 08:04 822940                     /home/robinson/.gradle/wrapper/dists/gradle-3.3-all/55gk2rcmfc6p2dg9u9ohc3hw9/gradle-3.3/lib/native-platform-freebsd-amd64-libcpp-0.12.jar
7f5fe4001000-7f5fe4005000 r--s 00011000 08:04 822933                     /home/robinson/.gradle/wrapper/dists/gradle-3.3-all/55gk2rcmfc6p2dg9u9ohc3hw9/gradle-3.3/lib/native-platform-0.12.jar
7f5fe4005000-7f5fe4008000 r--s 0000a000 08:04 822911                     /home/robinson/.gradle/wrapper/dists/gradle-3.3-all/55gk2rcmfc6p2dg9u9ohc3hw9/gradle-3.3/lib/gradle-native-3.3.jar
7f5fe4008000-7f5fe400a000 r--s 00005000 08:04 822908                     /home/robinson/.gradle/wrapper/dists/gradle-3.3-all/55gk2rcmfc6p2dg9u9ohc3hw9/gradle-3.3/lib/gradle-cli-3.3.jar
7f5fe400a000-7f5fe400c000 r--s 00007000 08:04 822919                     /home/robinson/.gradle/wrapper/dists/gradle-3.3-all/55gk2rcmfc6p2dg9u9ohc3hw9/gradle-3.3/lib/gradle-model-groovy-3.3.jar
7f5fe400c000-7f5fe400e000 r--s 00006000 08:04 822926                     /home/robinson/.gradle/wrapper/dists/gradle-3.3-all/55gk2rcmfc6p2dg9u9ohc3hw9/gradle-3.3/lib/gradle-base-services-groovy-3.3.jar
7f5fe400e000-7f5fe400f000 r--s 00002000 08:04 822929                     /home/robinson/.gradle/wrapper/dists/gradle-3.3-all/55gk2rcmfc6p2dg9u9ohc3hw9/gradle-3.3/lib/gradle-docs-3.3.jar
7f5fe400f000-7f5fe401c000 r--s 00083000 08:04 822922                     /home/robinson/.gradle/wrapper/dists/gradle-3.3-all/55gk2rcmfc6p2dg9u9ohc3hw9/gradle-3.3/lib/commons-collections-3.2.2.jar
7f5fe401c000-7f5fe4092000 rw-p 00000000 00:00 0 
7f5fe4092000-7f5fe40a2000 r-xp 00000000 08:04 1059421                    /home/robinson/.local/share/umake/android/android-studio/jre/jre/lib/amd64/libverify.so
7f5fe40a2000-7f5fe42a1000 ---p 00010000 08:04 1059421                    /home/robinson/.local/share/umake/android/android-studio/jre/jre/lib/amd64/libverify.so
7f5fe42a1000-7f5fe42a3000 r--p 0000f000 08:04 1059421                    /home/robinson/.local/share/umake/android/android-studio/jre/jre/lib/amd64/libverify.so
7f5fe42a3000-7f5fe42a4000 rw-p 00011000 08:04 1059421                    /home/robinson/.local/share/umake/android/android-studio/jre/jre/lib/amd64/libverify.so
7f5fe42a4000-7f5fe42ab000 r-xp 00000000 08:04 660882                     /lib/x86_64-linux-gnu/librt-2.23.so
7f5fe42ab000-7f5fe44aa000 ---p 00007000 08:04 660882                     /lib/x86_64-linux-gnu/librt-2.23.so
7f5fe44aa000-7f5fe44ab000 r--p 00006000 08:04 660882                     /lib/x86_64-linux-gnu/librt-2.23.so
7f5fe44ab000-7f5fe44ac000 rw-p 00007000 08:04 660882                     /lib/x86_64-linux-gnu/librt-2.23.so
7f5fe44ac000-7f5fe45b4000 r-xp 00000000 08:04 660798                     /lib/x86_64-linux-gnu/libm-2.23.so
7f5fe45b4000-7f5fe47b3000 ---p 00108000 08:04 660798                     /lib/x86_64-linux-gnu/libm-2.23.so
7f5fe47b3000-7f5fe47b4000 r--p 00107000 08:04 660798                     /lib/x86_64-linux-gnu/libm-2.23.so
7f5fe47b4000-7f5fe47b5000 rw-p 00108000 08:04 660798                     /lib/x86_64-linux-gnu/libm-2.23.so
7f5fe47b5000-7f5fe53a6000 r-xp 00000000 08:04 1059430                    /home/robinson/.local/share/umake/android/android-studio/jre/jre/lib/amd64/server/libjvm.so
7f5fe53a6000-7f5fe55a6000 ---p 00bf1000 08:04 1059430                    /home/robinson/.local/share/umake/android/android-studio/jre/jre/lib/amd64/server/libjvm.so
7f5fe55a6000-7f5fe5645000 r--p 00bf1000 08:04 1059430                    /home/robinson/.local/share/umake/android/android-studio/jre/jre/lib/amd64/server/libjvm.so
7f5fe5645000-7f5fe566e000 rw-p 00c90000 08:04 1059430                    /home/robinson/.local/share/umake/android/android-studio/jre/jre/lib/amd64/server/libjvm.so
7f5fe566e000-7f5fe56b2000 rw-p 00000000 00:00 0 
7f5fe56b2000-7f5fe56ca000 r-xp 00000000 08:04 660874                     /lib/x86_64-linux-gnu/libpthread-2.23.so
7f5fe56ca000-7f5fe58c9000 ---p 00018000 08:04 660874                     /lib/x86_64-linux-gnu/libpthread-2.23.so
7f5fe58c9000-7f5fe58ca000 r--p 00017000 08:04 660874                     /lib/x86_64-linux-gnu/libpthread-2.23.so
7f5fe58ca000-7f5fe58cb000 rw-p 00018000 08:04 660874                     /lib/x86_64-linux-gnu/libpthread-2.23.so
7f5fe58cb000-7f5fe58cf000 rw-p 00000000 00:00 0 
7f5fe58cf000-7f5fe58d2000 r-xp 00000000 08:04 660752                     /lib/x86_64-linux-gnu/libdl-2.23.so
7f5fe58d2000-7f5fe5ad1000 ---p 00003000 08:04 660752                     /lib/x86_64-linux-gnu/libdl-2.23.so
7f5fe5ad1000-7f5fe5ad2000 r--p 00002000 08:04 660752                     /lib/x86_64-linux-gnu/libdl-2.23.so
7f5fe5ad2000-7f5fe5ad3000 rw-p 00003000 08:04 660752                     /lib/x86_64-linux-gnu/libdl-2.23.so
7f5fe5ad3000-7f5fe5c92000 r-xp 00000000 08:04 660728                     /lib/x86_64-linux-gnu/libc-2.23.so
7f5fe5c92000-7f5fe5e92000 ---p 001bf000 08:04 660728                     /lib/x86_64-linux-gnu/libc-2.23.so
7f5fe5e92000-7f5fe5e96000 r--p 001bf000 08:04 660728                     /lib/x86_64-linux-gnu/libc-2.23.so
7f5fe5e96000-7f5fe5e98000 rw-p 001c3000 08:04 660728                     /lib/x86_64-linux-gnu/libc-2.23.so
7f5fe5e98000-7f5fe5e9c000 rw-p 00000000 00:00 0 
7f5fe5e9c000-7f5fe5eb2000 r-xp 00000000 08:04 1059372                    /home/robinson/.local/share/umake/android/android-studio/jre/lib/amd64/jli/libjli.so
7f5fe5eb2000-7f5fe60b1000 ---p 00016000 08:04 1059372                    /home/robinson/.local/share/umake/android/android-studio/jre/lib/amd64/jli/libjli.so
7f5fe60b1000-7f5fe60b2000 r--p 00015000 08:04 1059372                    /home/robinson/.local/share/umake/android/android-studio/jre/lib/amd64/jli/libjli.so
7f5fe60b2000-7f5fe60b3000 rw-p 00016000 08:04 1059372                    /home/robinson/.local/share/umake/android/android-studio/jre/lib/amd64/jli/libjli.so
7f5fe60b3000-7f5fe60d9000 r-xp 00000000 08:04 660700                     /lib/x86_64-linux-gnu/ld-2.23.so
7f5fe60d9000-7f5fe60da000 r--s 00000000 08:04 822925                     /home/robinson/.gradle/wrapper/dists/gradle-3.3-all/55gk2rcmfc6p2dg9u9ohc3hw9/gradle-3.3/lib/javax.inject-1.jar
7f5fe60da000-7f5fe60db000 r--s 00000000 08:04 822924                     /home/robinson/.gradle/wrapper/dists/gradle-3.3-all/55gk2rcmfc6p2dg9u9ohc3hw9/gradle-3.3/lib/jcip-annotations-1.0.jar
7f5fe60db000-7f5fe60df000 r--s 00027000 08:04 822923                     /home/robinson/.gradle/wrapper/dists/gradle-3.3-all/55gk2rcmfc6p2dg9u9ohc3hw9/gradle-3.3/lib/commons-io-2.2.jar
7f5fe60df000-7f5fe60e4000 r--s 00038000 08:04 822920                     /home/robinson/.gradle/wrapper/dists/gradle-3.3-all/55gk2rcmfc6p2dg9u9ohc3hw9/gradle-3.3/lib/asm-all-5.1.jar
7f5fe60e4000-7f5fe60e5000 r--s 00001000 08:04 822916                     /home/robinson/.gradle/wrapper/dists/gradle-3.3-all/55gk2rcmfc6p2dg9u9ohc3hw9/gradle-3.3/lib/gradle-process-services-3.3.jar
7f5fe60e5000-7f5fe60e7000 r--s 00000000 08:04 822906                     /home/robinson/.gradle/wrapper/dists/gradle-3.3-all/55gk2rcmfc6p2dg9u9ohc3hw9/gradle-3.3/lib/gradle-jvm-services-3.3.jar
7f5fe60e7000-7f5fe60e8000 r--s 00000000 08:04 823071                     /home/robinson/.gradle/wrapper/dists/gradle-3.3-all/55gk2rcmfc6p2dg9u9ohc3hw9/gradle-3.3/lib/gradle-version-info-3.3.jar
7f5fe60e8000-7f5fe60ed000 r--s 00041000 08:04 822915                     /home/robinson/.gradle/wrapper/dists/gradle-3.3-all/55gk2rcmfc6p2dg9u9ohc3hw9/gradle-3.3/lib/commons-lang-2.6.jar
7f5fe60ed000-7f5fe61af000 rw-p 00000000 00:00 0 
7f5fe61af000-7f5fe61b2000 ---p 00000000 00:00 0 
7f5fe61b2000-7f5fe62b4000 rw-p 00000000 00:00 0 
7f5fe62b4000-7f5fe62b5000 r--s 00007000 08:04 822913                     /home/robinson/.gradle/wrapper/dists/gradle-3.3-all/55gk2rcmfc6p2dg9u9ohc3hw9/gradle-3.3/lib/slf4j-api-1.7.10.jar
7f5fe62b5000-7f5fe62b6000 r--s 00004000 08:04 822938                     /home/robinson/.gradle/wrapper/dists/gradle-3.3-all/55gk2rcmfc6p2dg9u9ohc3hw9/gradle-3.3/lib/ant-launcher-1.9.6.jar
7f5fe62b6000-7f5fe62bf000 r--s 00042000 08:04 822905                     /home/robinson/.gradle/wrapper/dists/gradle-3.3-all/55gk2rcmfc6p2dg9u9ohc3hw9/gradle-3.3/lib/gradle-base-services-3.3.jar
7f5fe62bf000-7f5fe62cc000 r--s 0005c000 08:04 822902                     /home/robinson/.gradle/wrapper/dists/gradle-3.3-all/55gk2rcmfc6p2dg9u9ohc3hw9/gradle-3.3/lib/gradle-launcher-3.3.jar
7f5fe62cc000-7f5fe62d4000 rw-s 00000000 08:04 1718277                    /tmp/hsperfdata_robinson/3510
7f5fe62d4000-7f5fe62d5000 rw-p 00000000 00:00 0 
7f5fe62d5000-7f5fe62d6000 ---p 00000000 00:00 0 
7f5fe62d6000-7f5fe62d8000 rw-p 00000000 00:00 0 
7f5fe62d8000-7f5fe62d9000 r--p 00025000 08:04 660700                     /lib/x86_64-linux-gnu/ld-2.23.so
7f5fe62d9000-7f5fe62da000 rw-p 00026000 08:04 660700                     /lib/x86_64-linux-gnu/ld-2.23.so
7f5fe62da000-7f5fe62db000 rw-p 00000000 00:00 0 
7fff9a6cb000-7fff9a6ec000 rw-p 00000000 00:00 0                          [stack]
7fff9a729000-7fff9a72b000 r--p 00000000 00:00 0                          [vvar]
7fff9a72b000-7fff9a72d000 r-xp 00000000 00:00 0                          [vdso]
ffffffffff600000-ffffffffff601000 r-xp 00000000 00:00 0                  [vsyscall]

VM Arguments:
jvm_args: -Xmx1536m -Dfile.encoding=UTF-8 -Duser.country=US -Duser.language=en -Duser.variant 
java_command: org.gradle.launcher.daemon.bootstrap.GradleDaemon 3.3
java_class_path (initial): /home/robinson/.gradle/wrapper/dists/gradle-3.3-all/55gk2rcmfc6p2dg9u9ohc3hw9/gradle-3.3/lib/gradle-launcher-3.3.jar
Launcher Type: SUN_STANDARD

Environment Variables:
PATH=/home/robinson/.local/share/umake/bin:/home/robinson/bin:/home/robinson/.local/bin:/usr/local/sbin:/usr/local/bin:/usr/sbin:/usr/bin:/sbin:/bin:/usr/games:/usr/local/games
USERNAME=robinson
LD_LIBRARY_PATH=/home/robinson/.local/share/umake/android/android-studio/bin:
SHELL=/bin/bash
DISPLAY=:0

Signal Handlers:
SIGSEGV: [libjvm.so+0x9e5150], sa_mask[0]=11111111011111111101111111111110, sa_flags=SA_RESTART|SA_SIGINFO
SIGBUS: [libjvm.so+0x9e5150], sa_mask[0]=11111111011111111101111111111110, sa_flags=SA_RESTART|SA_SIGINFO
SIGFPE: [libjvm.so+0x848450], sa_mask[0]=11111111011111111101111111111110, sa_flags=SA_RESTART|SA_SIGINFO
SIGPIPE: [libjvm.so+0x848450], sa_mask[0]=11111111011111111101111111111110, sa_flags=SA_RESTART|SA_SIGINFO
SIGXFSZ: [libjvm.so+0x848450], sa_mask[0]=11111111011111111101111111111110, sa_flags=SA_RESTART|SA_SIGINFO
SIGILL: [libjvm.so+0x848450], sa_mask[0]=11111111011111111101111111111110, sa_flags=SA_RESTART|SA_SIGINFO
SIGUSR1: SIG_DFL, sa_mask[0]=00000000000000000000000000000000, sa_flags=none
SIGUSR2: [libjvm.so+0x848320], sa_mask[0]=00100000000000000000000000000000, sa_flags=SA_RESTART|SA_SIGINFO
SIGHUP: [libjvm.so+0x848510], sa_mask[0]=11111111011111111101111111111110, sa_flags=SA_RESTART|SA_SIGINFO
SIGINT: [libjvm.so+0x848510], sa_mask[0]=11111111011111111101111111111110, sa_flags=SA_RESTART|SA_SIGINFO
SIGTERM: [libjvm.so+0x848510], sa_mask[0]=11111111011111111101111111111110, sa_flags=SA_RESTART|SA_SIGINFO
SIGQUIT: [libjvm.so+0x848510], sa_mask[0]=11111111011111111101111111111110, sa_flags=SA_RESTART|SA_SIGINFO


---------------  S Y S T E M  ---------------

OS:DISTRIB_ID=LinuxMint
DISTRIB_RELEASE=18.1
DISTRIB_CODENAME=serena
DISTRIB_DESCRIPTION="Linux Mint 18.1 Serena"

uname:Linux 4.4.0-53-generic #74-Ubuntu SMP Fri Dec 2 15:59:10 UTC 2016 x86_64
libc:glibc 2.23 NPTL 2.23 
rlimit: STACK 8192k, CORE 0k, NPROC 14372, NOFILE 65536, AS infinity
load average:7,34 3,20 1,38

/proc/meminfo:
MemTotal:        3788076 kB
MemFree:          112156 kB
MemAvailable:      23996 kB
Buffers:             376 kB
Cached:            98496 kB
SwapCached:            0 kB
Active:          3045408 kB
Inactive:          89696 kB
Active(anon):    3037032 kB
Inactive(anon):    76548 kB
Active(file):       8376 kB
Inactive(file):    13148 kB
Unevictable:           0 kB
Mlocked:               0 kB
SwapTotal:             0 kB
SwapFree:              0 kB
Dirty:               192 kB
Writeback:             0 kB
AnonPages:       3035872 kB
Mapped:           445372 kB
Shmem:             77708 kB
Slab:              67676 kB
SReclaimable:      37100 kB
SUnreclaim:        30576 kB
KernelStack:        9888 kB
PageTables:        27556 kB
NFS_Unstable:          0 kB
Bounce:                0 kB
WritebackTmp:          0 kB
CommitLimit:     1894036 kB
Committed_AS:    5787260 kB
VmallocTotal:   34359738367 kB
VmallocUsed:           0 kB
VmallocChunk:          0 kB
HardwareCorrupted:     0 kB
AnonHugePages:    821248 kB
CmaTotal:              0 kB
CmaFree:               0 kB
HugePages_Total:       0
HugePages_Free:        0
HugePages_Rsvd:        0
HugePages_Surp:        0
Hugepagesize:       2048 kB
DirectMap4k:      114240 kB
DirectMap2M:     2768896 kB
DirectMap1G:     1048576 kB


CPU:total 4 (4 cores per cpu, 1 threads per core) family 16 model 5 stepping 2, cmov, cx8, fxsr, mmx, sse, sse2, sse3, popcnt, mmxext, 3dnowpref, lzcnt, sse4a, tsc, tscinvbit, tscinv

/proc/cpuinfo:
processor	: 0
vendor_id	: AuthenticAMD
cpu family	: 16
model		: 5
model name	: AMD Athlon(tm) II X4 620 Processor
stepping	: 2
microcode	: 0x1000086
cpu MHz		: 800.000
cache size	: 512 KB
physical id	: 0
siblings	: 4
core id		: 0
cpu cores	: 4
apicid		: 0
initial apicid	: 0
fpu		: yes
fpu_exception	: yes
cpuid level	: 5
wp		: yes
flags		: fpu vme de pse tsc msr pae mce cx8 apic sep mtrr pge mca cmov pat pse36 clflush mmx fxsr sse sse2 ht syscall nx mmxext fxsr_opt pdpe1gb rdtscp lm 3dnowext 3dnow constant_tsc rep_good nopl nonstop_tsc extd_apicid pni monitor cx16 popcnt lahf_lm cmp_legacy svm extapic cr8_legacy abm sse4a misalignsse 3dnowprefetch osvw ibs skinit wdt hw_pstate vmmcall npt lbrv svm_lock nrip_save
bugs		: tlb_mmatch fxsave_leak sysret_ss_attrs
bogomips	: 5222.30
TLB size	: 1024 4K pages
clflush size	: 64
cache_alignment	: 64
address sizes	: 48 bits physical, 48 bits virtual
power management: ts ttp tm stc 100mhzsteps hwpstate

processor	: 1
vendor_id	: AuthenticAMD
cpu family	: 16
model		: 5
model name	: AMD Athlon(tm) II X4 620 Processor
stepping	: 2
microcode	: 0x1000086
cpu MHz		: 800.000
cache size	: 512 KB
physical id	: 0
siblings	: 4
core id		: 1
cpu cores	: 4
apicid		: 1
initial apicid	: 1
fpu		: yes
fpu_exception	: yes
cpuid level	: 5
wp		: yes
flags		: fpu vme de pse tsc msr pae mce cx8 apic sep mtrr pge mca cmov pat pse36 clflush mmx fxsr sse sse2 ht syscall nx mmxext fxsr_opt pdpe1gb rdtscp lm 3dnowext 3dnow constant_tsc rep_good nopl nonstop_tsc extd_apicid pni monitor cx16 popcnt lahf_lm cmp_legacy svm extapic cr8_legacy abm sse4a misalignsse 3dnowprefetch osvw ibs skinit wdt hw_pstate vmmcall npt lbrv svm_lock nrip_save
bugs		: tlb_mmatch fxsave_leak sysret_ss_attrs
bogomips	: 5222.30
TLB size	: 1024 4K pages
clflush size	: 64
cache_alignment	: 64
address sizes	: 48 bits physical, 48 bits virtual
power management: ts ttp tm stc 100mhzsteps hwpstate

processor	: 2
vendor_id	: AuthenticAMD
cpu family	: 16
model		: 5
model name	: AMD Athlon(tm) II X4 620 Processor
stepping	: 2
microcode	: 0x1000086
cpu MHz		: 800.000
cache size	: 512 KB
physical id	: 0
siblings	: 4
core id		: 2
cpu cores	: 4
apicid		: 2
initial apicid	: 2
fpu		: yes
fpu_exception	: yes
cpuid level	: 5
wp		: yes
flags		: fpu vme de pse tsc msr pae mce cx8 apic sep mtrr pge mca cmov pat pse36 clflush mmx fxsr sse sse2 ht syscall nx mmxext fxsr_opt pdpe1gb rdtscp lm 3dnowext 3dnow constant_tsc rep_good nopl nonstop_tsc extd_apicid pni monitor cx16 popcnt lahf_lm cmp_legacy svm extapic cr8_legacy abm sse4a misalignsse 3dnowprefetch osvw ibs skinit wdt hw_pstate vmmcall npt lbrv svm_lock nrip_save
bugs		: tlb_mmatch fxsave_leak sysret_ss_attrs
bogomips	: 5222.30
TLB size	: 1024 4K pages
clflush size	: 64
cache_alignment	: 64
address sizes	: 48 bits physical, 48 bits virtual
power management: ts ttp tm stc 100mhzsteps hwpstate

processor	: 3
vendor_id	: AuthenticAMD
cpu family	: 16
model		: 5
model name	: AMD Athlon(tm) II X4 620 Processor
stepping	: 2
microcode	: 0x1000086
cpu MHz		: 800.000
cache size	: 512 KB
physical id	: 0
siblings	: 4
core id		: 3
cpu cores	: 4
apicid		: 3
initial apicid	: 3
fpu		: yes
fpu_exception	: yes
cpuid level	: 5
wp		: yes
flags		: fpu vme de pse tsc msr pae mce cx8 apic sep mtrr pge mca cmov pat pse36 clflush mmx fxsr sse sse2 ht syscall nx mmxext fxsr_opt pdpe1gb rdtscp lm 3dnowext 3dnow constant_tsc rep_good nopl nonstop_tsc extd_apicid pni monitor cx16 popcnt lahf_lm cmp_legacy svm extapic cr8_legacy abm sse4a misalignsse 3dnowprefetch osvw ibs skinit wdt hw_pstate vmmcall npt lbrv svm_lock nrip_save
bugs		: tlb_mmatch fxsave_leak sysret_ss_attrs
bogomips	: 5222.30
TLB size	: 1024 4K pages
clflush size	: 64
cache_alignment	: 64
address sizes	: 48 bits physical, 48 bits virtual
power management: ts ttp tm stc 100mhzsteps hwpstate



Memory: 4k page, physical 3788076k(111040k free), swap 0k(0k free)

vm_info: OpenJDK 64-Bit Server VM (25.112-b06) for linux-amd64 JRE (1.8.0_112-release-b06), built on Dec  6 2016 12:11:18 by "builder" with gcc 4.8.4

time: Sat Apr  1 10:45:35 2017
elapsed time: 66 seconds (0d 0h 1m 6s)

