#
# A fatal error has been detected by the Java Runtime Environment:
#
#  SIGSEGV (0xb) at pc=0x00007f51312008cf, pid=4646, tid=0x00007f511baba700
#
# JRE version: OpenJDK Runtime Environment (8.0_112-b06) (build 1.8.0_112-release-b06)
# Java VM: OpenJDK 64-Bit Server VM (25.112-b06 mixed mode linux-amd64 compressed oops)
# Problematic frame:
# V  [libjvm.so+0x8b88cf]  oopDesc* PSPromotionManager::copy_to_survivor_space<false>(oopDesc*)+0x56f
#
# Failed to write core dump. Core dumps have been disabled. To enable core dumping, try "ulimit -c unlimited" before starting Java again
#
# If you would like to submit a bug report, please visit:
#   http://bugreport.java.com/bugreport/crash.jsp
#

---------------  T H R E A D  ---------------

Current thread (0x00007f512c022800):  GCTaskThread [stack: 0x00007f511b9ba000,0x00007f511babb000] [id=4652]

siginfo: si_signo: 11 (SIGSEGV), si_code: 1 (SEGV_MAPERR), si_addr: 0x0000000000000008

Registers:
RAX=0x00007f51317ecc40, RBX=0x00000000eb67f988, RCX=0x0000000000000003, RDX=0x0000000000000001
RSP=0x00007f511bab9c60, RBP=0x00007f511bab9cc0, RSI=0x00000000eb67f988, RDI=0x0000000000000000
R8 =0x0000000000000009, R9 =0x00007f512c01bd78, R10=0x0000000000002000, R11=0x00007f5131816860
R12=0x0000000000000010, R13=0x0000000000000001, R14=0x00007f512c074d80, R15=0x00000000b6204968
RIP=0x00007f51312008cf, EFLAGS=0x0000000000010246, CSGSFS=0x0000000000000033, ERR=0x0000000000000004
  TRAPNO=0x000000000000000e

Top of Stack: (sp=0x00007f511bab9c60)
0x00007f511bab9c60:   00000000015f7ff8 0000000000000009
0x00007f511bab9c70:   0000000000000009 0000000000000009
0x00007f511bab9c80:   00000000b6204968 0000000000000400
0x00007f511bab9c90:   00007f51318504ff 00007f512c074d80
0x00007f511bab9ca0:   00000000b61f4944 0000000000000000
0x00007f511bab9cb0:   00007f512c074e18 00007f51317ecc50
0x00007f511bab9cc0:   00007f511bab9d30 00007f51311ffe48
0x00007f511bab9cd0:   00007f511bab9d30 00007f512c074de8
0x00007f511bab9ce0:   00007f511bab9d30 00007f5130f437ce
0x00007f511bab9cf0:   0000000000000000 00000000a7f99d98
0x00007f511bab9d00:   00007f512c023d28 00000000a7f99e00
0x00007f511bab9d10:   00007f511befcccf 00007f512c017ce0
0x00007f511bab9d20:   00007f511befcd01 00007f511befcccf
0x00007f511bab9d30:   00007f511bab9dd0 00007f5130d18ecf
0x00007f511bab9d40:   00007f511befcd00 00007f511befcc81
0x00007f511bab9d50:   0000000000000200 0000000000000080
0x00007f511bab9d60:   00000000b5ffabf0 00007f511befce80
0x00007f511bab9d70:   00000000a7fa00c8 00007f511bf6cfd6
0x00007f511bab9d80:   00000000a7f99e10 00007f512c074d80
0x00007f511bab9d90:   00007f511befcccf 00007f512c017a20
0x00007f511bab9da0:   00007f511bab9dd0 00007f512c026e00
0x00007f511bab9db0:   00007f512c074d80 00007f51313afdf0
0x00007f511bab9dc0:   00007f512c022800 00007f513180b678
0x00007f511bab9dd0:   00007f511bab9e00 00007f5131203afb
0x00007f511bab9de0:   0000000000000004 00007f50f08ad600
0x00007f511bab9df0:   0000000000000001 00007f512c026e00
0x00007f511bab9e00:   00007f511bab9f10 00007f5130ec96c2
0x00007f511bab9e10:   00000000000003d8 00007f512c023538
0x00007f511bab9e20:   00007f512c023160 00007f511bab9ea0
0x00007f511bab9e30:   00007f512c023110 00007f512c023150
0x00007f511bab9e40:   00007f511bab9e50 0000000000000000
0x00007f511bab9e50:   0000000000000000 00007f512c023d00 

Instructions: (pc=0x00007f51312008cf)
0x00007f51312008af:   ff 0f b6 00 84 c0 0f 84 b5 00 00 00 48 8d 05 7e
0x00007f51312008bf:   c3 5e 00 41 8b 7f 08 8b 48 08 48 d3 e7 48 03 38
0x00007f51312008cf:   81 7f 08 ff ff ff bf 4c 89 f8 0f 87 f4 fb ff ff
0x00007f51312008df:   48 8b 0f 4c 89 fa 4c 89 7d b8 4c 89 f6 ff 91 18 

Register to memory mapping:

RAX=0x00007f51317ecc40: <offset 0xea4c40> in /home/robinson/.local/share/umake/android/android-studio/jre/jre/lib/amd64/server/libjvm.so at 0x00007f5130948000
RBX=0x00000000eb67f988 is an oop
[Lcom.android.dx.rop.code.RegisterSpec; 
 - klass: 'com/android/dx/rop/code/RegisterSpec'[]
 - length: 27
RCX=0x0000000000000003 is an unknown value
RDX=0x0000000000000001 is an unknown value
RSP=0x00007f511bab9c60 is an unknown value
RBP=0x00007f511bab9cc0 is an unknown value
RSI=0x00000000eb67f988 is an oop
[Lcom.android.dx.rop.code.RegisterSpec; 
 - klass: 'com/android/dx/rop/code/RegisterSpec'[]
 - length: 27
RDI=0x0000000000000000 is an unknown value
R8 =0x0000000000000009 is an unknown value
R9 =0x00007f512c01bd78 is an unknown value
R10=0x0000000000002000 is an unknown value
R11=0x00007f5131816860: <offset 0xece860> in /home/robinson/.local/share/umake/android/android-studio/jre/jre/lib/amd64/server/libjvm.so at 0x00007f5130948000
R12=0x0000000000000010 is an unknown value
R13=0x0000000000000001 is an unknown value
R14=0x00007f512c074d80 is an unknown value
R15=
[error occurred during error reporting (printing register info), id 0xb]

Stack: [0x00007f511b9ba000,0x00007f511babb000],  sp=0x00007f511bab9c60,  free space=1023k
Native frames: (J=compiled Java code, j=interpreted, Vv=VM code, C=native code)
V  [libjvm.so+0x8b88cf]  oopDesc* PSPromotionManager::copy_to_survivor_space<false>(oopDesc*)+0x56f
V  [libjvm.so+0x8b7e48]  PSPromotionManager::drain_stacks_depth(bool)+0x6f8
V  [libjvm.so+0x3d0ecf]  CardTableExtension::scavenge_contents_parallel(ObjectStartArray*, MutableSpace*, HeapWord*, PSPromotionManager*, unsigned int, unsigned int)+0x8df
V  [libjvm.so+0x8bbafb]  OldToYoungRootsTask::do_it(GCTaskManager*, unsigned int)+0x4b
V  [libjvm.so+0x5816c2]  GCTaskThread::run()+0x162
V  [libjvm.so+0x849c82]  java_start(Thread*)+0xf2


---------------  P R O C E S S  ---------------

Java Threads: ( => current thread )
  0x00007f50c003c000 JavaThread "pool-13-thread-4" [_thread_blocked, id=5280, stack(0x00007f509bbfe000,0x00007f509bcff000)]
  0x00007f50c0002800 JavaThread "pool-13-thread-3" [_thread_blocked, id=5279, stack(0x00007f5109065000,0x00007f5109166000)]
  0x00007f50c0001800 JavaThread "pool-13-thread-2" [_thread_blocked, id=5278, stack(0x00007f5108f64000,0x00007f5109065000)]
  0x00007f50c0003800 JavaThread "pool-14-thread-1" [_thread_blocked, id=5277, stack(0x00007f509bcff000,0x00007f509be00000)]
  0x00007f50c0005800 JavaThread "pool-13-thread-1" [_thread_blocked, id=5276, stack(0x00007f5108060000,0x00007f5108161000)]
  0x00007f50c4d3a000 JavaThread "pool-3-thread-2" [_thread_blocked, id=5275, stack(0x00007f5109368000,0x00007f5109469000)]
  0x00007f50c4f5c000 JavaThread "pool-11-thread-2" [_thread_blocked, id=5237, stack(0x00007f5109267000,0x00007f5109368000)]
  0x00007f50c4f5b000 JavaThread "pool-11-thread-1" [_thread_blocked, id=5236, stack(0x00007f5109166000,0x00007f5109267000)]
  0x00007f50c443b800 JavaThread "Cache update executor" [_thread_blocked, id=5212, stack(0x00007f510985e000,0x00007f510995f000)]
  0x00007f50c4006000 JavaThread "Asynchronous log dispatcher for DefaultDaemonConnection: socket connection from /127.0.0.1:34506 to /127.0.0.1:53416" [_thread_blocked, id=5206, stack(0x00007f510bcfd000,0x00007f510bdfe000)]
  0x00007f50d8008000 JavaThread "Daemon worker Thread 3" [_thread_blocked, id=5203, stack(0x00007f51103f1000,0x00007f51104f2000)]
  0x00007f50d8007800 JavaThread "Cancel handler" [_thread_blocked, id=5202, stack(0x00007f510beff000,0x00007f510c000000)]
  0x00007f50d8005800 JavaThread "Handler for socket connection from /127.0.0.1:34506 to /127.0.0.1:53416" [_thread_in_native, id=5201, stack(0x00007f51100f0000,0x00007f51101f1000)]
  0x00007f50d404d000 JavaThread "Daemon Thread 3" [_thread_blocked, id=5200, stack(0x00007f51104f2000,0x00007f51105f3000)]
  0x00007f50c52e3800 JavaThread "pool-3-thread-1" [_thread_blocked, id=4696, stack(0x00007f510955d000,0x00007f510965e000)]
  0x00007f50c4a35000 JavaThread "File lock request listener" [_thread_in_native, id=4682, stack(0x00007f510b0fb000,0x00007f510b1fc000)]
  0x00007f512cd0b800 JavaThread "pool-1-thread-1" [_thread_blocked, id=4669, stack(0x00007f510bdfe000,0x00007f510beff000)]
  0x00007f512ccb5000 JavaThread "Incoming local TCP Connector on port 34506" [_thread_in_native, id=4664, stack(0x00007f51107fa000,0x00007f51108fb000)]
  0x00007f512c0c0800 JavaThread "Service Thread" daemon [_thread_blocked, id=4661, stack(0x00007f51120b0000,0x00007f51121b1000)]
  0x00007f512c0bd800 JavaThread "C1 CompilerThread2" daemon [_thread_blocked, id=4660, stack(0x00007f51121b1000,0x00007f51122b2000)]
  0x00007f512c0bc000 JavaThread "C2 CompilerThread1" daemon [_thread_blocked, id=4659, stack(0x00007f51122b2000,0x00007f51123b3000)]
  0x00007f512c0b9000 JavaThread "C2 CompilerThread0" daemon [_thread_blocked, id=4658, stack(0x00007f51123b3000,0x00007f51124b4000)]
  0x00007f512c0b7800 JavaThread "Signal Dispatcher" daemon [_thread_blocked, id=4657, stack(0x00007f51124b4000,0x00007f51125b5000)]
  0x00007f512c083800 JavaThread "Finalizer" daemon [_thread_blocked, id=4656, stack(0x00007f511288e000,0x00007f511298f000)]
  0x00007f512c07f000 JavaThread "Reference Handler" daemon [_thread_blocked, id=4655, stack(0x00007f511298f000,0x00007f5112a90000)]
  0x00007f512c00a000 JavaThread "main" [_thread_blocked, id=4649, stack(0x00007f5132342000,0x00007f5132443000)]

Other Threads:
  0x00007f512c077800 VMThread [stack: 0x00007f5112a90000,0x00007f5112b91000] [id=4654]
  0x00007f512c0c3000 WatcherThread [stack: 0x00007f5111faf000,0x00007f51120b0000] [id=4662]

=>0x00007f512c022800 (exited) GCTaskThread [stack: 0x00007f511b9ba000,0x00007f511babb000] [id=4652]

VM state:at safepoint (normal execution)

VM Mutex/Monitor currently owned by a thread:  ([mutex/lock_event])
[0x00007f512c006680] Threads_lock - owner thread: 0x00007f512c077800
[0x00007f512c006b80] Heap_lock - owner thread: 0x00007f50c0002800

Heap:
 PSYoungGen      total 349696K, used 203788K [0x00000000e0000000, 0x0000000100000000, 0x0000000100000000)
  eden space 175104K, 100% used [0x00000000e0000000,0x00000000eab00000,0x00000000eab00000)
  from space 174592K, 16% used [0x00000000eab00000,0x00000000ec703018,0x00000000f5580000)
  to   space 174592K, 10% used [0x00000000f5580000,0x00000000f671c218,0x0000000100000000)
 ParOldGen       total 592896K, used 366640K [0x00000000a0000000, 0x00000000c4300000, 0x00000000e0000000)
  object space 592896K, 61% used [0x00000000a0000000,0x00000000b660c0b8,0x00000000c4300000)
 Metaspace       used 68505K, capacity 70848K, committed 71216K, reserved 1112064K
  class space    used 8660K, capacity 9115K, committed 9264K, reserved 1048576K

Card table byte_map: [0x00007f511bebd000,0x00007f511c1be000] byte_map_base: 0x00007f511b9bd000

Marking Bits: (ParMarkBitMap*) 0x00007f5131816340
 Begin Bits: [0x00007f51188b9000, 0x00007f511a0b9000)
 End Bits:   [0x00007f511a0b9000, 0x00007f511b8b9000)

Polling page: 0x00007f5132468000

CodeCache: size=245760Kb used=50464Kb max_used=50993Kb free=195295Kb
 bounds [0x00007f511c57e000, 0x00007f511f7fe000, 0x00007f512b57e000]
 total_blobs=14655 nmethods=13864 adapters=704
 compilation: enabled

Compilation events (10 events):
Event: 791,912 Thread 0x00007f512c0bc000 18283       4       com.android.dx.dex.cf.CfTranslator::coerceConstant (144 bytes)
Event: 791,917 Thread 0x00007f512c0bc000 nmethod 18283 0x00007f511f5d5410 code [0x00007f511f5d55c0, 0x00007f511f5d5848]
Event: 792,014 Thread 0x00007f512c0b9000 18284       4       com.android.dx.dex.code.RopTranslator$LocalVariableAwareTranslationVisitor::visitThrowingInsn (11 bytes)
Event: 793,072 Thread 0x00007f512c0b9000 nmethod 18284 0x00007f511f595f50 code [0x00007f511f5962a0, 0x00007f511f597f80]
Event: 793,094 Thread 0x00007f512c0bc000 18285       4       com.android.dx.cf.direct.StdAttributeFactory::innerClasses (383 bytes)
Event: 793,158 Thread 0x00007f512c0bc000 nmethod 18285 0x00007f511e132cd0 code [0x00007f511e132f60, 0x00007f511e134848]
Event: 793,214 Thread 0x00007f512c0b9000 18286       4       com.android.dx.ssa.SsaMethod$1::visitMoveInsn (17 bytes)
Event: 793,216 Thread 0x00007f512c0b9000 nmethod 18286 0x00007f511eda77d0 code [0x00007f511eda7920, 0x00007f511eda7a38]
Event: 793,281 Thread 0x00007f512c0b9000 18287       4       java.util.BitSet::nextClearBit (116 bytes)
Event: 793,284 Thread 0x00007f512c0b9000 nmethod 18287 0x00007f511d5c7590 code [0x00007f511d5c76e0, 0x00007f511d5c7838]

GC Heap History (10 events):
Event: 788,805 GC heap after
Heap after GC invocations=84 (full 15):
 PSYoungGen      total 349696K, used 61926K [0x00000000e0000000, 0x0000000100000000, 0x0000000100000000)
  eden space 175104K, 0% used [0x00000000e0000000,0x00000000e0000000,0x00000000eab00000)
  from space 174592K, 35% used [0x00000000eab00000,0x00000000ee779ab8,0x00000000f5580000)
  to   space 174592K, 0% used [0x00000000f5580000,0x00000000f5580000,0x0000000100000000)
 ParOldGen       total 592896K, used 223637K [0x00000000a0000000, 0x00000000c4300000, 0x00000000e0000000)
  object space 592896K, 37% used [0x00000000a0000000,0x00000000ada65778,0x00000000c4300000)
 Metaspace       used 68505K, capacity 70848K, committed 71216K, reserved 1112064K
  class space    used 8660K, capacity 9115K, committed 9264K, reserved 1048576K
}
Event: 789,209 GC heap before
{Heap before GC invocations=85 (full 15):
 PSYoungGen      total 349696K, used 237030K [0x00000000e0000000, 0x0000000100000000, 0x0000000100000000)
  eden space 175104K, 100% used [0x00000000e0000000,0x00000000eab00000,0x00000000eab00000)
  from space 174592K, 35% used [0x00000000eab00000,0x00000000ee779ab8,0x00000000f5580000)
  to   space 174592K, 0% used [0x00000000f5580000,0x00000000f5580000,0x0000000100000000)
 ParOldGen       total 592896K, used 223637K [0x00000000a0000000, 0x00000000c4300000, 0x00000000e0000000)
  object space 592896K, 37% used [0x00000000a0000000,0x00000000ada65778,0x00000000c4300000)
 Metaspace       used 68505K, capacity 70848K, committed 71216K, reserved 1112064K
  class space    used 8660K, capacity 9115K, committed 9264K, reserved 1048576K
Event: 789,337 GC heap after
Heap after GC invocations=85 (full 15):
 PSYoungGen      total 349696K, used 88220K [0x00000000e0000000, 0x0000000100000000, 0x0000000100000000)
  eden space 175104K, 0% used [0x00000000e0000000,0x00000000e0000000,0x00000000eab00000)
  from space 174592K, 50% used [0x00000000f5580000,0x00000000faba70d0,0x0000000100000000)
  to   space 174592K, 0% used [0x00000000eab00000,0x00000000eab00000,0x00000000f5580000)
 ParOldGen       total 592896K, used 223637K [0x00000000a0000000, 0x00000000c4300000, 0x00000000e0000000)
  object space 592896K, 37% used [0x00000000a0000000,0x00000000ada65778,0x00000000c4300000)
 Metaspace       used 68505K, capacity 70848K, committed 71216K, reserved 1112064K
  class space    used 8660K, capacity 9115K, committed 9264K, reserved 1048576K
}
Event: 789,641 GC heap before
{Heap before GC invocations=86 (full 15):
 PSYoungGen      total 349696K, used 263324K [0x00000000e0000000, 0x0000000100000000, 0x0000000100000000)
  eden space 175104K, 100% used [0x00000000e0000000,0x00000000eab00000,0x00000000eab00000)
  from space 174592K, 50% used [0x00000000f5580000,0x00000000faba70d0,0x0000000100000000)
  to   space 174592K, 0% used [0x00000000eab00000,0x00000000eab00000,0x00000000f5580000)
 ParOldGen       total 592896K, used 223637K [0x00000000a0000000, 0x00000000c4300000, 0x00000000e0000000)
  object space 592896K, 37% used [0x00000000a0000000,0x00000000ada65778,0x00000000c4300000)
 Metaspace       used 68505K, capacity 70848K, committed 71216K, reserved 1112064K
  class space    used 8660K, capacity 9115K, committed 9264K, reserved 1048576K
Event: 790,383 GC heap after
Heap after GC invocations=86 (full 15):
 PSYoungGen      total 349696K, used 77832K [0x00000000e0000000, 0x0000000100000000, 0x0000000100000000)
  eden space 175104K, 0% used [0x00000000e0000000,0x00000000e0000000,0x00000000eab00000)
  from space 174592K, 44% used [0x00000000eab00000,0x00000000ef702288,0x00000000f5580000)
  to   space 174592K, 0% used [0x00000000f5580000,0x00000000f5580000,0x0000000100000000)
 ParOldGen       total 592896K, used 259779K [0x00000000a0000000, 0x00000000c4300000, 0x00000000e0000000)
  object space 592896K, 43% used [0x00000000a0000000,0x00000000afdb0ee0,0x00000000c4300000)
 Metaspace       used 68505K, capacity 70848K, committed 71216K, reserved 1112064K
  class space    used 8660K, capacity 9115K, committed 9264K, reserved 1048576K
}
Event: 790,646 GC heap before
{Heap before GC invocations=87 (full 15):
 PSYoungGen      total 349696K, used 252936K [0x00000000e0000000, 0x0000000100000000, 0x0000000100000000)
  eden space 175104K, 100% used [0x00000000e0000000,0x00000000eab00000,0x00000000eab00000)
  from space 174592K, 44% used [0x00000000eab00000,0x00000000ef702288,0x00000000f5580000)
  to   space 174592K, 0% used [0x00000000f5580000,0x00000000f5580000,0x0000000100000000)
 ParOldGen       total 592896K, used 259779K [0x00000000a0000000, 0x00000000c4300000, 0x00000000e0000000)
  object space 592896K, 43% used [0x00000000a0000000,0x00000000afdb0ee0,0x00000000c4300000)
 Metaspace       used 68505K, capacity 70848K, committed 71216K, reserved 1112064K
  class space    used 8660K, capacity 9115K, committed 9264K, reserved 1048576K
Event: 791,788 GC heap after
Heap after GC invocations=87 (full 15):
 PSYoungGen      total 349696K, used 50676K [0x00000000e0000000, 0x0000000100000000, 0x0000000100000000)
  eden space 175104K, 0% used [0x00000000e0000000,0x00000000e0000000,0x00000000eab00000)
  from space 174592K, 29% used [0x00000000f5580000,0x00000000f86fd308,0x0000000100000000)
  to   space 174592K, 0% used [0x00000000eab00000,0x00000000eab00000,0x00000000f5580000)
 ParOldGen       total 592896K, used 310746K [0x00000000a0000000, 0x00000000c4300000, 0x00000000e0000000)
  object space 592896K, 52% used [0x00000000a0000000,0x00000000b2f76b68,0x00000000c4300000)
 Metaspace       used 68505K, capacity 70848K, committed 71216K, reserved 1112064K
  class space    used 8660K, capacity 9115K, committed 9264K, reserved 1048576K
}
Event: 792,093 GC heap before
{Heap before GC invocations=88 (full 15):
 PSYoungGen      total 349696K, used 225780K [0x00000000e0000000, 0x0000000100000000, 0x0000000100000000)
  eden space 175104K, 100% used [0x00000000e0000000,0x00000000eab00000,0x00000000eab00000)
  from space 174592K, 29% used [0x00000000f5580000,0x00000000f86fd308,0x0000000100000000)
  to   space 174592K, 0% used [0x00000000eab00000,0x00000000eab00000,0x00000000f5580000)
 ParOldGen       total 592896K, used 310746K [0x00000000a0000000, 0x00000000c4300000, 0x00000000e0000000)
  object space 592896K, 52% used [0x00000000a0000000,0x00000000b2f76b68,0x00000000c4300000)
 Metaspace       used 68505K, capacity 70848K, committed 71216K, reserved 1112064K
  class space    used 8660K, capacity 9115K, committed 9264K, reserved 1048576K
Event: 793,062 GC heap after
Heap after GC invocations=88 (full 15):
 PSYoungGen      total 349696K, used 28684K [0x00000000e0000000, 0x0000000100000000, 0x0000000100000000)
  eden space 175104K, 0% used [0x00000000e0000000,0x00000000e0000000,0x00000000eab00000)
  from space 174592K, 16% used [0x00000000eab00000,0x00000000ec703018,0x00000000f5580000)
  to   space 174592K, 0% used [0x00000000f5580000,0x00000000f5580000,0x0000000100000000)
 ParOldGen       total 592896K, used 360426K [0x00000000a0000000, 0x00000000c4300000, 0x00000000e0000000)
  object space 592896K, 60% used [0x00000000a0000000,0x00000000b5ffabf0,0x00000000c4300000)
 Metaspace       used 68505K, capacity 70848K, committed 71216K, reserved 1112064K
  class space    used 8660K, capacity 9115K, committed 9264K, reserved 1048576K
}
Event: 793,318 GC heap before
{Heap before GC invocations=89 (full 15):
 PSYoungGen      total 349696K, used 203788K [0x00000000e0000000, 0x0000000100000000, 0x0000000100000000)
  eden space 175104K, 100% used [0x00000000e0000000,0x00000000eab00000,0x00000000eab00000)
  from space 174592K, 16% used [0x00000000eab00000,0x00000000ec703018,0x00000000f5580000)
  to   space 174592K, 0% used [0x00000000f5580000,0x00000000f5580000,0x0000000100000000)
 ParOldGen       total 592896K, used 360426K [0x00000000a0000000, 0x00000000c4300000, 0x00000000e0000000)
  object space 592896K, 60% used [0x00000000a0000000,0x00000000b5ffabf0,0x00000000c4300000)
 Metaspace       used 68505K, capacity 70848K, committed 71216K, reserved 1112064K
  class space    used 8660K, capacity 9115K, committed 9264K, reserved 1048576K

Deoptimization events (10 events):
Event: 787,899 Thread 0x00007f50c003c000 Uncommon trap: reason=bimorphic action=maybe_recompile pc=0x00007f511f5b1410 method=com.android.dx.cf.code.BytecodeArray.parseInstruction(ILcom/android/dx/cf/code/BytecodeArray$Visitor;)I @ 1417
Event: 787,908 Thread 0x00007f50c003c000 Uncommon trap: reason=bimorphic action=maybe_recompile pc=0x00007f511f5b1410 method=com.android.dx.cf.code.BytecodeArray.parseInstruction(ILcom/android/dx/cf/code/BytecodeArray$Visitor;)I @ 1417
Event: 788,031 Thread 0x00007f50c0001800 Uncommon trap: reason=unstable_if action=reinterpret pc=0x00007f511de24ad8 method=java.util.BitSet.nextClearBit(I)I @ 70
Event: 788,037 Thread 0x00007f50c0001800 Uncommon trap: reason=unstable_if action=reinterpret pc=0x00007f511e3829dc method=java.util.BitSet.set(II)V @ 48
Event: 788,058 Thread 0x00007f50c0001800 Uncommon trap: reason=unstable_if action=reinterpret pc=0x00007f511ddfbf78 method=java.util.BitSet.set(II)V @ 48
Event: 788,068 Thread 0x00007f50c0001800 Uncommon trap: reason=unstable_if action=reinterpret pc=0x00007f511da5af18 method=java.util.BitSet.set(II)V @ 48
Event: 788,712 Thread 0x00007f50c0002800 Uncommon trap: reason=class_check action=maybe_recompile pc=0x00007f511f7b04e8 method=com.android.dx.cf.code.BytecodeArray.parseInstruction(ILcom/android/dx/cf/code/BytecodeArray$Visitor;)I @ 2047
Event: 788,712 Thread 0x00007f50c0002800 Uncommon trap: reason=class_check action=maybe_recompile pc=0x00007f511f7b04e8 method=com.android.dx.cf.code.BytecodeArray.parseInstruction(ILcom/android/dx/cf/code/BytecodeArray$Visitor;)I @ 2047
Event: 788,712 Thread 0x00007f50c0002800 Uncommon trap: reason=class_check action=maybe_recompile pc=0x00007f511f7b04e8 method=com.android.dx.cf.code.BytecodeArray.parseInstruction(ILcom/android/dx/cf/code/BytecodeArray$Visitor;)I @ 2047
Event: 788,809 Thread 0x00007f50c0002800 Uncommon trap: reason=class_check action=maybe_recompile pc=0x00007f511f7b04e8 method=com.android.dx.cf.code.BytecodeArray.parseInstruction(ILcom/android/dx/cf/code/BytecodeArray$Visitor;)I @ 2047

Internal exceptions (10 events):
Event: 645,257 Thread 0x00007f50d8008000 Exception <a 'sun/nio/fs/UnixException'> (0x00000000e7b72ea0) thrown at [/ssd/Android/AOSP-openjdk/external/jetbrains/jdk/hotspot/src/share/vm/prims/jni.cpp, line 709]
Event: 645,257 Thread 0x00007f50d8008000 Exception <a 'sun/nio/fs/UnixException'> (0x00000000e7b742e0) thrown at [/ssd/Android/AOSP-openjdk/external/jetbrains/jdk/hotspot/src/share/vm/prims/jni.cpp, line 709]
Event: 645,258 Thread 0x00007f50d8008000 Exception <a 'sun/nio/fs/UnixException'> (0x00000000e7b76580) thrown at [/ssd/Android/AOSP-openjdk/external/jetbrains/jdk/hotspot/src/share/vm/prims/jni.cpp, line 709]
Event: 645,258 Thread 0x00007f50d8008000 Exception <a 'sun/nio/fs/UnixException'> (0x00000000e7b77890) thrown at [/ssd/Android/AOSP-openjdk/external/jetbrains/jdk/hotspot/src/share/vm/prims/jni.cpp, line 709]
Event: 645,259 Thread 0x00007f50d8008000 Exception <a 'sun/nio/fs/UnixException'> (0x00000000e7b79890) thrown at [/ssd/Android/AOSP-openjdk/external/jetbrains/jdk/hotspot/src/share/vm/prims/jni.cpp, line 709]
Event: 645,259 Thread 0x00007f50d8008000 Exception <a 'sun/nio/fs/UnixException'> (0x00000000e7b7abc0) thrown at [/ssd/Android/AOSP-openjdk/external/jetbrains/jdk/hotspot/src/share/vm/prims/jni.cpp, line 709]
Event: 666,623 Thread 0x00007f50c4f5b000 Exception <a 'sun/nio/fs/UnixException'> (0x00000000e894f300) thrown at [/ssd/Android/AOSP-openjdk/external/jetbrains/jdk/hotspot/src/share/vm/prims/jni.cpp, line 709]
Event: 666,623 Thread 0x00007f50c4f5c000 Exception <a 'sun/nio/fs/UnixException'> (0x00000000e89c8c98) thrown at [/ssd/Android/AOSP-openjdk/external/jetbrains/jdk/hotspot/src/share/vm/prims/jni.cpp, line 709]
Event: 666,667 Thread 0x00007f50c4f5b000 Exception <a 'sun/nio/fs/UnixException'> (0x00000000e8951300) thrown at [/ssd/Android/AOSP-openjdk/external/jetbrains/jdk/hotspot/src/share/vm/prims/jni.cpp, line 709]
Event: 666,667 Thread 0x00007f50c4f5c000 Exception <a 'sun/nio/fs/UnixException'> (0x00000000e89c9468) thrown at [/ssd/Android/AOSP-openjdk/external/jetbrains/jdk/hotspot/src/share/vm/prims/jni.cpp, line 709]

Events (10 events):
Event: 788,809 Thread 0x00007f50c0002800 DEOPT UNPACKING pc=0x00007f511c582f69 sp=0x00007f5109164298 mode 2
Event: 789,208 Executing VM operation: ParallelGCFailedAllocation
Event: 789,337 Executing VM operation: ParallelGCFailedAllocation done
Event: 789,636 Executing VM operation: ParallelGCFailedAllocation
Event: 790,383 Executing VM operation: ParallelGCFailedAllocation done
Event: 790,645 Executing VM operation: ParallelGCFailedAllocation
Event: 791,788 Executing VM operation: ParallelGCFailedAllocation done
Event: 792,078 Executing VM operation: ParallelGCFailedAllocation
Event: 793,062 Executing VM operation: ParallelGCFailedAllocation done
Event: 793,317 Executing VM operation: ParallelGCFailedAllocation


Dynamic libraries:
00400000-00401000 r-xp 00000000 08:04 1059356                            /home/robinson/.local/share/umake/android/android-studio/jre/bin/java
00600000-00601000 r--p 00000000 08:04 1059356                            /home/robinson/.local/share/umake/android/android-studio/jre/bin/java
00601000-00602000 rw-p 00001000 08:04 1059356                            /home/robinson/.local/share/umake/android/android-studio/jre/bin/java
00d95000-00db6000 rw-p 00000000 00:00 0                                  [heap]
a0000000-c4300000 rw-p 00000000 00:00 0 
c4300000-e0000000 ---p 00000000 00:00 0 
e0000000-100000000 rw-p 00000000 00:00 0 
100000000-10090c000 rw-p 00000000 00:00 0 
10090c000-140000000 ---p 00000000 00:00 0 
7f5094000000-7f5094038000 rw-p 00000000 00:00 0 
7f5094038000-7f5098000000 ---p 00000000 00:00 0 
7f509bbfe000-7f509bc01000 ---p 00000000 00:00 0 
7f509bc01000-7f509bcff000 rw-p 00000000 00:00 0 
7f509bcff000-7f509bd02000 ---p 00000000 00:00 0 
7f509bd02000-7f509be80000 rw-p 00000000 00:00 0 
7f509be80000-7f509c000000 ---p 00000000 00:00 0 
7f509c000000-7f509c038000 rw-p 00000000 00:00 0 
7f509c038000-7f50a0000000 ---p 00000000 00:00 0 
7f50a0000000-7f50a002f000 rw-p 00000000 00:00 0 
7f50a002f000-7f50a4000000 ---p 00000000 00:00 0 
7f50a4000000-7f50a4058000 rw-p 00000000 00:00 0 
7f50a4058000-7f50a8000000 ---p 00000000 00:00 0 
7f50a8000000-7f50a8021000 rw-p 00000000 00:00 0 
7f50a8021000-7f50ac000000 ---p 00000000 00:00 0 
7f50ac000000-7f50ac032000 rw-p 00000000 00:00 0 
7f50ac032000-7f50b0000000 ---p 00000000 00:00 0 
7f50b0000000-7f50b042e000 rw-p 00000000 00:00 0 
7f50b042e000-7f50b4000000 ---p 00000000 00:00 0 
7f50b4000000-7f50b4131000 rw-p 00000000 00:00 0 
7f50b4131000-7f50b8000000 ---p 00000000 00:00 0 
7f50b8000000-7f50b8021000 rw-p 00000000 00:00 0 
7f50b8021000-7f50bc000000 ---p 00000000 00:00 0 
7f50bc000000-7f50bc021000 rw-p 00000000 00:00 0 
7f50bc021000-7f50c0000000 ---p 00000000 00:00 0 
7f50c0000000-7f50c0042000 rw-p 00000000 00:00 0 
7f50c0042000-7f50c4000000 ---p 00000000 00:00 0 
7f50c4000000-7f50c5861000 rw-p 00000000 00:00 0 
7f50c5861000-7f50c8000000 ---p 00000000 00:00 0 
7f50c8000000-7f50c8021000 rw-p 00000000 00:00 0 
7f50c8021000-7f50cc000000 ---p 00000000 00:00 0 
7f50cc000000-7f50cc021000 rw-p 00000000 00:00 0 
7f50cc021000-7f50d0000000 ---p 00000000 00:00 0 
7f50d0000000-7f50d00c3000 rw-p 00000000 00:00 0 
7f50d00c3000-7f50d4000000 ---p 00000000 00:00 0 
7f50d4000000-7f50d4077000 rw-p 00000000 00:00 0 
7f50d4077000-7f50d8000000 ---p 00000000 00:00 0 
7f50d8000000-7f50d8021000 rw-p 00000000 00:00 0 
7f50d8021000-7f50dc000000 ---p 00000000 00:00 0 
7f50dc000000-7f50dc021000 rw-p 00000000 00:00 0 
7f50dc021000-7f50e0000000 ---p 00000000 00:00 0 
7f50e0000000-7f50e0021000 rw-p 00000000 00:00 0 
7f50e0021000-7f50e4000000 ---p 00000000 00:00 0 
7f50e4000000-7f50e5c43000 rw-p 00000000 00:00 0 
7f50e5c43000-7f50e8000000 ---p 00000000 00:00 0 
7f50e8000000-7f50e8d84000 rw-p 00000000 00:00 0 
7f50e8d84000-7f50ec000000 ---p 00000000 00:00 0 
7f50ec000000-7f50ec021000 rw-p 00000000 00:00 0 
7f50ec021000-7f50f0000000 ---p 00000000 00:00 0 
7f50f0000000-7f50f2104000 rw-p 00000000 00:00 0 
7f50f2104000-7f50f4000000 ---p 00000000 00:00 0 
7f50f4000000-7f50f4021000 rw-p 00000000 00:00 0 
7f50f4021000-7f50f8000000 ---p 00000000 00:00 0 
7f50f8000000-7f50f8021000 rw-p 00000000 00:00 0 
7f50f8021000-7f50fc000000 ---p 00000000 00:00 0 
7f50fc000000-7f50fc339000 rw-p 00000000 00:00 0 
7f50fc339000-7f5100000000 ---p 00000000 00:00 0 
7f5100000000-7f51001fa000 rw-p 00000000 00:00 0 
7f51001fa000-7f5104000000 ---p 00000000 00:00 0 
7f5104000000-7f5104328000 rw-p 00000000 00:00 0 
7f5104328000-7f5108000000 ---p 00000000 00:00 0 
7f5108060000-7f5108063000 ---p 00000000 00:00 0 
7f5108063000-7f5108361000 rw-p 00000000 00:00 0 
7f5108364000-7f5108564000 rw-p 00000000 00:00 0 
7f5108564000-7f5108764000 rw-p 00000000 00:00 0 
7f5108764000-7f5108964000 rw-p 00000000 00:00 0 
7f5108964000-7f5108b64000 rw-p 00000000 00:00 0 
7f5108b64000-7f5108d64000 rw-p 00000000 00:00 0 
7f5108d64000-7f5108f64000 rw-p 00000000 00:00 0 
7f5108f64000-7f5108f67000 ---p 00000000 00:00 0 
7f5108f67000-7f5109065000 rw-p 00000000 00:00 0 
7f5109065000-7f5109068000 ---p 00000000 00:00 0 
7f5109068000-7f5109166000 rw-p 00000000 00:00 0 
7f5109166000-7f5109169000 ---p 00000000 00:00 0 
7f5109169000-7f5109267000 rw-p 00000000 00:00 0 
7f5109267000-7f510926a000 ---p 00000000 00:00 0 
7f510926a000-7f5109368000 rw-p 00000000 00:00 0 
7f5109368000-7f510936b000 ---p 00000000 00:00 0 
7f510936b000-7f5109469000 rw-p 00000000 00:00 0 
7f5109469000-7f510955d000 r--s 00ad5000 08:04 1318470                    /home/robinson/Dropbox/AndroidstudioProjects/Enxoval2/app/build/intermediates/transforms/jarMerging/pro/debug/jars/1/1f/combined.jar
7f510955d000-7f5109560000 ---p 00000000 00:00 0 
7f5109560000-7f510985e000 rw-p 00000000 00:00 0 
7f510985e000-7f5109861000 ---p 00000000 00:00 0 
7f5109861000-7f5109b5f000 rw-p 00000000 00:00 0 
7f5109b5f000-7f5109d5f000 rw-p 00000000 00:00 0 
7f5109d5f000-7f5109f5f000 rw-p 00000000 00:00 0 
7f5109f5f000-7f510a15f000 rw-p 00000000 00:00 0 
7f510a15f000-7f510a35f000 rw-p 00000000 00:00 0 
7f510a37a000-7f510a37d000 r--s 00015000 08:04 1059391                    /home/robinson/.local/share/umake/android/android-studio/jre/jre/lib/jce.jar
7f510a37d000-7f510a390000 r--s 00344000 08:04 1059461                    /home/robinson/.local/share/umake/android/android-studio/jre/jre/lib/resources.jar
7f510a390000-7f510a590000 rw-p 00000000 00:00 0 
7f510a590000-7f510a790000 rw-p 00000000 00:00 0 
7f510a790000-7f510a990000 rw-p 00000000 00:00 0 
7f510a990000-7f510ab90000 rw-p 00000000 00:00 0 
7f510ab90000-7f510ab91000 r--s 00001000 08:04 823958                     /home/robinson/.gradle/caches/jars-2/7c4c8dw4bn3s8grc5kz09cv28jy9yn3/annotations-25.3.0.jar
7f510ab91000-7f510ab99000 r--s 000a8000 08:04 823956                     /home/robinson/.gradle/caches/jars-2/lp0h431tl0554nh1vx6zomcvteflkp/lombok-ast-0.2.3.jar
7f510ab99000-7f510abad000 r--s 000b4000 08:04 823954                     /home/robinson/.gradle/caches/jars-2/igzbti8te04ygk32hg4q3ljfkkkzmlr/uast-162.2228.14.jar
7f510abad000-7f510abaf000 r--s 0000d000 08:04 823952                     /home/robinson/.gradle/caches/jars-2/7pwz1bowgakb1eux9ezb56jlturgsyi/commons-codec-1.4.jar
7f510abaf000-7f510abb1000 r--s 0000d000 08:04 823950                     /home/robinson/.gradle/caches/jars-2/9dj1m0eyooi5qt13735vz8fpkl3cnfy/commons-logging-1.1.1.jar
7f510abb1000-7f510abb6000 r--s 00028000 08:04 823948                     /home/robinson/.gradle/caches/jars-2/62lv0fe9b3xbqe57f6ljy5upwi7mf6k/httpcore-4.1.jar
7f510abb6000-7f510abba000 r--s 0002f000 08:04 823946                     /home/robinson/.gradle/caches/jars-2/gsg5n52frsvw6sx0swqqe2hwijwdcf0/jimfs-1.1.jar
7f510abba000-7f510abbb000 r--s 00004000 08:04 823944                     /home/robinson/.gradle/caches/jars-2/lxs252id0979odjrerlctkb26c2vj95/annotations-12.0.jar
7f510abbb000-7f510abbc000 r--s 00004000 08:04 823942                     /home/robinson/.gradle/caches/jars-2/9kn99dr0rulyl67sct1ephwcop56l61/asm-analysis-5.0.4.jar
7f510abbc000-7f510abc0000 r--s 00040000 08:04 823940                     /home/robinson/.gradle/caches/jars-2/h4gop7cox40tig0ckkhw1h8hl6tfcwm/lint-api-25.3.0.jar
7f510abc0000-7f510abc1000 r--s 0000a000 08:04 823938                     /home/robinson/.gradle/caches/jars-2/nwyg9io65lv6jvmwit2wq82xnnxd7ia/kxml2-2.3.0.jar
7f510abc1000-7f510abc3000 r--s 00005000 08:04 823936                     /home/robinson/.gradle/caches/jars-2/i6hc1uuj8e9ck59slmzdyz78ydn8sr6/httpmime-4.1.jar
7f510abc3000-7f510abcb000 r--s 0004e000 08:04 823934                     /home/robinson/.gradle/caches/jars-2/7503wa5irssz0xxahv1xb82p2dl7rr2/httpclient-4.1.1.jar
7f510abcb000-7f510abd2000 r--s 00053000 08:04 823932                     /home/robinson/.gradle/caches/jars-2/jgkfvs4eqggj7qsyw1f5d3up57hanj1/commons-compress-1.8.1.jar
7f510abd2000-7f510abd7000 r--s 0002a000 08:04 668325                     /home/robinson/.gradle/caches/jars-2/je8f027qcr1z1egw08byp1ybxbp9kko/gson-2.2.4.jar
7f510abd7000-7f510abdc000 r--s 0002e000 08:04 668323                     /home/robinson/.gradle/caches/jars-2/r6oa1284jnf1g0hjm5fw7l8swldb7ek/repository-25.3.0.jar
7f510abdc000-7f510abdd000 r--s 00005000 08:04 668321                     /home/robinson/.gradle/caches/jars-2/8zf2fyptbgnbanz613fx2c3hoto0539/dvlib-25.3.0.jar
7f510abdd000-7f510abe0000 r--s 00012000 08:04 668319                     /home/robinson/.gradle/caches/jars-2/9uh4197qdwnvuono2myyig8xxy6aqcq/layoutlib-api-25.3.0.jar
7f510abe0000-7f510abe5000 r--s 00058000 08:04 668317                     /home/robinson/.gradle/caches/jars-2/st159835qgxm0l87oqrnhayxos4lc1n/asm-debug-all-5.0.1.jar
7f510abe5000-7f510abf5000 r--s 000d5000 08:04 668315                     /home/robinson/.gradle/caches/jars-2/qzf32gp9kej4w4hlbabft6tplu74cj3/proguard-base-5.3.2.jar
7f510abf5000-7f510abf8000 r--s 00033000 08:04 668313                     /home/robinson/.gradle/caches/jars-2/nz9sndmr8b4xbj4xulkaciy5kdbyfiz/juniversalchardet-1.0.3.jar
7f510abf8000-7f510abfc000 r--s 0002a000 08:04 668311                     /home/robinson/.gradle/caches/jars-2/krbpn9xjn1qymukyx8cc5l799ty1v3h/commons-io-2.4.jar
7f510abfc000-7f510ac13000 r--s 00154000 08:04 668309                     /home/robinson/.gradle/caches/jars-2/sfeivjswzitn6n0fnjx3ueszz8gv8o1/antlr4-4.5.3.jar
7f510ac13000-7f510ac15000 r--s 00002000 08:04 668307                     /home/robinson/.gradle/caches/jars-2/o6nwvy6at9y5kbpwo6utcclqk98gd99/baseLibrary-2.3.0.jar
7f510ac15000-7f510ac40000 r--s 001fc000 08:04 668305                     /home/robinson/.gradle/caches/jars-2/nxjrjftly2xksl8o0wqgivu5netfu2x/guava-18.0.jar
7f510ac40000-7f510ac53000 r--s 00241000 08:04 668303                     /home/robinson/.gradle/caches/jars-2/9yuekvg4qerfitq3xec0iyckuw3hwaq/ecj-4.6.1.jar
7f510ac53000-7f510ac5a000 r--s 000d9000 08:04 668301                     /home/robinson/.gradle/caches/jars-2/aprntsq9xd6l685y4wf1lo3ojhypibs/lint-checks-25.3.0.jar
7f510ac5a000-7f510ac5c000 r--s 00006000 08:04 668299                     /home/robinson/.gradle/caches/jars-2/6phgj9ki3jl3p5epzkqoo8pr6kur40b/asm-tree-5.0.4.jar
7f510ac5c000-7f510ac8f000 r--s 00203000 08:04 668297                     /home/robinson/.gradle/caches/jars-2/hj0bfvxu9cq7hkwmecvp0kg137or3hh/bcprov-jdk15on-1.48.jar
7f510ac8f000-7f510ac9d000 r--s 00081000 08:04 668295                     /home/robinson/.gradle/caches/jars-2/4r7xli0tz94y0wfjrdyjxlxar3g1pb9/bcpkix-jdk15on-1.48.jar
7f510ac9d000-7f510ac9f000 r--s 00002000 08:04 668293                     /home/robinson/.gradle/caches/jars-2/f32bh5uivuf69ecz2j8hl96ksnqdh7v/javawriter-2.5.0.jar
7f510ac9f000-7f510aca1000 r--s 00004000 08:04 668291                     /home/robinson/.gradle/caches/jars-2/ks5d1mxwh7e42p192ttu3gpechro7qa/tracker-25.3.0.jar
7f510aca1000-7f510aca2000 r--s 00005000 08:04 668289                     /home/robinson/.gradle/caches/jars-2/fl4kf4ptr1zzfqcvmz0t9nip0r2xra6/shared-25.3.0.jar
7f510aca2000-7f510acb0000 r--s 00147000 08:04 668287                     /home/robinson/.gradle/caches/jars-2/kzywuljggjlwzg0mn5daqjrl9hrds10/protos-25.3.0.jar
7f510acb0000-7f510acb1000 r--s 00001000 08:04 668285                     /home/robinson/.gradle/caches/jars-2/9wceqt3rojnwacgoouxh9g9dkoot2zu/jill-api-0.10.0.jar
7f510acb1000-7f510acb3000 r--s 00003000 08:04 668283                     /home/robinson/.gradle/caches/jars-2/hgjtw817h9ckqrqd7wts8rss79wyf2p/jack-api-0.13.0.jar
7f510acb3000-7f510acb9000 r--s 0004a000 08:04 668281                     /home/robinson/.gradle/caches/jars-2/qdr9c88xakd7sne0hmledt9h4qds2q2/ddmlib-25.3.0.jar
7f510acb9000-7f510acbc000 r--s 00022000 08:04 668279                     /home/robinson/.gradle/caches/jars-2/fsss09xku4j8m0mtb0gif22hmmgqs7i/manifest-merger-25.3.0.jar
7f510acbc000-7f510acbf000 r--s 0001c000 08:04 668277                     /home/robinson/.gradle/caches/jars-2/s9s98vc2jrc4cq452s7phwb2ad5xfkn/common-25.3.0.jar
7f510acbf000-7f510acc8000 r--s 00089000 08:04 668275                     /home/robinson/.gradle/caches/jars-2/965j22khmkpwdgya5fll5pxt21kiz0y/sdk-common-25.3.0.jar
7f510acc8000-7f510acd2000 r--s 00097000 08:04 668273                     /home/robinson/.gradle/caches/jars-2/2t3glk7v5svadzqcbhq0avch2qk6a9k/sdklib-25.3.0.jar
7f510acd2000-7f510acd3000 r--s 00002000 08:04 668271                     /home/robinson/.gradle/caches/jars-2/q53lj97mtvuhn56k5k0vmpi70ln1194/builder-test-api-2.3.0.jar
7f510acd3000-7f510acd6000 r--s 00006000 08:04 668269                     /home/robinson/.gradle/caches/jars-2/217rxmwsloonj42ilq94g16c8qou0uv/builder-model-2.3.0.jar
7f510acd6000-7f510ace5000 r--s 00130000 08:04 668267                     /home/robinson/.gradle/caches/jars-2/cr6zkqpx14lor9zdtmo49qpc7y8r8p4/protobuf-java-3.0.0.jar
7f510ace5000-7f510ace7000 r--s 0000f000 08:04 668265                     /home/robinson/.gradle/caches/jars-2/rvfyugrlu5tbpz51p98og0qsxamjq4k/jopt-simple-4.9.jar
7f510ace7000-7f510aceb000 r--s 0001f000 08:04 668263                     /home/robinson/.gradle/caches/jars-2/nq3fzqkrrm37ob61z4iu5qdbh368uat/org.jacoco.report-0.7.5.201505241946.jar
7f510aceb000-7f510acef000 r--s 0001d000 08:04 668261                     /home/robinson/.gradle/caches/jars-2/3kxkmcckmk40ron92zhbm0qjo9l4bkl/org.jacoco.core-0.7.5.201505241946.jar
7f510acef000-7f510acf1000 r--s 00002000 08:04 668259                     /home/robinson/.gradle/caches/jars-2/m4m0pzb4gmaeh0in5g2xc4bxeuwt828/proguard-gradle-5.3.2.jar
7f510acf1000-7f510acf3000 r--s 00009000 08:04 668257                     /home/robinson/.gradle/caches/jars-2/ajvcvdu66lc9e3tvvipxtuq48i9bbkc/asm-commons-5.0.4.jar
7f510acf3000-7f510acf5000 r--s 0000c000 08:04 668255                     /home/robinson/.gradle/caches/jars-2/1laz1ygmxoc408r7nwqs1q8uk8r236d/asm-5.0.4.jar
7f510acf5000-7f510acfa000 r--s 0002c000 08:04 668253                     /home/robinson/.gradle/caches/jars-2/3eyaheco65g859qpfsowjbpqi0jh6mf/compilerCommon-2.3.0.jar
7f510acfa000-7f510acfb000 r--s 00002000 08:04 668251                     /home/robinson/.gradle/caches/jars-2/31jr90v5p5fkd2jflx4pvapkdf35ezu/gradle-api-2.3.0.jar
7f510acfb000-7f510aefb000 rw-p 00000000 00:00 0 
7f510aefb000-7f510b0fb000 rw-p 00000000 00:00 0 
7f510b0fb000-7f510b0fe000 ---p 00000000 00:00 0 
7f510b0fe000-7f510b3fc000 rw-p 00000000 00:00 0 
7f510b3fc000-7f510b5fc000 rw-p 00000000 00:00 0 
7f510b5fc000-7f510b7fc000 rw-p 00000000 00:00 0 
7f510b7fc000-7f510b9fc000 rw-p 00000000 00:00 0 
7f510b9fc000-7f510bbfc000 rw-p 00000000 00:00 0 
7f510bbfc000-7f510bbff000 ---p 00000000 00:00 0 
7f510bbff000-7f510bcfd000 rw-p 00000000 00:00 0 
7f510bcfd000-7f510bd00000 ---p 00000000 00:00 0 
7f510bd00000-7f510bdfe000 rw-p 00000000 00:00 0 
7f510bdfe000-7f510be01000 ---p 00000000 00:00 0 
7f510be01000-7f510beff000 rw-p 00000000 00:00 0 
7f510beff000-7f510bf02000 ---p 00000000 00:00 0 
7f510bf02000-7f510c000000 rw-p 00000000 00:00 0 
7f510c000000-7f510c327000 rw-p 00000000 00:00 0 
7f510c327000-7f5110000000 ---p 00000000 00:00 0 
7f5110000000-7f5110001000 r--s 00000000 08:04 668249                     /home/robinson/.gradle/caches/jars-2/9alwd0ip1x6at9csjhyhihqra39rks9/transform-api-2.0.0-deprecated-use-gradle-api.jar
7f5110001000-7f5110006000 r--s 0005e000 08:04 668247                     /home/robinson/.gradle/caches/jars-2/ni16dxztl73a86d25hs3on5ncngkbuy/lint-25.3.0.jar
7f5110006000-7f511001c000 r--s 00163000 08:04 668245                     /home/robinson/.gradle/caches/jars-2/sqf8kc3htrab4fj479mwr3jrji381b7/builder-2.3.0.jar
7f511001c000-7f511003a000 r--s 001cb000 08:04 668243                     /home/robinson/.gradle/caches/jars-2/8qy5a7i3gbr2s4snxdquaath1tjusie/gradle-core-2.3.0.jar
7f511003a000-7f511003b000 r--s 00006000 08:04 1717439                    /home/robinson/.gradle/caches/modules-2/files-2.1/com.google.gms/google-services/3.0.0/ee538ce9cf4148485e43017c5542202b8c78ff8e/google-services-3.0.0.jar
7f511003b000-7f511003d000 r--s 0000d000 08:04 668241                     /home/robinson/.gradle/caches/jars-2/60bmiis45kdytxtzt10fi483750k8at/gradle-2.3.0.jar
7f511003d000-7f5110040000 ---p 00000000 00:00 0 
7f5110040000-7f5110076000 rw-p 00000000 00:00 0 
7f5110076000-7f5110077000 r--p 00000000 00:00 0 
7f5110077000-7f51100f0000 r--s 010ed000 08:04 1059366                    /home/robinson/.local/share/umake/android/android-studio/jre/lib/tools.jar
7f51100f0000-7f51100f3000 ---p 00000000 00:00 0 
7f51100f3000-7f51103f1000 rw-p 00000000 00:00 0 
7f51103f1000-7f51103f4000 ---p 00000000 00:00 0 
7f51103f4000-7f51104f2000 rw-p 00000000 00:00 0 
7f51104f2000-7f51104f5000 ---p 00000000 00:00 0 
7f51104f5000-7f51105f3000 rw-p 00000000 00:00 0 
7f51105f3000-7f51105fa000 r--s 00000000 08:04 2757648                    /usr/lib/x86_64-linux-gnu/gconv/gconv-modules.cache
7f51105fa000-7f51107fa000 rw-p 00000000 00:00 0 
7f51107fa000-7f51107fd000 ---p 00000000 00:00 0 
7f51107fd000-7f51108fb000 rw-p 00000000 00:00 0 
7f51108fb000-7f5110904000 r-xp 00000000 08:04 1059451                    /home/robinson/.local/share/umake/android/android-studio/jre/jre/lib/amd64/libmanagement.so
7f5110904000-7f5110b03000 ---p 00009000 08:04 1059451                    /home/robinson/.local/share/umake/android/android-studio/jre/jre/lib/amd64/libmanagement.so
7f5110b03000-7f5110b04000 r--p 00008000 08:04 1059451                    /home/robinson/.local/share/umake/android/android-studio/jre/jre/lib/amd64/libmanagement.so
7f5110b04000-7f5110b05000 rw-p 00009000 08:04 1059451                    /home/robinson/.local/share/umake/android/android-studio/jre/jre/lib/amd64/libmanagement.so
7f5110b05000-7f5110b0a000 r--s 00098000 08:04 1059412                    /home/robinson/.local/share/umake/android/android-studio/jre/jre/lib/jsse.jar
7f5110b0a000-7f5110b0c000 r--s 00007000 08:04 822996                     /home/robinson/.gradle/wrapper/dists/gradle-3.3-all/55gk2rcmfc6p2dg9u9ohc3hw9/gradle-3.3/lib/plugins/gradle-tooling-api-builders-3.3.jar
7f5110b0c000-7f5110b0f000 r--s 00009000 08:04 822989                     /home/robinson/.gradle/wrapper/dists/gradle-3.3-all/55gk2rcmfc6p2dg9u9ohc3hw9/gradle-3.3/lib/plugins/gradle-testing-native-3.3.jar
7f5110b0f000-7f5110b15000 r--s 00033000 08:04 823064                     /home/robinson/.gradle/wrapper/dists/gradle-3.3-all/55gk2rcmfc6p2dg9u9ohc3hw9/gradle-3.3/lib/plugins/snakeyaml-1.6.jar
7f5110b15000-7f5110b17000 r--s 00006000 08:04 823063                     /home/robinson/.gradle/wrapper/dists/gradle-3.3-all/55gk2rcmfc6p2dg9u9ohc3hw9/gradle-3.3/lib/plugins/jcommander-1.12.jar
7f5110b17000-7f5110b1c000 r--s 00040000 08:04 823062                     /home/robinson/.gradle/wrapper/dists/gradle-3.3-all/55gk2rcmfc6p2dg9u9ohc3hw9/gradle-3.3/lib/plugins/bsh-2.0b4.jar
7f5110b1c000-7f5110b1e000 r--s 00009000 08:04 823070                     /home/robinson/.gradle/wrapper/dists/gradle-3.3-all/55gk2rcmfc6p2dg9u9ohc3hw9/gradle-3.3/lib/plugins/hamcrest-core-1.3.jar
7f5110b1e000-7f5110b27000 r--s 00089000 08:04 823021                     /home/robinson/.gradle/wrapper/dists/gradle-3.3-all/55gk2rcmfc6p2dg9u9ohc3hw9/gradle-3.3/lib/plugins/testng-6.3.1.jar
7f5110b27000-7f5110b2f000 r--s 00045000 08:04 823020                     /home/robinson/.gradle/wrapper/dists/gradle-3.3-all/55gk2rcmfc6p2dg9u9ohc3hw9/gradle-3.3/lib/plugins/junit-4.12.jar
7f5110b2f000-7f5110b35000 r--s 0002e000 08:04 822990                     /home/robinson/.gradle/wrapper/dists/gradle-3.3-all/55gk2rcmfc6p2dg9u9ohc3hw9/gradle-3.3/lib/plugins/gradle-testing-jvm-3.3.jar
7f5110b35000-7f5110b39000 r--s 00016000 08:04 822988                     /home/robinson/.gradle/wrapper/dists/gradle-3.3-all/55gk2rcmfc6p2dg9u9ohc3hw9/gradle-3.3/lib/plugins/gradle-testing-base-3.3.jar
7f5110b39000-7f5110b40000 r--s 00038000 08:04 823015                     /home/robinson/.gradle/wrapper/dists/gradle-3.3-all/55gk2rcmfc6p2dg9u9ohc3hw9/gradle-3.3/lib/plugins/bcpg-jdk15on-1.51.jar
7f5110b40000-7f5110b42000 r--s 0000c000 08:04 822967                     /home/robinson/.gradle/wrapper/dists/gradle-3.3-all/55gk2rcmfc6p2dg9u9ohc3hw9/gradle-3.3/lib/plugins/gradle-signing-3.3.jar
7f5110b42000-7f5110b44000 r--s 00007000 08:04 822966                     /home/robinson/.gradle/wrapper/dists/gradle-3.3-all/55gk2rcmfc6p2dg9u9ohc3hw9/gradle-3.3/lib/plugins/gradle-scala-3.3.jar
7f5110b44000-7f5110b45000 r--s 00004000 08:04 822994                     /home/robinson/.gradle/wrapper/dists/gradle-3.3-all/55gk2rcmfc6p2dg9u9ohc3hw9/gradle-3.3/lib/plugins/gradle-resources-sftp-3.3.jar
7f5110b45000-7f5110b55000 r--s 00088000 08:04 823031                     /home/robinson/.gradle/wrapper/dists/gradle-3.3-all/55gk2rcmfc6p2dg9u9ohc3hw9/gradle-3.3/lib/plugins/joda-time-2.8.2.jar
7f5110b55000-7f5110b66000 r--s 0010d000 08:04 823030                     /home/robinson/.gradle/wrapper/dists/gradle-3.3-all/55gk2rcmfc6p2dg9u9ohc3hw9/gradle-3.3/lib/plugins/jackson-databind-2.6.6.jar
7f5110b66000-7f5110b69000 r--s 00009000 08:04 823029                     /home/robinson/.gradle/wrapper/dists/gradle-3.3-all/55gk2rcmfc6p2dg9u9ohc3hw9/gradle-3.3/lib/plugins/jackson-annotations-2.6.6.jar
7f5110b69000-7f5110b6d000 r--s 0003c000 08:04 823028                     /home/robinson/.gradle/wrapper/dists/gradle-3.3-all/55gk2rcmfc6p2dg9u9ohc3hw9/gradle-3.3/lib/plugins/jackson-core-2.6.6.jar
7f5110b6d000-7f5110b7b000 r--s 00087000 08:04 823027                     /home/robinson/.gradle/wrapper/dists/gradle-3.3-all/55gk2rcmfc6p2dg9u9ohc3hw9/gradle-3.3/lib/plugins/aws-java-sdk-core-1.11.6.jar
7f5110b7b000-7f5110b82000 r--s 00057000 08:04 823026                     /home/robinson/.gradle/wrapper/dists/gradle-3.3-all/55gk2rcmfc6p2dg9u9ohc3hw9/gradle-3.3/lib/plugins/aws-java-sdk-kms-1.11.6.jar
7f5110b82000-7f5110b8f000 r--s 0008e000 08:04 823025                     /home/robinson/.gradle/wrapper/dists/gradle-3.3-all/55gk2rcmfc6p2dg9u9ohc3hw9/gradle-3.3/lib/plugins/aws-java-sdk-s3-1.11.6.jar
7f5110b8f000-7f5110b91000 r--s 00004000 08:04 822995                     /home/robinson/.gradle/wrapper/dists/gradle-3.3-all/55gk2rcmfc6p2dg9u9ohc3hw9/gradle-3.3/lib/plugins/gradle-resources-s3-3.3.jar
7f5110b91000-7f5110b93000 r--s 00005000 08:04 823019                     /home/robinson/.gradle/wrapper/dists/gradle-3.3-all/55gk2rcmfc6p2dg9u9ohc3hw9/gradle-3.3/lib/plugins/jatl-0.2.2.jar
7f5110b93000-7f5110b95000 r--s 0000f000 08:04 822972                     /home/robinson/.gradle/wrapper/dists/gradle-3.3-all/55gk2rcmfc6p2dg9u9ohc3hw9/gradle-3.3/lib/plugins/gradle-reporting-3.3.jar
7f5110b95000-7f5110b97000 r--s 00002000 08:04 822973                     /home/robinson/.gradle/wrapper/dists/gradle-3.3-all/55gk2rcmfc6p2dg9u9ohc3hw9/gradle-3.3/lib/plugins/gradle-publish-3.3.jar
7f5110b97000-7f5110b99000 r--s 00009000 08:04 823002                     /home/robinson/.gradle/wrapper/dists/gradle-3.3-all/55gk2rcmfc6p2dg9u9ohc3hw9/gradle-3.3/lib/plugins/commons-cli-1.2.jar
7f5110b99000-7f5110b9f000 r--s 00031000 08:04 822958                     /home/robinson/.gradle/wrapper/dists/gradle-3.3-all/55gk2rcmfc6p2dg9u9ohc3hw9/gradle-3.3/lib/plugins/gradle-plugins-3.3.jar
7f5110b9f000-7f5110ba1000 r--s 00009000 08:04 822991                     /home/robinson/.gradle/wrapper/dists/gradle-3.3-all/55gk2rcmfc6p2dg9u9ohc3hw9/gradle-3.3/lib/plugins/gradle-plugin-development-3.3.jar
7f5110ba1000-7f5110ba7000 r--s 0002b000 08:04 822984                     /home/robinson/.gradle/wrapper/dists/gradle-3.3-all/55gk2rcmfc6p2dg9u9ohc3hw9/gradle-3.3/lib/plugins/gradle-platform-play-3.3.jar
7f5110ba7000-7f5110bb5000 r--s 00055000 08:04 822983                     /home/robinson/.gradle/wrapper/dists/gradle-3.3-all/55gk2rcmfc6p2dg9u9ohc3hw9/gradle-3.3/lib/plugins/gradle-platform-native-3.3.jar
7f5110bb5000-7f5110bba000 r--s 0001f000 08:04 822978                     /home/robinson/.gradle/wrapper/dists/gradle-3.3-all/55gk2rcmfc6p2dg9u9ohc3hw9/gradle-3.3/lib/plugins/gradle-platform-jvm-3.3.jar
7f5110bba000-7f5110bc2000 r--s 00027000 08:04 822977                     /home/robinson/.gradle/wrapper/dists/gradle-3.3-all/55gk2rcmfc6p2dg9u9ohc3hw9/gradle-3.3/lib/plugins/gradle-platform-base-3.3.jar
7f5110bc2000-7f5110bea000 r--s 0021c000 08:04 823010                     /home/robinson/.gradle/wrapper/dists/gradle-3.3-all/55gk2rcmfc6p2dg9u9ohc3hw9/gradle-3.3/lib/plugins/biz.aQute.bndlib-3.2.0.jar
7f5110bea000-7f5110bec000 r--s 00003000 08:04 822962                     /home/robinson/.gradle/wrapper/dists/gradle-3.3-all/55gk2rcmfc6p2dg9u9ohc3hw9/gradle-3.3/lib/plugins/gradle-osgi-3.3.jar
7f5110bec000-7f5110bef000 r--s 0000c000 08:04 823013                     /home/robinson/.gradle/wrapper/dists/gradle-3.3-all/55gk2rcmfc6p2dg9u9ohc3hw9/gradle-3.3/lib/plugins/pmaven-groovy-0.8-20100325.jar
7f5110bef000-7f5110bf0000 r--s 00004000 08:04 823012                     /home/robinson/.gradle/wrapper/dists/gradle-3.3-all/55gk2rcmfc6p2dg9u9ohc3hw9/gradle-3.3/lib/plugins/pmaven-common-0.8-20100325.jar
7f5110bf0000-7f5110bf6000 r--s 00023000 08:04 822963                     /home/robinson/.gradle/wrapper/dists/gradle-3.3-all/55gk2rcmfc6p2dg9u9ohc3hw9/gradle-3.3/lib/plugins/gradle-maven-3.3.jar
7f5110bf6000-7f5110bf9000 r--s 0000b000 08:04 822982                     /home/robinson/.gradle/wrapper/dists/gradle-3.3-all/55gk2rcmfc6p2dg9u9ohc3hw9/gradle-3.3/lib/plugins/gradle-language-scala-3.3.jar
7f5110bf9000-7f5110bff000 r--s 0001a000 08:04 822986                     /home/robinson/.gradle/wrapper/dists/gradle-3.3-all/55gk2rcmfc6p2dg9u9ohc3hw9/gradle-3.3/lib/plugins/gradle-language-native-3.3.jar
7f5110bff000-7f5110c02000 r--s 00005000 08:04 822979                     /home/robinson/.gradle/wrapper/dists/gradle-3.3-all/55gk2rcmfc6p2dg9u9ohc3hw9/gradle-3.3/lib/plugins/gradle-language-jvm-3.3.jar
7f5110c02000-7f5110c08000 r--s 00027000 08:04 822980                     /home/robinson/.gradle/wrapper/dists/gradle-3.3-all/55gk2rcmfc6p2dg9u9ohc3hw9/gradle-3.3/lib/plugins/gradle-language-java-3.3.jar
7f5110c08000-7f5110c0a000 r--s 0000a000 08:04 822981                     /home/robinson/.gradle/wrapper/dists/gradle-3.3-all/55gk2rcmfc6p2dg9u9ohc3hw9/gradle-3.3/lib/plugins/gradle-language-groovy-3.3.jar
7f5110c0a000-7f5110c0d000 r--s 0001e000 08:04 823037                     /home/robinson/.gradle/wrapper/dists/gradle-3.3-all/55gk2rcmfc6p2dg9u9ohc3hw9/gradle-3.3/lib/plugins/jsp-api-2.1-6.1.14.jar
7f5110c0d000-7f5110c30000 r--s 00344000 08:04 823036                     /home/robinson/.gradle/wrapper/dists/gradle-3.3-all/55gk2rcmfc6p2dg9u9ohc3hw9/gradle-3.3/lib/plugins/core-3.1.1.jar
7f5110c30000-7f5110c31000 r--s 00006000 08:04 823035                     /home/robinson/.gradle/wrapper/dists/gradle-3.3-all/55gk2rcmfc6p2dg9u9ohc3hw9/gradle-3.3/lib/plugins/jetty-naming-6.1.26.jar
7f5110c31000-7f5110c32000 r--s 00002000 08:04 823009                     /home/robinson/.gradle/wrapper/dists/gradle-3.3-all/55gk2rcmfc6p2dg9u9ohc3hw9/gradle-3.3/lib/plugins/geronimo-annotation_1.0_spec-1.0.jar
7f5110c32000-7f5110c34000 r--s 00002000 08:04 823008                     /home/robinson/.gradle/wrapper/dists/gradle-3.3-all/55gk2rcmfc6p2dg9u9ohc3hw9/gradle-3.3/lib/plugins/jetty-annotations-6.1.26.jar
7f5110c34000-7f5110c45000 r--s 000ea000 08:04 823007                     /home/robinson/.gradle/wrapper/dists/gradle-3.3-all/55gk2rcmfc6p2dg9u9ohc3hw9/gradle-3.3/lib/plugins/jsp-2.1-6.1.14.jar
7f5110c45000-7f5110c47000 r--s 0000d000 08:04 823006                     /home/robinson/.gradle/wrapper/dists/gradle-3.3-all/55gk2rcmfc6p2dg9u9ohc3hw9/gradle-3.3/lib/plugins/jetty-plus-6.1.26.jar
7f5110c47000-7f5110c49000 r--s 0001f000 08:04 823005                     /home/robinson/.gradle/wrapper/dists/gradle-3.3-all/55gk2rcmfc6p2dg9u9ohc3hw9/gradle-3.3/lib/plugins/servlet-api-2.5-20081211.jar
7f5110c49000-7f5110c4d000 r--s 00028000 08:04 823004                     /home/robinson/.gradle/wrapper/dists/gradle-3.3-all/55gk2rcmfc6p2dg9u9ohc3hw9/gradle-3.3/lib/plugins/jetty-util-6.1.26.jar
7f5110c4d000-7f5110c54000 r--s 0007d000 08:04 823003                     /home/robinson/.gradle/wrapper/dists/gradle-3.3-all/55gk2rcmfc6p2dg9u9ohc3hw9/gradle-3.3/lib/plugins/jetty-6.1.26.jar
7f5110c54000-7f5110c56000 r--s 0000a000 08:04 822960                     /home/robinson/.gradle/wrapper/dists/gradle-3.3-all/55gk2rcmfc6p2dg9u9ohc3hw9/gradle-3.3/lib/plugins/gradle-jetty-3.3.jar
7f5110c56000-7f5110c5d000 r--s 00035000 08:04 823018                     /home/robinson/.gradle/wrapper/dists/gradle-3.3-all/55gk2rcmfc6p2dg9u9ohc3hw9/gradle-3.3/lib/plugins/simple-4.1.21.jar
7f5110c5d000-7f5110c69000 r--s 00100000 08:04 823016                     /home/robinson/.gradle/wrapper/dists/gradle-3.3-all/55gk2rcmfc6p2dg9u9ohc3hw9/gradle-3.3/lib/plugins/rhino-1.7R3.jar
7f5110c69000-7f5110c6d000 r--s 00012000 08:04 822969                     /home/robinson/.gradle/wrapper/dists/gradle-3.3-all/55gk2rcmfc6p2dg9u9ohc3hw9/gradle-3.3/lib/plugins/gradle-javascript-3.3.jar
7f5110c6d000-7f5110c6f000 r--s 0000d000 08:04 822975                     /home/robinson/.gradle/wrapper/dists/gradle-3.3-all/55gk2rcmfc6p2dg9u9ohc3hw9/gradle-3.3/lib/plugins/gradle-jacoco-3.3.jar
7f5110c6f000-7f5110c72000 r--s 0000e000 08:04 822974                     /home/robinson/.gradle/wrapper/dists/gradle-3.3-all/55gk2rcmfc6p2dg9u9ohc3hw9/gradle-3.3/lib/plugins/gradle-ivy-3.3.jar
7f5110c72000-7f5110c73000 r--s 00002000 08:04 822985                     /home/robinson/.gradle/wrapper/dists/gradle-3.3-all/55gk2rcmfc6p2dg9u9ohc3hw9/gradle-3.3/lib/plugins/gradle-ide-play-3.3.jar
7f5110c73000-7f5110c76000 r--s 00013000 08:04 822987                     /home/robinson/.gradle/wrapper/dists/gradle-3.3-all/55gk2rcmfc6p2dg9u9ohc3hw9/gradle-3.3/lib/plugins/gradle-ide-native-3.3.jar
7f5110c76000-7f5110c7f000 r--s 00055000 08:04 822964                     /home/robinson/.gradle/wrapper/dists/gradle-3.3-all/55gk2rcmfc6p2dg9u9ohc3hw9/gradle-3.3/lib/plugins/gradle-ide-3.3.jar
7f5110c7f000-7f5110c81000 r--s 00007000 08:04 822968                     /home/robinson/.gradle/wrapper/dists/gradle-3.3-all/55gk2rcmfc6p2dg9u9ohc3hw9/gradle-3.3/lib/plugins/gradle-ear-3.3.jar
7f5110c81000-7f5110c87000 r--s 00039000 08:04 822971                     /home/robinson/.gradle/wrapper/dists/gradle-3.3-all/55gk2rcmfc6p2dg9u9ohc3hw9/gradle-3.3/lib/plugins/gradle-diagnostics-3.3.jar
7f5110c87000-7f5110c88000 r--s 00009000 08:04 822997                     /home/robinson/.gradle/wrapper/dists/gradle-3.3-all/55gk2rcmfc6p2dg9u9ohc3hw9/gradle-3.3/lib/plugins/gradle-composite-builds-3.3.jar
7f5110c88000-7f5110c8c000 r--s 00023000 08:04 822959                     /home/robinson/.gradle/wrapper/dists/gradle-3.3-all/55gk2rcmfc6p2dg9u9ohc3hw9/gradle-3.3/lib/plugins/gradle-code-quality-3.3.jar
7f5110c8c000-7f5110c90000 r--s 00022000 08:04 822976                     /home/robinson/.gradle/wrapper/dists/gradle-3.3-all/55gk2rcmfc6p2dg9u9ohc3hw9/gradle-3.3/lib/plugins/gradle-build-init-3.3.jar
7f5110c90000-7f5110c96000 r--s 0008e000 08:04 822970                     /home/robinson/.gradle/wrapper/dists/gradle-3.3-all/55gk2rcmfc6p2dg9u9ohc3hw9/gradle-3.3/lib/plugins/gradle-build-comparison-3.3.jar
7f5110c96000-7f5110c97000 r--s 00001000 08:04 822998                     /home/robinson/.gradle/wrapper/dists/gradle-3.3-all/55gk2rcmfc6p2dg9u9ohc3hw9/gradle-3.3/lib/plugins/gradle-build-cache-http-3.3.jar
7f5110c97000-7f5110c99000 r--s 00008000 08:04 822961                     /home/robinson/.gradle/wrapper/dists/gradle-3.3-all/55gk2rcmfc6p2dg9u9ohc3hw9/gradle-3.3/lib/plugins/gradle-antlr-3.3.jar
7f5110c99000-7f5110c9b000 r--s 00004000 08:04 822965                     /home/robinson/.gradle/wrapper/dists/gradle-3.3-all/55gk2rcmfc6p2dg9u9ohc3hw9/gradle-3.3/lib/plugins/gradle-announce-3.3.jar
7f5110c9b000-7f5110cb3000 r--s 00115000 08:04 823067                     /home/robinson/.gradle/wrapper/dists/gradle-3.3-all/55gk2rcmfc6p2dg9u9ohc3hw9/gradle-3.3/lib/plugins/xercesImpl-2.9.1.jar
7f5110cb3000-7f5110cbb000 r--s 00028000 08:04 823068                     /home/robinson/.gradle/wrapper/dists/gradle-3.3-all/55gk2rcmfc6p2dg9u9ohc3hw9/gradle-3.3/lib/plugins/xml-apis-1.3.04.jar
7f5110cbb000-7f5110cc1000 r--s 0005b000 08:04 823066                     /home/robinson/.gradle/wrapper/dists/gradle-3.3-all/55gk2rcmfc6p2dg9u9ohc3hw9/gradle-3.3/lib/plugins/jcifs-1.3.17.jar
7f5110cc1000-7f5110cc7000 r--s 00033000 08:04 823014                     /home/robinson/.gradle/wrapper/dists/gradle-3.3-all/55gk2rcmfc6p2dg9u9ohc3hw9/gradle-3.3/lib/plugins/commons-codec-1.6.jar
7f5110cc7000-7f5110cce000 r--s 00049000 08:04 823065                     /home/robinson/.gradle/wrapper/dists/gradle-3.3-all/55gk2rcmfc6p2dg9u9ohc3hw9/gradle-3.3/lib/plugins/httpcore-4.4.4.jar
7f5110cce000-7f5110cd1000 r--s 0001c000 08:04 823023                     /home/robinson/.gradle/wrapper/dists/gradle-3.3-all/55gk2rcmfc6p2dg9u9ohc3hw9/gradle-3.3/lib/plugins/nekohtml-1.9.14.jar
7f5110cd1000-7f5110cde000 r--s 000a4000 08:04 823022                     /home/robinson/.gradle/wrapper/dists/gradle-3.3-all/55gk2rcmfc6p2dg9u9ohc3hw9/gradle-3.3/lib/plugins/httpclient-4.4.1.jar
7f5110cde000-7f5110ce1000 r--s 0000a000 08:04 822993                     /home/robinson/.gradle/wrapper/dists/gradle-3.3-all/55gk2rcmfc6p2dg9u9ohc3hw9/gradle-3.3/lib/plugins/gradle-resources-http-3.3.jar
7f5110ce1000-7f5110ce5000 r--s 00015000 08:04 822992                     /home/robinson/.gradle/wrapper/dists/gradle-3.3-all/55gk2rcmfc6p2dg9u9ohc3hw9/gradle-3.3/lib/plugins/gradle-plugin-use-3.3.jar
7f5110ce5000-7f5110ce6000 r--s 00000000 08:04 822904                     /home/robinson/.gradle/wrapper/dists/gradle-3.3-all/55gk2rcmfc6p2dg9u9ohc3hw9/gradle-3.3/lib/gradle-installation-beacon-3.3.jar
7f5110ce6000-7f5110ce8000 r--s 00006000 08:04 823061                     /home/robinson/.gradle/wrapper/dists/gradle-3.3-all/55gk2rcmfc6p2dg9u9ohc3hw9/gradle-3.3/lib/plugins/aether-connector-wagon-1.13.1.jar
7f5110ce8000-7f5110cec000 r--s 0001c000 08:04 823060                     /home/robinson/.gradle/wrapper/dists/gradle-3.3-all/55gk2rcmfc6p2dg9u9ohc3hw9/gradle-3.3/lib/plugins/aether-util-1.13.1.jar
7f5110cec000-7f5110ced000 r--s 00003000 08:04 823059                     /home/robinson/.gradle/wrapper/dists/gradle-3.3-all/55gk2rcmfc6p2dg9u9ohc3hw9/gradle-3.3/lib/plugins/aether-spi-1.13.1.jar
7f5110ced000-7f5110cf0000 r--s 0001d000 08:04 823058                     /home/robinson/.gradle/wrapper/dists/gradle-3.3-all/55gk2rcmfc6p2dg9u9ohc3hw9/gradle-3.3/lib/plugins/aether-impl-1.13.1.jar
7f5110cf0000-7f5110cf3000 r--s 00013000 08:04 823057                     /home/robinson/.gradle/wrapper/dists/gradle-3.3-all/55gk2rcmfc6p2dg9u9ohc3hw9/gradle-3.3/lib/plugins/aether-api-1.13.1.jar
7f5110cf3000-7f5110cf4000 r--s 00007000 08:04 823056                     /home/robinson/.gradle/wrapper/dists/gradle-3.3-all/55gk2rcmfc6p2dg9u9ohc3hw9/gradle-3.3/lib/plugins/wagon-http-shared4-2.4.jar
7f5110cf4000-7f5110cf6000 r--s 0000b000 08:04 823055                     /home/robinson/.gradle/wrapper/dists/gradle-3.3-all/55gk2rcmfc6p2dg9u9ohc3hw9/gradle-3.3/lib/plugins/wagon-provider-api-2.4.jar
7f5110cf6000-7f5110cf7000 r--s 00002000 08:04 823054                     /home/robinson/.gradle/wrapper/dists/gradle-3.3-all/55gk2rcmfc6p2dg9u9ohc3hw9/gradle-3.3/lib/plugins/wagon-http-2.4.jar
7f5110cf7000-7f5110cf8000 r--s 00002000 08:04 823053                     /home/robinson/.gradle/wrapper/dists/gradle-3.3-all/55gk2rcmfc6p2dg9u9ohc3hw9/gradle-3.3/lib/plugins/wagon-file-2.4.jar
7f5110cf8000-7f5110cfa000 r--s 0000c000 08:04 823052                     /home/robinson/.gradle/wrapper/dists/gradle-3.3-all/55gk2rcmfc6p2dg9u9ohc3hw9/gradle-3.3/lib/plugins/maven-aether-provider-3.0.4.jar
7f5110cfa000-7f5110cfc000 r--s 0000b000 08:04 823051                     /home/robinson/.gradle/wrapper/dists/gradle-3.3-all/55gk2rcmfc6p2dg9u9ohc3hw9/gradle-3.3/lib/plugins/maven-plugin-api-3.0.4.jar
7f5110cfc000-7f5110cfe000 r--s 00006000 08:04 823050                     /home/robinson/.gradle/wrapper/dists/gradle-3.3-all/55gk2rcmfc6p2dg9u9ohc3hw9/gradle-3.3/lib/plugins/maven-repository-metadata-3.0.4.jar
7f5110cfe000-7f5110d00000 r--s 0000b000 08:04 823049                     /home/robinson/.gradle/wrapper/dists/gradle-3.3-all/55gk2rcmfc6p2dg9u9ohc3hw9/gradle-3.3/lib/plugins/maven-artifact-3.0.4.jar
7f5110d00000-7f5110d02000 r--s 00026000 08:04 823048                     /home/robinson/.gradle/wrapper/dists/gradle-3.3-all/55gk2rcmfc6p2dg9u9ohc3hw9/gradle-3.3/lib/plugins/maven-model-3.0.4.jar
7f5110d02000-7f5110d06000 r--s 00021000 08:04 823047                     /home/robinson/.gradle/wrapper/dists/gradle-3.3-all/55gk2rcmfc6p2dg9u9ohc3hw9/gradle-3.3/lib/plugins/maven-model-builder-3.0.4.jar
7f5110d06000-7f5110d0c000 r--s 0003f000 08:04 823046                     /home/robinson/.gradle/wrapper/dists/gradle-3.3-all/55gk2rcmfc6p2dg9u9ohc3hw9/gradle-3.3/lib/plugins/maven-compat-3.0.4.jar
7f5110d0c000-7f5110d0e000 r--s 00002000 08:04 823044                     /home/robinson/.gradle/wrapper/dists/gradle-3.3-all/55gk2rcmfc6p2dg9u9ohc3hw9/gradle-3.3/lib/plugins/plexus-cipher-1.7.jar
7f5110d0e000-7f5110d10000 r--s 0000a000 08:04 823043                     /home/robinson/.gradle/wrapper/dists/gradle-3.3-all/55gk2rcmfc6p2dg9u9ohc3hw9/gradle-3.3/lib/plugins/plexus-classworlds-2.4.jar
7f5110d10000-7f5110d17000 r--s 0002e000 08:04 823042                     /home/robinson/.gradle/wrapper/dists/gradle-3.3-all/55gk2rcmfc6p2dg9u9ohc3hw9/gradle-3.3/lib/plugins/plexus-container-default-1.5.5.jar
7f5110d17000-7f5110d19000 r--s 00000000 08:04 823069                     /home/robinson/.gradle/wrapper/dists/gradle-3.3-all/55gk2rcmfc6p2dg9u9ohc3hw9/gradle-3.3/lib/plugins/plexus-component-annotations-1.5.5.jar
7f5110d19000-7f5110d1b000 r--s 0000d000 08:04 823041                     /home/robinson/.gradle/wrapper/dists/gradle-3.3-all/55gk2rcmfc6p2dg9u9ohc3hw9/gradle-3.3/lib/plugins/plexus-interpolation-1.14.jar
7f5110d1b000-7f5110d1f000 r--s 00033000 08:04 823040                     /home/robinson/.gradle/wrapper/dists/gradle-3.3-all/55gk2rcmfc6p2dg9u9ohc3hw9/gradle-3.3/lib/plugins/plexus-utils-2.0.6.jar
7f5110d1f000-7f5110d22000 r--s 00008000 08:04 823039                     /home/robinson/.gradle/wrapper/dists/gradle-3.3-all/55gk2rcmfc6p2dg9u9ohc3hw9/gradle-3.3/lib/plugins/maven-settings-builder-3.0.4.jar
7f5110d22000-7f5110d24000 r--s 0000a000 08:04 823038                     /home/robinson/.gradle/wrapper/dists/gradle-3.3-all/55gk2rcmfc6p2dg9u9ohc3hw9/gradle-3.3/lib/plugins/maven-settings-3.0.4.jar
7f5110d24000-7f5110d29000 r--s 00040000 08:04 823024                     /home/robinson/.gradle/wrapper/dists/gradle-3.3-all/55gk2rcmfc6p2dg9u9ohc3hw9/gradle-3.3/lib/plugins/jsch-0.1.53.jar
7f5110d29000-7f5110d69000 r--s 00277000 08:04 823034                     /home/robinson/.gradle/wrapper/dists/gradle-3.3-all/55gk2rcmfc6p2dg9u9ohc3hw9/gradle-3.3/lib/plugins/bcprov-jdk15on-1.51.jar
7f5110d69000-7f5110d6d000 r--s 0001d000 08:04 823033                     /home/robinson/.gradle/wrapper/dists/gradle-3.3-all/55gk2rcmfc6p2dg9u9ohc3hw9/gradle-3.3/lib/plugins/xbean-reflect-3.4.jar
7f5110d6d000-7f5110d79000 r--s 0007d000 08:04 823011                     /home/robinson/.gradle/wrapper/dists/gradle-3.3-all/55gk2rcmfc6p2dg9u9ohc3hw9/gradle-3.3/lib/plugins/maven-core-3.0.4.jar
7f5110d79000-7f5110d7e000 r--s 00034000 08:04 823017                     /home/robinson/.gradle/wrapper/dists/gradle-3.3-all/55gk2rcmfc6p2dg9u9ohc3hw9/gradle-3.3/lib/plugins/gson-2.7.jar
7f5110d7e000-7f5110d8d000 r--s 000d9000 08:04 823032                     /home/robinson/.gradle/wrapper/dists/gradle-3.3-all/55gk2rcmfc6p2dg9u9ohc3hw9/gradle-3.3/lib/plugins/ivy-2.2.0.jar
7f5110d8d000-7f5110da3000 r-xp 00000000 08:04 660766                     /lib/x86_64-linux-gnu/libgcc_s.so.1
7f5110da3000-7f5110fa2000 ---p 00016000 08:04 660766                     /lib/x86_64-linux-gnu/libgcc_s.so.1
7f5110fa2000-7f5110fa3000 rw-p 00015000 08:04 660766                     /lib/x86_64-linux-gnu/libgcc_s.so.1
7f5110fa3000-7f5111115000 r-xp 00000000 08:04 2502749                    /usr/lib/x86_64-linux-gnu/libstdc++.so.6.0.21
7f5111115000-7f5111315000 ---p 00172000 08:04 2502749                    /usr/lib/x86_64-linux-gnu/libstdc++.so.6.0.21
7f5111315000-7f511131f000 r--p 00172000 08:04 2502749                    /usr/lib/x86_64-linux-gnu/libstdc++.so.6.0.21
7f511131f000-7f5111321000 rw-p 0017c000 08:04 2502749                    /usr/lib/x86_64-linux-gnu/libstdc++.so.6.0.21
7f5111321000-7f5111325000 rw-p 00000000 00:00 0 
7f5111325000-7f5111326000 r--s 00006000 08:04 823045                     /home/robinson/.gradle/wrapper/dists/gradle-3.3-all/55gk2rcmfc6p2dg9u9ohc3hw9/gradle-3.3/lib/plugins/plexus-sec-dispatcher-1.3.jar
7f5111326000-7f5111345000 r--s 000f6000 08:04 823000                     /home/robinson/.gradle/wrapper/dists/gradle-3.3-all/55gk2rcmfc6p2dg9u9ohc3hw9/gradle-3.3/lib/plugins/gradle-dependency-management-3.3.jar
7f5111345000-7f5111347000 r--s 00005000 08:04 822999                     /home/robinson/.gradle/wrapper/dists/gradle-3.3-all/55gk2rcmfc6p2dg9u9ohc3hw9/gradle-3.3/lib/plugins/gradle-workers-3.3.jar
7f5111347000-7f511134c000 r-xp 00000000 08:04 668041                     /home/robinson/.gradle/native/23/linux-amd64/libnative-platform.so
7f511134c000-7f511154b000 ---p 00005000 08:04 668041                     /home/robinson/.gradle/native/23/linux-amd64/libnative-platform.so
7f511154b000-7f511154c000 rw-p 00004000 08:04 668041                     /home/robinson/.gradle/native/23/linux-amd64/libnative-platform.so
7f511154c000-7f511155d000 r-xp 00000000 08:04 1059448                    /home/robinson/.local/share/umake/android/android-studio/jre/jre/lib/amd64/libnio.so
7f511155d000-7f511175c000 ---p 00011000 08:04 1059448                    /home/robinson/.local/share/umake/android/android-studio/jre/jre/lib/amd64/libnio.so
7f511175c000-7f511175d000 r--p 00010000 08:04 1059448                    /home/robinson/.local/share/umake/android/android-studio/jre/jre/lib/amd64/libnio.so
7f511175d000-7f511175e000 rw-p 00011000 08:04 1059448                    /home/robinson/.local/share/umake/android/android-studio/jre/jre/lib/amd64/libnio.so
7f511175e000-7f5111a5f000 rw-p 00000000 00:00 0 
7f5111a5f000-7f5111a76000 r-xp 00000000 08:04 1059447                    /home/robinson/.local/share/umake/android/android-studio/jre/jre/lib/amd64/libnet.so
7f5111a76000-7f5111c75000 ---p 00017000 08:04 1059447                    /home/robinson/.local/share/umake/android/android-studio/jre/jre/lib/amd64/libnet.so
7f5111c75000-7f5111c76000 r--p 00016000 08:04 1059447                    /home/robinson/.local/share/umake/android/android-studio/jre/jre/lib/amd64/libnet.so
7f5111c76000-7f5111c77000 rw-p 00017000 08:04 1059447                    /home/robinson/.local/share/umake/android/android-studio/jre/jre/lib/amd64/libnet.so
7f5111c77000-7f5111c78000 r--s 00006000 08:04 822903                     /home/robinson/.gradle/wrapper/dists/gradle-3.3-all/55gk2rcmfc6p2dg9u9ohc3hw9/gradle-3.3/lib/gradle-wrapper-3.3.jar
7f5111c78000-7f5111c85000 r--s 00041000 08:04 822910                     /home/robinson/.gradle/wrapper/dists/gradle-3.3-all/55gk2rcmfc6p2dg9u9ohc3hw9/gradle-3.3/lib/gradle-tooling-api-3.3.jar
7f5111c85000-7f5111c87000 r--s 00002000 08:04 822930                     /home/robinson/.gradle/wrapper/dists/gradle-3.3-all/55gk2rcmfc6p2dg9u9ohc3hw9/gradle-3.3/lib/gradle-open-api-3.3.jar
7f5111c87000-7f5111c8d000 r--s 00032000 08:04 822932                     /home/robinson/.gradle/wrapper/dists/gradle-3.3-all/55gk2rcmfc6p2dg9u9ohc3hw9/gradle-3.3/lib/jaxen-1.1.jar
7f5111c8d000-7f5111c92000 r--s 00048000 08:04 822931                     /home/robinson/.gradle/wrapper/dists/gradle-3.3-all/55gk2rcmfc6p2dg9u9ohc3hw9/gradle-3.3/lib/dom4j-1.6.1.jar
7f5111c92000-7f5111c9d000 r--s 00059000 08:04 822909                     /home/robinson/.gradle/wrapper/dists/gradle-3.3-all/55gk2rcmfc6p2dg9u9ohc3hw9/gradle-3.3/lib/gradle-ui-3.3.jar
7f5111c9d000-7f5111ca6000 r--s 0008c000 08:04 822901                     /home/robinson/.gradle/wrapper/dists/gradle-3.3-all/55gk2rcmfc6p2dg9u9ohc3hw9/gradle-3.3/lib/kotlin-stdlib-1.1-M02.jar
7f5111ca6000-7f5111cac000 r--s 0002a000 08:04 822900                     /home/robinson/.gradle/wrapper/dists/gradle-3.3-all/55gk2rcmfc6p2dg9u9ohc3hw9/gradle-3.3/lib/kotlin-runtime-1.1-M02.jar
7f5111cac000-7f5111ce0000 r--s 00256000 08:04 822899                     /home/robinson/.gradle/wrapper/dists/gradle-3.3-all/55gk2rcmfc6p2dg9u9ohc3hw9/gradle-3.3/lib/kotlin-reflect-1.1-M02.jar
7f5111ce0000-7f5111e76000 r--s 0157e000 08:04 822898                     /home/robinson/.gradle/wrapper/dists/gradle-3.3-all/55gk2rcmfc6p2dg9u9ohc3hw9/gradle-3.3/lib/kotlin-compiler-embeddable-1.1-M02.jar
7f5111e76000-7f5111e7e000 r--s 0004e000 08:04 822897                     /home/robinson/.gradle/wrapper/dists/gradle-3.3-all/55gk2rcmfc6p2dg9u9ohc3hw9/gradle-3.3/lib/gradle-script-kotlin-0.5.1.jar
7f5111e7e000-7f5111e81000 r--s 0000b000 08:04 822928                     /home/robinson/.gradle/wrapper/dists/gradle-3.3-all/55gk2rcmfc6p2dg9u9ohc3hw9/gradle-3.3/lib/gradle-resources-3.3.jar
7f5111e81000-7f5111e83000 r--s 00003000 08:04 822937                     /home/robinson/.gradle/wrapper/dists/gradle-3.3-all/55gk2rcmfc6p2dg9u9ohc3hw9/gradle-3.3/lib/jcl-over-slf4j-1.7.10.jar
7f5111e83000-7f5111e84000 r--s 00005000 08:04 822936                     /home/robinson/.gradle/wrapper/dists/gradle-3.3-all/55gk2rcmfc6p2dg9u9ohc3hw9/gradle-3.3/lib/log4j-over-slf4j-1.7.10.jar
7f5111e84000-7f5111e86000 r--s 00000000 08:04 822935                     /home/robinson/.gradle/wrapper/dists/gradle-3.3-all/55gk2rcmfc6p2dg9u9ohc3hw9/gradle-3.3/lib/jul-to-slf4j-1.7.10.jar
7f5111e86000-7f5111e8b000 r--s 0001e000 08:04 822912                     /home/robinson/.gradle/wrapper/dists/gradle-3.3-all/55gk2rcmfc6p2dg9u9ohc3hw9/gradle-3.3/lib/gradle-logging-3.3.jar
7f5111e8b000-7f5111e8d000 r--s 00007000 08:04 822956                     /home/robinson/.gradle/wrapper/dists/gradle-3.3-all/55gk2rcmfc6p2dg9u9ohc3hw9/gradle-3.3/lib/objenesis-1.2.jar
7f5111e8d000-7f5111e8f000 r--s 00000000 08:04 822955                     /home/robinson/.gradle/wrapper/dists/gradle-3.3-all/55gk2rcmfc6p2dg9u9ohc3hw9/gradle-3.3/lib/minlog-1.2.jar
7f5111e8f000-7f5111e91000 r--s 0000f000 08:04 822954                     /home/robinson/.gradle/wrapper/dists/gradle-3.3-all/55gk2rcmfc6p2dg9u9ohc3hw9/gradle-3.3/lib/reflectasm-1.07-shaded.jar
7f5111e91000-7f5111e95000 r--s 00026000 08:04 822939                     /home/robinson/.gradle/wrapper/dists/gradle-3.3-all/55gk2rcmfc6p2dg9u9ohc3hw9/gradle-3.3/lib/kryo-2.20.jar
7f5111e95000-7f5111e9b000 r--s 00027000 08:04 822927                     /home/robinson/.gradle/wrapper/dists/gradle-3.3-all/55gk2rcmfc6p2dg9u9ohc3hw9/gradle-3.3/lib/gradle-messaging-3.3.jar
7f5111e9b000-7f5111e9c000 r--s 00001000 08:04 822953                     /home/robinson/.gradle/wrapper/dists/gradle-3.3-all/55gk2rcmfc6p2dg9u9ohc3hw9/gradle-3.3/lib/native-platform-linux-i386-ncurses6-0.12.jar
7f5111e9c000-7f5111e9d000 r--s 00001000 08:04 822952                     /home/robinson/.gradle/wrapper/dists/gradle-3.3-all/55gk2rcmfc6p2dg9u9ohc3hw9/gradle-3.3/lib/native-platform-linux-i386-ncurses5-0.12.jar
7f5111e9d000-7f5111e9e000 r--s 00001000 08:04 822951                     /home/robinson/.gradle/wrapper/dists/gradle-3.3-all/55gk2rcmfc6p2dg9u9ohc3hw9/gradle-3.3/lib/native-platform-linux-amd64-ncurses6-0.12.jar
7f5111e9e000-7f5111e9f000 r--s 00001000 08:04 822950                     /home/robinson/.gradle/wrapper/dists/gradle-3.3-all/55gk2rcmfc6p2dg9u9ohc3hw9/gradle-3.3/lib/native-platform-linux-amd64-ncurses5-0.12.jar
7f5111e9f000-7f5111ea0000 r--s 0000b000 08:04 822949                     /home/robinson/.gradle/wrapper/dists/gradle-3.3-all/55gk2rcmfc6p2dg9u9ohc3hw9/gradle-3.3/lib/native-platform-windows-i386-0.12.jar
7f5111ea0000-7f5111ea2000 r--s 0000b000 08:04 822948                     /home/robinson/.gradle/wrapper/dists/gradle-3.3-all/55gk2rcmfc6p2dg9u9ohc3hw9/gradle-3.3/lib/native-platform-windows-amd64-0.12.jar
7f5111ea2000-7f5111ea4000 r--s 00002000 08:04 822947                     /home/robinson/.gradle/wrapper/dists/gradle-3.3-all/55gk2rcmfc6p2dg9u9ohc3hw9/gradle-3.3/lib/native-platform-osx-i386-0.12.jar
7f5111ea4000-7f5111ea5000 r--s 00002000 08:04 822946                     /home/robinson/.gradle/wrapper/dists/gradle-3.3-all/55gk2rcmfc6p2dg9u9ohc3hw9/gradle-3.3/lib/native-platform-osx-amd64-0.12.jar
7f5111ea5000-7f5111ea6000 r--s 00002000 08:04 822945                     /home/robinson/.gradle/wrapper/dists/gradle-3.3-all/55gk2rcmfc6p2dg9u9ohc3hw9/gradle-3.3/lib/native-platform-linux-i386-0.12.jar
7f5111ea6000-7f5111ea7000 r--s 00002000 08:04 822944                     /home/robinson/.gradle/wrapper/dists/gradle-3.3-all/55gk2rcmfc6p2dg9u9ohc3hw9/gradle-3.3/lib/native-platform-linux-amd64-0.12.jar
7f5111ea7000-7f5111ea8000 r--s 00003000 08:04 822943                     /home/robinson/.gradle/wrapper/dists/gradle-3.3-all/55gk2rcmfc6p2dg9u9ohc3hw9/gradle-3.3/lib/native-platform-freebsd-i386-libstdcpp-0.12.jar
7f5111ea8000-7f5111ea9000 r--s 00004000 08:04 822942                     /home/robinson/.gradle/wrapper/dists/gradle-3.3-all/55gk2rcmfc6p2dg9u9ohc3hw9/gradle-3.3/lib/native-platform-freebsd-i386-libcpp-0.12.jar
7f5111ea9000-7f5111eac000 r--s 00023000 08:04 822934                     /home/robinson/.gradle/wrapper/dists/gradle-3.3-all/55gk2rcmfc6p2dg9u9ohc3hw9/gradle-3.3/lib/jansi-1.14.jar
7f5111eac000-7f5111ebb000 r--s 0007f000 08:04 822918                     /home/robinson/.gradle/wrapper/dists/gradle-3.3-all/55gk2rcmfc6p2dg9u9ohc3hw9/gradle-3.3/lib/gradle-model-core-3.3.jar
7f5111ebb000-7f5111f2b000 r--s 00641000 08:04 822917                     /home/robinson/.gradle/wrapper/dists/gradle-3.3-all/55gk2rcmfc6p2dg9u9ohc3hw9/gradle-3.3/lib/groovy-all-2.4.7.jar
7f5111f2b000-7f5111f53000 r--s 001cf000 08:04 822914                     /home/robinson/.gradle/wrapper/dists/gradle-3.3-all/55gk2rcmfc6p2dg9u9ohc3hw9/gradle-3.3/lib/guava-jdk5-17.0.jar
7f5111f53000-7f5111f72000 r--s 001d1000 08:04 822921                     /home/robinson/.gradle/wrapper/dists/gradle-3.3-all/55gk2rcmfc6p2dg9u9ohc3hw9/gradle-3.3/lib/ant-1.9.6.jar
7f5111f72000-7f5111faf000 r--s 001f8000 08:04 822907                     /home/robinson/.gradle/wrapper/dists/gradle-3.3-all/55gk2rcmfc6p2dg9u9ohc3hw9/gradle-3.3/lib/gradle-core-3.3.jar
7f5111faf000-7f5111fb0000 ---p 00000000 00:00 0 
7f5111fb0000-7f51120b0000 rw-p 00000000 00:00 0 
7f51120b0000-7f51120b3000 ---p 00000000 00:00 0 
7f51120b3000-7f51121b1000 rw-p 00000000 00:00 0 
7f51121b1000-7f51121b4000 ---p 00000000 00:00 0 
7f51121b4000-7f51122b2000 rw-p 00000000 00:00 0 
7f51122b2000-7f51122b5000 ---p 00000000 00:00 0 
7f51122b5000-7f51123b3000 rw-p 00000000 00:00 0 
7f51123b3000-7f51123b6000 ---p 00000000 00:00 0 
7f51123b6000-7f51124b4000 rw-p 00000000 00:00 0 
7f51124b4000-7f51124b7000 ---p 00000000 00:00 0 
7f51124b7000-7f51125b5000 rw-p 00000000 00:00 0 
7f51125b5000-7f511288e000 r--p 00000000 08:04 2499643                    /usr/lib/locale/locale-archive
7f511288e000-7f5112891000 ---p 00000000 00:00 0 
7f5112891000-7f511298f000 rw-p 00000000 00:00 0 
7f511298f000-7f5112992000 ---p 00000000 00:00 0 
7f5112992000-7f5112a90000 rw-p 00000000 00:00 0 
7f5112a90000-7f5112a91000 ---p 00000000 00:00 0 
7f5112a91000-7f5114000000 rw-p 00000000 00:00 0 
7f5114000000-7f5114332000 rw-p 00000000 00:00 0 
7f5114332000-7f5118000000 ---p 00000000 00:00 0 
7f5118000000-7f5118002000 r--s 00003000 08:04 822941                     /home/robinson/.gradle/wrapper/dists/gradle-3.3-all/55gk2rcmfc6p2dg9u9ohc3hw9/gradle-3.3/lib/native-platform-freebsd-amd64-libstdcpp-0.12.jar
7f5118002000-7f5118374000 rw-p 00000000 00:00 0 
7f5118374000-7f5118543000 r--s 03c1b000 08:04 1059415                    /home/robinson/.local/share/umake/android/android-studio/jre/jre/lib/rt.jar
7f5118543000-7f511b8b9000 rw-p 00000000 00:00 0 
7f511b8b9000-7f511b8ba000 ---p 00000000 00:00 0 
7f511b8ba000-7f511b9ba000 rw-p 00000000 00:00 0 
7f511b9ba000-7f511b9bb000 ---p 00000000 00:00 0 
7f511b9bb000-7f511babb000 rw-p 00000000 00:00 0 
7f511babb000-7f511babc000 ---p 00000000 00:00 0 
7f511babc000-7f511bbbc000 rw-p 00000000 00:00 0 
7f511bbbc000-7f511bbbd000 ---p 00000000 00:00 0 
7f511bbbd000-7f511bddf000 rw-p 00000000 00:00 0 
7f511bddf000-7f511bebd000 ---p 00000000 00:00 0 
7f511bebd000-7f511bfdf000 rw-p 00000000 00:00 0 
7f511bfdf000-7f511c0bd000 ---p 00000000 00:00 0 
7f511c0bd000-7f511c1bd000 rw-p 00000000 00:00 0 
7f511c1bd000-7f511c288000 rw-p 00000000 00:00 0 
7f511c288000-7f511c57e000 ---p 00000000 00:00 0 
7f511c57e000-7f511f7fe000 rwxp 00000000 00:00 0 
7f511f7fe000-7f512b57e000 ---p 00000000 00:00 0 
7f512b57e000-7f512b598000 r-xp 00000000 08:04 1059432                    /home/robinson/.local/share/umake/android/android-studio/jre/jre/lib/amd64/libzip.so
7f512b598000-7f512b798000 ---p 0001a000 08:04 1059432                    /home/robinson/.local/share/umake/android/android-studio/jre/jre/lib/amd64/libzip.so
7f512b798000-7f512b799000 r--p 0001a000 08:04 1059432                    /home/robinson/.local/share/umake/android/android-studio/jre/jre/lib/amd64/libzip.so
7f512b799000-7f512b79a000 rw-p 0001b000 08:04 1059432                    /home/robinson/.local/share/umake/android/android-studio/jre/jre/lib/amd64/libzip.so
7f512b79a000-7f512b7a5000 r-xp 00000000 08:04 660827                     /lib/x86_64-linux-gnu/libnss_files-2.23.so
7f512b7a5000-7f512b9a4000 ---p 0000b000 08:04 660827                     /lib/x86_64-linux-gnu/libnss_files-2.23.so
7f512b9a4000-7f512b9a5000 r--p 0000a000 08:04 660827                     /lib/x86_64-linux-gnu/libnss_files-2.23.so
7f512b9a5000-7f512b9a6000 rw-p 0000b000 08:04 660827                     /lib/x86_64-linux-gnu/libnss_files-2.23.so
7f512b9a6000-7f512b9ac000 rw-p 00000000 00:00 0 
7f512b9ac000-7f512b9b7000 r-xp 00000000 08:04 660837                     /lib/x86_64-linux-gnu/libnss_nis-2.23.so
7f512b9b7000-7f512bbb6000 ---p 0000b000 08:04 660837                     /lib/x86_64-linux-gnu/libnss_nis-2.23.so
7f512bbb6000-7f512bbb7000 r--p 0000a000 08:04 660837                     /lib/x86_64-linux-gnu/libnss_nis-2.23.so
7f512bbb7000-7f512bbb8000 rw-p 0000b000 08:04 660837                     /lib/x86_64-linux-gnu/libnss_nis-2.23.so
7f512bbb8000-7f512bbce000 r-xp 00000000 08:04 660821                     /lib/x86_64-linux-gnu/libnsl-2.23.so
7f512bbce000-7f512bdcd000 ---p 00016000 08:04 660821                     /lib/x86_64-linux-gnu/libnsl-2.23.so
7f512bdcd000-7f512bdce000 r--p 00015000 08:04 660821                     /lib/x86_64-linux-gnu/libnsl-2.23.so
7f512bdce000-7f512bdcf000 rw-p 00016000 08:04 660821                     /lib/x86_64-linux-gnu/libnsl-2.23.so
7f512bdcf000-7f512bdd1000 rw-p 00000000 00:00 0 
7f512bdd1000-7f512bdfe000 r-xp 00000000 08:04 1059450                    /home/robinson/.local/share/umake/android/android-studio/jre/jre/lib/amd64/libjava.so
7f512bdfe000-7f512bffd000 ---p 0002d000 08:04 1059450                    /home/robinson/.local/share/umake/android/android-studio/jre/jre/lib/amd64/libjava.so
7f512bffd000-7f512bffe000 r--p 0002c000 08:04 1059450                    /home/robinson/.local/share/umake/android/android-studio/jre/jre/lib/amd64/libjava.so
7f512bffe000-7f512c000000 rw-p 0002d000 08:04 1059450                    /home/robinson/.local/share/umake/android/android-studio/jre/jre/lib/amd64/libjava.so
7f512c000000-7f512cd19000 rw-p 00000000 00:00 0 
7f512cd19000-7f5130000000 ---p 00000000 00:00 0 
7f5130000000-7f5130001000 r--s 00004000 08:04 822940                     /home/robinson/.gradle/wrapper/dists/gradle-3.3-all/55gk2rcmfc6p2dg9u9ohc3hw9/gradle-3.3/lib/native-platform-freebsd-amd64-libcpp-0.12.jar
7f5130001000-7f5130005000 r--s 00011000 08:04 822933                     /home/robinson/.gradle/wrapper/dists/gradle-3.3-all/55gk2rcmfc6p2dg9u9ohc3hw9/gradle-3.3/lib/native-platform-0.12.jar
7f5130005000-7f5130008000 r--s 0000a000 08:04 822911                     /home/robinson/.gradle/wrapper/dists/gradle-3.3-all/55gk2rcmfc6p2dg9u9ohc3hw9/gradle-3.3/lib/gradle-native-3.3.jar
7f5130008000-7f513000a000 r--s 00005000 08:04 822908                     /home/robinson/.gradle/wrapper/dists/gradle-3.3-all/55gk2rcmfc6p2dg9u9ohc3hw9/gradle-3.3/lib/gradle-cli-3.3.jar
7f513000a000-7f513000c000 r--s 00007000 08:04 822919                     /home/robinson/.gradle/wrapper/dists/gradle-3.3-all/55gk2rcmfc6p2dg9u9ohc3hw9/gradle-3.3/lib/gradle-model-groovy-3.3.jar
7f513000c000-7f513000e000 r--s 00006000 08:04 822926                     /home/robinson/.gradle/wrapper/dists/gradle-3.3-all/55gk2rcmfc6p2dg9u9ohc3hw9/gradle-3.3/lib/gradle-base-services-groovy-3.3.jar
7f513000e000-7f513000f000 r--s 00002000 08:04 822929                     /home/robinson/.gradle/wrapper/dists/gradle-3.3-all/55gk2rcmfc6p2dg9u9ohc3hw9/gradle-3.3/lib/gradle-docs-3.3.jar
7f513000f000-7f513001c000 r--s 00083000 08:04 822922                     /home/robinson/.gradle/wrapper/dists/gradle-3.3-all/55gk2rcmfc6p2dg9u9ohc3hw9/gradle-3.3/lib/commons-collections-3.2.2.jar
7f513001c000-7f5130024000 r-xp 00000000 08:04 660823                     /lib/x86_64-linux-gnu/libnss_compat-2.23.so
7f5130024000-7f5130223000 ---p 00008000 08:04 660823                     /lib/x86_64-linux-gnu/libnss_compat-2.23.so
7f5130223000-7f5130224000 r--p 00007000 08:04 660823                     /lib/x86_64-linux-gnu/libnss_compat-2.23.so
7f5130224000-7f5130225000 rw-p 00008000 08:04 660823                     /lib/x86_64-linux-gnu/libnss_compat-2.23.so
7f5130225000-7f5130235000 r-xp 00000000 08:04 1059421                    /home/robinson/.local/share/umake/android/android-studio/jre/jre/lib/amd64/libverify.so
7f5130235000-7f5130434000 ---p 00010000 08:04 1059421                    /home/robinson/.local/share/umake/android/android-studio/jre/jre/lib/amd64/libverify.so
7f5130434000-7f5130436000 r--p 0000f000 08:04 1059421                    /home/robinson/.local/share/umake/android/android-studio/jre/jre/lib/amd64/libverify.so
7f5130436000-7f5130437000 rw-p 00011000 08:04 1059421                    /home/robinson/.local/share/umake/android/android-studio/jre/jre/lib/amd64/libverify.so
7f5130437000-7f513043e000 r-xp 00000000 08:04 660882                     /lib/x86_64-linux-gnu/librt-2.23.so
7f513043e000-7f513063d000 ---p 00007000 08:04 660882                     /lib/x86_64-linux-gnu/librt-2.23.so
7f513063d000-7f513063e000 r--p 00006000 08:04 660882                     /lib/x86_64-linux-gnu/librt-2.23.so
7f513063e000-7f513063f000 rw-p 00007000 08:04 660882                     /lib/x86_64-linux-gnu/librt-2.23.so
7f513063f000-7f5130747000 r-xp 00000000 08:04 660798                     /lib/x86_64-linux-gnu/libm-2.23.so
7f5130747000-7f5130946000 ---p 00108000 08:04 660798                     /lib/x86_64-linux-gnu/libm-2.23.so
7f5130946000-7f5130947000 r--p 00107000 08:04 660798                     /lib/x86_64-linux-gnu/libm-2.23.so
7f5130947000-7f5130948000 rw-p 00108000 08:04 660798                     /lib/x86_64-linux-gnu/libm-2.23.so
7f5130948000-7f5131539000 r-xp 00000000 08:04 1059430                    /home/robinson/.local/share/umake/android/android-studio/jre/jre/lib/amd64/server/libjvm.so
7f5131539000-7f5131739000 ---p 00bf1000 08:04 1059430                    /home/robinson/.local/share/umake/android/android-studio/jre/jre/lib/amd64/server/libjvm.so
7f5131739000-7f51317d8000 r--p 00bf1000 08:04 1059430                    /home/robinson/.local/share/umake/android/android-studio/jre/jre/lib/amd64/server/libjvm.so
7f51317d8000-7f5131801000 rw-p 00c90000 08:04 1059430                    /home/robinson/.local/share/umake/android/android-studio/jre/jre/lib/amd64/server/libjvm.so
7f5131801000-7f5131845000 rw-p 00000000 00:00 0 
7f5131845000-7f513185d000 r-xp 00000000 08:04 660874                     /lib/x86_64-linux-gnu/libpthread-2.23.so
7f513185d000-7f5131a5c000 ---p 00018000 08:04 660874                     /lib/x86_64-linux-gnu/libpthread-2.23.so
7f5131a5c000-7f5131a5d000 r--p 00017000 08:04 660874                     /lib/x86_64-linux-gnu/libpthread-2.23.so
7f5131a5d000-7f5131a5e000 rw-p 00018000 08:04 660874                     /lib/x86_64-linux-gnu/libpthread-2.23.so
7f5131a5e000-7f5131a62000 rw-p 00000000 00:00 0 
7f5131a62000-7f5131a65000 r-xp 00000000 08:04 660752                     /lib/x86_64-linux-gnu/libdl-2.23.so
7f5131a65000-7f5131c64000 ---p 00003000 08:04 660752                     /lib/x86_64-linux-gnu/libdl-2.23.so
7f5131c64000-7f5131c65000 r--p 00002000 08:04 660752                     /lib/x86_64-linux-gnu/libdl-2.23.so
7f5131c65000-7f5131c66000 rw-p 00003000 08:04 660752                     /lib/x86_64-linux-gnu/libdl-2.23.so
7f5131c66000-7f5131e25000 r-xp 00000000 08:04 660728                     /lib/x86_64-linux-gnu/libc-2.23.so
7f5131e25000-7f5132025000 ---p 001bf000 08:04 660728                     /lib/x86_64-linux-gnu/libc-2.23.so
7f5132025000-7f5132029000 r--p 001bf000 08:04 660728                     /lib/x86_64-linux-gnu/libc-2.23.so
7f5132029000-7f513202b000 rw-p 001c3000 08:04 660728                     /lib/x86_64-linux-gnu/libc-2.23.so
7f513202b000-7f513202f000 rw-p 00000000 00:00 0 
7f513202f000-7f5132045000 r-xp 00000000 08:04 1059372                    /home/robinson/.local/share/umake/android/android-studio/jre/lib/amd64/jli/libjli.so
7f5132045000-7f5132244000 ---p 00016000 08:04 1059372                    /home/robinson/.local/share/umake/android/android-studio/jre/lib/amd64/jli/libjli.so
7f5132244000-7f5132245000 r--p 00015000 08:04 1059372                    /home/robinson/.local/share/umake/android/android-studio/jre/lib/amd64/jli/libjli.so
7f5132245000-7f5132246000 rw-p 00016000 08:04 1059372                    /home/robinson/.local/share/umake/android/android-studio/jre/lib/amd64/jli/libjli.so
7f5132246000-7f513226c000 r-xp 00000000 08:04 660700                     /lib/x86_64-linux-gnu/ld-2.23.so
7f513226c000-7f513226d000 r--s 00000000 08:04 822925                     /home/robinson/.gradle/wrapper/dists/gradle-3.3-all/55gk2rcmfc6p2dg9u9ohc3hw9/gradle-3.3/lib/javax.inject-1.jar
7f513226d000-7f513226e000 r--s 00000000 08:04 822924                     /home/robinson/.gradle/wrapper/dists/gradle-3.3-all/55gk2rcmfc6p2dg9u9ohc3hw9/gradle-3.3/lib/jcip-annotations-1.0.jar
7f513226e000-7f5132272000 r--s 00027000 08:04 822923                     /home/robinson/.gradle/wrapper/dists/gradle-3.3-all/55gk2rcmfc6p2dg9u9ohc3hw9/gradle-3.3/lib/commons-io-2.2.jar
7f5132272000-7f5132277000 r--s 00038000 08:04 822920                     /home/robinson/.gradle/wrapper/dists/gradle-3.3-all/55gk2rcmfc6p2dg9u9ohc3hw9/gradle-3.3/lib/asm-all-5.1.jar
7f5132277000-7f5132278000 r--s 00001000 08:04 822916                     /home/robinson/.gradle/wrapper/dists/gradle-3.3-all/55gk2rcmfc6p2dg9u9ohc3hw9/gradle-3.3/lib/gradle-process-services-3.3.jar
7f5132278000-7f513227a000 r--s 00000000 08:04 822906                     /home/robinson/.gradle/wrapper/dists/gradle-3.3-all/55gk2rcmfc6p2dg9u9ohc3hw9/gradle-3.3/lib/gradle-jvm-services-3.3.jar
7f513227a000-7f513227b000 r--s 00000000 08:04 823071                     /home/robinson/.gradle/wrapper/dists/gradle-3.3-all/55gk2rcmfc6p2dg9u9ohc3hw9/gradle-3.3/lib/gradle-version-info-3.3.jar
7f513227b000-7f5132280000 r--s 00041000 08:04 822915                     /home/robinson/.gradle/wrapper/dists/gradle-3.3-all/55gk2rcmfc6p2dg9u9ohc3hw9/gradle-3.3/lib/commons-lang-2.6.jar
7f5132280000-7f5132342000 rw-p 00000000 00:00 0 
7f5132342000-7f5132345000 ---p 00000000 00:00 0 
7f5132345000-7f5132447000 rw-p 00000000 00:00 0 
7f5132447000-7f5132448000 r--s 00007000 08:04 822913                     /home/robinson/.gradle/wrapper/dists/gradle-3.3-all/55gk2rcmfc6p2dg9u9ohc3hw9/gradle-3.3/lib/slf4j-api-1.7.10.jar
7f5132448000-7f5132449000 r--s 00004000 08:04 822938                     /home/robinson/.gradle/wrapper/dists/gradle-3.3-all/55gk2rcmfc6p2dg9u9ohc3hw9/gradle-3.3/lib/ant-launcher-1.9.6.jar
7f5132449000-7f5132452000 r--s 00042000 08:04 822905                     /home/robinson/.gradle/wrapper/dists/gradle-3.3-all/55gk2rcmfc6p2dg9u9ohc3hw9/gradle-3.3/lib/gradle-base-services-3.3.jar
7f5132452000-7f513245f000 r--s 0005c000 08:04 822902                     /home/robinson/.gradle/wrapper/dists/gradle-3.3-all/55gk2rcmfc6p2dg9u9ohc3hw9/gradle-3.3/lib/gradle-launcher-3.3.jar
7f513245f000-7f5132467000 rw-s 00000000 08:04 1718281                    /tmp/hsperfdata_robinson/4646
7f5132467000-7f5132468000 rw-p 00000000 00:00 0 
7f5132468000-7f5132469000 ---p 00000000 00:00 0 
7f5132469000-7f513246b000 rw-p 00000000 00:00 0 
7f513246b000-7f513246c000 r--p 00025000 08:04 660700                     /lib/x86_64-linux-gnu/ld-2.23.so
7f513246c000-7f513246d000 rw-p 00026000 08:04 660700                     /lib/x86_64-linux-gnu/ld-2.23.so
7f513246d000-7f513246e000 rw-p 00000000 00:00 0 
7ffc39d62000-7ffc39d83000 rw-p 00000000 00:00 0                          [stack]
7ffc39dd4000-7ffc39dd6000 r--p 00000000 00:00 0                          [vvar]
7ffc39dd6000-7ffc39dd8000 r-xp 00000000 00:00 0                          [vdso]
ffffffffff600000-ffffffffff601000 r-xp 00000000 00:00 0                  [vsyscall]

VM Arguments:
jvm_args: -Xmx1536m -Dfile.encoding=UTF-8 -Duser.country=US -Duser.language=en -Duser.variant 
java_command: org.gradle.launcher.daemon.bootstrap.GradleDaemon 3.3
java_class_path (initial): /home/robinson/.gradle/wrapper/dists/gradle-3.3-all/55gk2rcmfc6p2dg9u9ohc3hw9/gradle-3.3/lib/gradle-launcher-3.3.jar
Launcher Type: SUN_STANDARD

Environment Variables:
PATH=/home/robinson/.local/share/umake/bin:/home/robinson/bin:/home/robinson/.local/bin:/usr/local/sbin:/usr/local/bin:/usr/sbin:/usr/bin:/sbin:/bin:/usr/games:/usr/local/games
USERNAME=robinson
LD_LIBRARY_PATH=/home/robinson/.local/share/umake/android/android-studio/bin:
SHELL=/bin/bash
DISPLAY=:0

Signal Handlers:
SIGSEGV: [libjvm.so+0x9e5150], sa_mask[0]=11111111011111111101111111111110, sa_flags=SA_RESTART|SA_SIGINFO
SIGBUS: [libjvm.so+0x9e5150], sa_mask[0]=11111111011111111101111111111110, sa_flags=SA_RESTART|SA_SIGINFO
SIGFPE: [libjvm.so+0x848450], sa_mask[0]=11111111011111111101111111111110, sa_flags=SA_RESTART|SA_SIGINFO
SIGPIPE: [libjvm.so+0x848450], sa_mask[0]=11111111011111111101111111111110, sa_flags=SA_RESTART|SA_SIGINFO
SIGXFSZ: [libjvm.so+0x848450], sa_mask[0]=11111111011111111101111111111110, sa_flags=SA_RESTART|SA_SIGINFO
SIGILL: [libjvm.so+0x848450], sa_mask[0]=11111111011111111101111111111110, sa_flags=SA_RESTART|SA_SIGINFO
SIGUSR1: SIG_DFL, sa_mask[0]=00000000000000000000000000000000, sa_flags=none
SIGUSR2: [libjvm.so+0x848320], sa_mask[0]=00100000000000000000000000000000, sa_flags=SA_RESTART|SA_SIGINFO
SIGHUP: [libjvm.so+0x848510], sa_mask[0]=11111111011111111101111111111110, sa_flags=SA_RESTART|SA_SIGINFO
SIGINT: [libjvm.so+0x848510], sa_mask[0]=11111111011111111101111111111110, sa_flags=SA_RESTART|SA_SIGINFO
SIGTERM: [libjvm.so+0x848510], sa_mask[0]=11111111011111111101111111111110, sa_flags=SA_RESTART|SA_SIGINFO
SIGQUIT: [libjvm.so+0x848510], sa_mask[0]=11111111011111111101111111111110, sa_flags=SA_RESTART|SA_SIGINFO


---------------  S Y S T E M  ---------------

OS:DISTRIB_ID=LinuxMint
DISTRIB_RELEASE=18.1
DISTRIB_CODENAME=serena
DISTRIB_DESCRIPTION="Linux Mint 18.1 Serena"

uname:Linux 4.4.0-53-generic #74-Ubuntu SMP Fri Dec 2 15:59:10 UTC 2016 x86_64
libc:glibc 2.23 NPTL 2.23 
rlimit: STACK 8192k, CORE 0k, NPROC 14372, NOFILE 65536, AS infinity
load average:5,26 4,22 3,05

/proc/meminfo:
MemTotal:        3788076 kB
MemFree:          443832 kB
MemAvailable:     411088 kB
Buffers:            1968 kB
Cached:           156640 kB
SwapCached:       126320 kB
Active:          1875404 kB
Inactive:         747424 kB
Active(anon):    1801948 kB
Inactive(anon):   693340 kB
Active(file):      73456 kB
Inactive(file):    54084 kB
Unevictable:          28 kB
Mlocked:              28 kB
SwapTotal:       2890748 kB
SwapFree:        1942376 kB
Dirty:               300 kB
Writeback:             0 kB
AnonPages:       2440760 kB
Mapped:           573320 kB
Shmem:             30756 kB
Slab:              75292 kB
SReclaimable:      41920 kB
SUnreclaim:        33372 kB
KernelStack:       10144 kB
PageTables:        28612 kB
NFS_Unstable:          0 kB
Bounce:                0 kB
WritebackTmp:          0 kB
CommitLimit:     4784784 kB
Committed_AS:    6114244 kB
VmallocTotal:   34359738367 kB
VmallocUsed:           0 kB
VmallocChunk:          0 kB
HardwareCorrupted:     0 kB
AnonHugePages:    854016 kB
CmaTotal:              0 kB
CmaFree:               0 kB
HugePages_Total:       0
HugePages_Free:        0
HugePages_Rsvd:        0
HugePages_Surp:        0
Hugepagesize:       2048 kB
DirectMap4k:      132672 kB
DirectMap2M:     2750464 kB
DirectMap1G:     1048576 kB


CPU:total 4 (4 cores per cpu, 1 threads per core) family 16 model 5 stepping 2, cmov, cx8, fxsr, mmx, sse, sse2, sse3, popcnt, mmxext, 3dnowpref, lzcnt, sse4a, tsc, tscinvbit, tscinv

/proc/cpuinfo:
processor	: 0
vendor_id	: AuthenticAMD
cpu family	: 16
model		: 5
model name	: AMD Athlon(tm) II X4 620 Processor
stepping	: 2
microcode	: 0x1000086
cpu MHz		: 1900.000
cache size	: 512 KB
physical id	: 0
siblings	: 4
core id		: 0
cpu cores	: 4
apicid		: 0
initial apicid	: 0
fpu		: yes
fpu_exception	: yes
cpuid level	: 5
wp		: yes
flags		: fpu vme de pse tsc msr pae mce cx8 apic sep mtrr pge mca cmov pat pse36 clflush mmx fxsr sse sse2 ht syscall nx mmxext fxsr_opt pdpe1gb rdtscp lm 3dnowext 3dnow constant_tsc rep_good nopl nonstop_tsc extd_apicid pni monitor cx16 popcnt lahf_lm cmp_legacy svm extapic cr8_legacy abm sse4a misalignsse 3dnowprefetch osvw ibs skinit wdt hw_pstate vmmcall npt lbrv svm_lock nrip_save
bugs		: tlb_mmatch fxsave_leak sysret_ss_attrs
bogomips	: 5222.30
TLB size	: 1024 4K pages
clflush size	: 64
cache_alignment	: 64
address sizes	: 48 bits physical, 48 bits virtual
power management: ts ttp tm stc 100mhzsteps hwpstate

processor	: 1
vendor_id	: AuthenticAMD
cpu family	: 16
model		: 5
model name	: AMD Athlon(tm) II X4 620 Processor
stepping	: 2
microcode	: 0x1000086
cpu MHz		: 1400.000
cache size	: 512 KB
physical id	: 0
siblings	: 4
core id		: 1
cpu cores	: 4
apicid		: 1
initial apicid	: 1
fpu		: yes
fpu_exception	: yes
cpuid level	: 5
wp		: yes
flags		: fpu vme de pse tsc msr pae mce cx8 apic sep mtrr pge mca cmov pat pse36 clflush mmx fxsr sse sse2 ht syscall nx mmxext fxsr_opt pdpe1gb rdtscp lm 3dnowext 3dnow constant_tsc rep_good nopl nonstop_tsc extd_apicid pni monitor cx16 popcnt lahf_lm cmp_legacy svm extapic cr8_legacy abm sse4a misalignsse 3dnowprefetch osvw ibs skinit wdt hw_pstate vmmcall npt lbrv svm_lock nrip_save
bugs		: tlb_mmatch fxsave_leak sysret_ss_attrs
bogomips	: 5222.30
TLB size	: 1024 4K pages
clflush size	: 64
cache_alignment	: 64
address sizes	: 48 bits physical, 48 bits virtual
power management: ts ttp tm stc 100mhzsteps hwpstate

processor	: 2
vendor_id	: AuthenticAMD
cpu family	: 16
model		: 5
model name	: AMD Athlon(tm) II X4 620 Processor
stepping	: 2
microcode	: 0x1000086
cpu MHz		: 1400.000
cache size	: 512 KB
physical id	: 0
siblings	: 4
core id		: 2
cpu cores	: 4
apicid		: 2
initial apicid	: 2
fpu		: yes
fpu_exception	: yes
cpuid level	: 5
wp		: yes
flags		: fpu vme de pse tsc msr pae mce cx8 apic sep mtrr pge mca cmov pat pse36 clflush mmx fxsr sse sse2 ht syscall nx mmxext fxsr_opt pdpe1gb rdtscp lm 3dnowext 3dnow constant_tsc rep_good nopl nonstop_tsc extd_apicid pni monitor cx16 popcnt lahf_lm cmp_legacy svm extapic cr8_legacy abm sse4a misalignsse 3dnowprefetch osvw ibs skinit wdt hw_pstate vmmcall npt lbrv svm_lock nrip_save
bugs		: tlb_mmatch fxsave_leak sysret_ss_attrs
bogomips	: 5222.30
TLB size	: 1024 4K pages
clflush size	: 64
cache_alignment	: 64
address sizes	: 48 bits physical, 48 bits virtual
power management: ts ttp tm stc 100mhzsteps hwpstate

processor	: 3
vendor_id	: AuthenticAMD
cpu family	: 16
model		: 5
model name	: AMD Athlon(tm) II X4 620 Processor
stepping	: 2
microcode	: 0x1000086
cpu MHz		: 1400.000
cache size	: 512 KB
physical id	: 0
siblings	: 4
core id		: 3
cpu cores	: 4
apicid		: 3
initial apicid	: 3
fpu		: yes
fpu_exception	: yes
cpuid level	: 5
wp		: yes
flags		: fpu vme de pse tsc msr pae mce cx8 apic sep mtrr pge mca cmov pat pse36 clflush mmx fxsr sse sse2 ht syscall nx mmxext fxsr_opt pdpe1gb rdtscp lm 3dnowext 3dnow constant_tsc rep_good nopl nonstop_tsc extd_apicid pni monitor cx16 popcnt lahf_lm cmp_legacy svm extapic cr8_legacy abm sse4a misalignsse 3dnowprefetch osvw ibs skinit wdt hw_pstate vmmcall npt lbrv svm_lock nrip_save
bugs		: tlb_mmatch fxsave_leak sysret_ss_attrs
bogomips	: 5222.30
TLB size	: 1024 4K pages
clflush size	: 64
cache_alignment	: 64
address sizes	: 48 bits physical, 48 bits virtual
power management: ts ttp tm stc 100mhzsteps hwpstate



Memory: 4k page, physical 3788076k(443832k free), swap 2890748k(1942444k free)

vm_info: OpenJDK 64-Bit Server VM (25.112-b06) for linux-amd64 JRE (1.8.0_112-release-b06), built on Dec  6 2016 12:11:18 by "builder" with gcc 4.8.4

time: Sat Apr  1 11:12:49 2017
elapsed time: 793 seconds (0d 0h 13m 13s)

