#
# There is insufficient memory for the Java Runtime Environment to continue.
# Native memory allocation (mmap) failed to map 164626432 bytes for committing reserved memory.
# Possible reasons:
#   The system is out of physical RAM or swap space
#   In 32 bit mode, the process size limit was hit
# Possible solutions:
#   Reduce memory load on the system
#   Increase physical memory or swap space
#   Check if swap backing store is full
#   Use 64 bit Java on a 64 bit OS
#   Decrease Java heap size (-Xmx/-Xms)
#   Decrease number of Java threads
#   Decrease Java thread stack sizes (-Xss)
#   Set larger code cache with -XX:ReservedCodeCacheSize=
# This output file may be truncated or incomplete.
#
#  Out of Memory Error (os_linux.cpp:2627), pid=13582, tid=0x00007fe1044f4700
#
# JRE version: OpenJDK Runtime Environment (8.0_112-b06) (build 1.8.0_112-release-b06)
# Java VM: OpenJDK 64-Bit Server VM (25.112-b06 mixed mode linux-amd64 compressed oops)
# Failed to write core dump. Core dumps have been disabled. To enable core dumping, try "ulimit -c unlimited" before starting Java again
#

---------------  T H R E A D  ---------------

Current thread (0x00007fe114077800):  VMThread [stack: 0x00007fe1043f4000,0x00007fe1044f5000] [id=13592]

Stack: [0x00007fe1043f4000,0x00007fe1044f5000],  sp=0x00007fe1044f34d0,  free space=1021k
Native frames: (J=compiled Java code, j=interpreted, Vv=VM code, C=native code)
V  [libjvm.so+0x9e465d]  VMError::report_and_die()+0x15d
V  [libjvm.so+0x4b6ada]  report_vm_out_of_memory(char const*, int, unsigned long, VMErrorType, char const*)+0x8a
V  [libjvm.so+0x84c860]  os::pd_commit_memory(char*, unsigned long, unsigned long, bool)+0xf0
V  [libjvm.so+0x84737f]  os::commit_memory(char*, unsigned long, unsigned long, bool)+0x1f
V  [libjvm.so+0x8bd3db]  PSVirtualSpace::expand_by(unsigned long)+0x5b
V  [libjvm.so+0x8ae1bb]  PSOldGen::expand_by(unsigned long) [clone .part.109]+0x1b
V  [libjvm.so+0x8ae37b]  PSOldGen::expand(unsigned long) [clone .part.111]+0xdb
V  [libjvm.so+0x8aec58]  PSOldGen::resize(unsigned long)+0x188
V  [libjvm.so+0x8b426c]  PSParallelCompact::invoke_no_policy(bool)+0x97c
V  [libjvm.so+0x8bb37d]  PSScavenge::invoke()+0x17d
V  [libjvm.so+0x86fcf3]  ParallelScavengeHeap::failed_mem_allocate(unsigned long)+0x63
V  [libjvm.so+0x9e6124]  VM_ParallelGCFailedAllocation::doit()+0x84
V  [libjvm.so+0x9ea537]  VM_Operation::evaluate()+0x47
V  [libjvm.so+0x9e8ff8]  VMThread::evaluate_operation(VM_Operation*)+0x2c8
V  [libjvm.so+0x9e9479]  VMThread::loop()+0x219
V  [libjvm.so+0x9e98c2]  VMThread::run()+0x72
V  [libjvm.so+0x849c82]  java_start(Thread*)+0xf2

VM_Operation (0x00007fe0fd4290f0): ParallelGCFailedAllocation, mode: safepoint, requested by thread 0x00007fe1141ac000


---------------  P R O C E S S  ---------------

Java Threads: ( => current thread )
  0x00007fe1141ae000 JavaThread "pool-2-thread-4" [_thread_blocked, id=13605, stack(0x00007fe0fd229000,0x00007fe0fd32a000)]
  0x00007fe1141ac000 JavaThread "pool-2-thread-3" [_thread_blocked, id=13604, stack(0x00007fe0fd32a000,0x00007fe0fd42b000)]
  0x00007fe1141aa000 JavaThread "pool-2-thread-2" [_thread_blocked, id=13603, stack(0x00007fe0fd42b000,0x00007fe0fd52c000)]
  0x00007fe1141a8800 JavaThread "pool-3-thread-1" [_thread_blocked, id=13602, stack(0x00007fe0fd52c000,0x00007fe0fd62d000)]
  0x00007fe1141a7800 JavaThread "pool-2-thread-1" [_thread_blocked, id=13601, stack(0x00007fe0fd62d000,0x00007fe0fd72e000)]
  0x00007fe1140c0800 JavaThread "Service Thread" daemon [_thread_blocked, id=13599, stack(0x00007fe0fd923000,0x00007fe0fda24000)]
  0x00007fe1140be000 JavaThread "C1 CompilerThread2" daemon [_thread_blocked, id=13598, stack(0x00007fe0fda24000,0x00007fe0fdb25000)]
  0x00007fe1140bc000 JavaThread "C2 CompilerThread1" daemon [_thread_in_native, id=13597, stack(0x00007fe0fdb25000,0x00007fe0fdc26000)]
  0x00007fe1140b9000 JavaThread "C2 CompilerThread0" daemon [_thread_blocked, id=13596, stack(0x00007fe0fdc26000,0x00007fe0fdd27000)]
  0x00007fe1140b8000 JavaThread "Signal Dispatcher" daemon [_thread_blocked, id=13595, stack(0x00007fe1040f1000,0x00007fe1041f2000)]
  0x00007fe114084000 JavaThread "Finalizer" daemon [_thread_blocked, id=13594, stack(0x00007fe1041f2000,0x00007fe1042f3000)]
  0x00007fe11407f800 JavaThread "Reference Handler" daemon [_thread_blocked, id=13593, stack(0x00007fe1042f3000,0x00007fe1043f4000)]
  0x00007fe11400a800 JavaThread "main" [_thread_blocked, id=13587, stack(0x00007fe11c9b4000,0x00007fe11cab5000)]

Other Threads:
=>0x00007fe114077800 VMThread [stack: 0x00007fe1043f4000,0x00007fe1044f5000] [id=13592]
  0x00007fe1140c3000 WatcherThread [stack: 0x00007fe0fd822000,0x00007fe0fd923000] [id=13600]

VM state:at safepoint (normal execution)

VM Mutex/Monitor currently owned by a thread:  ([mutex/lock_event])
[0x00007fe1140063d0] ExpandHeap_lock - owner thread: 0x00007fe114077800
[0x00007fe114006a50] Threads_lock - owner thread: 0x00007fe114077800
[0x00007fe114006f50] Heap_lock - owner thread: 0x00007fe1141ac000

Heap:
 PSYoungGen      total 169472K, used 9811K [0x00000000eab00000, 0x00000000ff900000, 0x0000000100000000)
  eden space 116736K, 0% used [0x00000000eab00000,0x00000000eab00000,0x00000000f1d00000)
  from space 52736K, 18% used [0x00000000f1d00000,0x00000000f2694cf8,0x00000000f5080000)
  to   space 112640K, 0% used [0x00000000f8b00000,0x00000000f8b00000,0x00000000ff900000)
 ParOldGen       total 499712K, used 499334K [0x00000000c0000000, 0x00000000de800000, 0x00000000eab00000)
  object space 499712K, 99% used [0x00000000c0000000,0x00000000de7a1bd8,0x00000000de800000)
 Metaspace       used 6384K, capacity 7280K, committed 7552K, reserved 1056768K
  class space    used 583K, capacity 616K, committed 640K, reserved 1048576K

Card table byte_map: [0x00007fe11964b000,0x00007fe11984c000] byte_map_base: 0x00007fe11904b000

Marking Bits: (ParMarkBitMap*) 0x00007fe11be88340
 Begin Bits: [0x00007fe0fe000000, 0x00007fe0ff000000)
 End Bits:   [0x00007fe0ff000000, 0x00007fe100000000)

Polling page: 0x00007fe11cada000

CodeCache: size=245760Kb used=13496Kb max_used=13563Kb free=232263Kb
 bounds [0x00007fe105000000, 0x00007fe105d60000, 0x00007fe114000000]
 total_blobs=2798 nmethods=2537 adapters=176
 compilation: enabled

Compilation events (10 events):
Event: 24,273 Thread 0x00007fe1140b9000 nmethod 2779 0x00007fe105d54d50 code [0x00007fe105d551c0, 0x00007fe105d57b30]
Event: 24,273 Thread 0x00007fe1140b9000 2774       4       com.android.dx.cf.code.ByteCatchList::toRopCatchList (57 bytes)
Event: 24,280 Thread 0x00007fe1140b9000 nmethod 2774 0x00007fe105163ed0 code [0x00007fe105164040, 0x00007fe105164318]
Event: 24,291 Thread 0x00007fe1140b9000 2343       4       com.android.dx.dex.code.OutputFinisher::hasLocalInfo (75 bytes)
Event: 24,304 Thread 0x00007fe1140b9000 nmethod 2343 0x00007fe105cfb390 code [0x00007fe105cfb500, 0x00007fe105cfb778]
Event: 24,304 Thread 0x00007fe1140b9000 2788   !   4       com.android.dx.cf.code.RopperMachine::run (1550 bytes)
Event: 24,425 Thread 0x00007fe1140be000 2790       2       com.android.dx.ssa.SsaMethod::onInsnAdded (13 bytes)
Event: 24,425 Thread 0x00007fe1140be000 nmethod 2790 0x00007fe105151790 code [0x00007fe105151900, 0x00007fe105151ab8]
Event: 24,549 Thread 0x00007fe1140be000 2792       1       com.android.dx.rop.cst.CstKnownNull::getLongBits (2 bytes)
Event: 24,549 Thread 0x00007fe1140be000 nmethod 2792 0x00007fe10513ec50 code [0x00007fe10513eda0, 0x00007fe10513eeb0]

GC Heap History (10 events):
Event: 22,568 GC heap after
Heap after GC invocations=30 (full 5):
 PSYoungGen      total 227840K, used 70052K [0x00000000eab00000, 0x0000000100000000, 0x0000000100000000)
  eden space 120832K, 0% used [0x00000000eab00000,0x00000000eab00000,0x00000000f2100000)
  from space 107008K, 65% used [0x00000000f2100000,0x00000000f6569338,0x00000000f8980000)
  to   space 109568K, 0% used [0x00000000f9500000,0x00000000f9500000,0x0000000100000000)
 ParOldGen       total 499712K, used 373346K [0x00000000c0000000, 0x00000000de800000, 0x00000000eab00000)
  object space 499712K, 74% used [0x00000000c0000000,0x00000000d6c98a78,0x00000000de800000)
 Metaspace       used 6382K, capacity 7280K, committed 7552K, reserved 1056768K
  class space    used 582K, capacity 616K, committed 640K, reserved 1048576K
}
Event: 22,958 GC heap before
{Heap before GC invocations=31 (full 5):
 PSYoungGen      total 227840K, used 190884K [0x00000000eab00000, 0x0000000100000000, 0x0000000100000000)
  eden space 120832K, 100% used [0x00000000eab00000,0x00000000f2100000,0x00000000f2100000)
  from space 107008K, 65% used [0x00000000f2100000,0x00000000f6569338,0x00000000f8980000)
  to   space 109568K, 0% used [0x00000000f9500000,0x00000000f9500000,0x0000000100000000)
 ParOldGen       total 499712K, used 373346K [0x00000000c0000000, 0x00000000de800000, 0x00000000eab00000)
  object space 499712K, 74% used [0x00000000c0000000,0x00000000d6c98a78,0x00000000de800000)
 Metaspace       used 6382K, capacity 7280K, committed 7552K, reserved 1056768K
  class space    used 582K, capacity 616K, committed 640K, reserved 1048576K
Event: 23,089 GC heap after
Heap after GC invocations=31 (full 5):
 PSYoungGen      total 226304K, used 85698K [0x00000000eab00000, 0x0000000100000000, 0x0000000100000000)
  eden space 116736K, 0% used [0x00000000eab00000,0x00000000eab00000,0x00000000f1d00000)
  from space 109568K, 78% used [0x00000000f9500000,0x00000000fe8b0b68,0x0000000100000000)
  to   space 116224K, 0% used [0x00000000f1d00000,0x00000000f1d00000,0x00000000f8e80000)
 ParOldGen       total 499712K, used 373346K [0x00000000c0000000, 0x00000000de800000, 0x00000000eab00000)
  object space 499712K, 74% used [0x00000000c0000000,0x00000000d6c98a78,0x00000000de800000)
 Metaspace       used 6382K, capacity 7280K, committed 7552K, reserved 1056768K
  class space    used 582K, capacity 616K, committed 640K, reserved 1048576K
}
Event: 23,497 GC heap before
{Heap before GC invocations=32 (full 5):
 PSYoungGen      total 226304K, used 202434K [0x00000000eab00000, 0x0000000100000000, 0x0000000100000000)
  eden space 116736K, 100% used [0x00000000eab00000,0x00000000f1d00000,0x00000000f1d00000)
  from space 109568K, 78% used [0x00000000f9500000,0x00000000fe8b0b68,0x0000000100000000)
  to   space 116224K, 0% used [0x00000000f1d00000,0x00000000f1d00000,0x00000000f8e80000)
 ParOldGen       total 499712K, used 373346K [0x00000000c0000000, 0x00000000de800000, 0x00000000eab00000)
  object space 499712K, 74% used [0x00000000c0000000,0x00000000d6c98a78,0x00000000de800000)
 Metaspace       used 6382K, capacity 7280K, committed 7552K, reserved 1056768K
  class space    used 582K, capacity 616K, committed 640K, reserved 1048576K
Event: 23,665 GC heap after
Heap after GC invocations=32 (full 5):
 PSYoungGen      total 232960K, used 79771K [0x00000000eab00000, 0x0000000100000000, 0x0000000100000000)
  eden space 116736K, 0% used [0x00000000eab00000,0x00000000eab00000,0x00000000f1d00000)
  from space 116224K, 68% used [0x00000000f1d00000,0x00000000f6ae6d70,0x00000000f8e80000)
  to   space 116224K, 0% used [0x00000000f8e80000,0x00000000f8e80000,0x0000000100000000)
 ParOldGen       total 499712K, used 395066K [0x00000000c0000000, 0x00000000de800000, 0x00000000eab00000)
  object space 499712K, 79% used [0x00000000c0000000,0x00000000d81ce880,0x00000000de800000)
 Metaspace       used 6382K, capacity 7280K, committed 7552K, reserved 1056768K
  class space    used 582K, capacity 616K, committed 640K, reserved 1048576K
}
Event: 24,086 GC heap before
{Heap before GC invocations=33 (full 5):
 PSYoungGen      total 232960K, used 196507K [0x00000000eab00000, 0x0000000100000000, 0x0000000100000000)
  eden space 116736K, 100% used [0x00000000eab00000,0x00000000f1d00000,0x00000000f1d00000)
  from space 116224K, 68% used [0x00000000f1d00000,0x00000000f6ae6d70,0x00000000f8e80000)
  to   space 116224K, 0% used [0x00000000f8e80000,0x00000000f8e80000,0x0000000100000000)
 ParOldGen       total 499712K, used 395066K [0x00000000c0000000, 0x00000000de800000, 0x00000000eab00000)
  object space 499712K, 79% used [0x00000000c0000000,0x00000000d81ce880,0x00000000de800000)
 Metaspace       used 6384K, capacity 7280K, committed 7552K, reserved 1056768K
  class space    used 583K, capacity 616K, committed 640K, reserved 1048576K
Event: 24,259 GC heap after
Heap after GC invocations=33 (full 5):
 PSYoungGen      total 232960K, used 67050K [0x00000000eab00000, 0x0000000100000000, 0x0000000100000000)
  eden space 116736K, 0% used [0x00000000eab00000,0x00000000eab00000,0x00000000f1d00000)
  from space 116224K, 57% used [0x00000000f8e80000,0x00000000fcffa908,0x0000000100000000)
  to   space 116224K, 0% used [0x00000000f1d00000,0x00000000f1d00000,0x00000000f8e80000)
 ParOldGen       total 499712K, used 426472K [0x00000000c0000000, 0x00000000de800000, 0x00000000eab00000)
  object space 499712K, 85% used [0x00000000c0000000,0x00000000da07a3a0,0x00000000de800000)
 Metaspace       used 6384K, capacity 7280K, committed 7552K, reserved 1056768K
  class space    used 583K, capacity 616K, committed 640K, reserved 1048576K
}
Event: 24,660 GC heap before
{Heap before GC invocations=34 (full 5):
 PSYoungGen      total 232960K, used 183786K [0x00000000eab00000, 0x0000000100000000, 0x0000000100000000)
  eden space 116736K, 100% used [0x00000000eab00000,0x00000000f1d00000,0x00000000f1d00000)
  from space 116224K, 57% used [0x00000000f8e80000,0x00000000fcffa908,0x0000000100000000)
  to   space 116224K, 0% used [0x00000000f1d00000,0x00000000f1d00000,0x00000000f8e80000)
 ParOldGen       total 499712K, used 426472K [0x00000000c0000000, 0x00000000de800000, 0x00000000eab00000)
  object space 499712K, 85% used [0x00000000c0000000,0x00000000da07a3a0,0x00000000de800000)
 Metaspace       used 6384K, capacity 7280K, committed 7552K, reserved 1056768K
  class space    used 583K, capacity 616K, committed 640K, reserved 1048576K
Event: 24,824 GC heap after
Heap after GC invocations=34 (full 5):
 PSYoungGen      total 169472K, used 52480K [0x00000000eab00000, 0x00000000ff900000, 0x0000000100000000)
  eden space 116736K, 0% used [0x00000000eab00000,0x00000000eab00000,0x00000000f1d00000)
  from space 52736K, 99% used [0x00000000f1d00000,0x00000000f5040200,0x00000000f5080000)
  to   space 112640K, 0% used [0x00000000f8b00000,0x00000000f8b00000,0x00000000ff900000)
 ParOldGen       total 499712K, used 458302K [0x00000000c0000000, 0x00000000de800000, 0x00000000eab00000)
  object space 499712K, 91% used [0x00000000c0000000,0x00000000dbf8f8a0,0x00000000de800000)
 Metaspace       used 6384K, capacity 7280K, committed 7552K, reserved 1056768K
  class space    used 583K, capacity 616K, committed 640K, reserved 1048576K
}
Event: 24,824 GC heap before
{Heap before GC invocations=35 (full 6):
 PSYoungGen      total 169472K, used 52480K [0x00000000eab00000, 0x00000000ff900000, 0x0000000100000000)
  eden space 116736K, 0% used [0x00000000eab00000,0x00000000eab00000,0x00000000f1d00000)
  from space 52736K, 99% used [0x00000000f1d00000,0x00000000f5040200,0x00000000f5080000)
  to   space 112640K, 0% used [0x00000000f8b00000,0x00000000f8b00000,0x00000000ff900000)
 ParOldGen       total 499712K, used 458302K [0x00000000c0000000, 0x00000000de800000, 0x00000000eab00000)
  object space 499712K, 91% used [0x00000000c0000000,0x00000000dbf8f8a0,0x00000000de800000)
 Metaspace       used 6384K, capacity 7280K, committed 7552K, reserved 1056768K
  class space    used 583K, capacity 616K, committed 640K, reserved 1048576K

Deoptimization events (10 events):
Event: 18,453 Thread 0x00007fe1141a7800 Uncommon trap: reason=predicate action=maybe_recompile pc=0x00007fe105aeb3a0 method=com.android.dx.ssa.DomFront.run()[Lcom/android/dx/ssa/DomFront$DomInfo; @ 175
Event: 18,462 Thread 0x00007fe1141a7800 Uncommon trap: reason=class_check action=maybe_recompile pc=0x00007fe105bf95e8 method=com.android.dx.ssa.SsaConverter.placePhiFunctions(Lcom/android/dx/ssa/SsaMethod;Lcom/android/dx/ssa/LocalVariableInfo;I)V @ 257
Event: 18,549 Thread 0x00007fe1141ac000 Uncommon trap: reason=class_check action=maybe_recompile pc=0x00007fe105bf95e8 method=com.android.dx.ssa.SsaConverter.placePhiFunctions(Lcom/android/dx/ssa/SsaMethod;Lcom/android/dx/ssa/LocalVariableInfo;I)V @ 257
Event: 21,703 Thread 0x00007fe1141a7800 Uncommon trap: reason=unstable_if action=reinterpret pc=0x00007fe105c4a490 method=com.android.dx.cf.code.RopperMachine.run(Lcom/android/dx/cf/code/Frame;II)V @ 1148
Event: 22,444 Thread 0x00007fe1141ac000 Uncommon trap: reason=unstable_if action=reinterpret pc=0x00007fe10514497c method=com.android.dx.cf.code.Ropper.addReturnBlock()V @ 32
Event: 22,812 Thread 0x00007fe1141a7800 Uncommon trap: reason=unstable_if action=reinterpret pc=0x00007fe105b6da4c method=java.util.ArrayList.<init>(I)V @ 5
Event: 23,967 Thread 0x00007fe1141ae000 Uncommon trap: reason=unstable_if action=reinterpret pc=0x00007fe105cad56c method=com.android.dx.ssa.DeadCodeRemover.pruneDeadInstructions()V @ 49
Event: 23,967 Thread 0x00007fe1141ae000 Uncommon trap: reason=unstable_if action=reinterpret pc=0x00007fe105ba5204 method=com.android.dx.ssa.PhiInsn.getSources()Lcom/android/dx/rop/code/RegisterSpecList; @ 19
Event: 24,330 Thread 0x00007fe1141aa000 Uncommon trap: reason=class_check action=maybe_recompile pc=0x00007fe105965308 method=com.android.dx.ssa.SCCP.simulateBranch(Lcom/android/dx/ssa/SsaInsn;)V @ 339
Event: 24,513 Thread 0x00007fe1141aa000 Uncommon trap: reason=class_check action=maybe_recompile pc=0x00007fe105965308 method=com.android.dx.ssa.SCCP.simulateBranch(Lcom/android/dx/ssa/SsaInsn;)V @ 339

Internal exceptions (7 events):
Event: 0,036 Thread 0x00007fe11400a800 Exception <a 'java/lang/NoSuchMethodError': Method sun.misc.Unsafe.defineClass(Ljava/lang/String;[BII)Ljava/lang/Class; name or signature does not match> (0x00000000eab07c78) thrown at [/ssd/Android/AOSP-openjdk/external/jetbrains/jdk/hotspot/src/share/vm
Event: 0,036 Thread 0x00007fe11400a800 Exception <a 'java/lang/NoSuchMethodError': Method sun.misc.Unsafe.prefetchRead(Ljava/lang/Object;J)V name or signature does not match> (0x00000000eab07f60) thrown at [/ssd/Android/AOSP-openjdk/external/jetbrains/jdk/hotspot/src/share/vm/prims/jni.cpp, li
Event: 0,487 Thread 0x00007fe11400a800 Implicit null exception at 0x00007fe1051671f4 to 0x00007fe10516781d
Event: 1,207 Thread 0x00007fe11400a800 Implicit null exception at 0x00007fe105332ac5 to 0x00007fe105334ec1
Event: 1,986 Thread 0x00007fe1141ae000 Exception <a 'java/lang/ArrayIndexOutOfBoundsException': 18> (0x00000000ebc268d0) thrown at [/ssd/Android/AOSP-openjdk/external/jetbrains/jdk/hotspot/src/share/vm/interpreter/interpreterRuntime.cpp, line 366]
Event: 1,986 Thread 0x00007fe1141ae000 Exception <a 'java/lang/ArrayIndexOutOfBoundsException': 145> (0x00000000ebc28450) thrown at [/ssd/Android/AOSP-openjdk/external/jetbrains/jdk/hotspot/src/share/vm/interpreter/interpreterRuntime.cpp, line 366]
Event: 1,987 Thread 0x00007fe1141ae000 Exception <a 'java/lang/ArrayIndexOutOfBoundsException': 40> (0x00000000ebc29738) thrown at [/ssd/Android/AOSP-openjdk/external/jetbrains/jdk/hotspot/src/share/vm/interpreter/interpreterRuntime.cpp, line 366]

Events (10 events):
Event: 24,512 Thread 0x00007fe1141ac000 DEOPT PACKING pc=0x00007fe1054225ec sp=0x00007fe0fd429310
Event: 24,512 Thread 0x00007fe1141ac000 DEOPT UNPACKING pc=0x00007fe105046f73 sp=0x00007fe0fd429010 mode 0
Event: 24,513 Thread 0x00007fe1141aa000 Uncommon trap: trap_request=0xffffffde fr.pc=0x00007fe105965308
Event: 24,513 Thread 0x00007fe1141aa000 DEOPT PACKING pc=0x00007fe105965308 sp=0x00007fe0fd529fd0
Event: 24,513 Thread 0x00007fe1141aa000 DEOPT UNPACKING pc=0x00007fe105004f69 sp=0x00007fe0fd529fd8 mode 2
Event: 24,566 Thread 0x00007fe1141ac000 DEOPT PACKING pc=0x00007fe1054225ec sp=0x00007fe0fd429210
Event: 24,566 Thread 0x00007fe1141ac000 DEOPT UNPACKING pc=0x00007fe105046f73 sp=0x00007fe0fd428f10 mode 0
Event: 24,653 Thread 0x00007fe1141ae000 DEOPT PACKING pc=0x00007fe1054225ec sp=0x00007fe0fd328310
Event: 24,653 Thread 0x00007fe1141ae000 DEOPT UNPACKING pc=0x00007fe105046f73 sp=0x00007fe0fd328010 mode 0
Event: 24,660 Executing VM operation: ParallelGCFailedAllocation


Dynamic libraries:
00400000-00401000 r-xp 00000000 08:04 1059356                            /home/robinson/.local/share/umake/android/android-studio/jre/bin/java
00600000-00601000 r--p 00000000 08:04 1059356                            /home/robinson/.local/share/umake/android/android-studio/jre/bin/java
00601000-00602000 rw-p 00001000 08:04 1059356                            /home/robinson/.local/share/umake/android/android-studio/jre/bin/java
01e50000-01e71000 rw-p 00000000 00:00 0                                  [heap]
c0000000-de800000 rw-p 00000000 00:00 0 
e8500000-eab00000 ---p 00000000 00:00 0 
eab00000-ff900000 rw-p 00000000 00:00 0 
ff900000-100000000 ---p 00000000 00:00 0 
100000000-1000a0000 rw-p 00000000 00:00 0 
1000a0000-140000000 ---p 00000000 00:00 0 
7fe0b0000000-7fe0b0021000 rw-p 00000000 00:00 0 
7fe0b0021000-7fe0b4000000 ---p 00000000 00:00 0 
7fe0b8000000-7fe0b8024000 rw-p 00000000 00:00 0 
7fe0b8024000-7fe0bc000000 ---p 00000000 00:00 0 
7fe0bc000000-7fe0bc04f000 rw-p 00000000 00:00 0 
7fe0bc04f000-7fe0c0000000 ---p 00000000 00:00 0 
7fe0c0000000-7fe0c0021000 rw-p 00000000 00:00 0 
7fe0c0021000-7fe0c4000000 ---p 00000000 00:00 0 
7fe0c4000000-7fe0c4035000 rw-p 00000000 00:00 0 
7fe0c4035000-7fe0c8000000 ---p 00000000 00:00 0 
7fe0c8000000-7fe0c8021000 rw-p 00000000 00:00 0 
7fe0c8021000-7fe0cc000000 ---p 00000000 00:00 0 
7fe0cc000000-7fe0cc021000 rw-p 00000000 00:00 0 
7fe0cc021000-7fe0d0000000 ---p 00000000 00:00 0 
7fe0d0000000-7fe0d10de000 rw-p 00000000 00:00 0 
7fe0d10de000-7fe0d4000000 ---p 00000000 00:00 0 
7fe0d4000000-7fe0d4756000 rw-p 00000000 00:00 0 
7fe0d4756000-7fe0d8000000 ---p 00000000 00:00 0 
7fe0d8000000-7fe0d8021000 rw-p 00000000 00:00 0 
7fe0d8021000-7fe0dc000000 ---p 00000000 00:00 0 
7fe0dc000000-7fe0dd200000 rw-p 00000000 00:00 0 
7fe0dd200000-7fe0e0000000 ---p 00000000 00:00 0 
7fe0e0000000-7fe0e0021000 rw-p 00000000 00:00 0 
7fe0e0021000-7fe0e4000000 ---p 00000000 00:00 0 
7fe0e4000000-7fe0e4021000 rw-p 00000000 00:00 0 
7fe0e4021000-7fe0e8000000 ---p 00000000 00:00 0 
7fe0e8000000-7fe0e8021000 rw-p 00000000 00:00 0 
7fe0e8021000-7fe0ec000000 ---p 00000000 00:00 0 
7fe0ec000000-7fe0ec298000 rw-p 00000000 00:00 0 
7fe0ec298000-7fe0f0000000 ---p 00000000 00:00 0 
7fe0f0000000-7fe0f0021000 rw-p 00000000 00:00 0 
7fe0f0021000-7fe0f4000000 ---p 00000000 00:00 0 
7fe0f8000000-7fe0f8021000 rw-p 00000000 00:00 0 
7fe0f8021000-7fe0fc000000 ---p 00000000 00:00 0 
7fe0fd229000-7fe0fd22c000 ---p 00000000 00:00 0 
7fe0fd22c000-7fe0fd32a000 rw-p 00000000 00:00 0 
7fe0fd32a000-7fe0fd32d000 ---p 00000000 00:00 0 
7fe0fd32d000-7fe0fd42b000 rw-p 00000000 00:00 0 
7fe0fd42b000-7fe0fd42e000 ---p 00000000 00:00 0 
7fe0fd42e000-7fe0fd52c000 rw-p 00000000 00:00 0 
7fe0fd52c000-7fe0fd52f000 ---p 00000000 00:00 0 
7fe0fd52f000-7fe0fd62d000 rw-p 00000000 00:00 0 
7fe0fd62d000-7fe0fd630000 ---p 00000000 00:00 0 
7fe0fd630000-7fe0fd72e000 rw-p 00000000 00:00 0 
7fe0fd72e000-7fe0fd822000 r--s 00ad5000 08:04 1990619                    /home/robinson/Dropbox/AndroidstudioProjects/Enxoval2/app/build/intermediates/transforms/jarMerging/free/debug/jars/1/1f/combined.jar
7fe0fd822000-7fe0fd823000 ---p 00000000 00:00 0 
7fe0fd823000-7fe0fd923000 rw-p 00000000 00:00 0 
7fe0fd923000-7fe0fd926000 ---p 00000000 00:00 0 
7fe0fd926000-7fe0fda24000 rw-p 00000000 00:00 0 
7fe0fda24000-7fe0fda27000 ---p 00000000 00:00 0 
7fe0fda27000-7fe0fdb25000 rw-p 00000000 00:00 0 
7fe0fdb25000-7fe0fdb28000 ---p 00000000 00:00 0 
7fe0fdb28000-7fe0fdc26000 rw-p 00000000 00:00 0 
7fe0fdc26000-7fe0fdc29000 ---p 00000000 00:00 0 
7fe0fdc29000-7fe0fdd27000 rw-p 00000000 00:00 0 
7fe0fdd27000-7fe0fe000000 r--p 00000000 08:04 2499643                    /usr/lib/locale/locale-archive
7fe0fe000000-7fe100000000 rw-p 00000000 00:00 0 
7fe100000000-7fe100021000 rw-p 00000000 00:00 0 
7fe100021000-7fe104000000 ---p 00000000 00:00 0 
7fe1040e3000-7fe1040f1000 r--s 000e0000 08:04 1717468                    /home/robinson/Android/Sdk/build-tools/25.0.1/lib/dx.jar
7fe1040f1000-7fe1040f4000 ---p 00000000 00:00 0 
7fe1040f4000-7fe1041f2000 rw-p 00000000 00:00 0 
7fe1041f2000-7fe1041f5000 ---p 00000000 00:00 0 
7fe1041f5000-7fe1042f3000 rw-p 00000000 00:00 0 
7fe1042f3000-7fe1042f6000 ---p 00000000 00:00 0 
7fe1042f6000-7fe1043f4000 rw-p 00000000 00:00 0 
7fe1043f4000-7fe1043f5000 ---p 00000000 00:00 0 
7fe1043f5000-7fe105000000 rw-p 00000000 00:00 0 
7fe105000000-7fe105d60000 rwxp 00000000 00:00 0 
7fe105d60000-7fe114000000 ---p 00000000 00:00 0 
7fe114000000-7fe1143ce000 rw-p 00000000 00:00 0 
7fe1143ce000-7fe118000000 ---p 00000000 00:00 0 
7fe118003000-7fe1184ac000 rw-p 00000000 00:00 0 
7fe1184ac000-7fe11867b000 r--s 03c1b000 08:04 1059415                    /home/robinson/.local/share/umake/android/android-studio/jre/jre/lib/rt.jar
7fe11867b000-7fe118db1000 rw-p 00000000 00:00 0 
7fe118db1000-7fe118ef1000 ---p 00000000 00:00 0 
7fe118ef1000-7fe1190f1000 rw-p 00000000 00:00 0 
7fe1190f1000-7fe1190f2000 ---p 00000000 00:00 0 
7fe1190f2000-7fe1191f2000 rw-p 00000000 00:00 0 
7fe1191f2000-7fe1191f3000 ---p 00000000 00:00 0 
7fe1191f3000-7fe1192f3000 rw-p 00000000 00:00 0 
7fe1192f3000-7fe1192f4000 ---p 00000000 00:00 0 
7fe1192f4000-7fe1193f4000 rw-p 00000000 00:00 0 
7fe1193f4000-7fe1193f5000 ---p 00000000 00:00 0 
7fe1193f5000-7fe1195e9000 rw-p 00000000 00:00 0 
7fe1195e9000-7fe11964b000 ---p 00000000 00:00 0 
7fe11964b000-7fe11973f000 rw-p 00000000 00:00 0 
7fe11973f000-7fe1197a0000 ---p 00000000 00:00 0 
7fe1197a0000-7fe119848000 rw-p 00000000 00:00 0 
7fe119848000-7fe11984b000 ---p 00000000 00:00 0 
7fe11984b000-7fe119882000 rw-p 00000000 00:00 0 
7fe119882000-7fe119c0c000 ---p 00000000 00:00 0 
7fe119c0c000-7fe119c26000 r-xp 00000000 08:04 1059432                    /home/robinson/.local/share/umake/android/android-studio/jre/jre/lib/amd64/libzip.so
7fe119c26000-7fe119e26000 ---p 0001a000 08:04 1059432                    /home/robinson/.local/share/umake/android/android-studio/jre/jre/lib/amd64/libzip.so
7fe119e26000-7fe119e27000 r--p 0001a000 08:04 1059432                    /home/robinson/.local/share/umake/android/android-studio/jre/jre/lib/amd64/libzip.so
7fe119e27000-7fe119e28000 rw-p 0001b000 08:04 1059432                    /home/robinson/.local/share/umake/android/android-studio/jre/jre/lib/amd64/libzip.so
7fe119e28000-7fe119e33000 r-xp 00000000 08:04 660827                     /lib/x86_64-linux-gnu/libnss_files-2.23.so
7fe119e33000-7fe11a032000 ---p 0000b000 08:04 660827                     /lib/x86_64-linux-gnu/libnss_files-2.23.so
7fe11a032000-7fe11a033000 r--p 0000a000 08:04 660827                     /lib/x86_64-linux-gnu/libnss_files-2.23.so
7fe11a033000-7fe11a034000 rw-p 0000b000 08:04 660827                     /lib/x86_64-linux-gnu/libnss_files-2.23.so
7fe11a034000-7fe11a03a000 rw-p 00000000 00:00 0 
7fe11a03a000-7fe11a045000 r-xp 00000000 08:04 660837                     /lib/x86_64-linux-gnu/libnss_nis-2.23.so
7fe11a045000-7fe11a244000 ---p 0000b000 08:04 660837                     /lib/x86_64-linux-gnu/libnss_nis-2.23.so
7fe11a244000-7fe11a245000 r--p 0000a000 08:04 660837                     /lib/x86_64-linux-gnu/libnss_nis-2.23.so
7fe11a245000-7fe11a246000 rw-p 0000b000 08:04 660837                     /lib/x86_64-linux-gnu/libnss_nis-2.23.so
7fe11a246000-7fe11a25c000 r-xp 00000000 08:04 660821                     /lib/x86_64-linux-gnu/libnsl-2.23.so
7fe11a25c000-7fe11a45b000 ---p 00016000 08:04 660821                     /lib/x86_64-linux-gnu/libnsl-2.23.so
7fe11a45b000-7fe11a45c000 r--p 00015000 08:04 660821                     /lib/x86_64-linux-gnu/libnsl-2.23.so
7fe11a45c000-7fe11a45d000 rw-p 00016000 08:04 660821                     /lib/x86_64-linux-gnu/libnsl-2.23.so
7fe11a45d000-7fe11a45f000 rw-p 00000000 00:00 0 
7fe11a45f000-7fe11a467000 r-xp 00000000 08:04 660823                     /lib/x86_64-linux-gnu/libnss_compat-2.23.so
7fe11a467000-7fe11a666000 ---p 00008000 08:04 660823                     /lib/x86_64-linux-gnu/libnss_compat-2.23.so
7fe11a666000-7fe11a667000 r--p 00007000 08:04 660823                     /lib/x86_64-linux-gnu/libnss_compat-2.23.so
7fe11a667000-7fe11a668000 rw-p 00008000 08:04 660823                     /lib/x86_64-linux-gnu/libnss_compat-2.23.so
7fe11a668000-7fe11a695000 r-xp 00000000 08:04 1059450                    /home/robinson/.local/share/umake/android/android-studio/jre/jre/lib/amd64/libjava.so
7fe11a695000-7fe11a894000 ---p 0002d000 08:04 1059450                    /home/robinson/.local/share/umake/android/android-studio/jre/jre/lib/amd64/libjava.so
7fe11a894000-7fe11a895000 r--p 0002c000 08:04 1059450                    /home/robinson/.local/share/umake/android/android-studio/jre/jre/lib/amd64/libjava.so
7fe11a895000-7fe11a897000 rw-p 0002d000 08:04 1059450                    /home/robinson/.local/share/umake/android/android-studio/jre/jre/lib/amd64/libjava.so
7fe11a897000-7fe11a8a7000 r-xp 00000000 08:04 1059421                    /home/robinson/.local/share/umake/android/android-studio/jre/jre/lib/amd64/libverify.so
7fe11a8a7000-7fe11aaa6000 ---p 00010000 08:04 1059421                    /home/robinson/.local/share/umake/android/android-studio/jre/jre/lib/amd64/libverify.so
7fe11aaa6000-7fe11aaa8000 r--p 0000f000 08:04 1059421                    /home/robinson/.local/share/umake/android/android-studio/jre/jre/lib/amd64/libverify.so
7fe11aaa8000-7fe11aaa9000 rw-p 00011000 08:04 1059421                    /home/robinson/.local/share/umake/android/android-studio/jre/jre/lib/amd64/libverify.so
7fe11aaa9000-7fe11aab0000 r-xp 00000000 08:04 660882                     /lib/x86_64-linux-gnu/librt-2.23.so
7fe11aab0000-7fe11acaf000 ---p 00007000 08:04 660882                     /lib/x86_64-linux-gnu/librt-2.23.so
7fe11acaf000-7fe11acb0000 r--p 00006000 08:04 660882                     /lib/x86_64-linux-gnu/librt-2.23.so
7fe11acb0000-7fe11acb1000 rw-p 00007000 08:04 660882                     /lib/x86_64-linux-gnu/librt-2.23.so
7fe11acb1000-7fe11adb9000 r-xp 00000000 08:04 660798                     /lib/x86_64-linux-gnu/libm-2.23.so
7fe11adb9000-7fe11afb8000 ---p 00108000 08:04 660798                     /lib/x86_64-linux-gnu/libm-2.23.so
7fe11afb8000-7fe11afb9000 r--p 00107000 08:04 660798                     /lib/x86_64-linux-gnu/libm-2.23.so
7fe11afb9000-7fe11afba000 rw-p 00108000 08:04 660798                     /lib/x86_64-linux-gnu/libm-2.23.so
7fe11afba000-7fe11bbab000 r-xp 00000000 08:04 1059430                    /home/robinson/.local/share/umake/android/android-studio/jre/jre/lib/amd64/server/libjvm.so
7fe11bbab000-7fe11bdab000 ---p 00bf1000 08:04 1059430                    /home/robinson/.local/share/umake/android/android-studio/jre/jre/lib/amd64/server/libjvm.so
7fe11bdab000-7fe11be4a000 r--p 00bf1000 08:04 1059430                    /home/robinson/.local/share/umake/android/android-studio/jre/jre/lib/amd64/server/libjvm.so
7fe11be4a000-7fe11be73000 rw-p 00c90000 08:04 1059430                    /home/robinson/.local/share/umake/android/android-studio/jre/jre/lib/amd64/server/libjvm.so
7fe11be73000-7fe11beb7000 rw-p 00000000 00:00 0 
7fe11beb7000-7fe11becf000 r-xp 00000000 08:04 660874                     /lib/x86_64-linux-gnu/libpthread-2.23.so
7fe11becf000-7fe11c0ce000 ---p 00018000 08:04 660874                     /lib/x86_64-linux-gnu/libpthread-2.23.so
7fe11c0ce000-7fe11c0cf000 r--p 00017000 08:04 660874                     /lib/x86_64-linux-gnu/libpthread-2.23.so
7fe11c0cf000-7fe11c0d0000 rw-p 00018000 08:04 660874                     /lib/x86_64-linux-gnu/libpthread-2.23.so
7fe11c0d0000-7fe11c0d4000 rw-p 00000000 00:00 0 
7fe11c0d4000-7fe11c0d7000 r-xp 00000000 08:04 660752                     /lib/x86_64-linux-gnu/libdl-2.23.so
7fe11c0d7000-7fe11c2d6000 ---p 00003000 08:04 660752                     /lib/x86_64-linux-gnu/libdl-2.23.so
7fe11c2d6000-7fe11c2d7000 r--p 00002000 08:04 660752                     /lib/x86_64-linux-gnu/libdl-2.23.so
7fe11c2d7000-7fe11c2d8000 rw-p 00003000 08:04 660752                     /lib/x86_64-linux-gnu/libdl-2.23.so
7fe11c2d8000-7fe11c497000 r-xp 00000000 08:04 660728                     /lib/x86_64-linux-gnu/libc-2.23.so
7fe11c497000-7fe11c697000 ---p 001bf000 08:04 660728                     /lib/x86_64-linux-gnu/libc-2.23.so
7fe11c697000-7fe11c69b000 r--p 001bf000 08:04 660728                     /lib/x86_64-linux-gnu/libc-2.23.so
7fe11c69b000-7fe11c69d000 rw-p 001c3000 08:04 660728                     /lib/x86_64-linux-gnu/libc-2.23.so
7fe11c69d000-7fe11c6a1000 rw-p 00000000 00:00 0 
7fe11c6a1000-7fe11c6b7000 r-xp 00000000 08:04 1059372                    /home/robinson/.local/share/umake/android/android-studio/jre/lib/amd64/jli/libjli.so
7fe11c6b7000-7fe11c8b6000 ---p 00016000 08:04 1059372                    /home/robinson/.local/share/umake/android/android-studio/jre/lib/amd64/jli/libjli.so
7fe11c8b6000-7fe11c8b7000 r--p 00015000 08:04 1059372                    /home/robinson/.local/share/umake/android/android-studio/jre/lib/amd64/jli/libjli.so
7fe11c8b7000-7fe11c8b8000 rw-p 00016000 08:04 1059372                    /home/robinson/.local/share/umake/android/android-studio/jre/lib/amd64/jli/libjli.so
7fe11c8b8000-7fe11c8de000 r-xp 00000000 08:04 660700                     /lib/x86_64-linux-gnu/ld-2.23.so
7fe11c8e3000-7fe11c9b4000 rw-p 00000000 00:00 0 
7fe11c9b4000-7fe11c9b7000 ---p 00000000 00:00 0 
7fe11c9b7000-7fe11cab9000 rw-p 00000000 00:00 0 
7fe11cabd000-7fe11cad1000 rw-p 00000000 00:00 0 
7fe11cad1000-7fe11cad9000 rw-s 00000000 08:04 1718559                    /tmp/hsperfdata_robinson/13582
7fe11cad9000-7fe11cada000 rw-p 00000000 00:00 0 
7fe11cada000-7fe11cadb000 ---p 00000000 00:00 0 
7fe11cadb000-7fe11cadd000 rw-p 00000000 00:00 0 
7fe11cadd000-7fe11cade000 r--p 00025000 08:04 660700                     /lib/x86_64-linux-gnu/ld-2.23.so
7fe11cade000-7fe11cadf000 rw-p 00026000 08:04 660700                     /lib/x86_64-linux-gnu/ld-2.23.so
7fe11cadf000-7fe11cae0000 rw-p 00000000 00:00 0 
7ffc50c96000-7ffc50cb7000 rw-p 00000000 00:00 0                          [stack]
7ffc50d38000-7ffc50d3a000 r--p 00000000 00:00 0                          [vvar]
7ffc50d3a000-7ffc50d3c000 r-xp 00000000 00:00 0                          [vdso]
ffffffffff600000-ffffffffff601000 r-xp 00000000 00:00 0                  [vsyscall]

VM Arguments:
jvm_args: -Djava.awt.headless=true -Xmx1024M -Dfile.encoding=UTF-8 -Duser.country=US -Duser.language=en -Duser.variant 
java_command: com.android.dx.command.Main --dex --num-threads=4 --multi-dex --main-dex-list /home/robinson/Dropbox/AndroidstudioProjects/Enxoval2/app/build/intermediates/multi-dex/free/debug/maindexlist.txt --output /home/robinson/Dropbox/AndroidstudioProjects/Enxoval2/app/build/intermediates/transforms/dex/free/debug/folders/1000/1f/main /home/robinson/Dropbox/AndroidstudioProjects/Enxoval2/app/build/intermediates/transforms/jarMerging/free/debug/jars/1/1f/combined.jar
java_class_path (initial): /home/robinson/Android/Sdk/build-tools/25.0.1/lib/dx.jar
Launcher Type: SUN_STANDARD

Environment Variables:
PATH=/home/robinson/.local/share/umake/bin:/home/robinson/bin:/home/robinson/.local/bin:/usr/local/sbin:/usr/local/bin:/usr/sbin:/usr/bin:/sbin:/bin:/usr/games:/usr/local/games
USERNAME=robinson
LD_LIBRARY_PATH=/home/robinson/.local/share/umake/android/android-studio/bin:
SHELL=/bin/bash
DISPLAY=:0

Signal Handlers:
SIGSEGV: [libjvm.so+0x9e5150], sa_mask[0]=11111111011111111101111111111110, sa_flags=SA_RESTART|SA_SIGINFO
SIGBUS: [libjvm.so+0x9e5150], sa_mask[0]=11111111011111111101111111111110, sa_flags=SA_RESTART|SA_SIGINFO
SIGFPE: [libjvm.so+0x848450], sa_mask[0]=11111111011111111101111111111110, sa_flags=SA_RESTART|SA_SIGINFO
SIGPIPE: [libjvm.so+0x848450], sa_mask[0]=11111111011111111101111111111110, sa_flags=SA_RESTART|SA_SIGINFO
SIGXFSZ: [libjvm.so+0x848450], sa_mask[0]=11111111011111111101111111111110, sa_flags=SA_RESTART|SA_SIGINFO
SIGILL: [libjvm.so+0x848450], sa_mask[0]=11111111011111111101111111111110, sa_flags=SA_RESTART|SA_SIGINFO
SIGUSR1: SIG_DFL, sa_mask[0]=00000000000000000000000000000000, sa_flags=none
SIGUSR2: [libjvm.so+0x848320], sa_mask[0]=00100000000000000000000000000000, sa_flags=SA_RESTART|SA_SIGINFO
SIGHUP: [libjvm.so+0x848510], sa_mask[0]=11111111011111111101111111111110, sa_flags=SA_RESTART|SA_SIGINFO
SIGINT: [libjvm.so+0x848510], sa_mask[0]=11111111011111111101111111111110, sa_flags=SA_RESTART|SA_SIGINFO
SIGTERM: [libjvm.so+0x848510], sa_mask[0]=11111111011111111101111111111110, sa_flags=SA_RESTART|SA_SIGINFO
SIGQUIT: [libjvm.so+0x848510], sa_mask[0]=11111111011111111101111111111110, sa_flags=SA_RESTART|SA_SIGINFO


---------------  S Y S T E M  ---------------

OS:DISTRIB_ID=LinuxMint
DISTRIB_RELEASE=18.1
DISTRIB_CODENAME=serena
DISTRIB_DESCRIPTION="Linux Mint 18.1 Serena"

uname:Linux 4.4.0-53-generic #74-Ubuntu SMP Fri Dec 2 15:59:10 UTC 2016 x86_64
libc:glibc 2.23 NPTL 2.23 
rlimit: STACK 8192k, CORE 0k, NPROC 14372, NOFILE 65536, AS infinity
load average:3,04 1,30 1,02

/proc/meminfo:
MemTotal:        3788076 kB
MemFree:          118668 kB
MemAvailable:      63132 kB
Buffers:            2892 kB
Cached:           115372 kB
SwapCached:            0 kB
Active:          3448472 kB
Inactive:          79076 kB
Active(anon):    3410944 kB
Inactive(anon):    41028 kB
Active(file):      37528 kB
Inactive(file):    38048 kB
Unevictable:          16 kB
Mlocked:              16 kB
SwapTotal:             0 kB
SwapFree:              0 kB
Dirty:              2744 kB
Writeback:             0 kB
AnonPages:       3409784 kB
Mapped:            86740 kB
Shmem:             42212 kB
Slab:              75904 kB
SReclaimable:      48300 kB
SUnreclaim:        27604 kB
KernelStack:        8688 kB
PageTables:        25216 kB
NFS_Unstable:          0 kB
Bounce:                0 kB
WritebackTmp:          0 kB
CommitLimit:     1894036 kB
Committed_AS:    5256672 kB
VmallocTotal:   34359738367 kB
VmallocUsed:           0 kB
VmallocChunk:          0 kB
HardwareCorrupted:     0 kB
AnonHugePages:   2019328 kB
CmaTotal:              0 kB
CmaFree:               0 kB
HugePages_Total:       0
HugePages_Free:        0
HugePages_Rsvd:        0
HugePages_Surp:        0
Hugepagesize:       2048 kB
DirectMap4k:      120384 kB
DirectMap2M:     2762752 kB
DirectMap1G:     1048576 kB


CPU:total 4 (4 cores per cpu, 1 threads per core) family 16 model 5 stepping 2, cmov, cx8, fxsr, mmx, sse, sse2, sse3, popcnt, mmxext, 3dnowpref, lzcnt, sse4a, tsc, tscinvbit, tscinv

/proc/cpuinfo:
processor	: 0
vendor_id	: AuthenticAMD
cpu family	: 16
model		: 5
model name	: AMD Athlon(tm) II X4 620 Processor
stepping	: 2
microcode	: 0x1000086
cpu MHz		: 1900.000
cache size	: 512 KB
physical id	: 0
siblings	: 4
core id		: 0
cpu cores	: 4
apicid		: 0
initial apicid	: 0
fpu		: yes
fpu_exception	: yes
cpuid level	: 5
wp		: yes
flags		: fpu vme de pse tsc msr pae mce cx8 apic sep mtrr pge mca cmov pat pse36 clflush mmx fxsr sse sse2 ht syscall nx mmxext fxsr_opt pdpe1gb rdtscp lm 3dnowext 3dnow constant_tsc rep_good nopl nonstop_tsc extd_apicid pni monitor cx16 popcnt lahf_lm cmp_legacy svm extapic cr8_legacy abm sse4a misalignsse 3dnowprefetch osvw ibs skinit wdt hw_pstate vmmcall npt lbrv svm_lock nrip_save
bugs		: tlb_mmatch fxsave_leak sysret_ss_attrs
bogomips	: 5222.71
TLB size	: 1024 4K pages
clflush size	: 64
cache_alignment	: 64
address sizes	: 48 bits physical, 48 bits virtual
power management: ts ttp tm stc 100mhzsteps hwpstate

processor	: 1
vendor_id	: AuthenticAMD
cpu family	: 16
model		: 5
model name	: AMD Athlon(tm) II X4 620 Processor
stepping	: 2
microcode	: 0x1000086
cpu MHz		: 1400.000
cache size	: 512 KB
physical id	: 0
siblings	: 4
core id		: 1
cpu cores	: 4
apicid		: 1
initial apicid	: 1
fpu		: yes
fpu_exception	: yes
cpuid level	: 5
wp		: yes
flags		: fpu vme de pse tsc msr pae mce cx8 apic sep mtrr pge mca cmov pat pse36 clflush mmx fxsr sse sse2 ht syscall nx mmxext fxsr_opt pdpe1gb rdtscp lm 3dnowext 3dnow constant_tsc rep_good nopl nonstop_tsc extd_apicid pni monitor cx16 popcnt lahf_lm cmp_legacy svm extapic cr8_legacy abm sse4a misalignsse 3dnowprefetch osvw ibs skinit wdt hw_pstate vmmcall npt lbrv svm_lock nrip_save
bugs		: tlb_mmatch fxsave_leak sysret_ss_attrs
bogomips	: 5222.71
TLB size	: 1024 4K pages
clflush size	: 64
cache_alignment	: 64
address sizes	: 48 bits physical, 48 bits virtual
power management: ts ttp tm stc 100mhzsteps hwpstate

processor	: 2
vendor_id	: AuthenticAMD
cpu family	: 16
model		: 5
model name	: AMD Athlon(tm) II X4 620 Processor
stepping	: 2
microcode	: 0x1000086
cpu MHz		: 800.000
cache size	: 512 KB
physical id	: 0
siblings	: 4
core id		: 2
cpu cores	: 4
apicid		: 2
initial apicid	: 2
fpu		: yes
fpu_exception	: yes
cpuid level	: 5
wp		: yes
flags		: fpu vme de pse tsc msr pae mce cx8 apic sep mtrr pge mca cmov pat pse36 clflush mmx fxsr sse sse2 ht syscall nx mmxext fxsr_opt pdpe1gb rdtscp lm 3dnowext 3dnow constant_tsc rep_good nopl nonstop_tsc extd_apicid pni monitor cx16 popcnt lahf_lm cmp_legacy svm extapic cr8_legacy abm sse4a misalignsse 3dnowprefetch osvw ibs skinit wdt hw_pstate vmmcall npt lbrv svm_lock nrip_save
bugs		: tlb_mmatch fxsave_leak sysret_ss_attrs
bogomips	: 5222.71
TLB size	: 1024 4K pages
clflush size	: 64
cache_alignment	: 64
address sizes	: 48 bits physical, 48 bits virtual
power management: ts ttp tm stc 100mhzsteps hwpstate

processor	: 3
vendor_id	: AuthenticAMD
cpu family	: 16
model		: 5
model name	: AMD Athlon(tm) II X4 620 Processor
stepping	: 2
microcode	: 0x1000086
cpu MHz		: 2600.000
cache size	: 512 KB
physical id	: 0
siblings	: 4
core id		: 3
cpu cores	: 4
apicid		: 3
initial apicid	: 3
fpu		: yes
fpu_exception	: yes
cpuid level	: 5
wp		: yes
flags		: fpu vme de pse tsc msr pae mce cx8 apic sep mtrr pge mca cmov pat pse36 clflush mmx fxsr sse sse2 ht syscall nx mmxext fxsr_opt pdpe1gb rdtscp lm 3dnowext 3dnow constant_tsc rep_good nopl nonstop_tsc extd_apicid pni monitor cx16 popcnt lahf_lm cmp_legacy svm extapic cr8_legacy abm sse4a misalignsse 3dnowprefetch osvw ibs skinit wdt hw_pstate vmmcall npt lbrv svm_lock nrip_save
bugs		: tlb_mmatch fxsave_leak sysret_ss_attrs
bogomips	: 5222.71
TLB size	: 1024 4K pages
clflush size	: 64
cache_alignment	: 64
address sizes	: 48 bits physical, 48 bits virtual
power management: ts ttp tm stc 100mhzsteps hwpstate



Memory: 4k page, physical 3788076k(118668k free), swap 0k(0k free)

vm_info: OpenJDK 64-Bit Server VM (25.112-b06) for linux-amd64 JRE (1.8.0_112-release-b06), built on Dec  6 2016 12:11:18 by "builder" with gcc 4.8.4

time: Mon Apr  3 15:03:48 2017
elapsed time: 28 seconds (0d 0h 0m 28s)

